PRT1
166
560
4 0 1 (3072 14608 600 ) (3072 15344 600 ) (3072 15344 57 ) (3072 14608 57 ) 
4 1 3 (2048 14608 600 ) (2048 15344 600 ) (2048 15344 57 ) (2048 14608 57 ) 
4 2 12 (1024 6464 32 ) (1024 6144 32 ) (1024 6144 256 ) (1024 6464 256 ) 
4 2 11 (1152 6144 32 ) (1152 6144 256 ) (1024 6144 256 ) (1024 6144 32 ) 
4 2 10 (1152 6464 32 ) (1152 6144 32 ) (1024 6144 32 ) (1024 6464 32 ) 
4 2 11 (1024 5952 256 ) (1024 6144 256 ) (1152 6144 256 ) (1152 5952 256 ) 
4 2 12 (1024 6464 256 ) (1024 6144 256 ) (448 6144 256 ) (448 6464 256 ) 
4 2 17 (960 5120 256 ) (448 5120 256 ) (448 5632 256 ) (960 5632 256 ) 
4 2 15 (960 6144 256 ) (1024 6144 256 ) (1024 5952 256 ) (960 5952 256 ) 
4 2 16 (448 6144 256 ) (960 6144 256 ) (960 5632 256 ) (448 5632 256 ) 
4 2 18 (448 4096 256 ) (448 5120 256 ) (960 5120 256 ) (960 4096 256 ) 
4 2 19 (448 4096 256 ) (960 4096 256 ) (960 3072 256 ) (448 3072 256 ) 
4 2 27 (960 2096 256 ) (960 2048 256 ) (480 2048 256 ) (480 2096 256 ) 
4 2 22 (519 2624 256 ) (519 2601 256 ) (518 2601 256 ) (518 2624 256 ) 
4 2 21 (518 3072 256 ) (519 3072 256 ) (519 2624 256 ) (518 2624 256 ) 
4 2 25 (519 2601 256 ) (519 2096 256 ) (518 2096 256 ) (518 2601 256 ) 
4 2 20 (519 3072 256 ) (960 3072 256 ) (960 2096 256 ) (519 2096 256 ) 
4 2 26 (480 3072 256 ) (518 3072 256 ) (518 2096 256 ) (480 2096 256 ) 
4 2 27 (448 2064 256 ) (448 2096 256 ) (480 2096 256 ) (480 2064 256 ) 
4 2 26 (448 2096 256 ) (448 3072 256 ) (480 3072 256 ) (480 2096 256 ) 
4 2 27 (480 2064 256 ) (480 2048 256 ) (479 2048 256 ) (479 2063 256 ) 
3 2 27 (479 2064 256 ) (480 2064 256 ) (479 2063 256 ) 
4 2 27 (448 2063 256 ) (448 2064 256 ) (479 2064 256 ) (479 2063 256 ) 
4 2 27 (448 2048 256 ) (448 2063 256 ) (479 2063 256 ) (479 2048 256 ) 
4 2 36 (896 1024 32 ) (512 1024 32 ) (512 1072 32 ) (896 1072 32 ) 
4 2 35 (928 1072 32 ) (480 1072 32 ) (480 1872 32 ) (928 1872 32 ) 
4 2 34 (512 2048 32 ) (896 2048 32 ) (896 1872 32 ) (512 1872 32 ) 
4 2 33 (480 2048 32 ) (480 1024 32 ) (480 1024 192 ) (480 2048 192 ) 
4 2 32 (480 1024 192 ) (480 1024 256 ) (480 2048 256 ) (480 2048 192 ) 
4 2 32 (480 2016 256 ) (480 1952 256 ) (479 1953 256 ) (479 2015 256 ) 
4 2 32 (479 2048 256 ) (480 2048 256 ) (480 2016 256 ) (479 2015 256 ) 
3 2 32 (384 2048 256 ) (479 2048 256 ) (479 1953 256 ) 
4 2 32 (479 1953 256 ) (480 1952 256 ) (480 1905 256 ) (479 1905 256 ) 
4 2 32 (384 2048 256 ) (479 1953 256 ) (479 1905 256 ) (384 1905 256 ) 
3 2 32 (480 1905 256 ) (480 1904 256 ) (479 1905 256 ) 
3 2 32 (480 1904 256 ) (479 1904 256 ) (479 1905 256 ) 
4 2 32 (479 1904 256 ) (384 1904 256 ) (384 1905 256 ) (479 1905 256 ) 
4 2 32 (480 1904 256 ) (480 1040 256 ) (384 1040 256 ) (384 1904 256 ) 
3 2 32 (480 1040 256 ) (480 1039 256 ) (479 1039 256 ) 
4 2 32 (480 1040 256 ) (479 1039 256 ) (384 1039 256 ) (384 1040 256 ) 
4 2 32 (480 1039 256 ) (480 1024 256 ) (479 1024 256 ) (479 1039 256 ) 
4 2 32 (479 1024 256 ) (384 1024 256 ) (384 1039 256 ) (479 1039 256 ) 
4 2 32 (64 2048 256 ) (384 2048 256 ) (384 1024 256 ) (64 1024 256 ) 
4 2 50 (896 0 32 ) (960 0 32 ) (960 0 256 ) (896 0 256 ) 
4 2 53 (480 0 256 ) (480 0 32 ) (896 0 32 ) (896 0 256 ) 
4 2 44 (896 0 32 ) (512 0 32 ) (512 48 32 ) (896 48 32 ) 
4 2 43 (928 48 32 ) (480 48 32 ) (480 848 32 ) (928 848 32 ) 
4 2 42 (512 1024 32 ) (896 1024 32 ) (896 848 32 ) (512 848 32 ) 
4 2 40 (480 1024 32 ) (480 0 32 ) (480 0 256 ) (480 1024 256 ) 
4 2 40 (480 992.002014 256 ) (480 928 256 ) (479 929 256 ) (479 991.002014 256 ) 
4 2 40 (480 928 256 ) (480 881 256 ) (479 881 256 ) (479 929 256 ) 
4 2 40 (479 1024 256 ) (480 1024 256 ) (480 992.002014 256 ) (479 991.002014 256 ) 
4 2 40 (384 1024 256 ) (479 1024 256 ) (479 881 256 ) (384 881 256 ) 
5 2 40 (480 880.001892 256 ) (480 880 256 ) (384 880 256 ) (384 881 256 ) (479.002014 881 256 ) 
3 2 40 (480 881 256 ) (480 880.001892 256 ) (479.002014 881 256 ) 
4 2 40 (480 880 256 ) (480 16 256 ) (384 16 256 ) (384 880 256 ) 
3 2 40 (479 15.001878 256 ) (479 16 256 ) (479.998108 16 256 ) 
5 2 40 (480 16 256 ) (480 0 256 ) (479 0 256 ) (479 15.001878 256 ) (479.998108 16 256 ) 
4 2 40 (384 15 256 ) (384 16 256 ) (479 16 256 ) (479 15 256 ) 
4 2 40 (479 0 256 ) (384 0 256 ) (384 15 256 ) (479 15 256 ) 
4 2 41 (64 1024 256 ) (320 1024 256 ) (320 0 256 ) (64 0 256 ) 
4 2 40 (320 1024 256 ) (384 1024 256 ) (384 0 256 ) (320 0 256 ) 
4 2 51 (960 -96 240 ) (960 -96 256 ) (960 -32 256 ) (960 -32 240 ) 
4 2 51 (960 -32 256 ) (960 -96 256 ) (896 -96 256 ) (896 -32 256 ) 
4 2 50 (896 0 256 ) (960 0 256 ) (960 -32 256 ) (896 -32 256 ) 
4 2 52 (960 -96 256 ) (960 -1024 256 ) (896 -1024 256 ) (896 -96 256 ) 
4 2 53 (480 0 256 ) (896 0 256 ) (896 -1024 256 ) (480 -1024 256 ) 
4 2 53 (480 -32 256 ) (480 -95.998131 256 ) (479 -94.998108 256 ) (479 -33 256 ) 
4 2 53 (479 0 256 ) (480 0 256 ) (480 -32 256 ) (479 -33 256 ) 
3 2 53 (480 -144 256 ) (479 -144 256 ) (479 -143 256 ) 
4 2 53 (480 -95.998131 256 ) (480 -144 256 ) (479 -143 256 ) (479 -94.998108 256 ) 
4 2 54 (384 0 256 ) (392 0 256 ) (392 -143 256 ) (384 -143 256 ) 
4 2 53 (392 0 256 ) (479 0 256 ) (479 -143 256 ) (392 -143 256 ) 
4 2 54 (392 -144 256 ) (384 -144 256 ) (384 -143 256 ) (392 -143 256 ) 
4 2 53 (479 -143 256 ) (479 -144 256 ) (392 -144 256 ) (392 -143 256 ) 
4 2 55 (392 -1024 256 ) (384 -1024 256 ) (384 -1016 256 ) (392 -1016 256 ) 
4 2 54 (384 -1016 256 ) (384 -144 256 ) (392 -144 256 ) (392 -1016 256 ) 
4 2 53 (480 -144 256 ) (480 -1024 256 ) (392 -1024 256 ) (392 -144 256 ) 
4 2 54 (128 0 256 ) (384 0 256 ) (384 -1016 256 ) (128 -1016 256 ) 
4 2 55 (384 -1016 256 ) (384 -1024 256 ) (128 -1024 256 ) (128 -1016 256 ) 
4 2 57 (64 0 256 ) (128 0 256 ) (128 -1024 256 ) (64 -1024 256 ) 
4 2 80 (-580 -7296 256 ) (-320 -7296 256 ) (-320 -7298 256 ) (-580 -7298 256 ) 
4 2 85 (-628 -7298 256 ) (-628 -7296 256 ) (-580 -7296 256 ) (-580 -7298 256 ) 
4 2 87 (-320 -7320 256 ) (-320 -7321.500000 256 ) (-448 -7321.500000 256 ) (-448 -7320 256 ) 
4 2 86 (-448 -7298 256 ) (-320 -7298 256 ) (-320 -7320 256 ) (-448 -7320 256 ) 
4 2 89 (-320 -7321.500000 256 ) (-320 -7358 256 ) (-448 -7358 256 ) (-448 -7321.500000 256 ) 
4 2 90 (-628 -7358 256 ) (-628 -7298 256 ) (-448 -7298 256 ) (-448 -7358 256 ) 
4 2 93 (-580 -7358 256 ) (-320 -7358 256 ) (-320 -7360 256 ) (-580 -7360 256 ) 
4 2 98 (-628 -7360 256 ) (-628 -7358 256 ) (-580 -7358 256 ) (-580 -7360 256 ) 
4 2 126 (-628 -7424 256 ) (-628 -7388 256 ) (-320 -7388 256 ) (-320 -7424 256 ) 
4 2 124 (-628 -7388 256 ) (-628 -7362 256 ) (-320 -7362 256 ) (-320 -7388 256 ) 
4 2 113 (-628 -7362 256 ) (-628 -7360 256 ) (-448 -7360 256 ) (-448 -7362 256 ) 
4 2 112 (-448 -7360 256 ) (-320 -7360 256 ) (-320 -7362 256 ) (-448 -7362 256 ) 
4 2 99 (-640 -7320 256 ) (-640 -7296 256 ) (-628 -7296 256 ) (-628 -7320 256 ) 
4 2 102 (-640 -7358 256 ) (-640 -7321.500000 256 ) (-628 -7321.500000 256 ) (-628 -7358 256 ) 
4 2 102 (-640 -7360 256 ) (-640 -7358 256 ) (-628 -7358 256 ) (-628 -7360 256 ) 
4 2 126 (-640 -7424 256 ) (-640 -7388 256 ) (-628 -7388 256 ) (-628 -7424 256 ) 
4 2 124 (-640 -7388 256 ) (-640 -7362 256 ) (-628 -7362 256 ) (-628 -7388 256 ) 
4 2 113 (-640 -7362 256 ) (-640 -7360 256 ) (-628 -7360 256 ) (-628 -7362 256 ) 
4 2 99 (-768 -7320 256 ) (-768 -7296 256 ) (-640 -7296 256 ) (-640 -7320 256 ) 
4 2 102 (-768 -7358 256 ) (-768 -7321.500000 256 ) (-640 -7321.500000 256 ) (-640 -7358 256 ) 
4 2 126 (-640 -7388 256 ) (-640 -7422 256 ) (-642 -7422 256 ) (-642 -7388 256 ) 
4 2 124 (-640 -7362 256 ) (-640 -7388 256 ) (-642 -7388 256 ) (-642 -7362 256 ) 
4 2 113 (-640 -7360 256 ) (-640 -7362 256 ) (-642 -7362 256 ) (-642 -7360 256 ) 
3 2 102 (-642 -7358 256 ) (-640 -7360 256 ) (-642 -7360 256 ) 
3 2 102 (-642 -7358 256 ) (-640 -7358 256 ) (-640 -7360 256 ) 
4 2 126 (-640 -7422 256 ) (-640 -7424 256 ) (-642 -7424 256 ) (-642 -7422 256 ) 
4 2 126 (-768 -7424 256 ) (-768 -7388 256 ) (-642 -7388 256 ) (-642 -7424 256 ) 
4 2 124 (-768 -7388 256 ) (-768 -7362 256 ) (-642 -7362 256 ) (-642 -7388 256 ) 
4 2 113 (-768 -7362 256 ) (-768 -7360 256 ) (-642 -7360 256 ) (-642 -7362 256 ) 
4 2 102 (-768 -7360 256 ) (-768 -7358 256 ) (-642 -7358 256 ) (-642 -7360 256 ) 
4 2 158 (1356.001587 -8256 256 ) (1536 -8256 256 ) (1536 -8320 256 ) (1356.001587 -8320 256 ) 
4 2 164 (384 -14336 512 ) (128 -14336 512 ) (128 -14336 256 ) (384 -14336 256 ) 
4 3 4 (1024 14608 600 ) (1024 15344 600 ) (1024 15344 57 ) (1024 14608 57 ) 
4 4 5 (0 14608 600 ) (0 15344 600 ) (0 15344 57 ) (0 14608 57 ) 
4 5 6 (-1024 14608 600 ) (-1024 15344 600 ) (-1024 15344 57 ) (-1024 14608 57 ) 
4 6 7 (-2048 14608 600 ) (-2048 15344 600 ) (-2048 15344 57 ) (-2048 14608 57 ) 
4 7 8 (-3072 14608 600 ) (-3072 15344 600 ) (-3072 15344 57 ) (-3072 14608 57 ) 
4 8 9 (-4096 14608 600 ) (-4096 15344 600 ) (-4096 15344 57 ) (-4096 14608 57 ) 
4 10 14 (1024 6144 -96 ) (1024 6144 32 ) (1024 6464 32 ) (1024 6464 -96 ) 
4 10 11 (1152 6144 -96 ) (1152 6144 32 ) (1024 6144 32 ) (1024 6144 -96 ) 
4 11 15 (1024 5952 -96 ) (1024 5952 256 ) (1024 6144 256 ) (1024 6144 -96 ) 
4 12 15 (1024 6144 32 ) (1024 6144 256 ) (960 6144 256 ) (960 6144 32 ) 
4 12 16 (960 6144 256 ) (448 6144 256 ) (448 6144 32 ) (960 6144 32 ) 
4 12 14 (1024 6144 32 ) (448 6144 32 ) (448 6464 32 ) (1024 6464 32 ) 
4 13 14 (960 6464 32 ) (896 6464 32 ) (896 6464 -96 ) (960 6464 -96 ) 
4 14 15 (1024 6144 -96 ) (1024 6144 32 ) (960 6144 32 ) (960 6144 -96 ) 
4 14 16 (960 6144 32 ) (448 6144 32 ) (448 6144 -96 ) (960 6144 -96 ) 
4 15 16 (960 6144 -96 ) (960 5952 -96 ) (960 5952 256 ) (960 6144 256 ) 
4 16 17 (448 5632 256 ) (448 5632 -64 ) (960 5632 -64 ) (960 5632 256 ) 
4 17 18 (960 5120 -96 ) (960 5120 256 ) (448 5120 256 ) (448 5120 -96 ) 
4 18 19 (960 4096 -96 ) (960 4096 256 ) (448 4096 256 ) (448 4096 -96 ) 
4 19 21 (519 3072 256 ) (518 3072 256 ) (518 3072 -96 ) (519 3072 -96 ) 
4 19 20 (960 3072 -96 ) (960 3072 256 ) (519 3072 256 ) (519 3072 -96 ) 
4 19 26 (518 3072 256 ) (448 3072 256 ) (448 3072 -96 ) (518 3072 -96 ) 
4 20 29 (960 2688 -96 ) (960 2432 -96 ) (519 2432 -96 ) (519 2688 -96 ) 
4 20 30 (960 2432 -96 ) (960 2096 -96 ) (519 2096 -96 ) (519 2432 -96 ) 
4 20 28 (519 2096 -96 ) (896 2096 -96 ) (896 2096 32 ) (519 2096 32 ) 
4 20 27 (960 2096 32 ) (960 2096 256 ) (519 2096 256 ) (519 2096 32 ) 
4 20 23 (519 2601 -60.960999 ) (519 2601 69 ) (519 2624 69 ) (519 2624 -60.960999 ) 
4 20 22 (519 2601 69 ) (519 2601 256 ) (519 2624 256 ) (519 2624 69 ) 
4 20 24 (519 2624 -96 ) (519 2601 -96 ) (519 2601 -60.960999 ) (519 2624 -60.960999 ) 
4 20 21 (519 3072 -96 ) (519 2624 -96 ) (519 2624 256 ) (519 3072 256 ) 
4 20 25 (519 2601 -96 ) (519 2096 -96 ) (519 2096 256 ) (519 2601 256 ) 
4 21 29 (519 2688 -96 ) (519 2624 -96 ) (518 2624 -96 ) (518 2688 -96 ) 
4 21 23 (518 2624 69 ) (518 2624 -60.960999 ) (519 2624 -60.960999 ) (519 2624 69 ) 
4 21 22 (518 2624 256 ) (518 2624 69 ) (519 2624 69 ) (519 2624 256 ) 
4 21 24 (518 2624 -60.960999 ) (518 2624 -96 ) (519 2624 -96 ) (519 2624 -60.960999 ) 
4 21 26 (518 3072 -96 ) (518 2624 -96 ) (518 2624 256 ) (518 3072 256 ) 
4 22 25 (518 2601 256 ) (518 2601 69 ) (519 2601 69 ) (519 2601 256 ) 
4 22 26 (518 2601 69 ) (518 2601 256 ) (518 2624 256 ) (518 2624 69 ) 
4 22 23 (519 2601 69 ) (518 2601 69 ) (518 2624 69 ) (519 2624 69 ) 
4 23 24 (519 2601 -60.960999 ) (518 2601 -60.960999 ) (518 2624 -60.960999 ) (519 2624 -60.960999 ) 
4 23 25 (518 2601 69 ) (518 2601 -60.960999 ) (519 2601 -60.960999 ) (519 2601 69 ) 
4 23 26 (518 2601 -60.960999 ) (518 2601 69 ) (518 2624 69 ) (518 2624 -60.960999 ) 
4 24 29 (519 2624 -96 ) (519 2601 -96 ) (518 2601 -96 ) (518 2624 -96 ) 
4 24 26 (518 2624 -96 ) (518 2601 -96 ) (518 2601 -60.960999 ) (518 2624 -60.960999 ) 
4 24 25 (518 2601 -60.960999 ) (518 2601 -96 ) (519 2601 -96 ) (519 2601 -60.960999 ) 
4 25 29 (519 2601 -96 ) (519 2432 -96 ) (518 2432 -96 ) (518 2601 -96 ) 
4 25 30 (519 2432 -96 ) (519 2096 -96 ) (518 2096 -96 ) (518 2432 -96 ) 
4 25 28 (518 2096 -96 ) (519 2096 -96 ) (519 2096 32 ) (518 2096 32 ) 
4 25 27 (519 2096 32 ) (519 2096 256 ) (518 2096 256 ) (518 2096 32 ) 
4 25 26 (518 2601 -96 ) (518 2096 -96 ) (518 2096 256 ) (518 2601 256 ) 
4 26 29 (448 2432 -96 ) (448 2688 -96 ) (518 2688 -96 ) (518 2432 -96 ) 
4 26 30 (448 2096 -96 ) (448 2432 -96 ) (518 2432 -96 ) (518 2096 -96 ) 
4 26 28 (512 2096 -96 ) (518 2096 -96 ) (518 2096 32 ) (512 2096 32 ) 
4 26 27 (518 2096 32 ) (518 2096 256 ) (448 2096 256 ) (448 2096 32 ) 
4 27 33 (448 2048 192 ) (448 2048 32 ) (480 2048 32 ) (480 2048 192 ) 
4 27 32 (448 2048 256 ) (448 2048 192 ) (480 2048 192 ) (480 2048 256 ) 
4 27 2 (480 2048 32 ) (960 2048 32 ) (960 2048 256 ) (480 2048 256 ) 
4 27 28 (512 2096 32 ) (896 2096 32 ) (896 2048 32 ) (512 2048 32 ) 
4 28 34 (512 2048 -96 ) (896 2048 -96 ) (896 2048 32 ) (512 2048 32 ) 
4 28 31 (512 2096 -96 ) (896 2096 -96 ) (896 2048 -96 ) (512 2048 -96 ) 
4 29 30 (448 2432 -256 ) (960 2432 -256 ) (960 2432 -96 ) (448 2432 -96 ) 
4 30 31 (512 2096 -256 ) (896 2096 -256 ) (896 2096 -96 ) (512 2096 -96 ) 
4 31 37 (896 2048 -96 ) (512 2048 -96 ) (512 2048 -256 ) (896 2048 -256 ) 
4 32 41 (64 1024 192 ) (320 1024 192 ) (320 1024 256 ) (64 1024 256 ) 
4 32 40 (320 1024 192 ) (480 1024 192 ) (480 1024 256 ) (320 1024 256 ) 
4 32 33 (320 2048 192 ) (480 2048 192 ) (480 1024 192 ) (320 1024 192 ) 
4 33 40 (320 1024 32 ) (480 1024 32 ) (480 1024 192 ) (320 1024 192 ) 
4 34 37 (512 2048 -96 ) (896 2048 -96 ) (896 1872 -96 ) (512 1872 -96 ) 
4 34 35 (512 1872 -96 ) (896 1872 -96 ) (896 1872 32 ) (512 1872 32 ) 
4 35 38 (494.222260 1872 -96 ) (913.777710 1872 -96 ) (913.777771 1072 -96 ) (494.222229 1072 -96 ) 
4 35 36 (512 1072 -96 ) (896 1072 -96 ) (896 1072 32 ) (512 1072 32 ) 
4 36 42 (896 1024 32 ) (512 1024 32 ) (512 1024 -96 ) (896 1024 -96 ) 
4 36 39 (896 1024 -96 ) (512 1024 -96 ) (512 1072 -96 ) (896 1072 -96 ) 
4 37 38 (512 1872 -256 ) (896 1872 -256 ) (896 1872 -96 ) (512 1872 -96 ) 
4 38 39 (512 1072 -256 ) (896 1072 -256 ) (896 1072 -96 ) (512 1072 -96 ) 
4 39 45 (896 1024 -96 ) (512 1024 -96 ) (512 1024 -256 ) (896 1024 -256 ) 
4 40 58 (320 0 32 ) (392 0 32 ) (392 0 192 ) (320 0 192 ) 
4 40 54 (392 0 192 ) (392 0 256 ) (320 0 256 ) (320 0 192 ) 
4 40 53 (392 0 32 ) (480 0 32 ) (480 0 256 ) (392 0 256 ) 
4 40 41 (320 0 192 ) (320 0 256 ) (320 1024 256 ) (320 1024 192 ) 
4 41 54 (320 0 192 ) (320 0 256 ) (128 0 256 ) (128 0 192 ) 
4 41 57 (128 0 256 ) (64 0 256 ) (64 0 192 ) (128 0 192 ) 
4 42 45 (512 1024 -96 ) (896 1024 -96 ) (896 848 -96 ) (512 848 -96 ) 
4 42 43 (512 848 -96 ) (896 848 -96 ) (896 848 32 ) (512 848 32 ) 
4 43 46 (913.777771 48 -96 ) (494.222260 48 -96 ) (494.222229 848 -96 ) (913.777771 848 -96 ) 
4 43 44 (512 48 -96 ) (896 48 -96 ) (896 48 32 ) (512 48 32 ) 
4 44 59 (896 0 32 ) (512 0 32 ) (512 0 -96 ) (896 0 -96 ) 
4 44 47 (896 0 -96 ) (512 0 -96 ) (512 48 -96 ) (896 48 -96 ) 
4 45 46 (512 848 -256 ) (896 848 -256 ) (896 848 -96 ) (512 848 -96 ) 
4 46 47 (512 48 -256 ) (896 48 -256 ) (896 48 -96 ) (512 48 -96 ) 
4 47 61 (896 0 -96 ) (512 0 -96 ) (512 0 -256 ) (896 0 -256 ) 
4 50 51 (896 -32 256 ) (896 -32 240 ) (960 -32 240 ) (960 -32 256 ) 
4 50 53 (896 0 32 ) (896 -32 32 ) (896 -32 256 ) (896 0 256 ) 
4 51 53 (896 -96 240 ) (896 -96 256 ) (896 -32 256 ) (896 -32 240 ) 
4 51 52 (896 -96 256 ) (896 -96 240 ) (960 -96 240 ) (960 -96 256 ) 
4 52 64 (896 -1024 32 ) (960 -1024 32 ) (960 -1024 192 ) (896 -1024 192 ) 
4 52 60 (928 -1024 32 ) (896 -1024 32 ) (896 -176 32 ) (928 -176 32 ) 
4 52 53 (896 -96 32 ) (896 -1024 32 ) (896 -1024 256 ) (896 -96 256 ) 
4 53 68 (448 -1024 32 ) (512 -1024 32 ) (512 -1024 192 ) (448 -1024 192 ) 
4 53 66 (512 -1024 32 ) (896 -1024 32 ) (896 -1024 192 ) (512 -1024 192 ) 
4 53 60 (896 -176 32 ) (896 -1024 32 ) (480 -1024 32 ) (480 -176 32 ) 
4 53 59 (512 0 32 ) (896 0 32 ) (896 -176 32 ) (512 -176 32 ) 
4 53 58 (392 0 32 ) (392 -1024 32 ) (392 -1024 192 ) (392 0 192 ) 
4 53 55 (392 -1024 255 ) (392 -1024 256 ) (392 -1016 256 ) (392 -1016 255 ) 
4 53 56 (392 -1024 192 ) (392 -1024 229 ) (392 -1016 229 ) (392 -1016 192 ) 
4 53 54 (392 -1016 256 ) (392 0 256 ) (392 0 192 ) (392 -1016 192 ) 
4 54 58 (320 0 192 ) (392 0 192 ) (392 -1016 192 ) (320 -1016 192 ) 
4 54 55 (128 -1016 256 ) (128 -1016 255 ) (392 -1016 255 ) (392 -1016 256 ) 
4 54 56 (128 -1016 229 ) (128 -1016 192 ) (392 -1016 192 ) (392 -1016 229 ) 
4 54 57 (128 0 192 ) (128 -1016 192 ) (128 -1016 256 ) (128 0 256 ) 
4 55 57 (128 -1024 255 ) (128 -1024 256 ) (128 -1016 256 ) (128 -1016 255 ) 
4 56 58 (392 -1016 192 ) (392 -1024 192 ) (320 -1024 192 ) (320 -1016 192 ) 
4 56 57 (128 -1016 192 ) (128 -1024 192 ) (128 -1024 229 ) (128 -1016 229 ) 
4 59 62 (896 -64 -96 ) (896 -176 -96 ) (512 -176 -96 ) (512 -64 -96 ) 
4 59 61 (512 0 -96 ) (896 0 -96 ) (896 -64 -96 ) (512 -64 -96 ) 
4 59 60 (512 -176 -96 ) (896 -176 -96 ) (896 -176 32 ) (512 -176 32 ) 
4 60 69 (512 -1024 32 ) (480 -1024 32 ) (494.222260 -1024 -96 ) (512 -1024 -96 ) 
4 60 66 (896 -1024 32 ) (512 -1024 32 ) (512 -1024 -96 ) (896 -1024 -96 ) 
4 60 65 (928 -1024 32 ) (896 -1024 32 ) (896 -1024 -96 ) (913.777710 -1024 -96 ) 
4 60 63 (913.777771 -1024 -96 ) (494.222229 -1024 -96 ) (494.222260 -176 -96 ) (913.777710 -176 -96 ) 
4 61 62 (896 -64 -146.871994 ) (896 -64 -96 ) (512 -64 -96 ) (512 -64 -146.871979 ) 
4 62 63 (896 -176 -147.870850 ) (896 -176 -96 ) (512 -176 -96 ) (512 -176 -147.870865 ) 
4 63 72 (512 -1024 -96 ) (494.222229 -1024 -96 ) (500.825989 -1024 -155.433731 ) (512 -1024 -155.433731 ) 
4 63 71 (896 -1024 -96 ) (512 -1024 -96 ) (512 -1024 -155.433731 ) (896 -1024 -155.433746 ) 
4 63 70 (913.777771 -1024 -96 ) (896 -1024 -96 ) (896 -1024 -155.433746 ) (907.174011 -1024 -155.433746 ) 
4 64 66 (896 -1088 192 ) (896 -1024 192 ) (896 -1024 32 ) (896 -1088 32 ) 
4 64 65 (896 -1088 32 ) (896 -1024 32 ) (928 -1024 32 ) (928 -1056 32 ) 
4 65 70 (896 -1024 -96 ) (913.777771 -1024 -96 ) (913.777771 -1070.222290 -96 ) (896 -1088 -96 ) 
4 65 66 (896 -1024 -96 ) (896 -1088 -96 ) (896 -1088 32 ) (896 -1024 32 ) 
4 66 71 (512 -1024 -96 ) (896 -1024 -96 ) (896 -1536 -96 ) (512 -1536 -96 ) 
4 66 69 (512 -1024 -96 ) (512 -1088 -96 ) (512 -1088 32 ) (512 -1024 32 ) 
4 66 68 (512 -1088 192 ) (512 -1024 192 ) (512 -1024 32 ) (512 -1088 32 ) 
4 66 67 (512 -1536 192 ) (512 -1536 0 ) (896 -1536 0 ) (896 -1536 192 ) 
4 67 73 (896 -2048 192 ) (512 -2048 192 ) (512 -2048 0 ) (896 -2048 0 ) 
4 68 69 (480 -1024 32 ) (512 -1024 32 ) (512 -1088 32 ) (480 -1056 32 ) 
4 69 72 (494.222229 -1024 -96 ) (512 -1024 -96 ) (512 -1088 -96 ) (494.222229 -1070.222290 -96 ) 
4 70 71 (896 -1088 -96 ) (896 -1024 -96 ) (896 -1024 -155.433731 ) (896 -1088 -156.004517 ) 
4 71 72 (512 -1024 -155.435165 ) (512 -1088 -156.005951 ) (512 -1088 -96 ) (512 -1024 -96 ) 
4 74 139 (0 -7424 -128 ) (0 -7424 0 ) (0 -7388 0 ) (0 -7388 -128 ) 
4 74 136 (0 -7332 -16 ) (0 -7332 -128 ) (0 -7388 -128 ) (0 -7388 -16 ) 
4 74 135 (0 -7388 0 ) (0 -7332 0 ) (0 -7332 -16 ) (0 -7388 -16 ) 
4 74 134 (0 -7332 0 ) (0 -7296 0 ) (0 -7296 -128 ) (0 -7332 -128 ) 
4 74 76 (0 -7424 0 ) (0 -7424 128 ) (0 -7296 128 ) (0 -7296 0 ) 
4 74 75 (576 -7424 64 ) (576 -7424 -128 ) (704 -7424 -128 ) (704 -7424 64 ) 
4 75 163 (704 -8192 -128 ) (704 -8192 64 ) (576 -8192 64 ) (576 -8192 -128 ) 
4 76 139 (0 -7388 0 ) (0 -7424 0 ) (-201 -7424 0 ) (-201 -7388 0 ) 
4 76 135 (0 -7332 0 ) (0 -7388 0 ) (-201 -7388 0 ) (-201 -7332 0 ) 
4 76 134 (-201 -7296 0 ) (0 -7296 0 ) (0 -7332 0 ) (-201 -7332 0 ) 
4 76 77 (-201 -7424 0 ) (-201 -7424 92 ) (-201 -7296 92 ) (-201 -7296 0 ) 
4 77 139 (-201 -7388 0 ) (-201 -7424 0 ) (-304 -7424 0 ) (-304 -7388 0 ) 
4 77 135 (-201 -7332 0 ) (-201 -7388 0 ) (-304 -7388 0 ) (-304 -7332 0 ) 
4 77 134 (-304 -7296 0 ) (-201 -7296 0 ) (-201 -7332 0 ) (-304 -7332 0 ) 
4 78 144 (-579.997009 -7296 0 ) (-320 -7296 0 ) (-320 -7298 0 ) (-579.997009 -7298 0 ) 
4 78 99 (-628 -7296 256 ) (-628 -7296 32.001984 ) (-628 -7298 32.001984 ) (-628 -7298 256 ) 
4 78 86 (-448 -7298 0 ) (-320 -7298 0 ) (-320 -7298 50.665661 ) (-448 -7298 136 ) 
5 78 90 (-628 -7298 256 ) (-628 -7298 32.001984 ) (-579.997009 -7298 0 ) (-448 -7298 0 ) (-448 -7298 136 ) 
4 78 85 (-628 -7296 256 ) (-628 -7298 256 ) (-580 -7298 224 ) (-580 -7296 224 ) 
4 78 84 (-580 -7298 224 ) (-532 -7298 192 ) (-532 -7296 192 ) (-580 -7296 224 ) 
4 78 83 (-532 -7298 192 ) (-484 -7298 160 ) (-484 -7296 160 ) (-532 -7296 192 ) 
4 78 82 (-484 -7298 160 ) (-436 -7298 128 ) (-436 -7296 128 ) (-484 -7296 160 ) 
4 78 81 (-436 -7298 128 ) (-320 -7298 50.666718 ) (-320 -7296 50.666718 ) (-436 -7296 128 ) 
4 78 79 (-579.994751 -7298 0 ) (-628 -7298 32.003906 ) (-628 -7296 32.003906 ) (-579.994751 -7296 0 ) 
4 79 149 (-628 -7296 0 ) (-579.997009 -7296 0 ) (-579.997009 -7298 0 ) (-628 -7298 0 ) 
4 79 103 (-628 -7296 32.001984 ) (-628 -7296 0 ) (-628 -7298 0 ) (-628 -7298 32.001984 ) 
3 79 90 (-628 -7298 32.001984 ) (-628 -7298 0 ) (-579.997009 -7298 0 ) 
4 80 86 (-320 -7298 82.666672 ) (-320 -7298 256 ) (-448 -7298 256 ) (-448 -7298 168 ) 
3 80 90 (-448 -7298 256 ) (-580 -7298 256 ) (-448 -7298 168 ) 
4 80 84 (-532 -7298 224 ) (-580 -7298 256 ) (-580 -7296 256 ) (-532 -7296 224 ) 
4 80 83 (-484 -7298 192 ) (-532 -7298 224 ) (-532 -7296 224 ) (-484 -7296 192 ) 
4 80 82 (-436 -7298 160 ) (-484 -7298 192 ) (-484 -7296 192 ) (-436 -7296 160 ) 
4 80 81 (-320 -7298 82.667969 ) (-436 -7298 160 ) (-436 -7296 160 ) (-320 -7296 82.667969 ) 
4 81 86 (-436 -7298 128 ) (-320 -7298 50.665661 ) (-320 -7298 82.666672 ) (-436 -7298 160 ) 
4 81 82 (-436 -7296 127.997375 ) (-436 -7298 127.997375 ) (-436 -7298 159.996094 ) (-436 -7296 159.996094 ) 
4 82 86 (-448 -7298 136 ) (-436 -7298 128 ) (-436 -7298 160 ) (-448 -7298 168 ) 
4 82 90 (-484 -7298 160 ) (-448 -7298 136 ) (-448 -7298 168 ) (-484 -7298 192 ) 
4 82 83 (-484 -7296 159.997375 ) (-484 -7298 159.997375 ) (-484 -7298 191.997833 ) (-484 -7296 191.997833 ) 
4 83 90 (-532 -7298 192 ) (-484 -7298 160 ) (-484 -7298 192 ) (-532 -7298 224 ) 
4 83 84 (-532 -7296 191.997375 ) (-532 -7298 191.997375 ) (-532 -7298 223.997833 ) (-532 -7296 223.997833 ) 
4 84 90 (-580 -7298 224 ) (-532 -7298 192 ) (-532 -7298 224 ) (-580 -7298 256 ) 
4 84 85 (-580 -7296 223.997375 ) (-580 -7298 223.997375 ) (-580 -7298 255.997833 ) (-580 -7296 255.997833 ) 
3 85 90 (-628 -7298 256 ) (-580 -7298 224 ) (-580 -7298 256 ) 
4 86 150 (-320 -7298 0 ) (-320 -7320 0 ) (-448 -7320 0 ) (-448 -7298 0 ) 
4 86 87 (-448 -7320 256 ) (-448 -7320 128 ) (-320 -7320 128 ) (-320 -7320 256 ) 
4 86 88 (-448 -7320 120 ) (-448 -7320 0 ) (-320 -7320 0 ) (-320 -7320 120 ) 
4 86 90 (-448 -7298 256 ) (-448 -7298 0 ) (-448 -7320 0 ) (-448 -7320 256 ) 
4 87 89 (-448 -7321.500000 256 ) (-448 -7321.500000 128 ) (-320 -7321.500000 128 ) (-320 -7321.500000 256 ) 
4 87 90 (-448 -7321.500000 128 ) (-448 -7321.500000 256 ) (-448 -7320 256 ) (-448 -7320 128 ) 
4 88 150 (-320 -7320 0 ) (-320 -7321.500000 0 ) (-448 -7321.500000 0 ) (-448 -7320 0 ) 
4 88 90 (-448 -7320 0 ) (-448 -7321.500000 0 ) (-448 -7321.500000 120 ) (-448 -7320 120 ) 
4 88 89 (-448 -7321.500000 120 ) (-448 -7321.500000 0 ) (-320 -7321.500000 0 ) (-320 -7321.500000 120 ) 
4 89 150 (-320 -7321.500000 0 ) (-320 -7358 0 ) (-448 -7358 0 ) (-448 -7321.500000 0 ) 
4 89 95 (-436 -7358 160 ) (-448 -7358 168 ) (-448 -7358 135.998993 ) (-436 -7358 127.998993 ) 
4 89 94 (-320 -7358 50.665661 ) (-320 -7358 82.666672 ) (-436 -7358 160 ) (-436 -7358 127.998993 ) 
4 89 93 (-320 -7358 82.666672 ) (-320 -7358 256 ) (-448 -7358 256 ) (-448 -7358 168 ) 
4 89 91 (-448 -7358 0 ) (-320 -7358 0 ) (-320 -7358 50.665661 ) (-448 -7358 135.998993 ) 
4 89 90 (-448 -7321.500000 0 ) (-448 -7358 0 ) (-448 -7358 256 ) (-448 -7321.500000 256 ) 
4 90 150 (-448 -7358 0 ) (-628 -7358 0 ) (-628 -7298 0 ) (-448 -7298 0 ) 
4 90 104 (-628 -7298 0 ) (-628 -7358 0 ) (-628 -7358 32 ) (-628 -7298 32 ) 
4 90 100 (-628 -7321.500000 256 ) (-628 -7320 256 ) (-628 -7320 248 ) (-628 -7321.500000 248 ) 
4 90 101 (-628 -7320 248 ) (-628 -7320 32 ) (-628 -7321.500000 32 ) (-628 -7321.500000 248 ) 
4 90 99 (-628 -7320 256 ) (-628 -7298 256 ) (-628 -7298 32 ) (-628 -7320 32 ) 
4 90 102 (-628 -7358 32 ) (-628 -7358 256 ) (-628 -7321.500000 256 ) (-628 -7321.500000 32 ) 
3 90 98 (-628 -7358 256 ) (-580 -7358 224 ) (-580 -7358 256 ) 
4 90 97 (-580 -7358 224 ) (-532 -7358 192 ) (-532 -7358 224 ) (-580 -7358 256 ) 
4 90 96 (-532 -7358 192 ) (-484 -7358 160 ) (-484 -7358 192 ) (-532 -7358 224 ) 
4 90 95 (-484 -7358 160 ) (-448 -7358 135.998993 ) (-448 -7358 168 ) (-484 -7358 192 ) 
3 90 93 (-448 -7358 168 ) (-448 -7358 256 ) (-580 -7358 256 ) 
3 90 92 (-628 -7358 32.001984 ) (-628 -7358 0 ) (-579.997009 -7358 0 ) 
5 90 91 (-628 -7358 256 ) (-628 -7358 32.001984 ) (-579.997009 -7358 0 ) (-448 -7358 0 ) (-448 -7358 135.998993 ) 
4 91 151 (-320 -7358 0 ) (-320 -7360 0 ) (-579.997009 -7360 0 ) (-579.997009 -7358 0 ) 
5 91 122 (-628 -7360 47.997986 ) (-628 -7360 32.001984 ) (-616 -7360 24.001984 ) (-604 -7360 32.001980 ) (-604 -7360 63.997978 ) 
4 91 121 (-604 -7360 32.001980 ) (-556 -7360 64.001968 ) (-556 -7360 95.997971 ) (-604 -7360 63.997978 ) 
5 91 120 (-556 -7360 64.001968 ) (-508 -7360 96.001961 ) (-508 -7360 112 ) (-531.996948 -7360 112 ) (-556 -7360 95.997971 ) 
3 91 119 (-508 -7360 96.001961 ) (-484.002930 -7360 112 ) (-508 -7360 112 ) 
3 91 118 (-628 -7360 112 ) (-628 -7360 47.997986 ) (-531.996948 -7360 112 ) 
6 91 116 (-460 -7360 144 ) (-471.998871 -7360 151.998749 ) (-508 -7360 127.997978 ) (-508 -7360 112 ) (-484.002930 -7360 112 ) (-460 -7360 128.001953 ) 
3 91 115 (-448.001892 -7360 136 ) (-460 -7360 144 ) (-460 -7360 128.001953 ) 
3 91 117 (-508 -7360 127.997978 ) (-531.996948 -7360 112 ) (-508 -7360 112 ) 
5 91 114 (-471.998871 -7360 151.998749 ) (-484 -7360 160 ) (-628 -7360 160 ) (-628 -7360 112 ) (-531.996948 -7360 112 ) 
3 91 113 (-484 -7360 160 ) (-628 -7360 256 ) (-628 -7360 160 ) 
5 91 110 (-579.997009 -7360 0 ) (-448 -7360 0 ) (-448 -7360 128 ) (-460.002930 -7360 128 ) (-616 -7360 24.001984 ) 
4 91 109 (-448 -7360 128 ) (-448 -7360 136 ) (-448.001892 -7360 136 ) (-460.002930 -7360 128 ) 
4 91 108 (-448 -7360 0 ) (-320 -7360 0 ) (-320 -7360 50.665661 ) (-448 -7360 136 ) 
4 91 102 (-628 -7360 32.001984 ) (-628 -7360 256 ) (-628 -7358 256 ) (-628 -7358 32.001984 ) 
4 91 98 (-580 -7358 224 ) (-628 -7358 256 ) (-628 -7360 256 ) (-580 -7360 224 ) 
4 91 97 (-532 -7358 192 ) (-580 -7358 224 ) (-580 -7360 224 ) (-532 -7360 192 ) 
4 91 96 (-484 -7358 160 ) (-532 -7358 192 ) (-532 -7360 192 ) (-484 -7360 160 ) 
4 91 95 (-436 -7358 128 ) (-484 -7358 160 ) (-484 -7360 160 ) (-436 -7360 128 ) 
4 91 94 (-320 -7358 50.667969 ) (-436 -7358 128 ) (-436 -7360 128 ) (-320 -7360 50.666718 ) 
4 91 92 (-580 -7360 0 ) (-628 -7360 32 ) (-628 -7358 32 ) (-580 -7358 0 ) 
4 92 156 (-579.997009 -7360 0 ) (-628 -7360 0 ) (-628 -7358 0 ) (-579.997009 -7358 0 ) 
3 92 122 (-616 -7360 24.001984 ) (-628 -7360 32.001984 ) (-628 -7360 16.001982 ) 
4 92 110 (-628 -7360 0 ) (-579.997009 -7360 0 ) (-616 -7360 24.001984 ) (-628 -7360 16.001982 ) 
4 92 105 (-628 -7358 0 ) (-628 -7360 0 ) (-628 -7360 32.001984 ) (-628 -7358 32.001984 ) 
3 93 113 (-448 -7360 256 ) (-580 -7360 256 ) (-448 -7360 168 ) 
5 93 112 (-320 -7360 221.335297 ) (-320 -7360 256 ) (-448 -7360 256 ) (-448 -7360 168 ) (-424.001465 -7360 152 ) 
3 93 108 (-320 -7360 82.666672 ) (-320 -7360 221.335297 ) (-424.001465 -7360 152 ) 
4 93 97 (-532 -7360 224 ) (-580 -7360 256 ) (-580 -7358 256 ) (-532 -7358 224 ) 
4 93 96 (-484 -7360 192 ) (-532 -7360 224 ) (-532 -7358 224 ) (-484 -7358 192 ) 
4 93 95 (-436 -7360 160 ) (-484 -7360 192 ) (-484 -7358 192 ) (-436 -7358 160 ) 
4 93 94 (-320 -7360 82.667969 ) (-436 -7360 160 ) (-436 -7358 160 ) (-320 -7358 82.666733 ) 
3 94 112 (-424.001465 -7360 152 ) (-436 -7360 160 ) (-436 -7360 144.001984 ) 
5 94 108 (-320 -7360 50.665661 ) (-320 -7360 82.666672 ) (-424.001465 -7360 152 ) (-436 -7360 144.001984 ) (-436 -7360 128 ) 
4 94 95 (-436 -7358 127.997375 ) (-436 -7360 127.997375 ) (-436 -7360 159.996094 ) (-436 -7358 159.996094 ) 
3 95 116 (-471.998871 -7360 151.998749 ) (-460 -7360 144 ) (-460 -7360 159.998001 ) 
6 95 115 (-460 -7360 144 ) (-448.001923 -7360 136 ) (-448 -7360 136.001984 ) (-448 -7360 160 ) (-459.997223 -7360 160 ) (-460 -7360 159.998001 ) 
3 95 114 (-484 -7360 160 ) (-471.998871 -7360 151.998749 ) (-459.997223 -7360 160 ) 
4 95 113 (-448 -7360 168 ) (-484 -7360 192 ) (-484 -7360 160 ) (-448 -7360 160 ) 
4 95 112 (-436 -7360 160 ) (-448 -7360 168 ) (-448 -7360 136.001984 ) (-436 -7360 144.001984 ) 
3 95 108 (-448.001923 -7360 136 ) (-436 -7360 128 ) (-436 -7360 144.001984 ) 
4 95 96 (-484 -7358 159.997375 ) (-484 -7360 159.997375 ) (-484 -7360 191.997833 ) (-484 -7358 191.997833 ) 
4 96 113 (-484 -7360 192 ) (-532 -7360 224 ) (-532 -7360 192 ) (-484 -7360 160 ) 
4 96 97 (-532 -7358 191.997375 ) (-532 -7360 191.997375 ) (-532 -7360 223.997833 ) (-532 -7358 223.997833 ) 
4 97 113 (-532 -7360 224 ) (-580 -7360 256 ) (-580 -7360 224 ) (-532 -7360 192 ) 
4 97 98 (-580 -7358 223.997375 ) (-580 -7360 223.997375 ) (-580 -7360 255.997833 ) (-580 -7358 255.997833 ) 
3 98 113 (-580 -7360 256 ) (-628 -7360 256 ) (-580 -7360 224 ) 
4 99 104 (-768 -7320 32 ) (-768 -7298 32 ) (-628 -7298 32 ) (-628 -7320 32 ) 
4 99 103 (-768 -7298 32 ) (-768 -7296 32 ) (-628 -7296 32 ) (-628 -7298 32 ) 
3 99 100 (-631 -7320 248 ) (-628 -7320 248 ) (-628 -7320 256 ) 
4 99 101 (-768 -7320 248 ) (-768 -7320 32 ) (-628 -7320 32 ) (-628 -7320 248 ) 
4 100 101 (-628 -7321.500000 248 ) (-631 -7321.500000 248 ) (-631 -7320 248 ) (-628 -7320 248 ) 
3 100 102 (-631 -7321.500000 248 ) (-628 -7321.500000 248 ) (-628 -7321.500000 256 ) 
4 101 104 (-768 -7321.500000 32 ) (-768 -7320 32 ) (-628 -7320 32 ) (-628 -7321.500000 32 ) 
4 101 102 (-768 -7321.500000 248 ) (-768 -7321.500000 32 ) (-628 -7321.500000 32 ) (-628 -7321.500000 248 ) 
3 102 122 (-628 -7360 32 ) (-628 -7360 47.997982 ) (-651.996948 -7360 32 ) 
5 102 118 (-628 -7360 47.997982 ) (-628 -7360 112 ) (-768 -7360 112 ) (-768 -7360 32 ) (-651.996948 -7360 32 ) 
4 102 114 (-628 -7360 112 ) (-628 -7360 160 ) (-768 -7360 160 ) (-768 -7360 112 ) 
4 102 113 (-628 -7360 160 ) (-628 -7360 256 ) (-768 -7360 256 ) (-768 -7360 160 ) 
4 102 107 (-768 -7332 32 ) (-768 -7360 32 ) (-768 -7360 112 ) (-768 -7332 112 ) 
4 102 106 (-768 -7360 32 ) (-768 -7358 32 ) (-652 -7358 32 ) (-652 -7360 32 ) 
4 102 105 (-652 -7358 32 ) (-628 -7358 32 ) (-628 -7360 32 ) (-652 -7360 32 ) 
4 102 104 (-768 -7358 32 ) (-768 -7321.500000 32 ) (-628 -7321.500000 32 ) (-628 -7358 32 ) 
4 103 140 (-768 -7296 0 ) (-628 -7296 0 ) (-628 -7298 0 ) (-768 -7298 0 ) 
4 103 104 (-628 -7298 0 ) (-628 -7298 32 ) (-768 -7298 32 ) (-768 -7298 0 ) 
4 104 140 (-628 -7298 0 ) (-628 -7358 0 ) (-768 -7358 0 ) (-768 -7298 0 ) 
4 104 107 (-768 -7332 0 ) (-768 -7358 0 ) (-768 -7358 32 ) (-768 -7332 32 ) 
4 104 106 (-652 -7358 32 ) (-768 -7358 32 ) (-768 -7358 0 ) (-652 -7358 0 ) 
4 104 105 (-628 -7358 0 ) (-628 -7358 32 ) (-652 -7358 32 ) (-652 -7358 0 ) 
4 105 140 (-628 -7358 0 ) (-628 -7360 0 ) (-652 -7360 0 ) (-652 -7358 0 ) 
4 105 122 (-628 -7360 16.001980 ) (-628 -7360 32 ) (-652 -7360 32 ) (-652 -7360 0.001980 ) 
4 105 110 (-652 -7360 0 ) (-628 -7360 0 ) (-628 -7360 16.001980 ) (-652 -7360 0.001980 ) 
4 105 106 (-652 -7358 32 ) (-652 -7358 0 ) (-652 -7360 0 ) (-652 -7360 32 ) 
4 106 140 (-652 -7360 0 ) (-768 -7360 0 ) (-768 -7358 0 ) (-652 -7358 0 ) 
3 106 123 (-699.997009 -7360 0 ) (-652 -7360 0 ) (-652 -7360 31.997982 ) 
5 106 118 (-768 -7360 0 ) (-699.997009 -7360 0 ) (-652 -7360 31.997982 ) (-652 -7360 32 ) (-768 -7360 32 ) 
4 106 107 (-768 -7358 0 ) (-768 -7360 0 ) (-768 -7360 32 ) (-768 -7358 32 ) 
4 107 118 (-772 -7360 0 ) (-768 -7360 0 ) (-768 -7360 112 ) (-772 -7360 112 ) 
4 108 157 (-448 -7360 0 ) (-320 -7360 0 ) (-320 -7424 0 ) (-448 -7424 0 ) 
4 108 128 (-448 -7422 136.002731 ) (-448 -7424 136.002609 ) (-320 -7424 221.335938 ) (-320 -7422 221.336060 ) 
4 108 127 (-448 -7388 136.004822 ) (-448 -7422 136.002731 ) (-320 -7422 221.336060 ) (-320 -7388 221.338135 ) 
4 108 124 (-448 -7362 136.006409 ) (-448 -7388 136.004822 ) (-320 -7388 221.338135 ) (-320 -7362 221.339722 ) 
4 108 112 (-320 -7360 221.339844 ) (-448 -7360 136.006531 ) (-448 -7362 136.006409 ) (-320 -7362 221.339722 ) 
4 108 110 (-448 -7360 128 ) (-448 -7360 0 ) (-448 -7362 0 ) (-448 -7362 128 ) 
4 108 109 (-448 -7362 136.005630 ) (-448 -7360 136.005630 ) (-448 -7360 128 ) (-448 -7362 128 ) 
4 108 111 (-448 -7424 0 ) (-448 -7424 136.005630 ) (-448 -7362 136.005630 ) (-448 -7362 0 ) 
4 109 115 (-448 -7360 136.006531 ) (-460.009796 -7360 128 ) (-460.009613 -7362 128 ) (-448 -7362 136.006409 ) 
3 109 111 (-448 -7362 128 ) (-448 -7362 136.003906 ) (-460.005859 -7362 128 ) 
4 109 110 (-448 -7362 128 ) (-460.002960 -7362 128 ) (-460.002960 -7360 128 ) (-448 -7360 128 ) 
4 110 157 (-627.998352 -7360 0 ) (-448 -7360 0 ) (-448 -7362 0 ) (-627.998352 -7362 0 ) 
4 110 140 (-652.002991 -7360 0 ) (-627.998352 -7360 0 ) (-627.998352 -7362 0 ) (-652.002991 -7362 0 ) 
4 110 122 (-604 -7360 32.006546 ) (-652.009827 -7360 0 ) (-652.009644 -7362 0 ) (-604 -7362 32.006424 ) 
4 110 121 (-556 -7360 64.006538 ) (-604 -7360 32.006546 ) (-604 -7362 32.006424 ) (-556 -7362 64.006416 ) 
4 110 120 (-508 -7360 96.006531 ) (-556 -7360 64.006538 ) (-556 -7362 64.006416 ) (-508 -7362 96.006409 ) 
4 110 119 (-484.009796 -7360 112 ) (-508 -7360 96.006531 ) (-508 -7362 96.006409 ) (-484.009613 -7362 112 ) 
4 110 116 (-460.009796 -7360 128 ) (-484.009796 -7360 112 ) (-484.009613 -7362 112 ) (-460.009613 -7362 128 ) 
4 110 111 (-448 -7362 0 ) (-448 -7362 128 ) (-460.005859 -7362 128 ) (-652.005859 -7362 0 ) 
4 111 157 (-448 -7362 0 ) (-448 -7424 0 ) (-627.998352 -7424 0 ) (-627.998352 -7362 0 ) 
4 111 143 (-640 -7424 0 ) (-652.002930 -7424 0 ) (-652.002930 -7416 0 ) (-640 -7416 0 ) 
4 111 141 (-627.998352 -7424 0 ) (-640 -7424 0 ) (-640 -7414.500000 0 ) (-627.998352 -7414.500000 0 ) 
4 111 140 (-652.002930 -7414.500000 0 ) (-652.002991 -7362 0 ) (-627.998352 -7362 0 ) (-627.998352 -7414.500000 0 ) 
4 111 132 (-652.004089 -7422 0 ) (-652.003906 -7424 0 ) (-604 -7424 32.002605 ) (-604 -7422 32.002731 ) 
4 111 131 (-604 -7424 32.002605 ) (-556 -7424 64.002609 ) (-556 -7422 64.002731 ) (-604 -7422 32.002731 ) 
4 111 130 (-556 -7424 64.002609 ) (-508 -7424 96.002609 ) (-508 -7422 96.002731 ) (-556 -7422 64.002731 ) 
4 111 129 (-508 -7424 96.002609 ) (-460 -7424 128.002609 ) (-460 -7422 128.002731 ) (-508 -7422 96.002731 ) 
4 111 128 (-460 -7424 128.002609 ) (-448 -7424 136.002609 ) (-448 -7422 136.002731 ) (-460 -7422 128.002731 ) 
4 111 127 (-652.007263 -7388 0 ) (-652.004089 -7422 0 ) (-448 -7422 136.002731 ) (-448 -7388 136.004822 ) 
4 111 125 (-652.009644 -7362 0 ) (-652.007263 -7388 0 ) (-484.007233 -7388 112 ) (-484.009613 -7362 112 ) 
4 111 124 (-484.007233 -7388 112 ) (-448 -7388 136.004822 ) (-448 -7362 136.006409 ) (-484.009613 -7362 112 ) 
4 112 124 (-448 -7362 135.994797 ) (-320 -7362 221.328125 ) (-320 -7362 256 ) (-448 -7362 256 ) 
4 112 115 (-448 -7360 160 ) (-448 -7360 136.001984 ) (-448 -7362 136.001984 ) (-448 -7362 160 ) 
4 112 113 (-448 -7360 256 ) (-448 -7360 160 ) (-448 -7362 160 ) (-448 -7362 256 ) 
4 113 124 (-448 -7362 160 ) (-448 -7362 256 ) (-768 -7362 256 ) (-768 -7362 160 ) 
4 113 115 (-459.996979 -7360 160 ) (-448 -7360 160 ) (-448 -7362 160 ) (-459.996979 -7362 160 ) 
4 113 114 (-768 -7362 160 ) (-768 -7360 160 ) (-459.996979 -7360 160 ) (-459.996979 -7362 160 ) 
4 114 124 (-459.996979 -7362 160 ) (-768 -7362 160 ) (-768 -7362 112 ) (-531.996948 -7362 112 ) 
4 114 118 (-531.997009 -7362 112 ) (-768 -7362 112 ) (-768 -7360 112 ) (-531.997009 -7360 112 ) 
4 114 116 (-508 -7360 127.994682 ) (-459.992188 -7360 160 ) (-459.992188 -7362 160 ) (-508 -7362 127.994682 ) 
4 114 117 (-531.991943 -7362 112 ) (-531.991943 -7360 112 ) (-508 -7360 127.994682 ) (-508 -7362 127.994682 ) 
5 115 124 (-460 -7362 127.994797 ) (-448 -7362 135.994797 ) (-448 -7362 160 ) (-459.996979 -7362 160 ) (-460 -7362 159.997986 ) 
4 115 116 (-460 -7360 128.001984 ) (-460 -7362 128.001984 ) (-460 -7362 159.997833 ) (-460 -7360 159.997833 ) 
5 116 124 (-483.992188 -7362 112 ) (-460 -7362 127.994797 ) (-460 -7362 159.997986 ) (-508 -7362 127.997971 ) (-508 -7362 112 ) 
4 116 119 (-483.996094 -7362 112 ) (-508 -7362 112 ) (-508 -7360 112 ) (-483.996094 -7360 112 ) 
4 116 117 (-508 -7360 112 ) (-508 -7362 112 ) (-508 -7362 127.996094 ) (-508 -7360 127.996094 ) 
3 117 124 (-508 -7362 127.997971 ) (-531.996948 -7362 112 ) (-508 -7362 112 ) 
4 117 120 (-508 -7362 112 ) (-531.997009 -7362 112 ) (-531.997009 -7360 112 ) (-508 -7360 112 ) 
4 118 140 (-768 -7360 0 ) (-699.996948 -7360 0 ) (-699.997009 -7362 0 ) (-768 -7362 0 ) 
4 118 125 (-772 -7362 0 ) (-699.996948 -7362 0 ) (-531.996948 -7362 112 ) (-772 -7362 112 ) 
4 118 122 (-652 -7360 31.997395 ) (-604 -7360 63.997402 ) (-604 -7362 63.997417 ) (-652 -7362 31.997429 ) 
4 118 121 (-604 -7360 63.997402 ) (-556 -7360 95.997406 ) (-556 -7362 95.997406 ) (-604 -7362 63.997417 ) 
4 118 120 (-556 -7360 95.997406 ) (-531.996094 -7360 112 ) (-531.996094 -7362 112 ) (-556 -7362 95.997406 ) 
4 118 123 (-699.996094 -7360 0 ) (-652 -7360 31.997395 ) (-652 -7362 31.997429 ) (-699.996155 -7362 0 ) 
3 119 125 (-508 -7362 95.994789 ) (-483.992188 -7362 112 ) (-508 -7362 112 ) 
4 119 120 (-508 -7360 96.003906 ) (-508 -7362 96.003906 ) (-508 -7362 112 ) (-508 -7360 112 ) 
5 120 125 (-556 -7362 63.994789 ) (-508 -7362 95.994789 ) (-508 -7362 112 ) (-531.996948 -7362 112 ) (-556 -7362 95.997971 ) 
4 120 121 (-556 -7360 64.003906 ) (-556 -7362 64.003906 ) (-556 -7362 95.996094 ) (-556 -7360 95.996094 ) 
4 121 125 (-604 -7362 31.994791 ) (-556 -7362 63.994789 ) (-556 -7362 95.997971 ) (-604 -7362 63.997971 ) 
4 121 122 (-604 -7360 32.003906 ) (-604 -7362 32.003906 ) (-604 -7362 63.997826 ) (-604 -7360 63.997826 ) 
5 122 125 (-652 -7362 0 ) (-651.992188 -7362 0 ) (-604 -7362 31.994791 ) (-604 -7362 63.997971 ) (-652 -7362 31.997971 ) 
4 122 123 (-652 -7360 0 ) (-652 -7362 0 ) (-652 -7362 31.997828 ) (-652 -7360 31.997828 ) 
4 123 140 (-699.996948 -7360 0 ) (-652.002991 -7360 0 ) (-652.002991 -7362 0 ) (-699.997009 -7362 0 ) 
3 123 125 (-699.996948 -7362 0 ) (-652 -7362 0 ) (-652 -7362 31.997971 ) 
4 124 127 (-483.992188 -7388 112 ) (-320 -7388 221.328125 ) (-320 -7388 253.331299 ) (-531.996948 -7388 112 ) 
5 124 126 (-320 -7388 253.331299 ) (-320 -7388 256 ) (-768 -7388 256 ) (-768 -7388 112 ) (-531.996948 -7388 112 ) 
4 124 125 (-483.996094 -7388 112 ) (-768 -7388 112 ) (-768 -7362 112 ) (-484.003906 -7362 112 ) 
4 125 140 (-768 -7362 0 ) (-652.002991 -7362 0 ) (-652.002991 -7388 0 ) (-768 -7388 0 ) 
4 125 127 (-699.996948 -7388 0 ) (-651.992188 -7388 0 ) (-483.992188 -7388 112 ) (-531.996948 -7388 112 ) 
4 125 126 (-768 -7388 0 ) (-699.996948 -7388 0 ) (-531.996948 -7388 112 ) (-768 -7388 112 ) 
4 126 143 (-699.997009 -7416 0 ) (-699.997009 -7424 0 ) (-768 -7424 0 ) (-768 -7416 0 ) 
4 126 140 (-768 -7388 0 ) (-699.996948 -7388 0 ) (-699.997009 -7414.500000 0 ) (-768 -7414.500000 0 ) 
4 126 132 (-604 -7424 63.994854 ) (-652 -7424 31.994865 ) (-652 -7422 31.994860 ) (-604 -7422 63.994850 ) 
4 126 131 (-556 -7424 95.994843 ) (-604 -7424 63.994854 ) (-604 -7422 63.994850 ) (-556 -7422 95.994835 ) 
4 126 130 (-508 -7424 127.994835 ) (-556 -7424 95.994843 ) (-556 -7422 95.994835 ) (-508 -7422 127.994827 ) 
4 126 129 (-460 -7424 159.994827 ) (-508 -7424 127.994835 ) (-508 -7422 127.994827 ) (-460 -7422 159.994812 ) 
4 126 133 (-652 -7424 31.994865 ) (-699.992310 -7424 0 ) (-699.992310 -7422 0 ) (-652 -7422 31.994860 ) 
4 126 128 (-320 -7424 253.328125 ) (-460 -7424 159.994827 ) (-460 -7422 159.994812 ) (-320 -7422 253.328125 ) 
4 126 127 (-699.992310 -7422 0 ) (-699.992188 -7388 0 ) (-320 -7388 253.328125 ) (-320 -7422 253.328125 ) 
4 127 143 (-652.002930 -7416 0 ) (-652.002930 -7422 0 ) (-699.997009 -7422 0 ) (-699.997009 -7416 0 ) 
4 127 140 (-699.996948 -7388 0 ) (-652.002991 -7388 0 ) (-652.002930 -7414.500000 0 ) (-699.997009 -7414.500000 0 ) 
4 127 132 (-652 -7422 0.002604 ) (-604 -7422 32.002602 ) (-604 -7422 63.998692 ) (-652 -7422 31.998695 ) 
4 127 131 (-604 -7422 32.002602 ) (-556 -7422 64.002602 ) (-556 -7422 95.998688 ) (-604 -7422 63.998692 ) 
4 127 130 (-556 -7422 64.002602 ) (-508 -7422 96.002609 ) (-508 -7422 127.998688 ) (-556 -7422 95.998688 ) 
4 127 129 (-508 -7422 96.002609 ) (-460 -7422 128.002609 ) (-460 -7422 159.998688 ) (-508 -7422 127.998688 ) 
4 127 133 (-652.003906 -7422 0 ) (-652 -7422 0.002604 ) (-652 -7422 31.998695 ) (-699.998047 -7422 0 ) 
4 127 128 (-460 -7422 128.002609 ) (-320 -7422 221.335938 ) (-320 -7422 253.332031 ) (-460 -7422 159.998688 ) 
4 128 129 (-460 -7422 160 ) (-460 -7422 128.001984 ) (-460 -7424 128.001984 ) (-460 -7424 160 ) 
4 129 130 (-508 -7422 127.996094 ) (-508 -7422 96.001999 ) (-508 -7424 96.001999 ) (-508 -7424 127.996094 ) 
4 130 131 (-556 -7422 95.996094 ) (-556 -7422 64.001991 ) (-556 -7424 64.001991 ) (-556 -7424 95.996094 ) 
4 131 132 (-604 -7422 64 ) (-604 -7422 32.001976 ) (-604 -7424 32.001976 ) (-604 -7424 64 ) 
4 132 133 (-652 -7422 32 ) (-652 -7422 0.001976 ) (-652 -7424 0.001976 ) (-652 -7424 32 ) 
4 133 143 (-652.002930 -7422 0 ) (-652.002930 -7424 0 ) (-699.997009 -7424 0 ) (-699.997009 -7422 0 ) 
4 134 136 (-304 -7332 -128 ) (0 -7332 -128 ) (0 -7332 -16 ) (-304 -7332 -16 ) 
4 134 135 (0 -7332 -16 ) (0 -7332 0 ) (-304 -7332 0 ) (-304 -7332 -16 ) 
4 135 139 (-304 -7388 -16 ) (0 -7388 -16 ) (0 -7388 0 ) (-304 -7388 0 ) 
4 135 136 (0 -7388 -16 ) (-304 -7388 -16 ) (-304 -7332 -16 ) (0 -7332 -16 ) 
4 136 139 (-304 -7388 -128 ) (0 -7388 -128 ) (0 -7388 -16 ) (-304 -7388 -16 ) 
4 136 137 (-312 -7388 -128 ) (-312 -7388 -16 ) (-312 -7332 -16 ) (-312 -7332 -128 ) 
4 137 138 (-313 -7388 -128 ) (-313 -7388 -16 ) (-313 -7332 -16 ) (-313 -7332 -128 ) 
4 138 157 (-320 -7360 -128 ) (-320 -7388 -128 ) (-320 -7388 -16 ) (-320 -7360 -16 ) 
4 138 151 (-320 -7358 -128 ) (-320 -7360 -128 ) (-320 -7360 -16 ) (-320 -7358 -16 ) 
4 138 150 (-320 -7332 -128 ) (-320 -7358 -128 ) (-320 -7358 -16 ) (-320 -7332 -16 ) 
4 140 157 (-627.992249 -7360 0 ) (-627.992249 -7414.500000 0 ) (-435.992218 -7414.500000 -128 ) (-435.992218 -7360 -128 ) 
4 140 156 (-627.992249 -7358 0 ) (-627.992249 -7360 0 ) (-580 -7360 -31.994827 ) (-580 -7358 -31.994827 ) 
4 140 155 (-580 -7360 -31.994827 ) (-532 -7360 -63.994823 ) (-532 -7358 -63.994820 ) (-580 -7358 -31.994827 ) 
4 140 154 (-532 -7360 -63.994823 ) (-484 -7360 -95.994812 ) (-484 -7358 -95.994812 ) (-532 -7358 -63.994820 ) 
4 140 153 (-484 -7360 -95.994812 ) (-435.992218 -7360 -128 ) (-435.992218 -7358 -128 ) (-484 -7358 -95.994812 ) 
4 140 149 (-627.992249 -7296 0 ) (-627.992249 -7298 0 ) (-580 -7298 -31.994827 ) (-580 -7296 -31.994827 ) 
4 140 148 (-580 -7298 -31.994827 ) (-532 -7298 -63.994823 ) (-532 -7296 -63.994820 ) (-580 -7296 -31.994827 ) 
4 140 147 (-532 -7298 -63.994823 ) (-484 -7298 -95.994812 ) (-484 -7296 -95.994812 ) (-532 -7296 -63.994820 ) 
4 140 146 (-484 -7298 -95.994812 ) (-435.992218 -7298 -128 ) (-435.992218 -7296 -128 ) (-484 -7296 -95.994812 ) 
4 140 150 (-627.992249 -7298 0 ) (-627.992249 -7358 0 ) (-435.992218 -7358 -128 ) (-435.992218 -7298 -128 ) 
4 140 142 (-768 -7414.500000 -8 ) (-768 -7414.500000 -128 ) (-640 -7414.500000 -128 ) (-640 -7414.500000 -8 ) 
4 140 141 (-640 -7414.500000 -128 ) (-436.003418 -7414.500000 -128 ) (-628.002563 -7414.500000 0 ) (-640 -7414.500000 0 ) 
4 141 157 (-627.992249 -7414.500000 0 ) (-627.992249 -7424 0 ) (-435.992218 -7424 -128 ) (-435.992218 -7414.500000 -128 ) 
4 141 142 (-640 -7414.500000 -8 ) (-640 -7414.500000 -128 ) (-640 -7416 -128 ) (-640 -7416 -8 ) 
4 141 143 (-640 -7416 -128 ) (-640 -7424 -128 ) (-640 -7424 0 ) (-640 -7416 0 ) 
4 142 143 (-768 -7416 -8 ) (-768 -7416 -128 ) (-640 -7416 -128 ) (-640 -7416 -8 ) 
4 144 148 (-532 -7298 -31.998764 ) (-579.998169 -7298 0 ) (-580 -7296 0 ) (-532 -7296 -32 ) 
4 144 147 (-484 -7298 -63.998749 ) (-532 -7298 -31.998764 ) (-532 -7296 -32 ) (-484 -7296 -64 ) 
4 144 146 (-436 -7298 -95.998734 ) (-484 -7298 -63.998749 ) (-484 -7296 -64 ) (-436 -7296 -96 ) 
4 144 145 (-387.998077 -7298 -128 ) (-436 -7298 -95.998734 ) (-436 -7296 -96 ) (-388 -7296 -128 ) 
4 144 150 (-387.997009 -7298 -128 ) (-320 -7298 -128 ) (-320 -7298 0 ) (-579.997009 -7298 0 ) 
4 145 146 (-436 -7298 -128 ) (-436 -7298 -95.996094 ) (-436 -7296 -95.996094 ) (-436 -7296 -127.998886 ) 
4 145 150 (-436 -7298 -127.997398 ) (-435.996094 -7298 -128 ) (-387.997009 -7298 -128 ) (-436 -7298 -95.998001 ) 
4 146 150 (-484 -7298 -95.997398 ) (-436 -7298 -127.997398 ) (-436 -7298 -95.998001 ) (-484 -7298 -63.998001 ) 
4 146 147 (-484 -7298 -96 ) (-484 -7298 -63.990452 ) (-484 -7296 -63.990452 ) (-484 -7296 -95.998932 ) 
4 147 148 (-532 -7298 -63.996094 ) (-532 -7298 -31.992622 ) (-532 -7296 -31.992622 ) (-532 -7296 -63.998901 ) 
4 147 150 (-532 -7298 -63.997398 ) (-484 -7298 -95.997398 ) (-484 -7298 -63.998001 ) (-532 -7298 -31.998005 ) 
5 148 150 (-580 -7298 -31.997396 ) (-532 -7298 -63.997398 ) (-532 -7298 -31.998005 ) (-579.997009 -7298 0 ) (-580 -7298 0 ) 
4 148 149 (-580 -7298 -32 ) (-580 -7298 0 ) (-580 -7296 0 ) (-580 -7296 -31.998924 ) 
3 149 150 (-627.996094 -7298 0 ) (-580 -7298 -31.997396 ) (-580 -7298 0 ) 
3 150 156 (-627.996094 -7358 0 ) (-580 -7358 -31.997396 ) (-580 -7358 0 ) 
5 150 155 (-580 -7358 -31.997396 ) (-532 -7358 -63.997398 ) (-532 -7358 -31.998005 ) (-579.997009 -7358 0 ) (-580 -7358 0 ) 
4 150 154 (-532 -7358 -63.997398 ) (-484 -7358 -95.997398 ) (-484 -7358 -63.998001 ) (-532 -7358 -31.998005 ) 
4 150 153 (-484 -7358 -95.997398 ) (-436 -7358 -127.997398 ) (-436 -7358 -95.998001 ) (-484 -7358 -63.998001 ) 
4 150 152 (-436 -7358 -127.997398 ) (-435.996094 -7358 -128 ) (-387.997009 -7358 -128 ) (-436 -7358 -95.998001 ) 
4 150 151 (-387.997009 -7358 -128 ) (-320 -7358 -128 ) (-320 -7358 0 ) (-579.997009 -7358 0 ) 
4 151 157 (-387.997009 -7360 -128 ) (-320 -7360 -128 ) (-320 -7360 0 ) (-579.997009 -7360 0 ) 
4 151 155 (-532 -7360 -31.998764 ) (-579.998169 -7360 0 ) (-580 -7358 0 ) (-532 -7358 -32 ) 
4 151 154 (-484 -7360 -63.998749 ) (-532 -7360 -31.998764 ) (-532 -7358 -32 ) (-484 -7358 -64 ) 
4 151 153 (-436 -7360 -95.998734 ) (-484 -7360 -63.998749 ) (-484 -7358 -64 ) (-436 -7358 -96 ) 
4 151 152 (-387.998077 -7360 -128 ) (-436 -7360 -95.998734 ) (-436 -7358 -96 ) (-388 -7358 -128 ) 
4 152 157 (-436 -7360 -127.997398 ) (-435.996094 -7360 -128 ) (-387.997009 -7360 -128 ) (-436 -7360 -95.998001 ) 
4 152 153 (-436 -7360 -128 ) (-436 -7360 -95.996094 ) (-436 -7358 -95.996094 ) (-436 -7358 -127.998886 ) 
4 153 157 (-484 -7360 -95.997398 ) (-436 -7360 -127.997398 ) (-436 -7360 -95.998001 ) (-484 -7360 -63.998001 ) 
4 153 154 (-484 -7360 -96 ) (-484 -7360 -63.990456 ) (-484 -7358 -63.990456 ) (-484 -7358 -95.998894 ) 
4 154 157 (-532 -7360 -63.997398 ) (-484 -7360 -95.997398 ) (-484 -7360 -63.998001 ) (-532 -7360 -31.998005 ) 
4 154 155 (-532 -7360 -63.996094 ) (-532 -7360 -31.992626 ) (-532 -7358 -31.992626 ) (-532 -7358 -63.998905 ) 
5 155 157 (-580 -7360 -31.997396 ) (-532 -7360 -63.997398 ) (-532 -7360 -31.998005 ) (-579.997009 -7360 0 ) (-580 -7360 0 ) 
4 155 156 (-580 -7360 -32 ) (-580 -7360 0 ) (-580 -7358 0 ) (-580 -7358 -31.998924 ) 
3 156 157 (-627.996094 -7360 0 ) (-580 -7360 -31.997396 ) (-580 -7360 0 ) 
4 158 160 (1215.990479 -8320 128 ) (1164.001465 -8320 128 ) (1164.001587 -8256 128 ) (1215.990479 -8256 128 ) 
4 158 159 (1344 -8256 248 ) (1164.001709 -8256 128 ) (1164.001709 -8320 128 ) (1344.001831 -8320 248 ) 
4 159 160 (1164.001465 -8320 128 ) (1036 -8320 128 ) (1036 -8256 128 ) (1164.001587 -8256 128 ) 
4 160 161 (1024 -8320 0.008301 ) (1024 -8320 120 ) (1024 -8256 120 ) (1024 -8256 0.008286 ) 
4 161 162 (715.997986 -8256 0 ) (896 -8256 0 ) (896 -8320 0 ) (715.997986 -8320 0 ) 
4 162 163 (704 -8256 -128 ) (704 -8320 -128 ) (704 -8320 0 ) (704 -8256 0 ) 
4 164 165 (384 -15360 512 ) (128 -15360 512 ) (128 -15360 256 ) (384 -15360 256 ) 
