


materialPath: D:\Steam\steamapps\common\Source SDK Base 2013 Multiplayer\tf\materials
Loading E:\TF2 Mods and Maps\maps\LFCE Fixed Maps\d1_canals_05_d.vmf
ConVarRef mat_reduceparticles doesn't point to an existing ConVar
Could not locate GameData file tf_coop_extended.fgd
Patching WVT material: maps/d1_canals_05_d/nature/blenddirtgrass008b_wvt_patch
Patching WVT material: maps/d1_canals_05_d/nature/blendsandrock004a_wvt_patch
Patching WVT material: maps/d1_canals_05_d/nature/blendtoxictoxic004a_wvt_patch
Patching WVT material: maps/d1_canals_05_d/nature/blendtoxictoxic002a_wvt_patch
fixing up env_cubemap materials on brush sides...
0...1...2...3...4...5...6...7...8...9...100...1...2...3...4...5...6...7...8...9...10Processing areas...done (0)
Building Faces...done (0)
Chop Details...done (1)
Find Visible Detail Sides...
Merged 978 detail faces...done (1)
Merging details...done (0)
FixTjuncs...
PruneNodes...
WriteBSP...
done (0)
writing E:\TF2 Mods and Maps\maps\LFCE Fixed Maps\d1_canals_05_d.prt...Building visibility clusters...
done (0)
Creating default LDR cubemaps for env_cubemap using skybox materials:
   skybox/sky_day01_05_hdr*.vmt
 ! Run buildcubemaps in the engine to get the correct cube maps.
Creating default HDR cubemaps for env_cubemap using skybox materials:
   skybox/sky_day01_05_hdr*.vmt
 ! Run buildcubemaps in the engine to get the correct cube maps.
Finding displacement neighbors...
Finding lightmap sample positions...
Displacement Alpha : 0...1...2...3...4...5...6...7...8...9...10
Building Physics collision data...
WARNING: Map using power 4 displacements, terrain physics cannot be compressed, map will need additional memory and CPU.
done (0) (2101142 bytes)
Placing detail props : 0...1...2...3...4...5...6...7...8...9...10
Compacting texture/material tables...
Reduced 5293 texinfos to 2913
Reduced 219 texdatas to 196 (8993 bytes to 7918)
Writing E:\TF2 Mods and Maps\maps\LFCE Fixed Maps\d1_canals_05_d.bsp
MSG_FILEWRITE - Filesystem was asked to write to 'E:\TF2 Mods and Maps\maps\LFCE Fixed Maps\d1_canals_05_d.bsp', but we don't own that location. Allowing.
Wrote ZIP buffer, estimated size 4717080, actual size 4690200
2 seconds elapsed



8 threads
reading e:\tf2 mods and maps\maps\lfce fixed maps\d1_canals_05_d.bsp
reading e:\tf2 mods and maps\maps\lfce fixed maps\d1_canals_05_d.prt
 689 portalclusters
1957 numportals
0...1...2...3...4...5...6...7...8...9...100...1...2...3...4...5...6...7...8...9...10Optimized: 636 visible clusters (0.43%)
Total clusters visible: 149006
Average clusters visible: 216
Building PAS...
Average clusters audible: 678
visdatasize:101580  compressed from 121264
writing e:\tf2 mods and maps\maps\lfce fixed maps\d1_canals_05_d.bsp
MSG_FILEWRITE - Filesystem was asked to write to 'e:\tf2 mods and maps\maps\lfce fixed maps\d1_canals_05_d.bsp', but we don't own that location. Allowing.
2 seconds elapsed



[Reading texlights from 'lights.rad']
[50 texlights parsed from 'lights.rad']

Loading e:\tf2 mods and maps\maps\lfce fixed maps\d1_canals_05_d.bsp
9484 faces
3 degenerate faces
9201012 square feet [1324945664.00 square inches]
104 Displacements
544924 Square Feet [78469072.00 Square Inches]
9481 patches before subdivision
zero area child patch
109015 patches after subdivision
91 direct lights
0...1...2...3...4...5...6...7...8...9...100...1...2...3...4...5...6...7...8...9...10transfers 7456410, max 1039
transfer lists:  56.9 megs
0...1...2...3...4...5...6...7...8...9...10	Bounce #1 added RGB(652277, 528225, 250066)
0...1...2...3...4...5...6...7...8...9...10	Bounce #2 added RGB(99689, 74187, 29226)
0...1...2...3...4...5...6...7...8...9...10	Bounce #3 added RGB(16827, 11741, 3995)
0...1...2...3...4...5...6...7...8...9...10	Bounce #4 added RGB(3124, 2057, 619)
0...1...2...3...4...5...6...7...8...9...10	Bounce #5 added RGB(595, 373, 100)
0...1...2...3...4...5...6...7...8...9...10	Bounce #6 added RGB(118, 70, 17)
0...1...2...3...4...5...6...7...8...9...10	Bounce #7 added RGB(24, 14, 3)
0...1...2...3...4...5...6...7...8...9...10	Bounce #8 added RGB(5, 3, 1)
0...1...2...3...4...5...6...7...8...9...10	Bounce #9 added RGB(1, 1, 0)
0...1...2...3...4...5...6...7...8...9...10	Bounce #10 added RGB(0, 0, 0)
Build Patch/Sample Hash Table(s).....Done<0.0195 sec>
0...1...2...3...4...5...6...7...8...9...10FinalLightFace Done
0 of 0 (0% of) surface lights went in leaf ambient cubes.
0...1...2...3...4...5...6...7...8...9...10Writing leaf ambient...done
Ready to Finish

Object names       Objects/Maxobjs  Memory / Maxmem  Fullness 
------------       ---------------  ---------------  -------- 
models                 127/1024         6096/49152    (12.4%) 
brushes               2114/8192        25368/98304    (25.8%) 
brushsides           21989/65536      175912/524288   (33.6%) 
planes               24494/65536      489880/1310720  (37.4%) 
vertexes             15117/65536      181404/786432   (23.1%) 
nodes                 3989/65536      127648/2097152  ( 6.1%) 
texinfos              2913/12288      209736/884736   (23.7%) 
texdata                196/2048         6272/65536    ( 9.6%) 
dispinfos              104/0           18304/0        ( 0.0%) 
disp_verts            7288/0          145760/0        ( 0.0%) 
disp_tris            11584/0           23168/0        ( 0.0%) 
disp_lmsamples      166029/0          166029/0        ( 0.0%) 
faces                 9484/65536      531104/3670016  (14.5%) 
hdr faces                0/65536           0/3670016  ( 0.0%) 
origfaces             6052/65536      338912/3670016  ( 9.2%) 
leaves                4117/65536      131744/2097152  ( 6.3%) 
leaffaces            12548/65536       25096/131072   (19.1%) 
leafbrushes           5513/65536       11026/131072   ( 8.4%) 
areas                   11/256            88/2048     ( 4.3%) 
surfedges            70077/512000     280308/2048000  (13.7%) 
edges                41683/256000     166732/1024000  (16.3%) 
LDR worldlights         91/8192         8008/720896   ( 1.1%) 
HDR worldlights          0/8192            0/720896   ( 0.0%) 
leafwaterdata            7/32768          84/393216   ( 0.0%) 
waterstrips           1025/32768       10250/327680   ( 3.1%) 
waterverts               0/65536           0/786432   ( 0.0%) 
waterindices         19938/65536       39876/131072   (30.4%) 
cubemapsamples          43/1024          688/16384    ( 4.2%) 
overlays                24/512          8448/180224   ( 4.7%) 
LDR lightdata         [variable]     4920968/0        ( 0.0%) 
HDR lightdata         [variable]           0/0        ( 0.0%) 
visdata               [variable]      101580/16777216 ( 0.6%) 
entdata               [variable]      297728/393216   (75.7%) 
LDR ambient table     4117/65536       16468/262144   ( 6.3%) 
HDR ambient table     4117/65536       16468/262144   ( 6.3%) 
LDR leaf ambient     18579/65536      520212/1835008  (28.3%) 
HDR leaf ambient      4117/65536      115276/1835008  ( 6.3%) 
occluders                6/0             240/0        ( 0.0%) 
occluder polygons       25/0             300/0        ( 0.0%) 
occluder vert ind      102/0             408/0        ( 0.0%) 
detail props          [variable]           1/12       ( 8.3%) 
static props          [variable]           1/29474    ( 0.0%) 
pakfile               [variable]     4690200/0        ( 0.0%) 
physics               [variable]     2101142/4194304  (50.1%) 
physics terrain       [variable]           0/1048576  ( 0.0%) 

Level flags = 0

Total triangle count: 26897
Writing e:\tf2 mods and maps\maps\lfce fixed maps\d1_canals_05_d.bsp
44 seconds elapsed
