


materialPath: D:\Steam\steamapps\common\Source SDK Base 2013 Multiplayer\tf\materials
Loading E:\TF2 Mods and Maps\maps\LFCE Fixed Maps\d1_trainstation_05_d.vmf
ConVarRef mat_reduceparticles doesn't point to an existing ConVar
Could not locate GameData file tf_coop_extended.fgd
Patching WVT material: maps/d1_trainstation_05_d/nature/red_grass_wvt_patch
Patching WVT material: maps/d1_trainstation_05_d/nature/blenddirtgrass008b_wvt_patch
Patching WVT material: maps/d1_trainstation_05_d/nature/blendsandsand008b_wvt_patch
fixing up env_cubemap materials on brush sides...
0...1...2...3...4...5...6...7...8...9...100...1...2...3...4...5...6...7...8...9...10Processing areas...done (0)
Building Faces...done (0)
Chop Details...done (0)
Find Visible Detail Sides...
Merged 244 detail faces...done (0)
Merging details...done (0)
FixTjuncs...
PruneNodes...
WriteBSP...
done (0)
writing E:\TF2 Mods and Maps\maps\LFCE Fixed Maps\d1_trainstation_05_d.prt...Building visibility clusters...
done (0)
Creating default LDR cubemaps for env_cubemap using skybox materials:
   skybox/sky_day01_01_hdr*.vmt
 ! Run buildcubemaps in the engine to get the correct cube maps.
Creating default HDR cubemaps for env_cubemap using skybox materials:
   skybox/sky_day01_01_hdr*.vmt
 ! Run buildcubemaps in the engine to get the correct cube maps.
Finding displacement neighbors...
Finding lightmap sample positions...
Displacement Alpha : 0...1...2...3...4...5...6...7...8...9...10
Building Physics collision data...
WARNING: Map using power 4 displacements, terrain physics cannot be compressed, map will need additional memory and CPU.
done (1) (1010642 bytes)
Placing detail props : 0...1...2...3...4...5...6...7...8...9...10
Compacting texture/material tables...
Reduced 4113 texinfos to 2408
Reduced 331 texdatas to 282 (13225 bytes to 11647)
Writing E:\TF2 Mods and Maps\maps\LFCE Fixed Maps\d1_trainstation_05_d.bsp
MSG_FILEWRITE - Filesystem was asked to write to 'E:\TF2 Mods and Maps\maps\LFCE Fixed Maps\d1_trainstation_05_d.bsp', but we don't own that location. Allowing.
Wrote ZIP buffer, estimated size 5686602, actual size 5653558
3 seconds elapsed



8 threads
reading e:\tf2 mods and maps\maps\lfce fixed maps\d1_trainstation_05_d.bsp
reading e:\tf2 mods and maps\maps\lfce fixed maps\d1_trainstation_05_d.prt
 494 portalclusters
1575 numportals
0...1...2...3...4...5...6...7...8...9...100...1...2...3...4...5...6...7...8...9...10Optimized: 23 visible clusters (0.05%)
Total clusters visible: 49803
Average clusters visible: 100
Building PAS...
Average clusters audible: 143
visdatasize:27935  compressed from 63232
writing e:\tf2 mods and maps\maps\lfce fixed maps\d1_trainstation_05_d.bsp
MSG_FILEWRITE - Filesystem was asked to write to 'e:\tf2 mods and maps\maps\lfce fixed maps\d1_trainstation_05_d.bsp', but we don't own that location. Allowing.
1 second elapsed



[Reading texlights from 'lights.rad']
[50 texlights parsed from 'lights.rad']

Loading e:\tf2 mods and maps\maps\lfce fixed maps\d1_trainstation_05_d.bsp
Patch Sample Radius Clamped!
Patch Sample Radius Clamped!
Patch Sample Radius Clamped!
Patch Sample Radius Clamped!
Patch Sample Radius Clamped!
Patch Sample Radius Clamped!
Patch Sample Radius Clamped!
Patch Sample Radius Clamped!
Patch Sample Radius Clamped!
Patch Sample Radius Clamped!
Patch Sample Radius Clamped!
Patch Sample Radius Clamped!
Patch Sample Radius Clamped!
7845 faces
1 degenerate faces
19939930 square feet [2871349760.00 square inches]
54 Displacements
1926811 Square Feet [277460896.00 Square Inches]
7844 patches before subdivision
83436 patches after subdivision
410 direct lights
0
WARNING: Too many light styles on a face at (-7055.000000, -1298.000000, 47.999992)

WARNING: Too many light styles on a face at (-6526.250000, -1669.000000, 55.999996)

WARNING: Too many light styles on a face at (-6433.750000, -1669.000000, 39.999985)

WARNING: Too many light styles on a face at (-6530.000000, -1667.000000, 47.999992)
.
WARNING: Too many light styles on a face at (-6527.000000, -1669.000000, 47.999992)
..
WARNING: Too many light styles on a face at (-7096.000000, -1113.000000, 56.000000)
1...2
WARNING: Too many light styles on a face at (-7240.000000, -1085.000000, 47.999992)

WARNING: Too many light styles on a face at (-7143.619141, -1083.150391, 39.999771)

WARNING: Too many light styles on a face at (-7236.782227, -1083.367432, 39.999992)

WARNING: Too many light styles on a face at (-7063.000000, -1467.000000, 16.000000)
...3...
WARNING: Too many light styles on a face at (-6780.000000, -1284.000122, 1.000000)

WARNING: Too many light styles on a face at (-6996.000000, -1500.000000, 1.000000)

WARNING: Too many light styles on a face at (-6852.000000, -1428.000000, 1.000000)

WARNING: Too many light styles on a face at (-6588.000000, -1316.000000, 1.000000)

WARNING: Too many light styles on a face at (-7081.999512, -1481.999878, 1.000000)

WARNING: Too many light styles on a face at (-7080.000000, -1486.000000, 1.000000)

WARNING: Too many light styles on a face at (-7140.000000, -1086.000000, 1.000000)

WARNING: Too many light styles on a face at (-6510.200195, -1624.000000, 1.000000)

WARNING: Too many light styles on a face at (-7054.500000, -1474.585083, 1.000000)

WARNING: Too many light styles on a face at (-7141.999512, -1509.999878, 1.000000)

WARNING: Too many light styles on a face at (-6494.100098, -1560.000000, 1.000000)

WARNING: Too many light styles on a face at (-7064.499512, -1465.999878, 1.000000)

WARNING: Too many light styles on a face at (-7056.499512, -1465.999756, 1.000000)

WARNING: Too many light styles on a face at (-6460.100098, -1592.000000, 1.000000)

WARNING: Too many light styles on a face at (-7081.999512, -1465.999756, 1.000000)
4.
WARNING: Too many light styles on a face at (-7055.000000, -1292.000000, 52.000000)
.
WARNING: Too many light styles on a face at (-6531.000000, -1668.000000, 39.999992)
.
WARNING: Too many light styles on a face at (-7311.000000, -1286.000000, 18.000000)

WARNING: Too many light styles on a face at (-7169.000000, -1086.000000, 1.000000)

WARNING: Too many light styles on a face at (-7170.000000, -1469.999878, 1.000000)

WARNING: Too many light styles on a face at (-7262.000000, -1089.000000, 21.999992)
5...6...7...8...9.
WARNING: Too many light styles on a face at (-7052.000000, -1332.719971, 62.000000)
..
WARNING: Too many light styles on a face at (-7098.000000, -1483.000000, 2.000000)

WARNING: Too many light styles on a face at (-7120.000000, -1496.000000, 5.000000)
100...1...2...3...4...5...6...7...8...9...10transfers 5935970, max 513
transfer lists:  45.3 megs
0...1...2...3...4...5...6...7...8...9...10	Bounce #1 added RGB(178552, 183368, 127103)
0...1...2...3...4...5...6...7...8...9...10	Bounce #2 added RGB(33862, 32460, 18926)
0...1...2...3...4...5...6...7...8...9...10	Bounce #3 added RGB(6263, 5946, 3315)
0...1...2...3...4...5...6...7...8...9...10	Bounce #4 added RGB(1623, 1501, 756)
0...1...2...3...4...5...6...7...8...9...10	Bounce #5 added RGB(412, 384, 190)
0...1...2...3...4...5...6...7...8...9...10	Bounce #6 added RGB(118, 111, 53)
0...1...2...3...4...5...6...7...8...9...10	Bounce #7 added RGB(34, 33, 16)
0...1...2...3...4...5...6...7...8...9...10	Bounce #8 added RGB(11, 10, 5)
0...1...2...3...4...5...6...7...8...9...10	Bounce #9 added RGB(3, 3, 2)
0...1...2...3...4...5...6...7...8...9...10	Bounce #10 added RGB(1, 1, 1)
0...1...2...3...4...5...6...7...8...9...10	Bounce #11 added RGB(0, 0, 0)
Build Patch/Sample Hash Table(s).....Done<0.0180 sec>
0...1...2...3...4...5...6...7...8...9...10FinalLightFace Done
104 of 314 (33% of) surface lights went in leaf ambient cubes.
0...1...2...3...4...5...6...7...8...9...10Writing leaf ambient...done
Ready to Finish

Object names       Objects/Maxobjs  Memory / Maxmem  Fullness 
------------       ---------------  ---------------  -------- 
models                 154/1024         7392/49152    (15.0%) 
brushes               1867/8192        22404/98304    (22.8%) 
brushsides           14345/65536      114760/524288   (21.9%) 
planes               12210/65536      244200/1310720  (18.6%) 
vertexes             13574/65536      162888/786432   (20.7%) 
nodes                 5374/65536      171968/2097152  ( 8.2%) 
texinfos              2408/12288      173376/884736   (19.6%) 
texdata                282/2048         9024/65536    (13.8%) 
dispinfos               54/0            9504/0        ( 0.0%) 
disp_verts            2406/0           48120/0        ( 0.0%) 
disp_tris             3648/0            7296/0        ( 0.0%) 
disp_lmsamples      144728/0          144728/0        ( 0.0%) 
faces                 7845/65536      439320/3670016  (12.0%) 
hdr faces                0/65536           0/3670016  ( 0.0%) 
origfaces             4549/65536      254744/3670016  ( 6.9%) 
leaves                5529/65536      176928/2097152  ( 8.4%) 
leaffaces             9798/65536       19596/131072   (15.0%) 
leafbrushes           5037/65536       10074/131072   ( 7.7%) 
areas                   19/256           152/2048     ( 7.4%) 
surfedges            55607/512000     222428/2048000  (10.9%) 
edges                33317/256000     133268/1024000  (13.0%) 
LDR worldlights        410/8192        36080/720896   ( 5.0%) 
HDR worldlights          0/8192            0/720896   ( 0.0%) 
leafwaterdata            1/32768          12/393216   ( 0.0%) 
waterstrips            627/32768        6270/327680   ( 1.9%) 
waterverts               0/65536           0/786432   ( 0.0%) 
waterindices         11754/65536       23508/131072   (17.9%) 
cubemapsamples          52/1024          832/16384    ( 5.1%) 
overlays                16/512          5632/180224   ( 3.1%) 
LDR lightdata         [variable]     5949444/0        ( 0.0%) 
HDR lightdata         [variable]           0/0        ( 0.0%) 
visdata               [variable]       27935/16777216 ( 0.2%) 
entdata               [variable]      395675/393216   (100.6%) VERY FULL!
LDR ambient table     5529/65536       22116/262144   ( 8.4%) 
HDR ambient table     5529/65536       22116/262144   ( 8.4%) 
LDR leaf ambient     20379/65536      570612/1835008  (31.1%) 
HDR leaf ambient      5529/65536      154812/1835008  ( 8.4%) 
occluders                0/0               0/0        ( 0.0%) 
occluder polygons        0/0               0/0        ( 0.0%) 
occluder vert ind        0/0               0/0        ( 0.0%) 
detail props          [variable]           1/12       ( 8.3%) 
static props          [variable]           1/32766    ( 0.0%) 
pakfile               [variable]     5653558/0        ( 0.0%) 
physics               [variable]     1010642/4194304  (24.1%) 
physics terrain       [variable]           0/1048576  ( 0.0%) 

Level flags = 0

Total triangle count: 21491
Writing e:\tf2 mods and maps\maps\lfce fixed maps\d1_trainstation_05_d.bsp
1 minute, 30 seconds elapsed



materialPath: D:\Steam\steamapps\common\Source SDK Base 2013 Multiplayer\tf\materials
Loading E:\TF2 Mods and Maps\maps\LFCE Fixed Maps\d1_trainstation_05_d.vmf
ConVarRef mat_reduceparticles doesn't point to an existing ConVar
Could not locate GameData file tf_coop_extended.fgd
Patching WVT material: maps/d1_trainstation_05_d/nature/red_grass_wvt_patch
Patching WVT material: maps/d1_trainstation_05_d/nature/blenddirtgrass008b_wvt_patch
Patching WVT material: maps/d1_trainstation_05_d/nature/blendsandsand008b_wvt_patch
fixing up env_cubemap materials on brush sides...
0...1...2...3...4...5...6...7...8...9...100...1...2...3...4...5...6...7...8...9...10Processing areas...done (0)
Building Faces...done (0)
Chop Details...done (0)
Find Visible Detail Sides...
Merged 244 detail faces...done (0)
Merging details...done (0)
FixTjuncs...
PruneNodes...
WriteBSP...
done (0)
writing E:\TF2 Mods and Maps\maps\LFCE Fixed Maps\d1_trainstation_05_d.prt...Building visibility clusters...
done (0)
Creating default LDR cubemaps for env_cubemap using skybox materials:
   skybox/sky_day01_01_hdr*.vmt
 ! Run buildcubemaps in the engine to get the correct cube maps.
Creating default HDR cubemaps for env_cubemap using skybox materials:
   skybox/sky_day01_01_hdr*.vmt
 ! Run buildcubemaps in the engine to get the correct cube maps.
Finding displacement neighbors...
Finding lightmap sample positions...
Displacement Alpha : 0...1...2...3...4...5...6...7...8...9...10
Building Physics collision data...
WARNING: Map using power 4 displacements, terrain physics cannot be compressed, map will need additional memory and CPU.
done (1) (1010635 bytes)
Placing detail props : 0...1...2...3...4...5...6...7...8...9...10
Compacting texture/material tables...
Reduced 4113 texinfos to 2408
Reduced 331 texdatas to 282 (13225 bytes to 11647)
Writing E:\TF2 Mods and Maps\maps\LFCE Fixed Maps\d1_trainstation_05_d.bsp
MSG_FILEWRITE - Filesystem was asked to write to 'E:\TF2 Mods and Maps\maps\LFCE Fixed Maps\d1_trainstation_05_d.bsp', but we don't own that location. Allowing.
Wrote ZIP buffer, estimated size 5686602, actual size 5653558
3 seconds elapsed



8 threads
reading e:\tf2 mods and maps\maps\lfce fixed maps\d1_trainstation_05_d.bsp
reading e:\tf2 mods and maps\maps\lfce fixed maps\d1_trainstation_05_d.prt
 494 portalclusters
1575 numportals
0...1...2...3...4...5...6...7...8...9...100...1...2...3...4...5...6...7...8...9...10Optimized: 23 visible clusters (0.05%)
Total clusters visible: 49803
Average clusters visible: 100
Building PAS...
Average clusters audible: 143
visdatasize:27935  compressed from 63232
writing e:\tf2 mods and maps\maps\lfce fixed maps\d1_trainstation_05_d.bsp
MSG_FILEWRITE - Filesystem was asked to write to 'e:\tf2 mods and maps\maps\lfce fixed maps\d1_trainstation_05_d.bsp', but we don't own that location. Allowing.
1 second elapsed



[Reading texlights from 'lights.rad']
[50 texlights parsed from 'lights.rad']

Loading e:\tf2 mods and maps\maps\lfce fixed maps\d1_trainstation_05_d.bsp
Patch Sample Radius Clamped!
Patch Sample Radius Clamped!
Patch Sample Radius Clamped!
Patch Sample Radius Clamped!
Patch Sample Radius Clamped!
Patch Sample Radius Clamped!
Patch Sample Radius Clamped!
Patch Sample Radius Clamped!
Patch Sample Radius Clamped!
Patch Sample Radius Clamped!
Patch Sample Radius Clamped!
Patch Sample Radius Clamped!
Patch Sample Radius Clamped!
7845 faces
1 degenerate faces
19939930 square feet [2871349760.00 square inches]
54 Displacements
1926811 Square Feet [277460896.00 Square Inches]
7844 patches before subdivision
83436 patches after subdivision
410 direct lights
0
WARNING: Too many light styles on a face at (-7055.000000, -1298.000000, 47.999992)

WARNING: Too many light styles on a face at (-6526.250000, -1669.000000, 55.999996)

WARNING: Too many light styles on a face at (-6433.750000, -1669.000000, 39.999985)

WARNING: Too many light styles on a face at (-6530.000000, -1667.000000, 47.999992)
.
WARNING: Too many light styles on a face at (-6527.000000, -1669.000000, 47.999992)
..
WARNING: Too many light styles on a face at (-7096.000000, -1113.000000, 56.000000)
1...2
WARNING: Too many light styles on a face at (-7240.000000, -1085.000000, 47.999992)

WARNING: Too many light styles on a face at (-7143.619141, -1083.150391, 39.999771)

WARNING: Too many light styles on a face at (-7236.782227, -1083.367432, 39.999992)

WARNING: Too many light styles on a face at (-7063.000000, -1467.000000, 16.000000)
...3...
WARNING: Too many light styles on a face at (-6780.000000, -1284.000122, 1.000000)

WARNING: Too many light styles on a face at (-6996.000000, -1500.000000, 1.000000)

WARNING: Too many light styles on a face at (-6852.000000, -1428.000000, 1.000000)

WARNING: Too many light styles on a face at (-6588.000000, -1316.000000, 1.000000)

WARNING: Too many light styles on a face at (-7081.999512, -1481.999878, 1.000000)

WARNING: Too many light styles on a face at (-7080.000000, -1486.000000, 1.000000)

WARNING: Too many light styles on a face at (-7140.000000, -1086.000000, 1.000000)

WARNING: Too many light styles on a face at (-6510.200195, -1624.000000, 1.000000)

WARNING: Too many light styles on a face at (-7054.500000, -1474.585083, 1.000000)

WARNING: Too many light styles on a face at (-7141.999512, -1509.999878, 1.000000)

WARNING: Too many light styles on a face at (-6494.100098, -1560.000000, 1.000000)

WARNING: Too many light styles on a face at (-7064.499512, -1465.999878, 1.000000)

WARNING: Too many light styles on a face at (-7056.499512, -1465.999756, 1.000000)

WARNING: Too many light styles on a face at (-6460.100098, -1592.000000, 1.000000)

WARNING: Too many light styles on a face at (-7081.999512, -1465.999756, 1.000000)
4.
WARNING: Too many light styles on a face at (-7055.000000, -1292.000000, 52.000000)
.
WARNING: Too many light styles on a face at (-6531.000000, -1668.000000, 39.999992)
.
WARNING: Too many light styles on a face at (-7311.000000, -1286.000000, 18.000000)

WARNING: Too many light styles on a face at (-7169.000000, -1086.000000, 1.000000)

WARNING: Too many light styles on a face at (-7170.000000, -1469.999878, 1.000000)

WARNING: Too many light styles on a face at (-7262.000000, -1089.000000, 21.999992)
5...6...7...8...9.
WARNING: Too many light styles on a face at (-7052.000000, -1332.719971, 62.000000)
..
WARNING: Too many light styles on a face at (-7098.000000, -1483.000000, 2.000000)

WARNING: Too many light styles on a face at (-7120.000000, -1496.000000, 5.000000)
100...1...2...3...4...5...6...7...8...9...10transfers 5935970, max 513
transfer lists:  45.3 megs
0...1...2...3...4...5...6...7...8...9...10	Bounce #1 added RGB(178551, 183367, 127103)
0...1...2...3...4...5...6...7...8...9...10	Bounce #2 added RGB(33861, 32460, 18926)
0...1...2...3...4...5...6...7...8...9...10	Bounce #3 added RGB(6263, 5946, 3315)
0...1...2...3...4...5...6...7...8...9...10	Bounce #4 added RGB(1623, 1501, 756)
0...1...2...3...4...5...6...7...8...9...10	Bounce #5 added RGB(412, 384, 190)
0...1...2...3...4...5...6...7...8...9...10	Bounce #6 added RGB(118, 111, 53)
0...1...2...3...4...5...6...7...8...9...10	Bounce #7 added RGB(34, 33, 16)
0...1...2...3...4...5...6...7...8...9...10	Bounce #8 added RGB(11, 10, 5)
0...1...2...3...4...5...6...7...8...9...10	Bounce #9 added RGB(3, 3, 2)
0...1...2...3...4...5...6...7...8...9...10	Bounce #10 added RGB(1, 1, 1)
0...1...2...3...4...5...6...7...8...9...10	Bounce #11 added RGB(0, 0, 0)
Build Patch/Sample Hash Table(s).....Done<0.0168 sec>
0...1...2...3...4...5...6...7...8...9...10FinalLightFace Done
104 of 314 (33% of) surface lights went in leaf ambient cubes.
0...1...2...3...4...5...6...7...8...9...10Writing leaf ambient...done
Ready to Finish

Object names       Objects/Maxobjs  Memory / Maxmem  Fullness 
------------       ---------------  ---------------  -------- 
models                 154/1024         7392/49152    (15.0%) 
brushes               1867/8192        22404/98304    (22.8%) 
brushsides           14345/65536      114760/524288   (21.9%) 
planes               12210/65536      244200/1310720  (18.6%) 
vertexes             13574/65536      162888/786432   (20.7%) 
nodes                 5374/65536      171968/2097152  ( 8.2%) 
texinfos              2408/12288      173376/884736   (19.6%) 
texdata                282/2048         9024/65536    (13.8%) 
dispinfos               54/0            9504/0        ( 0.0%) 
disp_verts            2406/0           48120/0        ( 0.0%) 
disp_tris             3648/0            7296/0        ( 0.0%) 
disp_lmsamples      144728/0          144728/0        ( 0.0%) 
faces                 7845/65536      439320/3670016  (12.0%) 
hdr faces                0/65536           0/3670016  ( 0.0%) 
origfaces             4549/65536      254744/3670016  ( 6.9%) 
leaves                5529/65536      176928/2097152  ( 8.4%) 
leaffaces             9798/65536       19596/131072   (15.0%) 
leafbrushes           5037/65536       10074/131072   ( 7.7%) 
areas                   19/256           152/2048     ( 7.4%) 
surfedges            55607/512000     222428/2048000  (10.9%) 
edges                33317/256000     133268/1024000  (13.0%) 
LDR worldlights        410/8192        36080/720896   ( 5.0%) 
HDR worldlights          0/8192            0/720896   ( 0.0%) 
leafwaterdata            1/32768          12/393216   ( 0.0%) 
waterstrips            627/32768        6270/327680   ( 1.9%) 
waterverts               0/65536           0/786432   ( 0.0%) 
waterindices         11754/65536       23508/131072   (17.9%) 
cubemapsamples          52/1024          832/16384    ( 5.1%) 
overlays                16/512          5632/180224   ( 3.1%) 
LDR lightdata         [variable]     5949444/0        ( 0.0%) 
HDR lightdata         [variable]           0/0        ( 0.0%) 
visdata               [variable]       27935/16777216 ( 0.2%) 
entdata               [variable]      395677/393216   (100.6%) VERY FULL!
LDR ambient table     5529/65536       22116/262144   ( 8.4%) 
HDR ambient table     5529/65536       22116/262144   ( 8.4%) 
LDR leaf ambient     20379/65536      570612/1835008  (31.1%) 
HDR leaf ambient      5529/65536      154812/1835008  ( 8.4%) 
occluders                0/0               0/0        ( 0.0%) 
occluder polygons        0/0               0/0        ( 0.0%) 
occluder vert ind        0/0               0/0        ( 0.0%) 
detail props          [variable]           1/12       ( 8.3%) 
static props          [variable]           1/32766    ( 0.0%) 
pakfile               [variable]     5653558/0        ( 0.0%) 
physics               [variable]     1010635/4194304  (24.1%) 
physics terrain       [variable]           0/1048576  ( 0.0%) 

Level flags = 0

Total triangle count: 21491
Writing e:\tf2 mods and maps\maps\lfce fixed maps\d1_trainstation_05_d.bsp
1 minute, 27 seconds elapsed



materialPath: D:\Steam\steamapps\common\Source SDK Base 2013 Multiplayer\tf\materials
Loading E:\TF2 Mods and Maps\maps\LFCE Fixed Maps\d1_trainstation_05_d.vmf
ConVarRef mat_reduceparticles doesn't point to an existing ConVar
Could not locate GameData file tf_coop_extended.fgd
Patching WVT material: maps/d1_trainstation_05_d/nature/red_grass_wvt_patch
Patching WVT material: maps/d1_trainstation_05_d/nature/blenddirtgrass008b_wvt_patch
Patching WVT material: maps/d1_trainstation_05_d/nature/blendsandsand008b_wvt_patch
fixing up env_cubemap materials on brush sides...
0...1...2...3...4...5...6...7...8...9...100...1...2...3...4...5...6...7...8...9...10Processing areas...done (0)
Building Faces...done (0)
Chop Details...done (0)
Find Visible Detail Sides...
Merged 244 detail faces...done (0)
Merging details...done (0)
FixTjuncs...
PruneNodes...
WriteBSP...
done (0)
writing E:\TF2 Mods and Maps\maps\LFCE Fixed Maps\d1_trainstation_05_d.prt...Building visibility clusters...
done (0)
Creating default LDR cubemaps for env_cubemap using skybox materials:
   skybox/sky_day01_01_hdr*.vmt
 ! Run buildcubemaps in the engine to get the correct cube maps.
Creating default HDR cubemaps for env_cubemap using skybox materials:
   skybox/sky_day01_01_hdr*.vmt
 ! Run buildcubemaps in the engine to get the correct cube maps.
Finding displacement neighbors...
Finding lightmap sample positions...
Displacement Alpha : 0...1...2...3...4...5...6...7...8...9...10
Building Physics collision data...
WARNING: Map using power 4 displacements, terrain physics cannot be compressed, map will need additional memory and CPU.
done (1) (1010082 bytes)
Placing detail props : 0...1...2...3...4...5...6...7...8...9...10
Compacting texture/material tables...
Reduced 4105 texinfos to 2403
Reduced 330 texdatas to 282 (13178 bytes to 11647)
Writing E:\TF2 Mods and Maps\maps\LFCE Fixed Maps\d1_trainstation_05_d.bsp
MSG_FILEWRITE - Filesystem was asked to write to 'E:\TF2 Mods and Maps\maps\LFCE Fixed Maps\d1_trainstation_05_d.bsp', but we don't own that location. Allowing.
Wrote ZIP buffer, estimated size 5686144, actual size 5653234
3 seconds elapsed



8 threads
reading e:\tf2 mods and maps\maps\lfce fixed maps\d1_trainstation_05_d.bsp
reading e:\tf2 mods and maps\maps\lfce fixed maps\d1_trainstation_05_d.prt
 494 portalclusters
1575 numportals
0...1...2...3...4...5...6...7...8...9...100...1...2...3...4...5...6...7...8...9...10Optimized: 23 visible clusters (0.05%)
Total clusters visible: 49803
Average clusters visible: 100
Building PAS...
Average clusters audible: 143
visdatasize:27935  compressed from 63232
writing e:\tf2 mods and maps\maps\lfce fixed maps\d1_trainstation_05_d.bsp
MSG_FILEWRITE - Filesystem was asked to write to 'e:\tf2 mods and maps\maps\lfce fixed maps\d1_trainstation_05_d.bsp', but we don't own that location. Allowing.
1 second elapsed



[Reading texlights from 'lights.rad']
[50 texlights parsed from 'lights.rad']

Loading e:\tf2 mods and maps\maps\lfce fixed maps\d1_trainstation_05_d.bsp
Patch Sample Radius Clamped!
Patch Sample Radius Clamped!
Patch Sample Radius Clamped!
Patch Sample Radius Clamped!
Patch Sample Radius Clamped!
Patch Sample Radius Clamped!
Patch Sample Radius Clamped!
Patch Sample Radius Clamped!
Patch Sample Radius Clamped!
Patch Sample Radius Clamped!
Patch Sample Radius Clamped!
Patch Sample Radius Clamped!
Patch Sample Radius Clamped!
7839 faces
1 degenerate faces
19939772 square feet [2871327232.00 square inches]
54 Displacements
1926811 Square Feet [277460896.00 Square Inches]
7838 patches before subdivision
83430 patches after subdivision
410 direct lights
0
WARNING: Too many light styles on a face at (-7055.000000, -1298.000000, 47.999992)

WARNING: Too many light styles on a face at (-6526.250000, -1669.000000, 55.999996)

WARNING: Too many light styles on a face at (-6433.750000, -1669.000000, 39.999985)

WARNING: Too many light styles on a face at (-6530.000000, -1667.000000, 47.999992)
.
WARNING: Too many light styles on a face at (-6527.000000, -1669.000000, 47.999992)
..
WARNING: Too many light styles on a face at (-7096.000000, -1113.000000, 56.000000)
1...2
WARNING: Too many light styles on a face at (-7240.000000, -1085.000000, 47.999992)

WARNING: Too many light styles on a face at (-7143.619141, -1083.150391, 39.999771)

WARNING: Too many light styles on a face at (-7236.782227, -1083.367432, 39.999992)

WARNING: Too many light styles on a face at (-7063.000000, -1467.000000, 16.000000)
...3...
WARNING: Too many light styles on a face at (-6780.000000, -1284.000122, 1.000000)

WARNING: Too many light styles on a face at (-6996.000000, -1500.000000, 1.000000)

WARNING: Too many light styles on a face at (-6852.000000, -1428.000000, 1.000000)

WARNING: Too many light styles on a face at (-6588.000000, -1316.000000, 1.000000)

WARNING: Too many light styles on a face at (-7081.999512, -1481.999878, 1.000000)

WARNING: Too many light styles on a face at (-7080.000000, -1486.000000, 1.000000)

WARNING: Too many light styles on a face at (-7140.000000, -1086.000000, 1.000000)

WARNING: Too many light styles on a face at (-6510.200195, -1624.000000, 1.000000)

WARNING: Too many light styles on a face at (-7054.500000, -1474.585083, 1.000000)

WARNING: Too many light styles on a face at (-7141.999512, -1509.999878, 1.000000)

WARNING: Too many light styles on a face at (-6494.100098, -1560.000000, 1.000000)

WARNING: Too many light styles on a face at (-7064.499512, -1465.999878, 1.000000)

WARNING: Too many light styles on a face at (-7056.499512, -1465.999756, 1.000000)

WARNING: Too many light styles on a face at (-6460.100098, -1592.000000, 1.000000)

WARNING: Too many light styles on a face at (-7081.999512, -1465.999756, 1.000000)
4.
WARNING: Too many light styles on a face at (-7055.000000, -1292.000000, 52.000000)
.
WARNING: Too many light styles on a face at (-6531.000000, -1668.000000, 39.999992)
.
WARNING: Too many light styles on a face at (-7311.000000, -1286.000000, 18.000000)

WARNING: Too many light styles on a face at (-7169.000000, -1086.000000, 1.000000)

WARNING: Too many light styles on a face at (-7170.000000, -1469.999878, 1.000000)

WARNING: Too many light styles on a face at (-7262.000000, -1089.000000, 21.999992)
5...6...7...8...9.
WARNING: Too many light styles on a face at (-7052.000000, -1332.719971, 62.000000)
..
WARNING: Too many light styles on a face at (-7098.000000, -1483.000000, 2.000000)

WARNING: Too many light styles on a face at (-7120.000000, -1496.000000, 5.000000)
100...1...2...3...4...5...6...7...8...9...10transfers 5934985, max 513
transfer lists:  45.3 megs
0...1...2...3...4...5...6...7...8...9...10	Bounce #1 added RGB(178445, 183290, 127057)
0...1...2...3...4...5...6...7...8...9...10	Bounce #2 added RGB(33847, 32450, 18921)
0...1...2...3...4...5...6...7...8...9...10	Bounce #3 added RGB(6261, 5945, 3314)
0...1...2...3...4...5...6...7...8...9...10	Bounce #4 added RGB(1623, 1501, 756)
0...1...2...3...4...5...6...7...8...9...10	Bounce #5 added RGB(412, 384, 190)
0...1...2...3...4...5...6...7...8...9...10	Bounce #6 added RGB(118, 111, 53)
0...1...2...3...4...5...6...7...8...9...10	Bounce #7 added RGB(34, 33, 16)
0...1...2...3...4...5...6...7...8...9...10	Bounce #8 added RGB(11, 10, 5)
0...1...2...3...4...5...6...7...8...9...10	Bounce #9 added RGB(3, 3, 2)
0...1...2...3...4...5...6...7...8...9...10	Bounce #10 added RGB(1, 1, 1)
0...1...2...3...4...5...6...7...8...9...10	Bounce #11 added RGB(0, 0, 0)
Build Patch/Sample Hash Table(s).....Done<0.0176 sec>
0...1...2...3...4...5...6...7...8...9...10FinalLightFace Done
104 of 314 (33% of) surface lights went in leaf ambient cubes.
0...1...2...3...4...5...6...7...8...9...10Writing leaf ambient...done
Ready to Finish

Object names       Objects/Maxobjs  Memory / Maxmem  Fullness 
------------       ---------------  ---------------  -------- 
models                 153/1024         7344/49152    (14.9%) 
brushes               1866/8192        22392/98304    (22.8%) 
brushsides           14339/65536      114712/524288   (21.9%) 
planes               12196/65536      243920/1310720  (18.6%) 
vertexes             13566/65536      162792/786432   (20.7%) 
nodes                 5368/65536      171776/2097152  ( 8.2%) 
texinfos              2403/12288      173016/884736   (19.6%) 
texdata                282/2048         9024/65536    (13.8%) 
dispinfos               54/0            9504/0        ( 0.0%) 
disp_verts            2406/0           48120/0        ( 0.0%) 
disp_tris             3648/0            7296/0        ( 0.0%) 
disp_lmsamples      144728/0          144728/0        ( 0.0%) 
faces                 7839/65536      438984/3670016  (12.0%) 
hdr faces                0/65536           0/3670016  ( 0.0%) 
origfaces             4543/65536      254408/3670016  ( 6.9%) 
leaves                5522/65536      176704/2097152  ( 8.4%) 
leaffaces             9792/65536       19584/131072   (14.9%) 
leafbrushes           5036/65536       10072/131072   ( 7.7%) 
areas                   19/256           152/2048     ( 7.4%) 
surfedges            55559/512000     222236/2048000  (10.9%) 
edges                33293/256000     133172/1024000  (13.0%) 
LDR worldlights        410/8192        36080/720896   ( 5.0%) 
HDR worldlights          0/8192            0/720896   ( 0.0%) 
leafwaterdata            1/32768          12/393216   ( 0.0%) 
waterstrips            627/32768        6270/327680   ( 1.9%) 
waterverts               0/65536           0/786432   ( 0.0%) 
waterindices         11754/65536       23508/131072   (17.9%) 
cubemapsamples          52/1024          832/16384    ( 5.1%) 
overlays                16/512          5632/180224   ( 3.1%) 
LDR lightdata         [variable]     5949444/0        ( 0.0%) 
HDR lightdata         [variable]           0/0        ( 0.0%) 
visdata               [variable]       27935/16777216 ( 0.2%) 
entdata               [variable]      394262/393216   (100.3%) VERY FULL!
LDR ambient table     5522/65536       22088/262144   ( 8.4%) 
HDR ambient table     5522/65536       22088/262144   ( 8.4%) 
LDR leaf ambient     20373/65536      570444/1835008  (31.1%) 
HDR leaf ambient      5522/65536      154616/1835008  ( 8.4%) 
occluders                0/0               0/0        ( 0.0%) 
occluder polygons        0/0               0/0        ( 0.0%) 
occluder vert ind        0/0               0/0        ( 0.0%) 
detail props          [variable]           1/12       ( 8.3%) 
static props          [variable]           1/32766    ( 0.0%) 
pakfile               [variable]     5653234/0        ( 0.0%) 
physics               [variable]     1010082/4194304  (24.1%) 
physics terrain       [variable]           0/1048576  ( 0.0%) 

Level flags = 0

Total triangle count: 21479
Writing e:\tf2 mods and maps\maps\lfce fixed maps\d1_trainstation_05_d.bsp
1 minute, 25 seconds elapsed



materialPath: D:\Steam\steamapps\common\Source SDK Base 2013 Multiplayer\tf\materials
Loading E:\TF2 Mods and Maps\maps\LFCE Fixed Maps\d1_trainstation_05_d.vmf
ConVarRef mat_reduceparticles doesn't point to an existing ConVar
Could not locate GameData file tf_coop_extended.fgd
Patching WVT material: maps/d1_trainstation_05_d/nature/red_grass_wvt_patch
Patching WVT material: maps/d1_trainstation_05_d/nature/blenddirtgrass008b_wvt_patch
Patching WVT material: maps/d1_trainstation_05_d/nature/blendsandsand008b_wvt_patch
fixing up env_cubemap materials on brush sides...
0...1...2...3...4...5...6...7...8...9...100...1...2...3...4...5...6...7...8...9...10Processing areas...done (0)
Building Faces...done (0)
Chop Details...done (0)
Find Visible Detail Sides...
Merged 244 detail faces...done (0)
Merging details...done (0)
FixTjuncs...
PruneNodes...
WriteBSP...
done (1)
writing E:\TF2 Mods and Maps\maps\LFCE Fixed Maps\d1_trainstation_05_d.prt...Building visibility clusters...
done (0)
Creating default LDR cubemaps for env_cubemap using skybox materials:
   skybox/sky_day01_01_hdr*.vmt
 ! Run buildcubemaps in the engine to get the correct cube maps.
Creating default HDR cubemaps for env_cubemap using skybox materials:
   skybox/sky_day01_01_hdr*.vmt
 ! Run buildcubemaps in the engine to get the correct cube maps.
Finding displacement neighbors...
Finding lightmap sample positions...
Displacement Alpha : 0...1...2...3...4...5...6...7...8...9...10
Building Physics collision data...
WARNING: Map using power 4 displacements, terrain physics cannot be compressed, map will need additional memory and CPU.
done (1) (1010082 bytes)
Placing detail props : 0...1...2...3...4...5...6...7...8...9...10
Compacting texture/material tables...
Reduced 4105 texinfos to 2403
Reduced 330 texdatas to 282 (13178 bytes to 11647)
Writing E:\TF2 Mods and Maps\maps\LFCE Fixed Maps\d1_trainstation_05_d.bsp
MSG_FILEWRITE - Filesystem was asked to write to 'E:\TF2 Mods and Maps\maps\LFCE Fixed Maps\d1_trainstation_05_d.bsp', but we don't own that location. Allowing.
Wrote ZIP buffer, estimated size 5686144, actual size 5653234
4 seconds elapsed



8 threads
reading e:\tf2 mods and maps\maps\lfce fixed maps\d1_trainstation_05_d.bsp
reading e:\tf2 mods and maps\maps\lfce fixed maps\d1_trainstation_05_d.prt
 494 portalclusters
1575 numportals
0...1...2...3...4...5...6...7...8...9...100...1...2...3...4...5...6...7...8...9...10Optimized: 23 visible clusters (0.05%)
Total clusters visible: 49803
Average clusters visible: 100
Building PAS...
Average clusters audible: 143
visdatasize:27935  compressed from 63232
writing e:\tf2 mods and maps\maps\lfce fixed maps\d1_trainstation_05_d.bsp
MSG_FILEWRITE - Filesystem was asked to write to 'e:\tf2 mods and maps\maps\lfce fixed maps\d1_trainstation_05_d.bsp', but we don't own that location. Allowing.
1 second elapsed



[Reading texlights from 'lights.rad']
[50 texlights parsed from 'lights.rad']

Loading e:\tf2 mods and maps\maps\lfce fixed maps\d1_trainstation_05_d.bsp
Patch Sample Radius Clamped!
Patch Sample Radius Clamped!
Patch Sample Radius Clamped!
Patch Sample Radius Clamped!
Patch Sample Radius Clamped!
Patch Sample Radius Clamped!
Patch Sample Radius Clamped!
Patch Sample Radius Clamped!
Patch Sample Radius Clamped!
Patch Sample Radius Clamped!
Patch Sample Radius Clamped!
Patch Sample Radius Clamped!
Patch Sample Radius Clamped!
7839 faces
1 degenerate faces
19939772 square feet [2871327232.00 square inches]
54 Displacements
1926811 Square Feet [277460896.00 Square Inches]
7838 patches before subdivision
83430 patches after subdivision
410 direct lights
0
WARNING: Too many light styles on a face at (-7055.000000, -1298.000000, 47.999992)

WARNING: Too many light styles on a face at (-6526.250000, -1669.000000, 55.999996)

WARNING: Too many light styles on a face at (-6530.000000, -1667.000000, 47.999992)

WARNING: Too many light styles on a face at (-6433.750000, -1669.000000, 39.999985)
.
WARNING: Too many light styles on a face at (-6527.000000, -1669.000000, 47.999992)
..
WARNING: Too many light styles on a face at (-7096.000000, -1113.000000, 56.000000)
1...2
WARNING: Too many light styles on a face at (-7240.000000, -1085.000000, 47.999992)

WARNING: Too many light styles on a face at (-7236.782227, -1083.367432, 39.999992)

WARNING: Too many light styles on a face at (-7063.000000, -1467.000000, 16.000000)

WARNING: Too many light styles on a face at (-7143.619141, -1083.150391, 39.999771)
...3...
WARNING: Too many light styles on a face at (-6780.000000, -1284.000122, 1.000000)

WARNING: Too many light styles on a face at (-6996.000000, -1500.000000, 1.000000)

WARNING: Too many light styles on a face at (-6588.000000, -1316.000000, 1.000000)

WARNING: Too many light styles on a face at (-6852.000000, -1428.000000, 1.000000)

WARNING: Too many light styles on a face at (-7081.999512, -1481.999878, 1.000000)

WARNING: Too many light styles on a face at (-7080.000000, -1486.000000, 1.000000)

WARNING: Too many light styles on a face at (-7140.000000, -1086.000000, 1.000000)

WARNING: Too many light styles on a face at (-7054.500000, -1474.585083, 1.000000)

WARNING: Too many light styles on a face at (-6510.200195, -1624.000000, 1.000000)

WARNING: Too many light styles on a face at (-7141.999512, -1509.999878, 1.000000)

WARNING: Too many light styles on a face at (-6494.100098, -1560.000000, 1.000000)

WARNING: Too many light styles on a face at (-7064.499512, -1465.999878, 1.000000)

WARNING: Too many light styles on a face at (-7056.499512, -1465.999756, 1.000000)

WARNING: Too many light styles on a face at (-6460.100098, -1592.000000, 1.000000)

WARNING: Too many light styles on a face at (-7081.999512, -1465.999756, 1.000000)
4
WARNING: Too many light styles on a face at (-6542.000488, -1663.000122, 10.999990)
.
WARNING: Too many light styles on a face at (-7055.000000, -1292.000000, 52.000000)
.
WARNING: Too many light styles on a face at (-6531.000000, -1668.000000, 39.999992)
.
WARNING: Too many light styles on a face at (-7311.000000, -1286.000000, 18.000000)

WARNING: Too many light styles on a face at (-7169.000000, -1086.000000, 1.000000)

WARNING: Too many light styles on a face at (-7170.000000, -1469.999878, 1.000000)

WARNING: Too many light styles on a face at (-7262.000000, -1089.000000, 21.999992)
5...6...7...8...9.
WARNING: Too many light styles on a face at (-7052.000000, -1332.719971, 62.000000)
..
WARNING: Too many light styles on a face at (-7098.000000, -1483.000000, 2.000000)

WARNING: Too many light styles on a face at (-7120.000000, -1496.000000, 5.000000)
100...1...2...3...4...5...6...7...8...9...10transfers 6018246, max 515
transfer lists:  45.9 megs
0...1...2...3...4...5...6...7...8...9...10	Bounce #1 added RGB(175894, 182698, 127799)
0...1...2...3...4...5...6...7...8...9...10	Bounce #2 added RGB(33567, 32621, 19191)
0...1...2...3...4...5...6...7...8...9...10	Bounce #3 added RGB(6303, 6062, 3392)
0...1...2...3...4...5...6...7...8...9...10	Bounce #4 added RGB(1657, 1546, 777)
0...1...2...3...4...5...6...7...8...9...10	Bounce #5 added RGB(427, 399, 197)
0...1...2...3...4...5...6...7...8...9...10	Bounce #6 added RGB(124, 116, 55)
0...1...2...3...4...5...6...7...8...9...10	Bounce #7 added RGB(36, 34, 16)
0...1...2...3...4...5...6...7...8...9...10	Bounce #8 added RGB(11, 11, 5)
0...1...2...3...4...5...6...7...8...9...10	Bounce #9 added RGB(3, 3, 2)
0...1...2...3...4...5...6...7...8...9...10	Bounce #10 added RGB(1, 1, 1)
0...1...2...3...4...5...6...7...8...9...10	Bounce #11 added RGB(0, 0, 0)
Build Patch/Sample Hash Table(s).....Done<0.0174 sec>
0...1...2...3...4...5...6...7...8...9...10FinalLightFace Done
104 of 314 (33% of) surface lights went in leaf ambient cubes.
0...1...2...3...4...5...6...7...8...9...10Writing leaf ambient...done
Computing static prop lighting : 00...1...2...3...4...5...6...7...8...9...10
Ready to Finish

Object names       Objects/Maxobjs  Memory / Maxmem  Fullness 
------------       ---------------  ---------------  -------- 
models                 153/1024         7344/49152    (14.9%) 
brushes               1866/8192        22392/98304    (22.8%) 
brushsides           14339/65536      114712/524288   (21.9%) 
planes               12196/65536      243920/1310720  (18.6%) 
vertexes             13566/65536      162792/786432   (20.7%) 
nodes                 5368/65536      171776/2097152  ( 8.2%) 
texinfos              2403/12288      173016/884736   (19.6%) 
texdata                282/2048         9024/65536    (13.8%) 
dispinfos               54/0            9504/0        ( 0.0%) 
disp_verts            2406/0           48120/0        ( 0.0%) 
disp_tris             3648/0            7296/0        ( 0.0%) 
disp_lmsamples      144728/0          144728/0        ( 0.0%) 
faces                 7839/65536      438984/3670016  (12.0%) 
hdr faces                0/65536           0/3670016  ( 0.0%) 
origfaces             4543/65536      254408/3670016  ( 6.9%) 
leaves                5522/65536      176704/2097152  ( 8.4%) 
leaffaces             9792/65536       19584/131072   (14.9%) 
leafbrushes           5036/65536       10072/131072   ( 7.7%) 
areas                   19/256           152/2048     ( 7.4%) 
surfedges            55559/512000     222236/2048000  (10.9%) 
edges                33293/256000     133172/1024000  (13.0%) 
LDR worldlights        410/8192        36080/720896   ( 5.0%) 
HDR worldlights          0/8192            0/720896   ( 0.0%) 
leafwaterdata            1/32768          12/393216   ( 0.0%) 
waterstrips            627/32768        6270/327680   ( 1.9%) 
waterverts               0/65536           0/786432   ( 0.0%) 
waterindices         11754/65536       23508/131072   (17.9%) 
cubemapsamples          52/1024          832/16384    ( 5.1%) 
overlays                16/512          5632/180224   ( 3.1%) 
LDR lightdata         [variable]     5953636/0        ( 0.0%) 
HDR lightdata         [variable]           0/0        ( 0.0%) 
visdata               [variable]       27935/16777216 ( 0.2%) 
entdata               [variable]      394279/393216   (100.3%) VERY FULL!
LDR ambient table     5522/65536       22088/262144   ( 8.4%) 
HDR ambient table     5522/65536       22088/262144   ( 8.4%) 
LDR leaf ambient     20354/65536      569912/1835008  (31.1%) 
HDR leaf ambient      5522/65536      154616/1835008  ( 8.4%) 
occluders                0/0               0/0        ( 0.0%) 
occluder polygons        0/0               0/0        ( 0.0%) 
occluder vert ind        0/0               0/0        ( 0.0%) 
detail props          [variable]           1/12       ( 8.3%) 
static props          [variable]           1/32766    ( 0.0%) 
pakfile               [variable]     7250326/0        ( 0.0%) 
physics               [variable]     1010082/4194304  (24.1%) 
physics terrain       [variable]           0/1048576  ( 0.0%) 

Level flags = 1

Total triangle count: 21479
Writing e:\tf2 mods and maps\maps\lfce fixed maps\d1_trainstation_05_d.bsp
3 minutes, 37 seconds elapsed



[Reading texlights from 'lights.rad']
[50 texlights parsed from 'lights.rad']

Loading e:\tf2 mods and maps\maps\lfce fixed maps\d1_trainstation_05_d.bsp
Patch Sample Radius Clamped!
Patch Sample Radius Clamped!
Patch Sample Radius Clamped!
Patch Sample Radius Clamped!
Patch Sample Radius Clamped!
Patch Sample Radius Clamped!
Patch Sample Radius Clamped!
Patch Sample Radius Clamped!
Patch Sample Radius Clamped!
Patch Sample Radius Clamped!
Patch Sample Radius Clamped!
Patch Sample Radius Clamped!
Patch Sample Radius Clamped!
7839 faces
1 degenerate faces
19939772 square feet [2871327232.00 square inches]
54 Displacements
1926811 Square Feet [277460896.00 Square Inches]
7838 patches before subdivision
83430 patches after subdivision
410 direct lights
0
WARNING: Too many light styles on a face at (-7055.000000, -1298.000000, 47.999992)

WARNING: Too many light styles on a face at (-6526.250000, -1669.000000, 55.999996)

WARNING: Too many light styles on a face at (-6433.750000, -1669.000000, 39.999985)

WARNING: Too many light styles on a face at (-6530.000000, -1667.000000, 47.999992)
.
WARNING: Too many light styles on a face at (-6527.000000, -1669.000000, 47.999992)
..
WARNING: Too many light styles on a face at (-7096.000000, -1113.000000, 56.000000)
1...2
WARNING: Too many light styles on a face at (-7240.000000, -1085.000000, 47.999992)

WARNING: Too many light styles on a face at (-7143.619141, -1083.150391, 39.999771)

WARNING: Too many light styles on a face at (-7236.782227, -1083.367432, 39.999992)

WARNING: Too many light styles on a face at (-7063.000000, -1467.000000, 16.000000)
...3...
WARNING: Too many light styles on a face at (-6780.000000, -1284.000122, 1.000000)

WARNING: Too many light styles on a face at (-6996.000000, -1500.000000, 1.000000)

WARNING: Too many light styles on a face at (-6588.000000, -1316.000000, 1.000000)

WARNING: Too many light styles on a face at (-6852.000000, -1428.000000, 1.000000)

WARNING: Too many light styles on a face at (-7081.999512, -1481.999878, 1.000000)

WARNING: Too many light styles on a face at (-7140.000000, -1086.000000, 1.000000)

WARNING: Too many light styles on a face at (-7080.000000, -1486.000000, 1.000000)

WARNING: Too many light styles on a face at (-6510.200195, -1624.000000, 1.000000)

WARNING: Too many light styles on a face at (-7054.500000, -1474.585083, 1.000000)

WARNING: Too many light styles on a face at (-7141.999512, -1509.999878, 1.000000)

WARNING: Too many light styles on a face at (-7064.499512, -1465.999878, 1.000000)

WARNING: Too many light styles on a face at (-6494.100098, -1560.000000, 1.000000)

WARNING: Too many light styles on a face at (-7056.499512, -1465.999756, 1.000000)

WARNING: Too many light styles on a face at (-6460.100098, -1592.000000, 1.000000)

WARNING: Too many light styles on a face at (-7081.999512, -1465.999756, 1.000000)
4
WARNING: Too many light styles on a face at (-6542.000488, -1663.000122, 10.999990)
.
WARNING: Too many light styles on a face at (-7055.000000, -1292.000000, 52.000000)
.
WARNING: Too many light styles on a face at (-6531.000000, -1668.000000, 39.999992)
.
WARNING: Too many light styles on a face at (-7311.000000, -1286.000000, 18.000000)

WARNING: Too many light styles on a face at (-7169.000000, -1086.000000, 1.000000)

WARNING: Too many light styles on a face at (-7170.000000, -1469.999878, 1.000000)

WARNING: Too many light styles on a face at (-7262.000000, -1089.000000, 21.999992)
5...6...7...8...9.
WARNING: Too many light styles on a face at (-7052.000000, -1332.719971, 62.000000)
..
WARNING: Too many light styles on a face at (-7098.000000, -1483.000000, 2.000000)

WARNING: Too many light styles on a face at (-7120.000000, -1496.000000, 5.000000)
100...1...2...3...4...5...6...7...8...9...10transfers 6018246, max 515
transfer lists:  45.9 megs
0...1...2...3...4...5...6...7...8...9...10	Bounce #1 added RGB(109113, 106009, 72981)
0...1...2...3...4...5...6...7...8...9...10	Bounce #2 added RGB(20468, 18767, 10936)
0...1...2...3...4...5...6...7...8...9...10	Bounce #3 added RGB(3590, 3286, 1875)
0...1...2...3...4...5...6...7...8...9...10	Bounce #4 added RGB(923, 823, 421)
0...1...2...3...4...5...6...7...8...9...10	Bounce #5 added RGB(226, 204, 104)
0...1...2...3...4...5...6...7...8...9...10	Bounce #6 added RGB(64, 58, 29)
0...1...2...3...4...5...6...7...8...9...10	Bounce #7 added RGB(18, 17, 8)
0...1...2...3...4...5...6...7...8...9...10	Bounce #8 added RGB(6, 5, 3)
0...1...2...3...4...5...6...7...8...9...10	Bounce #9 added RGB(2, 2, 1)
0...1...2...3...4...5...6...7...8...9...10	Bounce #10 added RGB(1, 1, 0)
Build Patch/Sample Hash Table(s).....Done<0.0260 sec>
0...1...2...3...4...5...6...7...8...9...10FinalLightFace Done
180 of 314 (57% of) surface lights went in leaf ambient cubes.
0...1...2...3...4...5...6...7...8...9...10Writing leaf ambient...done
Computing static prop lighting : 00...1...2...3...4...5...6...7...8...9...10
Ready to Finish

Object names       Objects/Maxobjs  Memory / Maxmem  Fullness 
------------       ---------------  ---------------  -------- 
models                 153/1024         7344/49152    (14.9%) 
brushes               1866/8192        22392/98304    (22.8%) 
brushsides           14339/65536      114712/524288   (21.9%) 
planes               12196/65536      243920/1310720  (18.6%) 
vertexes             13566/65536      162792/786432   (20.7%) 
nodes                 5368/65536      171776/2097152  ( 8.2%) 
texinfos              2403/12288      173016/884736   (19.6%) 
texdata                282/2048         9024/65536    (13.8%) 
dispinfos               54/0            9504/0        ( 0.0%) 
disp_verts            2406/0           48120/0        ( 0.0%) 
disp_tris             3648/0            7296/0        ( 0.0%) 
disp_lmsamples      144728/0          144728/0        ( 0.0%) 
faces                 7839/65536      438984/3670016  (12.0%) 
hdr faces             7839/65536      438984/3670016  (12.0%) 
origfaces             4543/65536      254408/3670016  ( 6.9%) 
leaves                5522/65536      176704/2097152  ( 8.4%) 
leaffaces             9792/65536       19584/131072   (14.9%) 
leafbrushes           5036/65536       10072/131072   ( 7.7%) 
areas                   19/256           152/2048     ( 7.4%) 
surfedges            55559/512000     222236/2048000  (10.9%) 
edges                33293/256000     133172/1024000  (13.0%) 
LDR worldlights        410/8192        36080/720896   ( 5.0%) 
HDR worldlights        410/8192        36080/720896   ( 5.0%) 
leafwaterdata            1/32768          12/393216   ( 0.0%) 
waterstrips            627/32768        6270/327680   ( 1.9%) 
waterverts               0/65536           0/786432   ( 0.0%) 
waterindices         11754/65536       23508/131072   (17.9%) 
cubemapsamples          52/1024          832/16384    ( 5.1%) 
overlays                16/512          5632/180224   ( 3.1%) 
LDR lightdata         [variable]     5953636/0        ( 0.0%) 
HDR lightdata         [variable]     5953636/0        ( 0.0%) 
visdata               [variable]       27935/16777216 ( 0.2%) 
entdata               [variable]      394279/393216   (100.3%) VERY FULL!
LDR ambient table     5522/65536       22088/262144   ( 8.4%) 
HDR ambient table     5522/65536       22088/262144   ( 8.4%) 
LDR leaf ambient     20354/65536      569912/1835008  (31.1%) 
HDR leaf ambient     20328/65536      569184/1835008  (31.0%) 
occluders                0/0               0/0        ( 0.0%) 
occluder polygons        0/0               0/0        ( 0.0%) 
occluder vert ind        0/0               0/0        ( 0.0%) 
detail props          [variable]           1/12       ( 8.3%) 
static props          [variable]           1/32766    ( 0.0%) 
pakfile               [variable]     8849498/0        ( 0.0%) 
physics               [variable]     1010082/4194304  (24.1%) 
physics terrain       [variable]           0/1048576  ( 0.0%) 

Level flags = 3

Total triangle count: 21479
Writing e:\tf2 mods and maps\maps\lfce fixed maps\d1_trainstation_05_d.bsp
3 minutes, 49 seconds elapsed



materialPath: D:\Steam\steamapps\common\Source SDK Base 2013 Multiplayer\tf\materials
Loading e:\tf2 mods and maps\maps\lfce fixed maps\d1_trainstation_05_d.vmf
ConVarRef mat_reduceparticles doesn't point to an existing ConVar
Could not locate GameData file tf_coop_extended.fgd
Patching WVT material: maps/d1_trainstation_05_d/nature/red_grass_wvt_patch
Patching WVT material: maps/d1_trainstation_05_d/nature/blenddirtgrass008b_wvt_patch
Patching WVT material: maps/d1_trainstation_05_d/nature/blendsandsand008b_wvt_patch
fixing up env_cubemap materials on brush sides...
0...1...2...3...4...5...6...7...8...9...100...1...2...3...4...5...6...7...8...9...10Processing areas...done (0)
Building Faces...done (0)
Chop Details...done (0)
Find Visible Detail Sides...
Merged 244 detail faces...done (0)
Merging details...done (0)
FixTjuncs...
PruneNodes...
WriteBSP...
done (0)
writing e:\tf2 mods and maps\maps\lfce fixed maps\d1_trainstation_05_d.prt...Building visibility clusters...
done (0)
Creating default LDR cubemaps for env_cubemap using skybox materials:
   skybox/sky_day01_01_hdr*.vmt
 ! Run buildcubemaps in the engine to get the correct cube maps.
Creating default HDR cubemaps for env_cubemap using skybox materials:
   skybox/sky_day01_01_hdr*.vmt
 ! Run buildcubemaps in the engine to get the correct cube maps.
Finding displacement neighbors...
Finding lightmap sample positions...
Displacement Alpha : 0...1...2...3...4...5...6...7...8...9...10
Building Physics collision data...
WARNING: Map using power 4 displacements, terrain physics cannot be compressed, map will need additional memory and CPU.
done (1) (1010082 bytes)
Placing detail props : 0...1...2...3...4...5...6...7...8...9...10
Compacting texture/material tables...
Reduced 4105 texinfos to 2403
Reduced 330 texdatas to 282 (13178 bytes to 11647)
Writing e:\tf2 mods and maps\maps\lfce fixed maps\d1_trainstation_05_d.bsp
MSG_FILEWRITE - Filesystem was asked to write to 'e:\tf2 mods and maps\maps\lfce fixed maps\d1_trainstation_05_d.bsp', but we don't own that location. Allowing.
Wrote ZIP buffer, estimated size 5686144, actual size 5653234
3 seconds elapsed



8 threads
reading e:\tf2 mods and maps\maps\lfce fixed maps\d1_trainstation_05_d.bsp
reading e:\tf2 mods and maps\maps\lfce fixed maps\d1_trainstation_05_d.prt
 494 portalclusters
1575 numportals
0...1...2...3...4...5...6...7...8...9...100...1...2...3...4...5...6...7...8...9...10Optimized: 23 visible clusters (0.05%)
Total clusters visible: 49803
Average clusters visible: 100
Building PAS...
Average clusters audible: 143
visdatasize:27935  compressed from 63232
writing e:\tf2 mods and maps\maps\lfce fixed maps\d1_trainstation_05_d.bsp
MSG_FILEWRITE - Filesystem was asked to write to 'e:\tf2 mods and maps\maps\lfce fixed maps\d1_trainstation_05_d.bsp', but we don't own that location. Allowing.
1 second elapsed



[Reading texlights from 'lights.rad']
[50 texlights parsed from 'lights.rad']

Loading e:\tf2 mods and maps\maps\lfce fixed maps\d1_trainstation_05_d.bsp
Patch Sample Radius Clamped!
Patch Sample Radius Clamped!
Patch Sample Radius Clamped!
Patch Sample Radius Clamped!
Patch Sample Radius Clamped!
Patch Sample Radius Clamped!
Patch Sample Radius Clamped!
Patch Sample Radius Clamped!
Patch Sample Radius Clamped!
Patch Sample Radius Clamped!
Patch Sample Radius Clamped!
Patch Sample Radius Clamped!
Patch Sample Radius Clamped!
7839 faces
1 degenerate faces
19939772 square feet [2871327232.00 square inches]
54 Displacements
1926811 Square Feet [277460896.00 Square Inches]
7838 patches before subdivision
83430 patches after subdivision
410 direct lights
0
WARNING: Too many light styles on a face at (-7055.000000, -1298.000000, 47.999992)

WARNING: Too many light styles on a face at (-6433.750000, -1669.000000, 39.999985)

WARNING: Too many light styles on a face at (-6526.250000, -1669.000000, 55.999996)

WARNING: Too many light styles on a face at (-6530.000000, -1667.000000, 47.999992)
.
WARNING: Too many light styles on a face at (-6527.000000, -1669.000000, 47.999992)
..
WARNING: Too many light styles on a face at (-7096.000000, -1113.000000, 56.000000)
1...2
WARNING: Too many light styles on a face at (-7240.000000, -1085.000000, 47.999992)

WARNING: Too many light styles on a face at (-7143.619141, -1083.150391, 39.999771)

WARNING: Too many light styles on a face at (-7236.782227, -1083.367432, 39.999992)

WARNING: Too many light styles on a face at (-7063.000000, -1467.000000, 16.000000)
...3...
WARNING: Too many light styles on a face at (-6780.000000, -1284.000122, 1.000000)

WARNING: Too many light styles on a face at (-6996.000000, -1500.000000, 1.000000)

WARNING: Too many light styles on a face at (-6852.000000, -1428.000000, 1.000000)

WARNING: Too many light styles on a face at (-6588.000000, -1316.000000, 1.000000)

WARNING: Too many light styles on a face at (-7081.999512, -1481.999878, 1.000000)

WARNING: Too many light styles on a face at (-7080.000000, -1486.000000, 1.000000)

WARNING: Too many light styles on a face at (-7140.000000, -1086.000000, 1.000000)

WARNING: Too many light styles on a face at (-7054.500000, -1474.585083, 1.000000)

WARNING: Too many light styles on a face at (-6510.200195, -1624.000000, 1.000000)

WARNING: Too many light styles on a face at (-7141.999512, -1509.999878, 1.000000)

WARNING: Too many light styles on a face at (-6494.100098, -1560.000000, 1.000000)

WARNING: Too many light styles on a face at (-7064.499512, -1465.999878, 1.000000)

WARNING: Too many light styles on a face at (-7056.499512, -1465.999756, 1.000000)

WARNING: Too many light styles on a face at (-6460.100098, -1592.000000, 1.000000)

WARNING: Too many light styles on a face at (-7081.999512, -1465.999756, 1.000000)
4.
WARNING: Too many light styles on a face at (-7055.000000, -1292.000000, 52.000000)
.
WARNING: Too many light styles on a face at (-6531.000000, -1668.000000, 39.999992)
.
WARNING: Too many light styles on a face at (-7311.000000, -1286.000000, 18.000000)

WARNING: Too many light styles on a face at (-7169.000000, -1086.000000, 1.000000)

WARNING: Too many light styles on a face at (-7170.000000, -1469.999878, 1.000000)

WARNING: Too many light styles on a face at (-7262.000000, -1089.000000, 21.999992)
5...6...7...8...9.
WARNING: Too many light styles on a face at (-7052.000000, -1332.719971, 62.000000)
..
WARNING: Too many light styles on a face at (-7098.000000, -1483.000000, 2.000000)

WARNING: Too many light styles on a face at (-7120.000000, -1496.000000, 5.000000)
100...1...2...3...4...5...6...7...8...9...10transfers 5934985, max 513
transfer lists:  45.3 megs
0...1...2...3...4...5...6...7...8...9...10	Bounce #1 added RGB(178155, 183010, 126802)
0...1...2...3...4...5...6...7...8...9...10	Bounce #2 added RGB(33802, 32408, 18885)
0...1...2...3...4...5...6...7...8...9...10	Bounce #3 added RGB(6251, 5937, 3308)
0...1...2...3...4...5...6...7...8...9...10	Bounce #4 added RGB(1621, 1500, 755)
0...1...2...3...4...5...6...7...8...9...10	Bounce #5 added RGB(412, 384, 190)
0...1...2...3...4...5...6...7...8...9...10	Bounce #6 added RGB(118, 111, 53)
0...1...2...3...4...5...6...7...8...9...10	Bounce #7 added RGB(34, 33, 16)
0...1...2...3...4...5...6...7...8...9...10	Bounce #8 added RGB(11, 10, 5)
0...1...2...3...4...5...6...7...8...9...10	Bounce #9 added RGB(3, 3, 2)
0...1...2...3...4...5...6...7...8...9...10	Bounce #10 added RGB(1, 1, 1)
0...1...2...3...4...5...6...7...8...9...10	Bounce #11 added RGB(0, 0, 0)
Build Patch/Sample Hash Table(s).....Done<0.0206 sec>
0...1...2...3...4...5...6...7...8...9...10FinalLightFace Done
104 of 314 (33% of) surface lights went in leaf ambient cubes.
0...1...2...3...4...5...6...7...8...9...10Writing leaf ambient...done
Ready to Finish

Object names       Objects/Maxobjs  Memory / Maxmem  Fullness 
------------       ---------------  ---------------  -------- 
models                 153/1024         7344/49152    (14.9%) 
brushes               1866/8192        22392/98304    (22.8%) 
brushsides           14339/65536      114712/524288   (21.9%) 
planes               12196/65536      243920/1310720  (18.6%) 
vertexes             13566/65536      162792/786432   (20.7%) 
nodes                 5368/65536      171776/2097152  ( 8.2%) 
texinfos              2403/12288      173016/884736   (19.6%) 
texdata                282/2048         9024/65536    (13.8%) 
dispinfos               54/0            9504/0        ( 0.0%) 
disp_verts            2406/0           48120/0        ( 0.0%) 
disp_tris             3648/0            7296/0        ( 0.0%) 
disp_lmsamples      144728/0          144728/0        ( 0.0%) 
faces                 7839/65536      438984/3670016  (12.0%) 
hdr faces                0/65536           0/3670016  ( 0.0%) 
origfaces             4543/65536      254408/3670016  ( 6.9%) 
leaves                5522/65536      176704/2097152  ( 8.4%) 
leaffaces             9792/65536       19584/131072   (14.9%) 
leafbrushes           5036/65536       10072/131072   ( 7.7%) 
areas                   19/256           152/2048     ( 7.4%) 
surfedges            55559/512000     222236/2048000  (10.9%) 
edges                33293/256000     133172/1024000  (13.0%) 
LDR worldlights        410/8192        36080/720896   ( 5.0%) 
HDR worldlights          0/8192            0/720896   ( 0.0%) 
leafwaterdata            1/32768          12/393216   ( 0.0%) 
waterstrips            627/32768        6270/327680   ( 1.9%) 
waterverts               0/65536           0/786432   ( 0.0%) 
waterindices         11754/65536       23508/131072   (17.9%) 
cubemapsamples          52/1024          832/16384    ( 5.1%) 
overlays                16/512          5632/180224   ( 3.1%) 
LDR lightdata         [variable]     5949444/0        ( 0.0%) 
HDR lightdata         [variable]           0/0        ( 0.0%) 
visdata               [variable]       27935/16777216 ( 0.2%) 
entdata               [variable]      394279/393216   (100.3%) VERY FULL!
LDR ambient table     5522/65536       22088/262144   ( 8.4%) 
HDR ambient table     5522/65536       22088/262144   ( 8.4%) 
LDR leaf ambient     20372/65536      570416/1835008  (31.1%) 
HDR leaf ambient      5522/65536      154616/1835008  ( 8.4%) 
occluders                0/0               0/0        ( 0.0%) 
occluder polygons        0/0               0/0        ( 0.0%) 
occluder vert ind        0/0               0/0        ( 0.0%) 
detail props          [variable]           1/12       ( 8.3%) 
static props          [variable]           1/32766    ( 0.0%) 
pakfile               [variable]     5653234/0        ( 0.0%) 
physics               [variable]     1010082/4194304  (24.1%) 
physics terrain       [variable]           0/1048576  ( 0.0%) 

Level flags = 0

Total triangle count: 21479
Writing e:\tf2 mods and maps\maps\lfce fixed maps\d1_trainstation_05_d.bsp
3 minutes, 15 seconds elapsed



[Reading texlights from 'lights.rad']
[50 texlights parsed from 'lights.rad']

Loading e:\tf2 mods and maps\maps\lfce fixed maps\d1_trainstation_05_d.bsp
Patch Sample Radius Clamped!
Patch Sample Radius Clamped!
Patch Sample Radius Clamped!
Patch Sample Radius Clamped!
Patch Sample Radius Clamped!
Patch Sample Radius Clamped!
Patch Sample Radius Clamped!
Patch Sample Radius Clamped!
Patch Sample Radius Clamped!
Patch Sample Radius Clamped!
Patch Sample Radius Clamped!
Patch Sample Radius Clamped!
Patch Sample Radius Clamped!
7839 faces
1 degenerate faces
19939772 square feet [2871327232.00 square inches]
54 Displacements
1926811 Square Feet [277460896.00 Square Inches]
7838 patches before subdivision
83430 patches after subdivision
410 direct lights
0
WARNING: Too many light styles on a face at (-7055.000000, -1298.000000, 47.999992)

WARNING: Too many light styles on a face at (-6526.250000, -1669.000000, 55.999996)

WARNING: Too many light styles on a face at (-6433.750000, -1669.000000, 39.999985)

WARNING: Too many light styles on a face at (-6530.000000, -1667.000000, 47.999992)
.
WARNING: Too many light styles on a face at (-6527.000000, -1669.000000, 47.999992)
..
WARNING: Too many light styles on a face at (-7096.000000, -1113.000000, 56.000000)
1...2
WARNING: Too many light styles on a face at (-7240.000000, -1085.000000, 47.999992)

WARNING: Too many light styles on a face at (-7143.619141, -1083.150391, 39.999771)

WARNING: Too many light styles on a face at (-7063.000000, -1467.000000, 16.000000)

WARNING: Too many light styles on a face at (-7236.782227, -1083.367432, 39.999992)
...3...
WARNING: Too many light styles on a face at (-6780.000000, -1284.000122, 1.000000)

WARNING: Too many light styles on a face at (-6996.000000, -1500.000000, 1.000000)

WARNING: Too many light styles on a face at (-6588.000000, -1316.000000, 1.000000)

WARNING: Too many light styles on a face at (-6852.000000, -1428.000000, 1.000000)

WARNING: Too many light styles on a face at (-7081.999512, -1481.999878, 1.000000)

WARNING: Too many light styles on a face at (-7080.000000, -1486.000000, 1.000000)

WARNING: Too many light styles on a face at (-7140.000000, -1086.000000, 1.000000)

WARNING: Too many light styles on a face at (-6510.200195, -1624.000000, 1.000000)

WARNING: Too many light styles on a face at (-7054.500000, -1474.585083, 1.000000)

WARNING: Too many light styles on a face at (-7141.999512, -1509.999878, 1.000000)

WARNING: Too many light styles on a face at (-7056.499512, -1465.999756, 1.000000)

WARNING: Too many light styles on a face at (-6494.100098, -1560.000000, 1.000000)

WARNING: Too many light styles on a face at (-7064.499512, -1465.999878, 1.000000)

WARNING: Too many light styles on a face at (-6460.100098, -1592.000000, 1.000000)

WARNING: Too many light styles on a face at (-7081.999512, -1465.999756, 1.000000)
4.
WARNING: Too many light styles on a face at (-7055.000000, -1292.000000, 52.000000)
.
WARNING: Too many light styles on a face at (-6531.000000, -1668.000000, 39.999992)
.
WARNING: Too many light styles on a face at (-7311.000000, -1286.000000, 18.000000)

WARNING: Too many light styles on a face at (-7169.000000, -1086.000000, 1.000000)

WARNING: Too many light styles on a face at (-7170.000000, -1469.999878, 1.000000)

WARNING: Too many light styles on a face at (-7262.000000, -1089.000000, 21.999992)
5...6...7...8...9.
WARNING: Too many light styles on a face at (-7052.000000, -1332.719971, 62.000000)
..
WARNING: Too many light styles on a face at (-7098.000000, -1483.000000, 2.000000)

WARNING: Too many light styles on a face at (-7120.000000, -1496.000000, 5.000000)
100...1...2...3...4...5...6...7...8...9...10transfers 5934985, max 513
transfer lists:  45.3 megs
0...1...2...3...4...5...6...7...8...9...10	Bounce #1 added RGB(111135, 106873, 72893)
0...1...2...3...4...5...6...7...8...9...10	Bounce #2 added RGB(20766, 18796, 10849)
0...1...2...3...4...5...6...7...8...9...10	Bounce #3 added RGB(3594, 3246, 1842)
0...1...2...3...4...5...6...7...8...9...10	Bounce #4 added RGB(911, 805, 411)
0...1...2...3...4...5...6...7...8...9...10	Bounce #5 added RGB(220, 198, 101)
0...1...2...3...4...5...6...7...8...9...10	Bounce #6 added RGB(62, 56, 28)
0...1...2...3...4...5...6...7...8...9...10	Bounce #7 added RGB(18, 16, 8)
0...1...2...3...4...5...6...7...8...9...10	Bounce #8 added RGB(5, 5, 2)
0...1...2...3...4...5...6...7...8...9...10	Bounce #9 added RGB(2, 2, 1)
0...1...2...3...4...5...6...7...8...9...10	Bounce #10 added RGB(1, 1, 0)
Build Patch/Sample Hash Table(s).....Done<0.0212 sec>
0...1...2...3...4...5...6...7...8...9...10FinalLightFace Done
180 of 314 (57% of) surface lights went in leaf ambient cubes.
0...1...2...3...4...5...6...7...8...9...10Writing leaf ambient...done
Ready to Finish

Object names       Objects/Maxobjs  Memory / Maxmem  Fullness 
------------       ---------------  ---------------  -------- 
models                 153/1024         7344/49152    (14.9%) 
brushes               1866/8192        22392/98304    (22.8%) 
brushsides           14339/65536      114712/524288   (21.9%) 
planes               12196/65536      243920/1310720  (18.6%) 
vertexes             13566/65536      162792/786432   (20.7%) 
nodes                 5368/65536      171776/2097152  ( 8.2%) 
texinfos              2403/12288      173016/884736   (19.6%) 
texdata                282/2048         9024/65536    (13.8%) 
dispinfos               54/0            9504/0        ( 0.0%) 
disp_verts            2406/0           48120/0        ( 0.0%) 
disp_tris             3648/0            7296/0        ( 0.0%) 
disp_lmsamples      144728/0          144728/0        ( 0.0%) 
faces                 7839/65536      438984/3670016  (12.0%) 
hdr faces             7839/65536      438984/3670016  (12.0%) 
origfaces             4543/65536      254408/3670016  ( 6.9%) 
leaves                5522/65536      176704/2097152  ( 8.4%) 
leaffaces             9792/65536       19584/131072   (14.9%) 
leafbrushes           5036/65536       10072/131072   ( 7.7%) 
areas                   19/256           152/2048     ( 7.4%) 
surfedges            55559/512000     222236/2048000  (10.9%) 
edges                33293/256000     133172/1024000  (13.0%) 
LDR worldlights        410/8192        36080/720896   ( 5.0%) 
HDR worldlights        410/8192        36080/720896   ( 5.0%) 
leafwaterdata            1/32768          12/393216   ( 0.0%) 
waterstrips            627/32768        6270/327680   ( 1.9%) 
waterverts               0/65536           0/786432   ( 0.0%) 
waterindices         11754/65536       23508/131072   (17.9%) 
cubemapsamples          52/1024          832/16384    ( 5.1%) 
overlays                16/512          5632/180224   ( 3.1%) 
LDR lightdata         [variable]     5949444/0        ( 0.0%) 
HDR lightdata         [variable]     5949444/0        ( 0.0%) 
visdata               [variable]       27935/16777216 ( 0.2%) 
entdata               [variable]      394279/393216   (100.3%) VERY FULL!
LDR ambient table     5522/65536       22088/262144   ( 8.4%) 
HDR ambient table     5522/65536       22088/262144   ( 8.4%) 
LDR leaf ambient     20372/65536      570416/1835008  (31.1%) 
HDR leaf ambient     20342/65536      569576/1835008  (31.0%) 
occluders                0/0               0/0        ( 0.0%) 
occluder polygons        0/0               0/0        ( 0.0%) 
occluder vert ind        0/0               0/0        ( 0.0%) 
detail props          [variable]           1/12       ( 8.3%) 
static props          [variable]           1/32766    ( 0.0%) 
pakfile               [variable]     5653234/0        ( 0.0%) 
physics               [variable]     1010082/4194304  (24.1%) 
physics terrain       [variable]           0/1048576  ( 0.0%) 

Level flags = 0

Total triangle count: 21479
Writing e:\tf2 mods and maps\maps\lfce fixed maps\d1_trainstation_05_d.bsp
2 minutes, 46 seconds elapsed
