


materialPath: D:\Steam\steamapps\common\Source SDK Base 2013 Multiplayer\tf\materials
Loading E:\TF2 Mods and Maps\maps\LFCE Fixed Maps\d1_town_01a_d.vmf
ConVarRef mat_reduceparticles doesn't point to an existing ConVar
Could not locate GameData file tf_coop_extended.fgd
Patching WVT material: maps/d1_town_01a_d/nature/red_grass_wvt_patch
fixing up env_cubemap materials on brush sides...
0...1...2...3...4...5...6...7...8...9...100...1...2...3...4...5...6...7...8...9...10Processing areas...done (0)
Building Faces...done (0)
Chop Details...done (0)
Find Visible Detail Sides...
Merged 146 detail faces...done (0)
Merging details...done (0)
FixTjuncs...
PruneNodes...
WriteBSP...
done (0)
writing E:\TF2 Mods and Maps\maps\LFCE Fixed Maps\d1_town_01a_d.prt...Building visibility clusters...
done (0)
Creating default LDR cubemaps for env_cubemap using skybox materials:
   skybox/sky_day01_09_hdr*.vmt
 ! Run buildcubemaps in the engine to get the correct cube maps.
Creating default HDR cubemaps for env_cubemap using skybox materials:
   skybox/sky_day01_09_hdr*.vmt
 ! Run buildcubemaps in the engine to get the correct cube maps.
Finding displacement neighbors...
Finding lightmap sample positions...
Displacement Alpha : 0...1...2...3...4...5...6...7...8...9...10
Building Physics collision data...
done (1) (347386 bytes)
Placing detail props : 0...1...2...3...4...5...6...7...8...9...10
Compacting texture/material tables...
Reduced 1739 texinfos to 1052
Reduced 203 texdatas to 182 (8809 bytes to 8252)
Writing E:\TF2 Mods and Maps\maps\LFCE Fixed Maps\d1_town_01a_d.bsp
MSG_FILEWRITE - Filesystem was asked to write to 'E:\TF2 Mods and Maps\maps\LFCE Fixed Maps\d1_town_01a_d.bsp', but we don't own that location. Allowing.
Wrote ZIP buffer, estimated size 11394177, actual size 11348403
1 second elapsed



8 threads
reading e:\tf2 mods and maps\maps\lfce fixed maps\d1_town_01a_d.bsp
reading e:\tf2 mods and maps\maps\lfce fixed maps\d1_town_01a_d.prt
   1 portalclusters
   0 numportals
0...1...2...3...4...5...6...7...8...9...100...1...2...3...4...5...6...7...8...9...10Optimized: 0 visible clusters (0.00%)
Total clusters visible: 1
Average clusters visible: 1
Building PAS...
Average clusters audible: 1
visdatasize:14  compressed from 16
writing e:\tf2 mods and maps\maps\lfce fixed maps\d1_town_01a_d.bsp
MSG_FILEWRITE - Filesystem was asked to write to 'e:\tf2 mods and maps\maps\lfce fixed maps\d1_town_01a_d.bsp', but we don't own that location. Allowing.
0 seconds elapsed



[Reading texlights from 'lights.rad']
[50 texlights parsed from 'lights.rad']

Loading e:\tf2 mods and maps\maps\lfce fixed maps\d1_town_01a_d.bsp
2853 faces
381140 square feet [54884296.00 square inches]
2 Displacements
224 Square Feet [32274.83 Square Inches]
2853 patches before subdivision
32391 patches after subdivision
24 direct lights
0...1...2...3...4...5...6...7...8...9...100


materialPath: D:\Steam\steamapps\common\Source SDK Base 2013 Multiplayer\tf\materials
Loading E:\TF2 Mods and Maps\maps\LFCE Fixed Maps\d1_town_01a_d.vmf
ConVarRef mat_reduceparticles doesn't point to an existing ConVar
Could not locate GameData file tf_coop_extended.fgd
Patching WVT material: maps/d1_town_01a_d/nature/red_grass_wvt_patch
fixing up env_cubemap materials on brush sides...
0...1...2...3...4...5...6...7...8...9...100...1...2...3...4...5...6...7...8...9...10Processing areas...done (0)
Building Faces...done (0)
Chop Details...done (0)
Find Visible Detail Sides...
Merged 146 detail faces...done (0)
Merging details...done (0)
FixTjuncs...
PruneNodes...
WriteBSP...
done (0)
writing E:\TF2 Mods and Maps\maps\LFCE Fixed Maps\d1_town_01a_d.prt...Building visibility clusters...
done (0)
Creating default LDR cubemaps for env_cubemap using skybox materials:
   skybox/sky_day01_09_hdr*.vmt
 ! Run buildcubemaps in the engine to get the correct cube maps.
Creating default HDR cubemaps for env_cubemap using skybox materials:
   skybox/sky_day01_09_hdr*.vmt
 ! Run buildcubemaps in the engine to get the correct cube maps.
Finding displacement neighbors...
Finding lightmap sample positions...
Displacement Alpha : 0...1...2...3...4...5...6...7...8...9...10
Building Physics collision data...
done (1) (346831 bytes)
Placing detail props : 0...1...2...3...4...5...6...7...8...9...10
Compacting texture/material tables...
Reduced 1728 texinfos to 1046
Reduced 203 texdatas to 182 (8809 bytes to 8252)
Writing E:\TF2 Mods and Maps\maps\LFCE Fixed Maps\d1_town_01a_d.bsp
MSG_FILEWRITE - Filesystem was asked to write to 'E:\TF2 Mods and Maps\maps\LFCE Fixed Maps\d1_town_01a_d.bsp', but we don't own that location. Allowing.
Wrote ZIP buffer, estimated size 11394177, actual size 11348403
1 second elapsed



8 threads
reading e:\tf2 mods and maps\maps\lfce fixed maps\d1_town_01a_d.bsp
reading e:\tf2 mods and maps\maps\lfce fixed maps\d1_town_01a_d.prt
   1 portalclusters
   0 numportals
0...1...2...3...4...5...6...7...8...9...100...1...2...3...4...5...6...7...8...9...10Optimized: 0 visible clusters (0.00%)
Total clusters visible: 1
Average clusters visible: 1
Building PAS...
Average clusters audible: 1
visdatasize:14  compressed from 16
writing e:\tf2 mods and maps\maps\lfce fixed maps\d1_town_01a_d.bsp
MSG_FILEWRITE - Filesystem was asked to write to 'e:\tf2 mods and maps\maps\lfce fixed maps\d1_town_01a_d.bsp', but we don't own that location. Allowing.
0 seconds elapsed



[Reading texlights from 'lights.rad']
[50 texlights parsed from 'lights.rad']

Loading e:\tf2 mods and maps\maps\lfce fixed maps\d1_town_01a_d.bsp
2847 faces
380484 square feet [54789704.00 square inches]
2 Displacements
224 Square Feet [32274.83 Square Inches]
2847 patches before subdivision
32385 patches after subdivision
24 direct lights
0...1...2...3...4...5...6...7...8...9...100...1...2...3...4...5...6...7...8...9...10transfers 3523038, max 507
transfer lists:  26.9 megs
0...1...2...3...4...5...6...7...8...9...10	Bounce #1 added RGB(108985, 111437, 50685)
0...1...2...3...4...5...6...7...8...9...10	Bounce #2 added RGB(24817, 21401, 7386)
0...1...2...3...4...5...6...7...8...9...10	Bounce #3 added RGB(5527, 4384, 1231)
0...1...2...3...4...5...6...7...8...9...10	Bounce #4 added RGB(1597, 1228, 285)
0...1...2...3...4...5...6...7...8...9...10	Bounce #5 added RGB(497, 384, 77)
0...1...2...3...4...5...6...7...8...9...10	Bounce #6 added RGB(173, 136, 24)
0...1...2...3...4...5...6...7...8...9...10	Bounce #7 added RGB(62, 49, 8)
0...1...2...3...4...5...6...7...8...9...10	Bounce #8 added RGB(23, 19, 3)
0...1...2...3...4...5...6...7...8...9...10	Bounce #9 added RGB(9, 7, 1)
0...1...2...3...4...5...6...7...8...9...10	Bounce #10 added RGB(3, 3, 0)
0...1...2...3...4...5...6...7...8...9...10	Bounce #11 added RGB(1, 1, 0)
0...1...2...3...4...5...6...7...8...9...10	Bounce #12 added RGB(0, 0, 0)
Build Patch/Sample Hash Table(s).....Done<0.0061 sec>
0...1...2...3...4...5...6...7...8...9...10FinalLightFace Done
2 of 6 (33% of) surface lights went in leaf ambient cubes.
0...1...2...3...4...5...6...7...8...9...10Writing leaf ambient...done
Ready to Finish

Object names       Objects/Maxobjs  Memory / Maxmem  Fullness 
------------       ---------------  ---------------  -------- 
models                  50/1024         2400/49152    ( 4.9%) 
brushes                934/8192        11208/98304    (11.4%) 
brushsides            6706/65536       53648/524288   (10.2%) 
planes                3848/65536       76960/1310720  ( 5.9%) 
vertexes              5541/65536       66492/786432   ( 8.5%) 
nodes                 1392/65536       44544/2097152  ( 2.1%) 
texinfos              1046/12288       75312/884736   ( 8.5%) 
texdata                182/2048         5824/65536    ( 8.9%) 
dispinfos                2/0             352/0        ( 0.0%) 
disp_verts             106/0            2120/0        ( 0.0%) 
disp_tris              160/0             320/0        ( 0.0%) 
disp_lmsamples         760/0             760/0        ( 0.0%) 
faces                 2847/65536      159432/3670016  ( 4.3%) 
hdr faces                0/65536           0/3670016  ( 0.0%) 
origfaces             2013/65536      112728/3670016  ( 3.1%) 
leaves                1443/65536       46176/2097152  ( 2.2%) 
leaffaces             3912/65536        7824/131072   ( 6.0%) 
leafbrushes           2155/65536        4310/131072   ( 3.3%) 
areas                    5/256            40/2048     ( 2.0%) 
surfedges            21801/512000      87204/2048000  ( 4.3%) 
edges                13779/256000      55116/1024000  ( 5.4%) 
LDR worldlights         23/8192         2024/720896   ( 0.3%) 
HDR worldlights          0/8192            0/720896   ( 0.0%) 
leafwaterdata            0/32768           0/393216   ( 0.0%) 
waterstrips            336/32768        3360/327680   ( 1.0%) 
waterverts               0/65536           0/786432   ( 0.0%) 
waterindices          6015/65536       12030/131072   ( 9.2%) 
cubemapsamples         117/1024         1872/16384    (11.4%) 
overlays                 4/512          1408/180224   ( 0.8%) 
LDR lightdata         [variable]     2272172/0        ( 0.0%) 
HDR lightdata         [variable]           0/0        ( 0.0%) 
visdata               [variable]          14/16777216 ( 0.0%) 
entdata               [variable]      120417/393216   (30.6%) 
LDR ambient table     1443/65536        5772/262144   ( 2.2%) 
HDR ambient table     1443/65536        5772/262144   ( 2.2%) 
LDR leaf ambient      4480/65536      125440/1835008  ( 6.8%) 
HDR leaf ambient      1443/65536       40404/1835008  ( 2.2%) 
occluders                0/0               0/0        ( 0.0%) 
occluder polygons        0/0               0/0        ( 0.0%) 
occluder vert ind        0/0               0/0        ( 0.0%) 
detail props          [variable]           1/12       ( 8.3%) 
static props          [variable]           1/8550     ( 0.0%) 
pakfile               [variable]    11348403/0        ( 0.0%) 
physics               [variable]      346831/4194304  ( 8.3%) 
physics terrain       [variable]         528/1048576  ( 0.1%) 

Level flags = 0

Total triangle count: 8084
Writing e:\tf2 mods and maps\maps\lfce fixed maps\d1_town_01a_d.bsp
18 seconds elapsed



materialPath: D:\Steam\steamapps\common\Source SDK Base 2013 Multiplayer\tf\materials
Loading E:\TF2 Mods and Maps\maps\LFCE Fixed Maps\d1_town_01a_d.vmf
ConVarRef mat_reduceparticles doesn't point to an existing ConVar
Could not locate GameData file tf_coop_extended.fgd
Patching WVT material: maps/d1_town_01a_d/nature/red_grass_wvt_patch
fixing up env_cubemap materials on brush sides...
0...1...2...3...4...5...6...7...8...9...10**** leaked ****
Entity npc_zombie (-426.00 575.00 -3604.00) leaked!
Processing areas...done (0)
Building Faces...done (0)
Chop Details...done (0)
Find Visible Detail Sides...
Merged 134 detail faces...done (0)
Merging details...done (0)
FixTjuncs...
PruneNodes...
WriteBSP...
done (0)
Creating default LDR cubemaps for env_cubemap using skybox materials:
   skybox/sky_day01_09_hdr*.vmt
 ! Run buildcubemaps in the engine to get the correct cube maps.
Creating default HDR cubemaps for env_cubemap using skybox materials:
   skybox/sky_day01_09_hdr*.vmt
 ! Run buildcubemaps in the engine to get the correct cube maps.
Finding displacement neighbors...
Finding lightmap sample positions...
Displacement Alpha : 0...1...2...3...4...5...6...7...8...9...10
Building Physics collision data...
done (0) (351551 bytes)
Placing detail props : 0...1...2...3...4...5...6...7...8...9...10
Compacting texture/material tables...
Reduced 1745 texinfos to 1093
Reduced 206 texdatas to 184 (8873 bytes to 8296)
Writing E:\TF2 Mods and Maps\maps\LFCE Fixed Maps\d1_town_01a_d.bsp
MSG_FILEWRITE - Filesystem was asked to write to 'E:\TF2 Mods and Maps\maps\LFCE Fixed Maps\d1_town_01a_d.bsp', but we don't own that location. Allowing.
Wrote ZIP buffer, estimated size 11394177, actual size 11348403
1 second elapsed



8 threads
reading e:\tf2 mods and maps\maps\lfce fixed maps\d1_town_01a_d.bsp
reading e:\tf2 mods and maps\maps\lfce fixed maps\d1_town_01a_d.prt
LoadPortals: couldn't read e:\tf2 mods and maps\maps\lfce fixed maps\d1_town_01a_d.prt



materialPath: D:\Steam\steamapps\common\Source SDK Base 2013 Multiplayer\tf\materials
Loading E:\TF2 Mods and Maps\maps\LFCE Fixed Maps\d1_town_01a_d.vmf
ConVarRef mat_reduceparticles doesn't point to an existing ConVar
Could not locate GameData file tf_coop_extended.fgd
Patching WVT material: maps/d1_town_01a_d/nature/red_grass_wvt_patch
fixing up env_cubemap materials on brush sides...
0...1...2...3...4...5...6...7...8...9...100...1...2...3...4...5...6...7...8...9...10Processing areas...done (0)
Building Faces...done (0)
Chop Details...done (0)
Find Visible Detail Sides...
Merged 134 detail faces...done (0)
Merging details...done (0)
FixTjuncs...
PruneNodes...
WriteBSP...
done (0)
writing E:\TF2 Mods and Maps\maps\LFCE Fixed Maps\d1_town_01a_d.prt...Building visibility clusters...
done (1)
Creating default LDR cubemaps for env_cubemap using skybox materials:
   skybox/sky_day01_09_hdr*.vmt
 ! Run buildcubemaps in the engine to get the correct cube maps.
Creating default HDR cubemaps for env_cubemap using skybox materials:
   skybox/sky_day01_09_hdr*.vmt
 ! Run buildcubemaps in the engine to get the correct cube maps.
Finding displacement neighbors...
Finding lightmap sample positions...
Displacement Alpha : 0...1...2...3...4...5...6...7...8...9...10
Building Physics collision data...
done (0) (351551 bytes)
Placing detail props : 0...1...2...3...4...5...6...7...8...9...10
Compacting texture/material tables...
Reduced 1745 texinfos to 1055
Reduced 206 texdatas to 184 (8873 bytes to 8296)
Writing E:\TF2 Mods and Maps\maps\LFCE Fixed Maps\d1_town_01a_d.bsp
MSG_FILEWRITE - Filesystem was asked to write to 'E:\TF2 Mods and Maps\maps\LFCE Fixed Maps\d1_town_01a_d.bsp', but we don't own that location. Allowing.
Wrote ZIP buffer, estimated size 11394177, actual size 11348403
2 seconds elapsed



8 threads
reading e:\tf2 mods and maps\maps\lfce fixed maps\d1_town_01a_d.bsp
reading e:\tf2 mods and maps\maps\lfce fixed maps\d1_town_01a_d.prt
   1 portalclusters
   0 numportals
0...1...2...3...4...5...6...7...8...9...100...1...2...3...4...5...6...7...8...9...10Optimized: 0 visible clusters (0.00%)
Total clusters visible: 1
Average clusters visible: 1
Building PAS...
Average clusters audible: 1
visdatasize:14  compressed from 16
writing e:\tf2 mods and maps\maps\lfce fixed maps\d1_town_01a_d.bsp
MSG_FILEWRITE - Filesystem was asked to write to 'e:\tf2 mods and maps\maps\lfce fixed maps\d1_town_01a_d.bsp', but we don't own that location. Allowing.
0 seconds elapsed



[Reading texlights from 'lights.rad']
[50 texlights parsed from 'lights.rad']

Loading e:\tf2 mods and maps\maps\lfce fixed maps\d1_town_01a_d.bsp
2900 faces
381118 square feet [54880992.00 square inches]
2 Displacements
224 Square Feet [32274.83 Square Inches]
2900 patches before subdivision
32882 patches after subdivision
24 direct lights
0...1...2...3...4...5...6...7...8...9...100...1...2...3...4...5...6...7...8...9...10transfers 3634774, max 549
transfer lists:  27.7 megs
0...1...2...3...4...5...6...7...8...9...10	Bounce #1 added RGB(108632, 112760, 51600)
0...1...2...3...4...5...6...7...8...9...10	Bounce #2 added RGB(24668, 21576, 7516)
0...1...2...3...4...5...6...7...8...9...10	Bounce #3 added RGB(5459, 4385, 1239)
0...1...2...3...4...5...6...7...8...9...10	Bounce #4 added RGB(1575, 1226, 286)
0...1...2...3...4...5...6...7...8...9...10	Bounce #5 added RGB(491, 383, 77)
0...1...2...3...4...5...6...7...8...9...10	Bounce #6 added RGB(171, 136, 24)
0...1...2...3...4...5...6...7...8...9...10	Bounce #7 added RGB(62, 49, 8)
0...1...2...3...4...5...6...7...8...9...10	Bounce #8 added RGB(23, 19, 3)
0...1...2...3...4...5...6...7...8...9...10	Bounce #9 added RGB(9, 7, 1)
0...1...2...3...4...5...6...7...8...9...10	Bounce #10 added RGB(3, 3, 0)
0...1...2...3...4...5...6...7...8...9...10	Bounce #11 added RGB(1, 1, 0)
0...1...2...3...4...5...6...7...8...9...10	Bounce #12 added RGB(0, 0, 0)
Build Patch/Sample Hash Table(s).....Done<0.0053 sec>
0...1...2...3...4...5...6...7...8...9...10FinalLightFace Done
2 of 6 (33% of) surface lights went in leaf ambient cubes.
0...1...2...3...4...5...6...7...8...9...10Writing leaf ambient...done
Ready to Finish

Object names       Objects/Maxobjs  Memory / Maxmem  Fullness 
------------       ---------------  ---------------  -------- 
models                  50/1024         2400/49152    ( 4.9%) 
brushes                948/8192        11376/98304    (11.6%) 
brushsides            6774/65536       54192/524288   (10.3%) 
planes                3826/65536       76520/1310720  ( 5.8%) 
vertexes              5619/65536       67428/786432   ( 8.6%) 
nodes                 1430/65536       45760/2097152  ( 2.2%) 
texinfos              1055/12288       75960/884736   ( 8.6%) 
texdata                184/2048         5888/65536    ( 9.0%) 
dispinfos                2/0             352/0        ( 0.0%) 
disp_verts             106/0            2120/0        ( 0.0%) 
disp_tris              160/0             320/0        ( 0.0%) 
disp_lmsamples         760/0             760/0        ( 0.0%) 
faces                 2900/65536      162400/3670016  ( 4.4%) 
hdr faces                0/65536           0/3670016  ( 0.0%) 
origfaces             2040/65536      114240/3670016  ( 3.1%) 
leaves                1481/65536       47392/2097152  ( 2.3%) 
leaffaces             4029/65536        8058/131072   ( 6.1%) 
leafbrushes           2103/65536        4206/131072   ( 3.2%) 
areas                    5/256            40/2048     ( 2.0%) 
surfedges            22168/512000      88672/2048000  ( 4.3%) 
edges                13989/256000      55956/1024000  ( 5.5%) 
LDR worldlights         23/8192         2024/720896   ( 0.3%) 
HDR worldlights          0/8192            0/720896   ( 0.0%) 
leafwaterdata            0/32768           0/393216   ( 0.0%) 
waterstrips            350/32768        3500/327680   ( 1.1%) 
waterverts               0/65536           0/786432   ( 0.0%) 
waterindices          6228/65536       12456/131072   ( 9.5%) 
cubemapsamples         117/1024         1872/16384    (11.4%) 
overlays                 7/512          2464/180224   ( 1.4%) 
LDR lightdata         [variable]     2283744/0        ( 0.0%) 
HDR lightdata         [variable]           0/0        ( 0.0%) 
visdata               [variable]          14/16777216 ( 0.0%) 
entdata               [variable]      127033/393216   (32.3%) 
LDR ambient table     1481/65536        5924/262144   ( 2.3%) 
HDR ambient table     1481/65536        5924/262144   ( 2.3%) 
LDR leaf ambient      4669/65536      130732/1835008  ( 7.1%) 
HDR leaf ambient      1481/65536       41468/1835008  ( 2.3%) 
occluders                0/0               0/0        ( 0.0%) 
occluder polygons        0/0               0/0        ( 0.0%) 
occluder vert ind        0/0               0/0        ( 0.0%) 
detail props          [variable]           1/12       ( 8.3%) 
static props          [variable]           1/8554     ( 0.0%) 
pakfile               [variable]    11348403/0        ( 0.0%) 
physics               [variable]      351551/4194304  ( 8.4%) 
physics terrain       [variable]         528/1048576  ( 0.1%) 

Level flags = 0

Total triangle count: 8238
Writing e:\tf2 mods and maps\maps\lfce fixed maps\d1_town_01a_d.bsp
17 seconds elapsed



materialPath: D:\Steam\steamapps\common\Source SDK Base 2013 Multiplayer\tf\materials
Loading E:\TF2 Mods and Maps\maps\LFCE Fixed Maps\d1_town_01a_d.vmf
ConVarRef mat_reduceparticles doesn't point to an existing ConVar
Could not locate GameData file tf_coop_extended.fgd
Patching WVT material: maps/d1_town_01a_d/nature/red_grass_wvt_patch
fixing up env_cubemap materials on brush sides...
0...1...2...3...4...5...6...7...8...9...100...1...2...3...4...5...6...7...8...9...10Processing areas...done (0)
Building Faces...done (0)
Chop Details...done (0)
Find Visible Detail Sides...
Merged 134 detail faces...done (0)
Merging details...done (0)
FixTjuncs...
PruneNodes...
WriteBSP...
done (0)
writing E:\TF2 Mods and Maps\maps\LFCE Fixed Maps\d1_town_01a_d.prt...Building visibility clusters...
done (0)
Creating default LDR cubemaps for env_cubemap using skybox materials:
   skybox/sky_day01_09_hdr*.vmt
 ! Run buildcubemaps in the engine to get the correct cube maps.
Creating default HDR cubemaps for env_cubemap using skybox materials:
   skybox/sky_day01_09_hdr*.vmt
 ! Run buildcubemaps in the engine to get the correct cube maps.
Finding displacement neighbors...
Finding lightmap sample positions...
Displacement Alpha : 0...1...2...3...4...5...6...7...8...9...10
Building Physics collision data...
done (0) (351551 bytes)
Placing detail props : 0...1...2...3...4...5...6...7...8...9...10
Compacting texture/material tables...
Reduced 1745 texinfos to 1055
Reduced 206 texdatas to 184 (8873 bytes to 8296)
Writing E:\TF2 Mods and Maps\maps\LFCE Fixed Maps\d1_town_01a_d.bsp
MSG_FILEWRITE - Filesystem was asked to write to 'E:\TF2 Mods and Maps\maps\LFCE Fixed Maps\d1_town_01a_d.bsp', but we don't own that location. Allowing.
Wrote ZIP buffer, estimated size 11394177, actual size 11348403
1 second elapsed



8 threads
reading e:\tf2 mods and maps\maps\lfce fixed maps\d1_town_01a_d.bsp
reading e:\tf2 mods and maps\maps\lfce fixed maps\d1_town_01a_d.prt
   1 portalclusters
   0 numportals
0...1...2...3...4...5...6...7...8...9...100...1...2...3...4...5...6...7...8...9...10Optimized: 0 visible clusters (0.00%)
Total clusters visible: 1
Average clusters visible: 1
Building PAS...
Average clusters audible: 1
visdatasize:14  compressed from 16
writing e:\tf2 mods and maps\maps\lfce fixed maps\d1_town_01a_d.bsp
MSG_FILEWRITE - Filesystem was asked to write to 'e:\tf2 mods and maps\maps\lfce fixed maps\d1_town_01a_d.bsp', but we don't own that location. Allowing.
0 seconds elapsed



[Reading texlights from 'lights.rad']
[50 texlights parsed from 'lights.rad']

Loading e:\tf2 mods and maps\maps\lfce fixed maps\d1_town_01a_d.bsp
2900 faces
381118 square feet [54880992.00 square inches]
2 Displacements
224 Square Feet [32274.83 Square Inches]
2900 patches before subdivision
32882 patches after subdivision
24 direct lights
0...1...2...3...4...5...6...7...8...9...100...1...2...3...4...5...6...7...8...9...10transfers 3634772, max 549
transfer lists:  27.7 megs
0...1...2...3...4...5...6...7...8...9...10	Bounce #1 added RGB(107638, 112041, 51071)
0...1...2...3...4...5...6...7...8...9...10	Bounce #2 added RGB(24414, 21432, 7445)
0...1...2...3...4...5...6...7...8...9...10	Bounce #3 added RGB(5388, 4353, 1228)
0...1...2...3...4...5...6...7...8...9...10	Bounce #4 added RGB(1556, 1219, 284)
0...1...2...3...4...5...6...7...8...9...10	Bounce #5 added RGB(485, 381, 77)
0...1...2...3...4...5...6...7...8...9...10	Bounce #6 added RGB(170, 135, 24)
0...1...2...3...4...5...6...7...8...9...10	Bounce #7 added RGB(61, 49, 8)
0...1...2...3...4...5...6...7...8...9...10	Bounce #8 added RGB(23, 19, 3)
0...1...2...3...4...5...6...7...8...9...10	Bounce #9 added RGB(9, 7, 1)
0...1...2...3...4...5...6...7...8...9...10	Bounce #10 added RGB(3, 3, 0)
0...1...2...3...4...5...6...7...8...9...10	Bounce #11 added RGB(1, 1, 0)
0...1...2...3...4...5...6...7...8...9...10	Bounce #12 added RGB(0, 0, 0)
Build Patch/Sample Hash Table(s).....Done<0.0056 sec>
0...1...2...3...4...5...6...7...8...9...10FinalLightFace Done
2 of 6 (33% of) surface lights went in leaf ambient cubes.
0...1...2...3...4...5...6...7...8...9...10Writing leaf ambient...done
Ready to Finish

Object names       Objects/Maxobjs  Memory / Maxmem  Fullness 
------------       ---------------  ---------------  -------- 
models                  50/1024         2400/49152    ( 4.9%) 
brushes                948/8192        11376/98304    (11.6%) 
brushsides            6774/65536       54192/524288   (10.3%) 
planes                3828/65536       76560/1310720  ( 5.8%) 
vertexes              5619/65536       67428/786432   ( 8.6%) 
nodes                 1430/65536       45760/2097152  ( 2.2%) 
texinfos              1055/12288       75960/884736   ( 8.6%) 
texdata                184/2048         5888/65536    ( 9.0%) 
dispinfos                2/0             352/0        ( 0.0%) 
disp_verts             106/0            2120/0        ( 0.0%) 
disp_tris              160/0             320/0        ( 0.0%) 
disp_lmsamples         760/0             760/0        ( 0.0%) 
faces                 2900/65536      162400/3670016  ( 4.4%) 
hdr faces                0/65536           0/3670016  ( 0.0%) 
origfaces             2040/65536      114240/3670016  ( 3.1%) 
leaves                1481/65536       47392/2097152  ( 2.3%) 
leaffaces             4029/65536        8058/131072   ( 6.1%) 
leafbrushes           2103/65536        4206/131072   ( 3.2%) 
areas                    5/256            40/2048     ( 2.0%) 
surfedges            22168/512000      88672/2048000  ( 4.3%) 
edges                13990/256000      55960/1024000  ( 5.5%) 
LDR worldlights         23/8192         2024/720896   ( 0.3%) 
HDR worldlights          0/8192            0/720896   ( 0.0%) 
leafwaterdata            0/32768           0/393216   ( 0.0%) 
waterstrips            350/32768        3500/327680   ( 1.1%) 
waterverts               0/65536           0/786432   ( 0.0%) 
waterindices          6228/65536       12456/131072   ( 9.5%) 
cubemapsamples         117/1024         1872/16384    (11.4%) 
overlays                 7/512          2464/180224   ( 1.4%) 
LDR lightdata         [variable]     2283712/0        ( 0.0%) 
HDR lightdata         [variable]           0/0        ( 0.0%) 
visdata               [variable]          14/16777216 ( 0.0%) 
entdata               [variable]      127067/393216   (32.3%) 
LDR ambient table     1481/65536        5924/262144   ( 2.3%) 
HDR ambient table     1481/65536        5924/262144   ( 2.3%) 
LDR leaf ambient      4667/65536      130676/1835008  ( 7.1%) 
HDR leaf ambient      1481/65536       41468/1835008  ( 2.3%) 
occluders                0/0               0/0        ( 0.0%) 
occluder polygons        0/0               0/0        ( 0.0%) 
occluder vert ind        0/0               0/0        ( 0.0%) 
detail props          [variable]           1/12       ( 8.3%) 
static props          [variable]           1/8554     ( 0.0%) 
pakfile               [variable]    11348403/0        ( 0.0%) 
physics               [variable]      351551/4194304  ( 8.4%) 
physics terrain       [variable]         528/1048576  ( 0.1%) 

Level flags = 0

Total triangle count: 8238
Writing e:\tf2 mods and maps\maps\lfce fixed maps\d1_town_01a_d.bsp
17 seconds elapsed



materialPath: D:\Steam\steamapps\common\Source SDK Base 2013 Multiplayer\tf\materials
Loading E:\TF2 Mods and Maps\maps\LFCE Fixed Maps\d1_town_01a_d.vmf
ConVarRef mat_reduceparticles doesn't point to an existing ConVar
Could not locate GameData file tf_coop_extended.fgd
Patching WVT material: maps/d1_town_01a_d/nature/red_grass_wvt_patch
fixing up env_cubemap materials on brush sides...
0...1...2...3...4...5...6...7...8...9...100...1...2...3...4...5...6...7...8...9...10Processing areas...done (0)
Building Faces...done (0)
Chop Details...done (0)
Find Visible Detail Sides...
Merged 134 detail faces...done (0)
Merging details...done (0)
FixTjuncs...
PruneNodes...
WriteBSP...
done (0)
writing E:\TF2 Mods and Maps\maps\LFCE Fixed Maps\d1_town_01a_d.prt...Building visibility clusters...
done (1)
Creating default LDR cubemaps for env_cubemap using skybox materials:
   skybox/sky_day01_09_hdr*.vmt
 ! Run buildcubemaps in the engine to get the correct cube maps.
Creating default HDR cubemaps for env_cubemap using skybox materials:
   skybox/sky_day01_09_hdr*.vmt
 ! Run buildcubemaps in the engine to get the correct cube maps.
Finding displacement neighbors...
Finding lightmap sample positions...
Displacement Alpha : 0...1...2...3...4...5...6...7...8...9...10
Building Physics collision data...
done (0) (352106 bytes)
Placing detail props : 0...1...2...3...4...5...6...7...8...9...10
Compacting texture/material tables...
Reduced 1748 texinfos to 1058
Reduced 206 texdatas to 184 (8873 bytes to 8296)
Writing E:\TF2 Mods and Maps\maps\LFCE Fixed Maps\d1_town_01a_d.bsp
MSG_FILEWRITE - Filesystem was asked to write to 'E:\TF2 Mods and Maps\maps\LFCE Fixed Maps\d1_town_01a_d.bsp', but we don't own that location. Allowing.
Wrote ZIP buffer, estimated size 11394177, actual size 11348403
1 second elapsed



8 threads
reading e:\tf2 mods and maps\maps\lfce fixed maps\d1_town_01a_d.bsp
reading e:\tf2 mods and maps\maps\lfce fixed maps\d1_town_01a_d.prt
   1 portalclusters
   0 numportals
0...1...2...3...4...5...6...7...8...9...100...1...2...3...4...5...6...7...8...9...10Optimized: 0 visible clusters (0.00%)
Total clusters visible: 1
Average clusters visible: 1
Building PAS...
Average clusters audible: 1
visdatasize:14  compressed from 16
writing e:\tf2 mods and maps\maps\lfce fixed maps\d1_town_01a_d.bsp
MSG_FILEWRITE - Filesystem was asked to write to 'e:\tf2 mods and maps\maps\lfce fixed maps\d1_town_01a_d.bsp', but we don't own that location. Allowing.
0 seconds elapsed



[Reading texlights from 'lights.rad']
[50 texlights parsed from 'lights.rad']

Loading e:\tf2 mods and maps\maps\lfce fixed maps\d1_town_01a_d.bsp
2906 faces
381933 square feet [54998424.00 square inches]
2 Displacements
224 Square Feet [32274.83 Square Inches]
2906 patches before subdivision
32888 patches after subdivision
24 direct lights
0...1...2...3...4...5...6...7...8...9...100...1...2...3...4...5...6...7...8...9...10transfers 3636506, max 549
transfer lists:  27.7 megs
0...1...2...3...4...5...6...7...8...9...10	Bounce #1 added RGB(107658, 112073, 51091)
0...1...2...3...4...5...6...7...8...9...10	Bounce #2 added RGB(24419, 21438, 7449)
0...1...2...3...4...5...6...7...8...9...10	Bounce #3 added RGB(5388, 4354, 1229)
0...1...2...3...4...5...6...7...8...9...10	Bounce #4 added RGB(1556, 1219, 284)
0...1...2...3...4...5...6...7...8...9...10	Bounce #5 added RGB(485, 381, 77)
0...1...2...3...4...5...6...7...8...9...10	Bounce #6 added RGB(170, 135, 24)
0...1...2...3...4...5...6...7...8...9...10	Bounce #7 added RGB(61, 49, 8)
0...1...2...3...4...5...6...7...8...9...10	Bounce #8 added RGB(23, 19, 3)
0...1...2...3...4...5...6...7...8...9...10	Bounce #9 added RGB(9, 7, 1)
0...1...2...3...4...5...6...7...8...9...10	Bounce #10 added RGB(3, 3, 0)
0...1...2...3...4...5...6...7...8...9...10	Bounce #11 added RGB(1, 1, 0)
0...1...2...3...4...5...6...7...8...9...10	Bounce #12 added RGB(0, 0, 0)
Build Patch/Sample Hash Table(s).....Done<0.0054 sec>
0...1...2...3...4...5...6...7...8...9...10FinalLightFace Done
2 of 6 (33% of) surface lights went in leaf ambient cubes.
0...1...2...3...4...5...6...7...8...9...10Writing leaf ambient...done
Ready to Finish

Object names       Objects/Maxobjs  Memory / Maxmem  Fullness 
------------       ---------------  ---------------  -------- 
models                  51/1024         2448/49152    ( 5.0%) 
brushes                949/8192        11388/98304    (11.6%) 
brushsides            6780/65536       54240/524288   (10.3%) 
planes                3850/65536       77000/1310720  ( 5.9%) 
vertexes              5627/65536       67524/786432   ( 8.6%) 
nodes                 1436/65536       45952/2097152  ( 2.2%) 
texinfos              1058/12288       76176/884736   ( 8.6%) 
texdata                184/2048         5888/65536    ( 9.0%) 
dispinfos                2/0             352/0        ( 0.0%) 
disp_verts             106/0            2120/0        ( 0.0%) 
disp_tris              160/0             320/0        ( 0.0%) 
disp_lmsamples         760/0             760/0        ( 0.0%) 
faces                 2906/65536      162736/3670016  ( 4.4%) 
hdr faces                0/65536           0/3670016  ( 0.0%) 
origfaces             2046/65536      114576/3670016  ( 3.1%) 
leaves                1488/65536       47616/2097152  ( 2.3%) 
leaffaces             4035/65536        8070/131072   ( 6.2%) 
leafbrushes           2104/65536        4208/131072   ( 3.2%) 
areas                    5/256            40/2048     ( 2.0%) 
surfedges            22216/512000      88864/2048000  ( 4.3%) 
edges                14014/256000      56056/1024000  ( 5.5%) 
LDR worldlights         23/8192         2024/720896   ( 0.3%) 
HDR worldlights          0/8192            0/720896   ( 0.0%) 
leafwaterdata            0/32768           0/393216   ( 0.0%) 
waterstrips            350/32768        3500/327680   ( 1.1%) 
waterverts               0/65536           0/786432   ( 0.0%) 
waterindices          6228/65536       12456/131072   ( 9.5%) 
cubemapsamples         117/1024         1872/16384    (11.4%) 
overlays                 7/512          2464/180224   ( 1.4%) 
LDR lightdata         [variable]     2283712/0        ( 0.0%) 
HDR lightdata         [variable]           0/0        ( 0.0%) 
visdata               [variable]          14/16777216 ( 0.0%) 
entdata               [variable]      127621/393216   (32.5%) 
LDR ambient table     1488/65536        5952/262144   ( 2.3%) 
HDR ambient table     1488/65536        5952/262144   ( 2.3%) 
LDR leaf ambient      4673/65536      130844/1835008  ( 7.1%) 
HDR leaf ambient      1488/65536       41664/1835008  ( 2.3%) 
occluders                0/0               0/0        ( 0.0%) 
occluder polygons        0/0               0/0        ( 0.0%) 
occluder vert ind        0/0               0/0        ( 0.0%) 
detail props          [variable]           1/12       ( 8.3%) 
static props          [variable]           1/8554     ( 0.0%) 
pakfile               [variable]    11348403/0        ( 0.0%) 
physics               [variable]      352106/4194304  ( 8.4%) 
physics terrain       [variable]         528/1048576  ( 0.1%) 

Level flags = 0

Total triangle count: 8250
Writing e:\tf2 mods and maps\maps\lfce fixed maps\d1_town_01a_d.bsp
18 seconds elapsed



materialPath: D:\Steam\steamapps\common\Source SDK Base 2013 Multiplayer\tf\materials
Loading E:\TF2 Mods and Maps\maps\LFCE Fixed Maps\d1_town_01a_d.vmf
ConVarRef mat_reduceparticles doesn't point to an existing ConVar
Could not locate GameData file tf_coop_extended.fgd
Patching WVT material: maps/d1_town_01a_d/nature/red_grass_wvt_patch
fixing up env_cubemap materials on brush sides...
0...1...2...3...4...5...6...7...8...9...100...1...2...3...4...5...6...7...8...9...10Processing areas...done (0)
Building Faces...done (0)
Chop Details...done (0)
Find Visible Detail Sides...
Merged 134 detail faces...done (0)
Merging details...done (0)
FixTjuncs...
PruneNodes...
WriteBSP...
done (0)
writing E:\TF2 Mods and Maps\maps\LFCE Fixed Maps\d1_town_01a_d.prt...Building visibility clusters...
done (1)
Creating default LDR cubemaps for env_cubemap using skybox materials:
   skybox/sky_day01_09_hdr*.vmt
 ! Run buildcubemaps in the engine to get the correct cube maps.
Creating default HDR cubemaps for env_cubemap using skybox materials:
   skybox/sky_day01_09_hdr*.vmt
 ! Run buildcubemaps in the engine to get the correct cube maps.
Finding displacement neighbors...
Finding lightmap sample positions...
Displacement Alpha : 0...1...2...3...4...5...6...7...8...9...10
Building Physics collision data...
done (0) (352106 bytes)
Placing detail props : 0...1...2...3...4...5...6...7...8...9...10
Compacting texture/material tables...
Reduced 1748 texinfos to 1058
Reduced 206 texdatas to 184 (8873 bytes to 8296)
Writing E:\TF2 Mods and Maps\maps\LFCE Fixed Maps\d1_town_01a_d.bsp
MSG_FILEWRITE - Filesystem was asked to write to 'E:\TF2 Mods and Maps\maps\LFCE Fixed Maps\d1_town_01a_d.bsp', but we don't own that location. Allowing.
Wrote ZIP buffer, estimated size 11394177, actual size 11348403
2 seconds elapsed



8 threads
reading e:\tf2 mods and maps\maps\lfce fixed maps\d1_town_01a_d.bsp
reading e:\tf2 mods and maps\maps\lfce fixed maps\d1_town_01a_d.prt
   1 portalclusters
   0 numportals
0...1...2...3...4...5...6...7...8...9...100...1...2...3...4...5...6...7...8...9...10Optimized: 0 visible clusters (0.00%)
Total clusters visible: 1
Average clusters visible: 1
Building PAS...
Average clusters audible: 1
visdatasize:14  compressed from 16
writing e:\tf2 mods and maps\maps\lfce fixed maps\d1_town_01a_d.bsp
MSG_FILEWRITE - Filesystem was asked to write to 'e:\tf2 mods and maps\maps\lfce fixed maps\d1_town_01a_d.bsp', but we don't own that location. Allowing.
0 seconds elapsed



[Reading texlights from 'lights.rad']
[50 texlights parsed from 'lights.rad']

Loading e:\tf2 mods and maps\maps\lfce fixed maps\d1_town_01a_d.bsp
2906 faces
381933 square feet [54998424.00 square inches]
2 Displacements
224 Square Feet [32274.83 Square Inches]
2906 patches before subdivision
32888 patches after subdivision
24 direct lights
0...1...2...3...4...5...6...7...8...9...100...1...2...3...4...5...6...7...8...9...10transfers 3636506, max 549
transfer lists:  27.7 megs
0...1...2...3...4...5...6...7...8...9...10	Bounce #1 added RGB(107658, 112073, 51091)
0...1...2...3...4...5...6...7...8...9...10	Bounce #2 added RGB(24419, 21438, 7449)
0...1...2...3...4...5...6...7...8...9...10	Bounce #3 added RGB(5388, 4354, 1229)
0...1...2...3...4...5...6...7...8...9...10	Bounce #4 added RGB(1556, 1219, 284)
0...1...2...3...4...5...6...7...8...9...10	Bounce #5 added RGB(485, 381, 77)
0...1...2...3...4...5...6...7...8...9...10	Bounce #6 added RGB(170, 135, 24)
0...1...2...3...4...5...6...7...8...9...10	Bounce #7 added RGB(61, 49, 8)
0...1...2...3...4...5...6...7...8...9...10	Bounce #8 added RGB(23, 19, 3)
0...1...2...3...4...5...6...7...8...9...10	Bounce #9 added RGB(9, 7, 1)
0...1...2...3...4...5...6...7...8...9...10	Bounce #10 added RGB(3, 3, 0)
0...1...2...3...4...5...6...7...8...9...10	Bounce #11 added RGB(1, 1, 0)
0...1...2...3...4...5...6...7...8...9...10	Bounce #12 added RGB(0, 0, 0)
Build Patch/Sample Hash Table(s).....Done<0.0053 sec>
0...1...2...3...4...5...6...7...8...9...10FinalLightFace Done
2 of 6 (33% of) surface lights went in leaf ambient cubes.
0...1...2...3...4...5...6...7...8...9...10Writing leaf ambient...done
Ready to Finish

Object names       Objects/Maxobjs  Memory / Maxmem  Fullness 
------------       ---------------  ---------------  -------- 
models                  51/1024         2448/49152    ( 5.0%) 
brushes                949/8192        11388/98304    (11.6%) 
brushsides            6780/65536       54240/524288   (10.3%) 
planes                3850/65536       77000/1310720  ( 5.9%) 
vertexes              5627/65536       67524/786432   ( 8.6%) 
nodes                 1436/65536       45952/2097152  ( 2.2%) 
texinfos              1058/12288       76176/884736   ( 8.6%) 
texdata                184/2048         5888/65536    ( 9.0%) 
dispinfos                2/0             352/0        ( 0.0%) 
disp_verts             106/0            2120/0        ( 0.0%) 
disp_tris              160/0             320/0        ( 0.0%) 
disp_lmsamples         760/0             760/0        ( 0.0%) 
faces                 2906/65536      162736/3670016  ( 4.4%) 
hdr faces                0/65536           0/3670016  ( 0.0%) 
origfaces             2046/65536      114576/3670016  ( 3.1%) 
leaves                1488/65536       47616/2097152  ( 2.3%) 
leaffaces             4035/65536        8070/131072   ( 6.2%) 
leafbrushes           2104/65536        4208/131072   ( 3.2%) 
areas                    5/256            40/2048     ( 2.0%) 
surfedges            22216/512000      88864/2048000  ( 4.3%) 
edges                14014/256000      56056/1024000  ( 5.5%) 
LDR worldlights         23/8192         2024/720896   ( 0.3%) 
HDR worldlights          0/8192            0/720896   ( 0.0%) 
leafwaterdata            0/32768           0/393216   ( 0.0%) 
waterstrips            350/32768        3500/327680   ( 1.1%) 
waterverts               0/65536           0/786432   ( 0.0%) 
waterindices          6228/65536       12456/131072   ( 9.5%) 
cubemapsamples         117/1024         1872/16384    (11.4%) 
overlays                 7/512          2464/180224   ( 1.4%) 
LDR lightdata         [variable]     2283712/0        ( 0.0%) 
HDR lightdata         [variable]           0/0        ( 0.0%) 
visdata               [variable]          14/16777216 ( 0.0%) 
entdata               [variable]      127211/393216   (32.4%) 
LDR ambient table     1488/65536        5952/262144   ( 2.3%) 
HDR ambient table     1488/65536        5952/262144   ( 2.3%) 
LDR leaf ambient      4673/65536      130844/1835008  ( 7.1%) 
HDR leaf ambient      1488/65536       41664/1835008  ( 2.3%) 
occluders                0/0               0/0        ( 0.0%) 
occluder polygons        0/0               0/0        ( 0.0%) 
occluder vert ind        0/0               0/0        ( 0.0%) 
detail props          [variable]           1/12       ( 8.3%) 
static props          [variable]           1/8554     ( 0.0%) 
pakfile               [variable]    11348403/0        ( 0.0%) 
physics               [variable]      352106/4194304  ( 8.4%) 
physics terrain       [variable]         528/1048576  ( 0.1%) 

Level flags = 0

Total triangle count: 8250
Writing e:\tf2 mods and maps\maps\lfce fixed maps\d1_town_01a_d.bsp
18 seconds elapsed



materialPath: D:\Steam\steamapps\common\Source SDK Base 2013 Multiplayer\tf\materials
Loading E:\TF2 Mods and Maps\maps\LFCE Fixed Maps\d1_town_01a_d.vmf
ConVarRef mat_reduceparticles doesn't point to an existing ConVar
Could not locate GameData file tf_coop_extended.fgd
Patching WVT material: maps/d1_town_01a_d/nature/red_grass_wvt_patch
fixing up env_cubemap materials on brush sides...
0...1...2...3...4...5...6...7...8...9...100...1...2...3...4...5...6...7...8...9...10Processing areas...done (0)
Building Faces...done (0)
Chop Details...done (0)
Find Visible Detail Sides...
Merged 134 detail faces...done (0)
Merging details...done (0)
FixTjuncs...
PruneNodes...
WriteBSP...
done (0)
writing E:\TF2 Mods and Maps\maps\LFCE Fixed Maps\d1_town_01a_d.prt...Building visibility clusters...
done (0)
Creating default LDR cubemaps for env_cubemap using skybox materials:
   skybox/sky_day01_09_hdr*.vmt
 ! Run buildcubemaps in the engine to get the correct cube maps.
Creating default HDR cubemaps for env_cubemap using skybox materials:
   skybox/sky_day01_09_hdr*.vmt
 ! Run buildcubemaps in the engine to get the correct cube maps.
Finding displacement neighbors...
Finding lightmap sample positions...
Displacement Alpha : 0...1...2...3...4...5...6...7...8...9...10
Building Physics collision data...
done (1) (352106 bytes)
Placing detail props : 0...1...2...3...4...5...6...7...8...9...10
Compacting texture/material tables...
Reduced 1748 texinfos to 1058
Reduced 206 texdatas to 184 (8873 bytes to 8296)
Writing E:\TF2 Mods and Maps\maps\LFCE Fixed Maps\d1_town_01a_d.bsp
MSG_FILEWRITE - Filesystem was asked to write to 'E:\TF2 Mods and Maps\maps\LFCE Fixed Maps\d1_town_01a_d.bsp', but we don't own that location. Allowing.
Wrote ZIP buffer, estimated size 11394177, actual size 11348403
1 second elapsed



8 threads
reading e:\tf2 mods and maps\maps\lfce fixed maps\d1_town_01a_d.bsp
reading e:\tf2 mods and maps\maps\lfce fixed maps\d1_town_01a_d.prt
   1 portalclusters
   0 numportals
0...1...2...3...4...5...6...7...8...9...100...1...2...3...4...5...6...7...8...9...10Optimized: 0 visible clusters (0.00%)
Total clusters visible: 1
Average clusters visible: 1
Building PAS...
Average clusters audible: 1
visdatasize:14  compressed from 16
writing e:\tf2 mods and maps\maps\lfce fixed maps\d1_town_01a_d.bsp
MSG_FILEWRITE - Filesystem was asked to write to 'e:\tf2 mods and maps\maps\lfce fixed maps\d1_town_01a_d.bsp', but we don't own that location. Allowing.
0 seconds elapsed



[Reading texlights from 'lights.rad']
[50 texlights parsed from 'lights.rad']

Loading e:\tf2 mods and maps\maps\lfce fixed maps\d1_town_01a_d.bsp
2906 faces
381933 square feet [54998424.00 square inches]
2 Displacements
224 Square Feet [32274.83 Square Inches]
2906 patches before subdivision
32888 patches after subdivision
24 direct lights
0...1...2...3...4...5...6...7...8...9...100...1...2...3...4...5...6...7...8...9...10transfers 3636402, max 549
transfer lists:  27.7 megs
0...1...2...3...4...5...6...7...8...9...10	Bounce #1 added RGB(107656, 112069, 51088)
0...1...2...3...4...5...6...7...8...9...10	Bounce #2 added RGB(24419, 21438, 7449)
0...1...2...3...4...5...6...7...8...9...10	Bounce #3 added RGB(5388, 4354, 1229)
0...1...2...3...4...5...6...7...8...9...10	Bounce #4 added RGB(1556, 1219, 284)
0...1...2...3...4...5...6...7...8...9...10	Bounce #5 added RGB(485, 381, 77)
0...1...2...3...4...5...6...7...8...9...10	Bounce #6 added RGB(170, 135, 24)
0...1...2...3...4...5...6...7...8...9...10	Bounce #7 added RGB(61, 49, 8)
0...1...2...3...4...5...6...7...8...9...10	Bounce #8 added RGB(23, 19, 3)
0...1...2...3...4...5...6...7...8...9...10	Bounce #9 added RGB(9, 7, 1)
0...1...2...3...4...5...6...7...8...9...10	Bounce #10 added RGB(3, 3, 0)
0...1...2...3...4...5...6...7...8...9...10	Bounce #11 added RGB(1, 1, 0)
0...1...2...3...4...5...6...7...8...9...10	Bounce #12 added RGB(0, 0, 0)
Build Patch/Sample Hash Table(s).....Done<0.0050 sec>
0...1...2...3...4...5...6...7...8...9...10FinalLightFace Done
2 of 6 (33% of) surface lights went in leaf ambient cubes.
0...1...2...3...4...5...6...7...8...9...10Writing leaf ambient...done
Ready to Finish

Object names       Objects/Maxobjs  Memory / Maxmem  Fullness 
------------       ---------------  ---------------  -------- 
models                  51/1024         2448/49152    ( 5.0%) 
brushes                949/8192        11388/98304    (11.6%) 
brushsides            6780/65536       54240/524288   (10.3%) 
planes                3848/65536       76960/1310720  ( 5.9%) 
vertexes              5627/65536       67524/786432   ( 8.6%) 
nodes                 1436/65536       45952/2097152  ( 2.2%) 
texinfos              1058/12288       76176/884736   ( 8.6%) 
texdata                184/2048         5888/65536    ( 9.0%) 
dispinfos                2/0             352/0        ( 0.0%) 
disp_verts             106/0            2120/0        ( 0.0%) 
disp_tris              160/0             320/0        ( 0.0%) 
disp_lmsamples         760/0             760/0        ( 0.0%) 
faces                 2906/65536      162736/3670016  ( 4.4%) 
hdr faces                0/65536           0/3670016  ( 0.0%) 
origfaces             2046/65536      114576/3670016  ( 3.1%) 
leaves                1488/65536       47616/2097152  ( 2.3%) 
leaffaces             4035/65536        8070/131072   ( 6.2%) 
leafbrushes           2104/65536        4208/131072   ( 3.2%) 
areas                    5/256            40/2048     ( 2.0%) 
surfedges            22216/512000      88864/2048000  ( 4.3%) 
edges                14014/256000      56056/1024000  ( 5.5%) 
LDR worldlights         23/8192         2024/720896   ( 0.3%) 
HDR worldlights          0/8192            0/720896   ( 0.0%) 
leafwaterdata            0/32768           0/393216   ( 0.0%) 
waterstrips            350/32768        3500/327680   ( 1.1%) 
waterverts               0/65536           0/786432   ( 0.0%) 
waterindices          6228/65536       12456/131072   ( 9.5%) 
cubemapsamples         117/1024         1872/16384    (11.4%) 
overlays                 7/512          2464/180224   ( 1.4%) 
LDR lightdata         [variable]     2283712/0        ( 0.0%) 
HDR lightdata         [variable]           0/0        ( 0.0%) 
visdata               [variable]          14/16777216 ( 0.0%) 
entdata               [variable]      127210/393216   (32.4%) 
LDR ambient table     1488/65536        5952/262144   ( 2.3%) 
HDR ambient table     1488/65536        5952/262144   ( 2.3%) 
LDR leaf ambient      4673/65536      130844/1835008  ( 7.1%) 
HDR leaf ambient      1488/65536       41664/1835008  ( 2.3%) 
occluders                0/0               0/0        ( 0.0%) 
occluder polygons        0/0               0/0        ( 0.0%) 
occluder vert ind        0/0               0/0        ( 0.0%) 
detail props          [variable]           1/12       ( 8.3%) 
static props          [variable]           1/8554     ( 0.0%) 
pakfile               [variable]    11348403/0        ( 0.0%) 
physics               [variable]      352106/4194304  ( 8.4%) 
physics terrain       [variable]         528/1048576  ( 0.1%) 

Level flags = 0

Total triangle count: 8250
Writing e:\tf2 mods and maps\maps\lfce fixed maps\d1_town_01a_d.bsp
19 seconds elapsed



materialPath: D:\Steam\steamapps\common\Source SDK Base 2013 Multiplayer\tf\materials
Loading E:\TF2 Mods and Maps\maps\LFCE Fixed Maps\d1_town_01a_d.vmf
ConVarRef mat_reduceparticles doesn't point to an existing ConVar
Could not locate GameData file tf_coop_extended.fgd
Patching WVT material: maps/d1_town_01a_d/nature/red_grass_wvt_patch
fixing up env_cubemap materials on brush sides...
0...1...2...3...4...5...6...7...8...9...100...1...2...3...4...5...6...7...8...9...10Processing areas...done (0)
Building Faces...done (0)
Chop Details...done (0)
Find Visible Detail Sides...
Merged 134 detail faces...done (0)
Merging details...done (0)
FixTjuncs...
PruneNodes...
WriteBSP...
done (0)
writing E:\TF2 Mods and Maps\maps\LFCE Fixed Maps\d1_town_01a_d.prt...Building visibility clusters...
done (0)
Creating default LDR cubemaps for env_cubemap using skybox materials:
   skybox/sky_day01_09_hdr*.vmt
 ! Run buildcubemaps in the engine to get the correct cube maps.
Creating default HDR cubemaps for env_cubemap using skybox materials:
   skybox/sky_day01_09_hdr*.vmt
 ! Run buildcubemaps in the engine to get the correct cube maps.
Finding displacement neighbors...
Finding lightmap sample positions...
Displacement Alpha : 0...1...2...3...4...5...6...7...8...9...10
Building Physics collision data...
done (1) (352106 bytes)
Placing detail props : 0...1...2...3...4...5...6...7...8...9...10
Compacting texture/material tables...
Reduced 1748 texinfos to 1058
Reduced 206 texdatas to 184 (8873 bytes to 8296)
Writing E:\TF2 Mods and Maps\maps\LFCE Fixed Maps\d1_town_01a_d.bsp
MSG_FILEWRITE - Filesystem was asked to write to 'E:\TF2 Mods and Maps\maps\LFCE Fixed Maps\d1_town_01a_d.bsp', but we don't own that location. Allowing.
Wrote ZIP buffer, estimated size 11394177, actual size 11348403
1 second elapsed



8 threads
reading e:\tf2 mods and maps\maps\lfce fixed maps\d1_town_01a_d.bsp
reading e:\tf2 mods and maps\maps\lfce fixed maps\d1_town_01a_d.prt
   1 portalclusters
   0 numportals
0...1...2...3...4...5...6...7...8...9...100...1...2...3...4...5...6...7...8...9...10Optimized: 0 visible clusters (0.00%)
Total clusters visible: 1
Average clusters visible: 1
Building PAS...
Average clusters audible: 1
visdatasize:14  compressed from 16
writing e:\tf2 mods and maps\maps\lfce fixed maps\d1_town_01a_d.bsp
MSG_FILEWRITE - Filesystem was asked to write to 'e:\tf2 mods and maps\maps\lfce fixed maps\d1_town_01a_d.bsp', but we don't own that location. Allowing.
0 seconds elapsed



[Reading texlights from 'lights.rad']
[50 texlights parsed from 'lights.rad']

Loading e:\tf2 mods and maps\maps\lfce fixed maps\d1_town_01a_d.bsp
2906 faces
381933 square feet [54998424.00 square inches]
2 Displacements
224 Square Feet [32274.83 Square Inches]
2906 patches before subdivision
32888 patches after subdivision
24 direct lights
0...1...2...3...4...5...6...7...8...9...100...1...2...3...4...5...6...7...8...9...10transfers 3636374, max 549
transfer lists:  27.7 megs
0...1...2...3...4...5...6...7...8...9...10	Bounce #1 added RGB(107657, 112069, 51088)
0...1...2...3...4...5...6...7...8...9...10	Bounce #2 added RGB(24419, 21439, 7449)
0...1...2...3...4...5...6...7...8...9...10	Bounce #3 added RGB(5388, 4354, 1229)
0...1...2...3...4...5...6...7...8...9...10	Bounce #4 added RGB(1556, 1219, 284)
0...1...2...3...4...5...6...7...8...9...10	Bounce #5 added RGB(485, 381, 77)
0...1...2...3...4...5...6...7...8...9...10	Bounce #6 added RGB(170, 135, 24)
0...1...2...3...4...5...6...7...8...9...10	Bounce #7 added RGB(61, 49, 8)
0...1...2...3...4...5...6...7...8...9...10	Bounce #8 added RGB(23, 19, 3)
0...1...2...3...4...5...6...7...8...9...10	Bounce #9 added RGB(9, 7, 1)
0...1...2...3...4...5...6...7...8...9...10	Bounce #10 added RGB(3, 3, 0)
0...1...2...3...4...5...6...7...8...9...10	Bounce #11 added RGB(1, 1, 0)
0...1...2...3...4...5...6...7...8...9...10	Bounce #12 added RGB(0, 0, 0)
Build Patch/Sample Hash Table(s).....Done<0.0054 sec>
0...1...2...3...4...5...6...7...8...9...10FinalLightFace Done
2 of 6 (33% of) surface lights went in leaf ambient cubes.
0...1...2...3...4...5...6...7...8...9...10Writing leaf ambient...done
Ready to Finish

Object names       Objects/Maxobjs  Memory / Maxmem  Fullness 
------------       ---------------  ---------------  -------- 
models                  51/1024         2448/49152    ( 5.0%) 
brushes                949/8192        11388/98304    (11.6%) 
brushsides            6780/65536       54240/524288   (10.3%) 
planes                3848/65536       76960/1310720  ( 5.9%) 
vertexes              5627/65536       67524/786432   ( 8.6%) 
nodes                 1436/65536       45952/2097152  ( 2.2%) 
texinfos              1058/12288       76176/884736   ( 8.6%) 
texdata                184/2048         5888/65536    ( 9.0%) 
dispinfos                2/0             352/0        ( 0.0%) 
disp_verts             106/0            2120/0        ( 0.0%) 
disp_tris              160/0             320/0        ( 0.0%) 
disp_lmsamples         760/0             760/0        ( 0.0%) 
faces                 2906/65536      162736/3670016  ( 4.4%) 
hdr faces                0/65536           0/3670016  ( 0.0%) 
origfaces             2046/65536      114576/3670016  ( 3.1%) 
leaves                1488/65536       47616/2097152  ( 2.3%) 
leaffaces             4035/65536        8070/131072   ( 6.2%) 
leafbrushes           2104/65536        4208/131072   ( 3.2%) 
areas                    5/256            40/2048     ( 2.0%) 
surfedges            22216/512000      88864/2048000  ( 4.3%) 
edges                14014/256000      56056/1024000  ( 5.5%) 
LDR worldlights         23/8192         2024/720896   ( 0.3%) 
HDR worldlights          0/8192            0/720896   ( 0.0%) 
leafwaterdata            0/32768           0/393216   ( 0.0%) 
waterstrips            350/32768        3500/327680   ( 1.1%) 
waterverts               0/65536           0/786432   ( 0.0%) 
waterindices          6228/65536       12456/131072   ( 9.5%) 
cubemapsamples         117/1024         1872/16384    (11.4%) 
overlays                 7/512          2464/180224   ( 1.4%) 
LDR lightdata         [variable]     2283712/0        ( 0.0%) 
HDR lightdata         [variable]           0/0        ( 0.0%) 
visdata               [variable]          14/16777216 ( 0.0%) 
entdata               [variable]      127211/393216   (32.4%) 
LDR ambient table     1488/65536        5952/262144   ( 2.3%) 
HDR ambient table     1488/65536        5952/262144   ( 2.3%) 
LDR leaf ambient      4673/65536      130844/1835008  ( 7.1%) 
HDR leaf ambient      1488/65536       41664/1835008  ( 2.3%) 
occluders                0/0               0/0        ( 0.0%) 
occluder polygons        0/0               0/0        ( 0.0%) 
occluder vert ind        0/0               0/0        ( 0.0%) 
detail props          [variable]           1/12       ( 8.3%) 
static props          [variable]           1/8554     ( 0.0%) 
pakfile               [variable]    11348403/0        ( 0.0%) 
physics               [variable]      352106/4194304  ( 8.4%) 
physics terrain       [variable]         528/1048576  ( 0.1%) 

Level flags = 0

Total triangle count: 8250
Writing e:\tf2 mods and maps\maps\lfce fixed maps\d1_town_01a_d.bsp
20 seconds elapsed



materialPath: D:\Steam\steamapps\common\Source SDK Base 2013 Multiplayer\tf\materials
Loading E:\TF2 Mods and Maps\maps\LFCE Fixed Maps\d1_town_01a_d.vmf
ConVarRef mat_reduceparticles doesn't point to an existing ConVar
Could not locate GameData file tf_coop_extended.fgd
Patching WVT material: maps/d1_town_01a_d/nature/red_grass_wvt_patch
fixing up env_cubemap materials on brush sides...
0...1...2...3...4...5...6...7...8...9...100...1...2...3...4...5...6...7...8...9...10Processing areas...done (0)
Building Faces...done (0)
Chop Details...done (0)
Find Visible Detail Sides...
Merged 134 detail faces...done (0)
Merging details...done (0)
FixTjuncs...
PruneNodes...
WriteBSP...
done (0)
writing E:\TF2 Mods and Maps\maps\LFCE Fixed Maps\d1_town_01a_d.prt...Building visibility clusters...
done (0)
Creating default LDR cubemaps for env_cubemap using skybox materials:
   skybox/sky_day01_09_hdr*.vmt
 ! Run buildcubemaps in the engine to get the correct cube maps.
Creating default HDR cubemaps for env_cubemap using skybox materials:
   skybox/sky_day01_09_hdr*.vmt
 ! Run buildcubemaps in the engine to get the correct cube maps.
Finding displacement neighbors...
Finding lightmap sample positions...
Displacement Alpha : 0...1...2...3...4...5...6...7...8...9...10
Building Physics collision data...
done (1) (352106 bytes)
Placing detail props : 0...1...2...3...4...5...6...7...8...9...10
Compacting texture/material tables...
Reduced 1748 texinfos to 1058
Reduced 206 texdatas to 184 (8873 bytes to 8296)
Writing E:\TF2 Mods and Maps\maps\LFCE Fixed Maps\d1_town_01a_d.bsp
MSG_FILEWRITE - Filesystem was asked to write to 'E:\TF2 Mods and Maps\maps\LFCE Fixed Maps\d1_town_01a_d.bsp', but we don't own that location. Allowing.
Wrote ZIP buffer, estimated size 11394177, actual size 11348403
1 second elapsed



8 threads
reading e:\tf2 mods and maps\maps\lfce fixed maps\d1_town_01a_d.bsp
reading e:\tf2 mods and maps\maps\lfce fixed maps\d1_town_01a_d.prt
   1 portalclusters
   0 numportals
0...1...2...3...4...5...6...7...8...9...100...1...2...3...4...5...6...7...8...9...10Optimized: 0 visible clusters (0.00%)
Total clusters visible: 1
Average clusters visible: 1
Building PAS...
Average clusters audible: 1
visdatasize:14  compressed from 16
writing e:\tf2 mods and maps\maps\lfce fixed maps\d1_town_01a_d.bsp
MSG_FILEWRITE - Filesystem was asked to write to 'e:\tf2 mods and maps\maps\lfce fixed maps\d1_town_01a_d.bsp', but we don't own that location. Allowing.
0 seconds elapsed



[Reading texlights from 'lights.rad']
[50 texlights parsed from 'lights.rad']

Loading e:\tf2 mods and maps\maps\lfce fixed maps\d1_town_01a_d.bsp
2906 faces
381933 square feet [54998424.00 square inches]
2 Displacements
224 Square Feet [32274.83 Square Inches]
2906 patches before subdivision
32888 patches after subdivision
24 direct lights
0...1...2...3...4...5...6...7...8...9...100...1...2...3...4...5...6...7...8...9...10transfers 3636374, max 549
transfer lists:  27.7 megs
0...1...2...3...4...5...6...7...8...9...10	Bounce #1 added RGB(107657, 112069, 51088)
0...1...2...3...4...5...6...7...8...9...10	Bounce #2 added RGB(24419, 21439, 7449)
0...1...2...3...4...5...6...7...8...9...10	Bounce #3 added RGB(5388, 4354, 1229)
0...1...2...3...4...5...6...7...8...9...10	Bounce #4 added RGB(1556, 1219, 284)
0...1...2...3...4...5...6...7...8...9...10	Bounce #5 added RGB(485, 381, 77)
0...1...2...3...4...5...6...7...8...9...10	Bounce #6 added RGB(170, 135, 24)
0...1...2...3...4...5...6...7...8...9...10	Bounce #7 added RGB(61, 49, 8)
0...1...2...3...4...5...6...7...8...9...10	Bounce #8 added RGB(23, 19, 3)
0...1...2...3...4...5...6...7...8...9...10	Bounce #9 added RGB(9, 7, 1)
0...1...2...3...4...5...6...7...8...9...10	Bounce #10 added RGB(3, 3, 0)
0...1...2...3...4...5...6...7...8...9...10	Bounce #11 added RGB(1, 1, 0)
0...1...2...3...4...5...6...7...8...9...10	Bounce #12 added RGB(0, 0, 0)
Build Patch/Sample Hash Table(s).....Done<0.0060 sec>
0...1...2...3...4...5...6...7...8...9...10FinalLightFace Done
2 of 6 (33% of) surface lights went in leaf ambient cubes.
0...1...2...3...4...5...6...7...8...9...10Writing leaf ambient...done
Ready to Finish

Object names       Objects/Maxobjs  Memory / Maxmem  Fullness 
------------       ---------------  ---------------  -------- 
models                  51/1024         2448/49152    ( 5.0%) 
brushes                949/8192        11388/98304    (11.6%) 
brushsides            6780/65536       54240/524288   (10.3%) 
planes                3848/65536       76960/1310720  ( 5.9%) 
vertexes              5627/65536       67524/786432   ( 8.6%) 
nodes                 1436/65536       45952/2097152  ( 2.2%) 
texinfos              1058/12288       76176/884736   ( 8.6%) 
texdata                184/2048         5888/65536    ( 9.0%) 
dispinfos                2/0             352/0        ( 0.0%) 
disp_verts             106/0            2120/0        ( 0.0%) 
disp_tris              160/0             320/0        ( 0.0%) 
disp_lmsamples         760/0             760/0        ( 0.0%) 
faces                 2906/65536      162736/3670016  ( 4.4%) 
hdr faces                0/65536           0/3670016  ( 0.0%) 
origfaces             2046/65536      114576/3670016  ( 3.1%) 
leaves                1488/65536       47616/2097152  ( 2.3%) 
leaffaces             4035/65536        8070/131072   ( 6.2%) 
leafbrushes           2104/65536        4208/131072   ( 3.2%) 
areas                    5/256            40/2048     ( 2.0%) 
surfedges            22216/512000      88864/2048000  ( 4.3%) 
edges                14014/256000      56056/1024000  ( 5.5%) 
LDR worldlights         23/8192         2024/720896   ( 0.3%) 
HDR worldlights          0/8192            0/720896   ( 0.0%) 
leafwaterdata            0/32768           0/393216   ( 0.0%) 
waterstrips            350/32768        3500/327680   ( 1.1%) 
waterverts               0/65536           0/786432   ( 0.0%) 
waterindices          6228/65536       12456/131072   ( 9.5%) 
cubemapsamples         117/1024         1872/16384    (11.4%) 
overlays                 7/512          2464/180224   ( 1.4%) 
LDR lightdata         [variable]     2283712/0        ( 0.0%) 
HDR lightdata         [variable]           0/0        ( 0.0%) 
visdata               [variable]          14/16777216 ( 0.0%) 
entdata               [variable]      127211/393216   (32.4%) 
LDR ambient table     1488/65536        5952/262144   ( 2.3%) 
HDR ambient table     1488/65536        5952/262144   ( 2.3%) 
LDR leaf ambient      4673/65536      130844/1835008  ( 7.1%) 
HDR leaf ambient      1488/65536       41664/1835008  ( 2.3%) 
occluders                0/0               0/0        ( 0.0%) 
occluder polygons        0/0               0/0        ( 0.0%) 
occluder vert ind        0/0               0/0        ( 0.0%) 
detail props          [variable]           1/12       ( 8.3%) 
static props          [variable]           1/8554     ( 0.0%) 
pakfile               [variable]    11348403/0        ( 0.0%) 
physics               [variable]      352106/4194304  ( 8.4%) 
physics terrain       [variable]         528/1048576  ( 0.1%) 

Level flags = 0

Total triangle count: 8250
Writing e:\tf2 mods and maps\maps\lfce fixed maps\d1_town_01a_d.bsp
18 seconds elapsed



materialPath: D:\Steam\steamapps\common\Source SDK Base 2013 Multiplayer\tf\materials
Loading E:\TF2 Mods and Maps\maps\LFCE Fixed Maps\d1_town_01a_d.vmf
ConVarRef mat_reduceparticles doesn't point to an existing ConVar
Could not locate GameData file tf_coop_extended.fgd
Patching WVT material: maps/d1_town_01a_d/nature/red_grass_wvt_patch
fixing up env_cubemap materials on brush sides...
0...1...2...3...4...5...6...7...8...9...100...1...2...3...4...5...6...7...8...9...10Processing areas...done (0)
Building Faces...done (0)
Chop Details...done (0)
Find Visible Detail Sides...
Merged 134 detail faces...done (0)
Merging details...done (0)
FixTjuncs...
PruneNodes...
WriteBSP...
done (0)
writing E:\TF2 Mods and Maps\maps\LFCE Fixed Maps\d1_town_01a_d.prt...Building visibility clusters...
done (0)
Creating default LDR cubemaps for env_cubemap using skybox materials:
   skybox/sky_day01_09_hdr*.vmt
 ! Run buildcubemaps in the engine to get the correct cube maps.
Creating default HDR cubemaps for env_cubemap using skybox materials:
   skybox/sky_day01_09_hdr*.vmt
 ! Run buildcubemaps in the engine to get the correct cube maps.
Finding displacement neighbors...
Finding lightmap sample positions...
Displacement Alpha : 0...1...2...3...4...5...6...7...8...9...10
Building Physics collision data...
done (0) (352106 bytes)
Placing detail props : 0...1...2...3...4...5...6...7...8...9...10
Compacting texture/material tables...
Reduced 1748 texinfos to 1058
Reduced 206 texdatas to 184 (8873 bytes to 8296)
Writing E:\TF2 Mods and Maps\maps\LFCE Fixed Maps\d1_town_01a_d.bsp
MSG_FILEWRITE - Filesystem was asked to write to 'E:\TF2 Mods and Maps\maps\LFCE Fixed Maps\d1_town_01a_d.bsp', but we don't own that location. Allowing.
Wrote ZIP buffer, estimated size 11394177, actual size 11348403
1 second elapsed



8 threads
reading e:\tf2 mods and maps\maps\lfce fixed maps\d1_town_01a_d.bsp
reading e:\tf2 mods and maps\maps\lfce fixed maps\d1_town_01a_d.prt
   1 portalclusters
   0 numportals
0...1...2...3...4...5...6...7...8...9...100...1...2...3...4...5...6...7...8...9...10Optimized: 0 visible clusters (0.00%)
Total clusters visible: 1
Average clusters visible: 1
Building PAS...
Average clusters audible: 1
visdatasize:14  compressed from 16
writing e:\tf2 mods and maps\maps\lfce fixed maps\d1_town_01a_d.bsp
MSG_FILEWRITE - Filesystem was asked to write to 'e:\tf2 mods and maps\maps\lfce fixed maps\d1_town_01a_d.bsp', but we don't own that location. Allowing.
0 seconds elapsed



[Reading texlights from 'lights.rad']
[50 texlights parsed from 'lights.rad']

Loading e:\tf2 mods and maps\maps\lfce fixed maps\d1_town_01a_d.bsp
2906 faces
382015 square feet [55010256.00 square inches]
2 Displacements
224 Square Feet [32274.83 Square Inches]
2906 patches before subdivision
32888 patches after subdivision
24 direct lights
0...1...2...3...4...5...6...7...8...9...100...1...2...3...4...5...6...7...8...9...10transfers 3636363, max 549
transfer lists:  27.7 megs
0...1...2...3...4...5...6...7...8...9...10	Bounce #1 added RGB(107659, 112070, 51088)
0...1...2...3...4...5...6...7...8...9...10	Bounce #2 added RGB(24420, 21439, 7449)
0...1...2...3...4...5...6...7...8...9...10	Bounce #3 added RGB(5388, 4354, 1229)
0...1...2...3...4...5...6...7...8...9...10	Bounce #4 added RGB(1556, 1219, 284)
0...1...2...3...4...5...6...7...8...9...10	Bounce #5 added RGB(485, 381, 77)
0...1...2...3...4...5...6...7...8...9...10	Bounce #6 added RGB(170, 135, 24)
0...1...2...3...4...5...6...7...8...9...10	Bounce #7 added RGB(61, 49, 8)
0...1...2...3...4...5...6...7...8...9...10	Bounce #8 added RGB(23, 19, 3)
0...1...2...3...4...5...6...7...8...9...10	Bounce #9 added RGB(9, 7, 1)
0...1...2...3...4...5...6...7...8...9...10	Bounce #10 added RGB(3, 3, 0)
0...1...2...3...4...5...6...7...8...9...10	Bounce #11 added RGB(1, 1, 0)
0...1...2...3...4...5...6...7...8...9...10	Bounce #12 added RGB(0, 0, 0)
Build Patch/Sample Hash Table(s).....Done<0.0061 sec>
0...1...2...3...4...5...6...7...8...9...10FinalLightFace Done
2 of 6 (33% of) surface lights went in leaf ambient cubes.
0...1...2...3...4...5...6...7...8...9...10Writing leaf ambient...done
Ready to Finish

Object names       Objects/Maxobjs  Memory / Maxmem  Fullness 
------------       ---------------  ---------------  -------- 
models                  51/1024         2448/49152    ( 5.0%) 
brushes                949/8192        11388/98304    (11.6%) 
brushsides            6780/65536       54240/524288   (10.3%) 
planes                3850/65536       77000/1310720  ( 5.9%) 
vertexes              5627/65536       67524/786432   ( 8.6%) 
nodes                 1436/65536       45952/2097152  ( 2.2%) 
texinfos              1058/12288       76176/884736   ( 8.6%) 
texdata                184/2048         5888/65536    ( 9.0%) 
dispinfos                2/0             352/0        ( 0.0%) 
disp_verts             106/0            2120/0        ( 0.0%) 
disp_tris              160/0             320/0        ( 0.0%) 
disp_lmsamples         760/0             760/0        ( 0.0%) 
faces                 2906/65536      162736/3670016  ( 4.4%) 
hdr faces                0/65536           0/3670016  ( 0.0%) 
origfaces             2046/65536      114576/3670016  ( 3.1%) 
leaves                1488/65536       47616/2097152  ( 2.3%) 
leaffaces             4035/65536        8070/131072   ( 6.2%) 
leafbrushes           2104/65536        4208/131072   ( 3.2%) 
areas                    5/256            40/2048     ( 2.0%) 
surfedges            22216/512000      88864/2048000  ( 4.3%) 
edges                14014/256000      56056/1024000  ( 5.5%) 
LDR worldlights         23/8192         2024/720896   ( 0.3%) 
HDR worldlights          0/8192            0/720896   ( 0.0%) 
leafwaterdata            0/32768           0/393216   ( 0.0%) 
waterstrips            350/32768        3500/327680   ( 1.1%) 
waterverts               0/65536           0/786432   ( 0.0%) 
waterindices          6228/65536       12456/131072   ( 9.5%) 
cubemapsamples         117/1024         1872/16384    (11.4%) 
overlays                 7/512          2464/180224   ( 1.4%) 
LDR lightdata         [variable]     2283712/0        ( 0.0%) 
HDR lightdata         [variable]           0/0        ( 0.0%) 
visdata               [variable]          14/16777216 ( 0.0%) 
entdata               [variable]      127311/393216   (32.4%) 
LDR ambient table     1488/65536        5952/262144   ( 2.3%) 
HDR ambient table     1488/65536        5952/262144   ( 2.3%) 
LDR leaf ambient      4673/65536      130844/1835008  ( 7.1%) 
HDR leaf ambient      1488/65536       41664/1835008  ( 2.3%) 
occluders                0/0               0/0        ( 0.0%) 
occluder polygons        0/0               0/0        ( 0.0%) 
occluder vert ind        0/0               0/0        ( 0.0%) 
detail props          [variable]           1/12       ( 8.3%) 
static props          [variable]           1/8554     ( 0.0%) 
pakfile               [variable]    11348403/0        ( 0.0%) 
physics               [variable]      352106/4194304  ( 8.4%) 
physics terrain       [variable]         528/1048576  ( 0.1%) 

Level flags = 0

Total triangle count: 8250
Writing e:\tf2 mods and maps\maps\lfce fixed maps\d1_town_01a_d.bsp
19 seconds elapsed



materialPath: D:\Steam\steamapps\common\Source SDK Base 2013 Multiplayer\tf\materials
Loading E:\TF2 Mods and Maps\maps\LFCE Fixed Maps\d1_town_01a_d.vmf
ConVarRef mat_reduceparticles doesn't point to an existing ConVar
Could not locate GameData file tf_coop_extended.fgd
Patching WVT material: maps/d1_town_01a_d/nature/red_grass_wvt_patch
fixing up env_cubemap materials on brush sides...
0...1...2...3...4...5...6...7...8...9...100...1...2...3...4...5...6...7...8...9...10Processing areas...done (0)
Building Faces...done (0)
Chop Details...done (0)
Find Visible Detail Sides...
Merged 134 detail faces...done (0)
Merging details...done (0)
FixTjuncs...
PruneNodes...
WriteBSP...
done (0)
writing E:\TF2 Mods and Maps\maps\LFCE Fixed Maps\d1_town_01a_d.prt...Building visibility clusters...
done (0)
Creating default LDR cubemaps for env_cubemap using skybox materials:
   skybox/sky_day01_09_hdr*.vmt
 ! Run buildcubemaps in the engine to get the correct cube maps.
Creating default HDR cubemaps for env_cubemap using skybox materials:
   skybox/sky_day01_09_hdr*.vmt
 ! Run buildcubemaps in the engine to get the correct cube maps.
Finding displacement neighbors...
Finding lightmap sample positions...
Displacement Alpha : 0...1...2...3...4...5...6...7...8...9...10
Building Physics collision data...
done (1) (352106 bytes)
Placing detail props : 0...1...2...3...4...5...6...7...8...9...10
Compacting texture/material tables...
Reduced 1748 texinfos to 1058
Reduced 206 texdatas to 184 (8873 bytes to 8296)
Writing E:\TF2 Mods and Maps\maps\LFCE Fixed Maps\d1_town_01a_d.bsp
MSG_FILEWRITE - Filesystem was asked to write to 'E:\TF2 Mods and Maps\maps\LFCE Fixed Maps\d1_town_01a_d.bsp', but we don't own that location. Allowing.
Wrote ZIP buffer, estimated size 11394177, actual size 11348403
1 second elapsed



8 threads
reading e:\tf2 mods and maps\maps\lfce fixed maps\d1_town_01a_d.bsp
reading e:\tf2 mods and maps\maps\lfce fixed maps\d1_town_01a_d.prt
   1 portalclusters
   0 numportals
0...1...2...3...4...5...6...7...8...9...100...1...2...3...4...5...6...7...8...9...10Optimized: 0 visible clusters (0.00%)
Total clusters visible: 1
Average clusters visible: 1
Building PAS...
Average clusters audible: 1
visdatasize:14  compressed from 16
writing e:\tf2 mods and maps\maps\lfce fixed maps\d1_town_01a_d.bsp
MSG_FILEWRITE - Filesystem was asked to write to 'e:\tf2 mods and maps\maps\lfce fixed maps\d1_town_01a_d.bsp', but we don't own that location. Allowing.
0 seconds elapsed



[Reading texlights from 'lights.rad']
[50 texlights parsed from 'lights.rad']

Loading e:\tf2 mods and maps\maps\lfce fixed maps\d1_town_01a_d.bsp
2906 faces
382146 square feet [55029120.00 square inches]
2 Displacements
224 Square Feet [32274.83 Square Inches]
2906 patches before subdivision
32888 patches after subdivision
24 direct lights
0...1...2...3...4...5...6...7...8...9...100...1...2...3...4...5...6...7...8...9...10transfers 3636055, max 549
transfer lists:  27.7 megs
0...1...2...3...4...5...6...7...8...9...10	Bounce #1 added RGB(107654, 112067, 51087)
0...1...2...3...4...5...6...7...8...9...10	Bounce #2 added RGB(24419, 21438, 7449)
0...1...2...3...4...5...6...7...8...9...10	Bounce #3 added RGB(5388, 4354, 1229)
0...1...2...3...4...5...6...7...8...9...10	Bounce #4 added RGB(1556, 1219, 284)
0...1...2...3...4...5...6...7...8...9...10	Bounce #5 added RGB(485, 381, 77)
0...1...2...3...4...5...6...7...8...9...10	Bounce #6 added RGB(170, 135, 24)
0...1...2...3...4...5...6...7...8...9...10	Bounce #7 added RGB(61, 49, 8)
0...1...2...3...4...5...6...7...8...9...10	Bounce #8 added RGB(23, 19, 3)
0...1...2...3...4...5...6...7...8...9...10	Bounce #9 added RGB(9, 7, 1)
0...1...2...3...4...5...6...7...8...9...10	Bounce #10 added RGB(3, 3, 0)
0...1...2...3...4...5...6...7...8...9...10	Bounce #11 added RGB(1, 1, 0)
0...1...2...3...4...5...6...7...8...9...10	Bounce #12 added RGB(0, 0, 0)
Build Patch/Sample Hash Table(s).....Done<0.0052 sec>
0...1...2...3...4...5...6...7...8...9...10FinalLightFace Done
2 of 6 (33% of) surface lights went in leaf ambient cubes.
0...1...2...3...4...5...6...7...8...9...10Writing leaf ambient...done
Ready to Finish

Object names       Objects/Maxobjs  Memory / Maxmem  Fullness 
------------       ---------------  ---------------  -------- 
models                  51/1024         2448/49152    ( 5.0%) 
brushes                949/8192        11388/98304    (11.6%) 
brushsides            6780/65536       54240/524288   (10.3%) 
planes                3844/65536       76880/1310720  ( 5.9%) 
vertexes              5627/65536       67524/786432   ( 8.6%) 
nodes                 1436/65536       45952/2097152  ( 2.2%) 
texinfos              1058/12288       76176/884736   ( 8.6%) 
texdata                184/2048         5888/65536    ( 9.0%) 
dispinfos                2/0             352/0        ( 0.0%) 
disp_verts             106/0            2120/0        ( 0.0%) 
disp_tris              160/0             320/0        ( 0.0%) 
disp_lmsamples         760/0             760/0        ( 0.0%) 
faces                 2906/65536      162736/3670016  ( 4.4%) 
hdr faces                0/65536           0/3670016  ( 0.0%) 
origfaces             2046/65536      114576/3670016  ( 3.1%) 
leaves                1488/65536       47616/2097152  ( 2.3%) 
leaffaces             4035/65536        8070/131072   ( 6.2%) 
leafbrushes           2104/65536        4208/131072   ( 3.2%) 
areas                    5/256            40/2048     ( 2.0%) 
surfedges            22216/512000      88864/2048000  ( 4.3%) 
edges                14014/256000      56056/1024000  ( 5.5%) 
LDR worldlights         23/8192         2024/720896   ( 0.3%) 
HDR worldlights          0/8192            0/720896   ( 0.0%) 
leafwaterdata            0/32768           0/393216   ( 0.0%) 
waterstrips            350/32768        3500/327680   ( 1.1%) 
waterverts               0/65536           0/786432   ( 0.0%) 
waterindices          6228/65536       12456/131072   ( 9.5%) 
cubemapsamples         117/1024         1872/16384    (11.4%) 
overlays                 7/512          2464/180224   ( 1.4%) 
LDR lightdata         [variable]     2283712/0        ( 0.0%) 
HDR lightdata         [variable]           0/0        ( 0.0%) 
visdata               [variable]          14/16777216 ( 0.0%) 
entdata               [variable]      127309/393216   (32.4%) 
LDR ambient table     1488/65536        5952/262144   ( 2.3%) 
HDR ambient table     1488/65536        5952/262144   ( 2.3%) 
LDR leaf ambient      4673/65536      130844/1835008  ( 7.1%) 
HDR leaf ambient      1488/65536       41664/1835008  ( 2.3%) 
occluders                0/0               0/0        ( 0.0%) 
occluder polygons        0/0               0/0        ( 0.0%) 
occluder vert ind        0/0               0/0        ( 0.0%) 
detail props          [variable]           1/12       ( 8.3%) 
static props          [variable]           1/8554     ( 0.0%) 
pakfile               [variable]    11348403/0        ( 0.0%) 
physics               [variable]      352106/4194304  ( 8.4%) 
physics terrain       [variable]         528/1048576  ( 0.1%) 

Level flags = 0

Total triangle count: 8250
Writing e:\tf2 mods and maps\maps\lfce fixed maps\d1_town_01a_d.bsp
18 seconds elapsed



materialPath: D:\Steam\steamapps\common\Source SDK Base 2013 Multiplayer\tf\materials
Loading E:\TF2 Mods and Maps\maps\LFCE Fixed Maps\d1_town_01a_d.vmf
ConVarRef mat_reduceparticles doesn't point to an existing ConVar
Could not locate GameData file tf_coop_extended.fgd
Patching WVT material: maps/d1_town_01a_d/nature/red_grass_wvt_patch
fixing up env_cubemap materials on brush sides...
0...1...2...3...4...5...6...7...8...9...100...1...2...3...4...5...6...7...8...9...10Processing areas...done (0)
Building Faces...done (0)
Chop Details...done (0)
Find Visible Detail Sides...
Merged 134 detail faces...done (0)
Merging details...done (0)
FixTjuncs...
PruneNodes...
WriteBSP...
done (0)
writing E:\TF2 Mods and Maps\maps\LFCE Fixed Maps\d1_town_01a_d.prt...Building visibility clusters...
done (0)
Creating default LDR cubemaps for env_cubemap using skybox materials:
   skybox/sky_day01_09_hdr*.vmt
 ! Run buildcubemaps in the engine to get the correct cube maps.
Creating default HDR cubemaps for env_cubemap using skybox materials:
   skybox/sky_day01_09_hdr*.vmt
 ! Run buildcubemaps in the engine to get the correct cube maps.
Finding displacement neighbors...
Finding lightmap sample positions...
Displacement Alpha : 0...1...2...3...4...5...6...7...8...9...10
Building Physics collision data...
done (1) (352106 bytes)
Placing detail props : 0...1...2...3...4...5...6...7...8...9...10
Compacting texture/material tables...
Reduced 1748 texinfos to 1058
Reduced 206 texdatas to 184 (8873 bytes to 8296)
Writing E:\TF2 Mods and Maps\maps\LFCE Fixed Maps\d1_town_01a_d.bsp
MSG_FILEWRITE - Filesystem was asked to write to 'E:\TF2 Mods and Maps\maps\LFCE Fixed Maps\d1_town_01a_d.bsp', but we don't own that location. Allowing.
Wrote ZIP buffer, estimated size 11394177, actual size 11348403
1 second elapsed



8 threads
reading e:\tf2 mods and maps\maps\lfce fixed maps\d1_town_01a_d.bsp
reading e:\tf2 mods and maps\maps\lfce fixed maps\d1_town_01a_d.prt
   1 portalclusters
   0 numportals
0...1...2...3...4...5...6...7...8...9...100...1...2...3...4...5...6...7...8...9...10Optimized: 0 visible clusters (0.00%)
Total clusters visible: 1
Average clusters visible: 1
Building PAS...
Average clusters audible: 1
visdatasize:14  compressed from 16
writing e:\tf2 mods and maps\maps\lfce fixed maps\d1_town_01a_d.bsp
MSG_FILEWRITE - Filesystem was asked to write to 'e:\tf2 mods and maps\maps\lfce fixed maps\d1_town_01a_d.bsp', but we don't own that location. Allowing.
0 seconds elapsed



[Reading texlights from 'lights.rad']
[50 texlights parsed from 'lights.rad']

Loading e:\tf2 mods and maps\maps\lfce fixed maps\d1_town_01a_d.bsp
2906 faces
382146 square feet [55029120.00 square inches]
2 Displacements
224 Square Feet [32274.83 Square Inches]
2906 patches before subdivision
32888 patches after subdivision
24 direct lights
0...1...2...3...4...5...6...7...8...9...100...1...2...3...4...5...6...7...8...9...10transfers 3636055, max 549
transfer lists:  27.7 megs
0...1...2...3...4...5...6...7...8...9...10	Bounce #1 added RGB(107111, 111628, 50828)
0...1...2...3...4...5...6...7...8...9...10	Bounce #2 added RGB(24226, 21326, 7403)
0...1...2...3...4...5...6...7...8...9...10	Bounce #3 added RGB(5329, 4328, 1222)
0...1...2...3...4...5...6...7...8...9...10	Bounce #4 added RGB(1538, 1213, 283)
0...1...2...3...4...5...6...7...8...9...10	Bounce #5 added RGB(480, 380, 77)
0...1...2...3...4...5...6...7...8...9...10	Bounce #6 added RGB(168, 135, 24)
0...1...2...3...4...5...6...7...8...9...10	Bounce #7 added RGB(61, 49, 8)
0...1...2...3...4...5...6...7...8...9...10	Bounce #8 added RGB(23, 19, 3)
0...1...2...3...4...5...6...7...8...9...10	Bounce #9 added RGB(9, 7, 1)
0...1...2...3...4...5...6...7...8...9...10	Bounce #10 added RGB(3, 3, 0)
0...1...2...3...4...5...6...7...8...9...10	Bounce #11 added RGB(1, 1, 0)
0...1...2...3...4...5...6...7...8...9...10	Bounce #12 added RGB(0, 0, 0)
Build Patch/Sample Hash Table(s).....Done<0.0054 sec>
0...1...2...3...4...5...6...7...8...9...10FinalLightFace Done
2 of 6 (33% of) surface lights went in leaf ambient cubes.
0...1...2...3...4...5...6...7...8...9...10Writing leaf ambient...done
Ready to Finish

Object names       Objects/Maxobjs  Memory / Maxmem  Fullness 
------------       ---------------  ---------------  -------- 
models                  51/1024         2448/49152    ( 5.0%) 
brushes                949/8192        11388/98304    (11.6%) 
brushsides            6780/65536       54240/524288   (10.3%) 
planes                3844/65536       76880/1310720  ( 5.9%) 
vertexes              5627/65536       67524/786432   ( 8.6%) 
nodes                 1436/65536       45952/2097152  ( 2.2%) 
texinfos              1058/12288       76176/884736   ( 8.6%) 
texdata                184/2048         5888/65536    ( 9.0%) 
dispinfos                2/0             352/0        ( 0.0%) 
disp_verts             106/0            2120/0        ( 0.0%) 
disp_tris              160/0             320/0        ( 0.0%) 
disp_lmsamples         760/0             760/0        ( 0.0%) 
faces                 2906/65536      162736/3670016  ( 4.4%) 
hdr faces                0/65536           0/3670016  ( 0.0%) 
origfaces             2046/65536      114576/3670016  ( 3.1%) 
leaves                1488/65536       47616/2097152  ( 2.3%) 
leaffaces             4035/65536        8070/131072   ( 6.2%) 
leafbrushes           2104/65536        4208/131072   ( 3.2%) 
areas                    5/256            40/2048     ( 2.0%) 
surfedges            22216/512000      88864/2048000  ( 4.3%) 
edges                14014/256000      56056/1024000  ( 5.5%) 
LDR worldlights         23/8192         2024/720896   ( 0.3%) 
HDR worldlights          0/8192            0/720896   ( 0.0%) 
leafwaterdata            0/32768           0/393216   ( 0.0%) 
waterstrips            350/32768        3500/327680   ( 1.1%) 
waterverts               0/65536           0/786432   ( 0.0%) 
waterindices          6228/65536       12456/131072   ( 9.5%) 
cubemapsamples         117/1024         1872/16384    (11.4%) 
overlays                 7/512          2464/180224   ( 1.4%) 
LDR lightdata         [variable]     2283712/0        ( 0.0%) 
HDR lightdata         [variable]           0/0        ( 0.0%) 
visdata               [variable]          14/16777216 ( 0.0%) 
entdata               [variable]      127313/393216   (32.4%) 
LDR ambient table     1488/65536        5952/262144   ( 2.3%) 
HDR ambient table     1488/65536        5952/262144   ( 2.3%) 
LDR leaf ambient      4670/65536      130760/1835008  ( 7.1%) 
HDR leaf ambient      1488/65536       41664/1835008  ( 2.3%) 
occluders                0/0               0/0        ( 0.0%) 
occluder polygons        0/0               0/0        ( 0.0%) 
occluder vert ind        0/0               0/0        ( 0.0%) 
detail props          [variable]           1/12       ( 8.3%) 
static props          [variable]           1/8554     ( 0.0%) 
pakfile               [variable]    11348403/0        ( 0.0%) 
physics               [variable]      352106/4194304  ( 8.4%) 
physics terrain       [variable]         528/1048576  ( 0.1%) 

Level flags = 0

Total triangle count: 8250
Writing e:\tf2 mods and maps\maps\lfce fixed maps\d1_town_01a_d.bsp
19 seconds elapsed



materialPath: D:\Steam\steamapps\common\Source SDK Base 2013 Multiplayer\tf\materials
Loading E:\TF2 Mods and Maps\maps\LFCE Fixed Maps\d1_town_01a_d.vmf
ConVarRef mat_reduceparticles doesn't point to an existing ConVar
Could not locate GameData file tf_coop_extended.fgd
Patching WVT material: maps/d1_town_01a_d/nature/red_grass_wvt_patch
fixing up env_cubemap materials on brush sides...
0...1...2...3...4...5...6...7...8...9...100...1...2...3...4...5...6...7...8...9...10Processing areas...done (0)
Building Faces...done (0)
Chop Details...done (0)
Find Visible Detail Sides...
Merged 134 detail faces...done (0)
Merging details...done (0)
FixTjuncs...
PruneNodes...
WriteBSP...
done (0)
writing E:\TF2 Mods and Maps\maps\LFCE Fixed Maps\d1_town_01a_d.prt...Building visibility clusters...
done (1)
Creating default LDR cubemaps for env_cubemap using skybox materials:
   skybox/sky_day01_09_hdr*.vmt
 ! Run buildcubemaps in the engine to get the correct cube maps.
Creating default HDR cubemaps for env_cubemap using skybox materials:
   skybox/sky_day01_09_hdr*.vmt
 ! Run buildcubemaps in the engine to get the correct cube maps.
Finding displacement neighbors...
Finding lightmap sample positions...
Displacement Alpha : 0...1...2...3...4...5...6...7...8...9...10
Building Physics collision data...
done (0) (352106 bytes)
Placing detail props : 0...1...2...3...4...5...6...7...8...9...10
Compacting texture/material tables...
Reduced 1748 texinfos to 1058
Reduced 206 texdatas to 184 (8873 bytes to 8296)
Writing E:\TF2 Mods and Maps\maps\LFCE Fixed Maps\d1_town_01a_d.bsp
MSG_FILEWRITE - Filesystem was asked to write to 'E:\TF2 Mods and Maps\maps\LFCE Fixed Maps\d1_town_01a_d.bsp', but we don't own that location. Allowing.
Wrote ZIP buffer, estimated size 11394177, actual size 11348403
2 seconds elapsed



8 threads
reading e:\tf2 mods and maps\maps\lfce fixed maps\d1_town_01a_d.bsp
reading e:\tf2 mods and maps\maps\lfce fixed maps\d1_town_01a_d.prt
   1 portalclusters
   0 numportals
0...1...2...3...4...5...6...7...8...9...100...1...2...3...4...5...6...7...8...9...10Optimized: 0 visible clusters (0.00%)
Total clusters visible: 1
Average clusters visible: 1
Building PAS...
Average clusters audible: 1
visdatasize:14  compressed from 16
writing e:\tf2 mods and maps\maps\lfce fixed maps\d1_town_01a_d.bsp
MSG_FILEWRITE - Filesystem was asked to write to 'e:\tf2 mods and maps\maps\lfce fixed maps\d1_town_01a_d.bsp', but we don't own that location. Allowing.
0 seconds elapsed



[Reading texlights from 'lights.rad']
[50 texlights parsed from 'lights.rad']

Loading e:\tf2 mods and maps\maps\lfce fixed maps\d1_town_01a_d.bsp
2906 faces
382146 square feet [55029120.00 square inches]
2 Displacements
224 Square Feet [32274.83 Square Inches]
2906 patches before subdivision
32888 patches after subdivision
23 direct lights
0...1...2...3...4...5...6...7...8...9...100...1...2...3...4...5...6...7...8...9...10transfers 3636055, max 549
transfer lists:  27.7 megs
0...1...2...3...4...5...6...7...8...9...10	Bounce #1 added RGB(105935, 110728, 50247)
0...1...2...3...4...5...6...7...8...9...10	Bounce #2 added RGB(23854, 21113, 7312)
0...1...2...3...4...5...6...7...8...9...10	Bounce #3 added RGB(5218, 4279, 1208)
0...1...2...3...4...5...6...7...8...9...10	Bounce #4 added RGB(1506, 1203, 281)
0...1...2...3...4...5...6...7...8...9...10	Bounce #5 added RGB(471, 378, 77)
0...1...2...3...4...5...6...7...8...9...10	Bounce #6 added RGB(166, 135, 24)
0...1...2...3...4...5...6...7...8...9...10	Bounce #7 added RGB(60, 49, 8)
0...1...2...3...4...5...6...7...8...9...10	Bounce #8 added RGB(23, 19, 3)
0...1...2...3...4...5...6...7...8...9...10	Bounce #9 added RGB(9, 7, 1)
0...1...2...3...4...5...6...7...8...9...10	Bounce #10 added RGB(3, 3, 0)
0...1...2...3...4...5...6...7...8...9...10	Bounce #11 added RGB(1, 1, 0)
0...1...2...3...4...5...6...7...8...9...10	Bounce #12 added RGB(0, 0, 0)
Build Patch/Sample Hash Table(s).....Done<0.0052 sec>
0...1...2...3...4...5...6...7...8...9...10FinalLightFace Done
2 of 6 (33% of) surface lights went in leaf ambient cubes.
0...1...2...3...4...5...6...7...8...9...10Writing leaf ambient...done
Ready to Finish

Object names       Objects/Maxobjs  Memory / Maxmem  Fullness 
------------       ---------------  ---------------  -------- 
models                  51/1024         2448/49152    ( 5.0%) 
brushes                949/8192        11388/98304    (11.6%) 
brushsides            6780/65536       54240/524288   (10.3%) 
planes                3844/65536       76880/1310720  ( 5.9%) 
vertexes              5627/65536       67524/786432   ( 8.6%) 
nodes                 1436/65536       45952/2097152  ( 2.2%) 
texinfos              1058/12288       76176/884736   ( 8.6%) 
texdata                184/2048         5888/65536    ( 9.0%) 
dispinfos                2/0             352/0        ( 0.0%) 
disp_verts             106/0            2120/0        ( 0.0%) 
disp_tris              160/0             320/0        ( 0.0%) 
disp_lmsamples         760/0             760/0        ( 0.0%) 
faces                 2906/65536      162736/3670016  ( 4.4%) 
hdr faces                0/65536           0/3670016  ( 0.0%) 
origfaces             2046/65536      114576/3670016  ( 3.1%) 
leaves                1488/65536       47616/2097152  ( 2.3%) 
leaffaces             4035/65536        8070/131072   ( 6.2%) 
leafbrushes           2104/65536        4208/131072   ( 3.2%) 
areas                    5/256            40/2048     ( 2.0%) 
surfedges            22216/512000      88864/2048000  ( 4.3%) 
edges                14014/256000      56056/1024000  ( 5.5%) 
LDR worldlights         22/8192         1936/720896   ( 0.3%) 
HDR worldlights          0/8192            0/720896   ( 0.0%) 
leafwaterdata            0/32768           0/393216   ( 0.0%) 
waterstrips            350/32768        3500/327680   ( 1.1%) 
waterverts               0/65536           0/786432   ( 0.0%) 
waterindices          6228/65536       12456/131072   ( 9.5%) 
cubemapsamples         117/1024         1872/16384    (11.4%) 
overlays                 7/512          2464/180224   ( 1.4%) 
LDR lightdata         [variable]     2283712/0        ( 0.0%) 
HDR lightdata         [variable]           0/0        ( 0.0%) 
visdata               [variable]          14/16777216 ( 0.0%) 
entdata               [variable]      127063/393216   (32.3%) 
LDR ambient table     1488/65536        5952/262144   ( 2.3%) 
HDR ambient table     1488/65536        5952/262144   ( 2.3%) 
LDR leaf ambient      4670/65536      130760/1835008  ( 7.1%) 
HDR leaf ambient      1488/65536       41664/1835008  ( 2.3%) 
occluders                0/0               0/0        ( 0.0%) 
occluder polygons        0/0               0/0        ( 0.0%) 
occluder vert ind        0/0               0/0        ( 0.0%) 
detail props          [variable]           1/12       ( 8.3%) 
static props          [variable]           1/8554     ( 0.0%) 
pakfile               [variable]    11348403/0        ( 0.0%) 
physics               [variable]      352106/4194304  ( 8.4%) 
physics terrain       [variable]         528/1048576  ( 0.1%) 

Level flags = 0

Total triangle count: 8250
Writing e:\tf2 mods and maps\maps\lfce fixed maps\d1_town_01a_d.bsp
19 seconds elapsed



materialPath: D:\Steam\steamapps\common\Source SDK Base 2013 Multiplayer\tf\materials
Loading E:\TF2 Mods and Maps\maps\LFCE Fixed Maps\d1_town_01a_d.vmf
ConVarRef mat_reduceparticles doesn't point to an existing ConVar
Could not locate GameData file tf_coop_extended.fgd
Patching WVT material: maps/d1_town_01a_d/nature/red_grass_wvt_patch
fixing up env_cubemap materials on brush sides...
0...1...2...3...4...5...6...7...8...9...100...1...2...3...4...5...6...7...8...9...10Processing areas...done (0)
Building Faces...done (0)
Chop Details...done (0)
Find Visible Detail Sides...
Merged 134 detail faces...done (0)
Merging details...done (0)
FixTjuncs...
PruneNodes...
WriteBSP...
done (0)
writing E:\TF2 Mods and Maps\maps\LFCE Fixed Maps\d1_town_01a_d.prt...Building visibility clusters...
done (0)
Creating default LDR cubemaps for env_cubemap using skybox materials:
   skybox/sky_day01_09_hdr*.vmt
 ! Run buildcubemaps in the engine to get the correct cube maps.
Creating default HDR cubemaps for env_cubemap using skybox materials:
   skybox/sky_day01_09_hdr*.vmt
 ! Run buildcubemaps in the engine to get the correct cube maps.
Finding displacement neighbors...
Finding lightmap sample positions...
Displacement Alpha : 0...1...2...3...4...5...6...7...8...9...10
Building Physics collision data...
done (0) (352107 bytes)
Placing detail props : 0...1...2...3...4...5...6...7...8...9...10
Compacting texture/material tables...
Reduced 1743 texinfos to 1058
Reduced 206 texdatas to 184 (8873 bytes to 8296)
Writing E:\TF2 Mods and Maps\maps\LFCE Fixed Maps\d1_town_01a_d.bsp
MSG_FILEWRITE - Filesystem was asked to write to 'E:\TF2 Mods and Maps\maps\LFCE Fixed Maps\d1_town_01a_d.bsp', but we don't own that location. Allowing.
Wrote ZIP buffer, estimated size 11394177, actual size 11348403
1 second elapsed



8 threads
reading e:\tf2 mods and maps\maps\lfce fixed maps\d1_town_01a_d.bsp
reading e:\tf2 mods and maps\maps\lfce fixed maps\d1_town_01a_d.prt
   1 portalclusters
   0 numportals
0...1...2...3...4...5...6...7...8...9...100...1...2...3...4...5...6...7...8...9...10Optimized: 0 visible clusters (0.00%)
Total clusters visible: 1
Average clusters visible: 1
Building PAS...
Average clusters audible: 1
visdatasize:14  compressed from 16
writing e:\tf2 mods and maps\maps\lfce fixed maps\d1_town_01a_d.bsp
MSG_FILEWRITE - Filesystem was asked to write to 'e:\tf2 mods and maps\maps\lfce fixed maps\d1_town_01a_d.bsp', but we don't own that location. Allowing.
0 seconds elapsed



[Reading texlights from 'lights.rad']
[50 texlights parsed from 'lights.rad']

Loading e:\tf2 mods and maps\maps\lfce fixed maps\d1_town_01a_d.bsp
2906 faces
382889 square feet [55136128.00 square inches]
2 Displacements
224 Square Feet [32274.83 Square Inches]
2906 patches before subdivision
32888 patches after subdivision
23 direct lights
0...1...2...3...4...5...6...7...8...9...100...1...2...3...4...5...6...7...8...9...10transfers 3635999, max 549
transfer lists:  27.7 megs
0...1...2...3...4...5...6...7...8...9...10	Bounce #1 added RGB(105927, 110722, 50246)
0...1...2...3...4...5...6...7...8...9...10	Bounce #2 added RGB(23855, 21114, 7312)
0...1...2...3...4...5...6...7...8...9...10	Bounce #3 added RGB(5218, 4279, 1208)
0...1...2...3...4...5...6...7...8...9...10	Bounce #4 added RGB(1506, 1202, 281)
0...1...2...3...4...5...6...7...8...9...10	Bounce #5 added RGB(471, 378, 77)
0...1...2...3...4...5...6...7...8...9...10	Bounce #6 added RGB(166, 135, 24)
0...1...2...3...4...5...6...7...8...9...10	Bounce #7 added RGB(60, 49, 8)
0...1...2...3...4...5...6...7...8...9...10	Bounce #8 added RGB(23, 19, 3)
0...1...2...3...4...5...6...7...8...9...10	Bounce #9 added RGB(9, 7, 1)
0...1...2...3...4...5...6...7...8...9...10	Bounce #10 added RGB(3, 3, 0)
0...1...2...3...4...5...6...7...8...9...10	Bounce #11 added RGB(1, 1, 0)
0...1...2...3...4...5...6...7...8...9...10	Bounce #12 added RGB(0, 0, 0)
Build Patch/Sample Hash Table(s).....Done<0.0058 sec>
0...1...2...3...4...5...6...7...8...9...10FinalLightFace Done
2 of 6 (33% of) surface lights went in leaf ambient cubes.
0...1...2...3...4...5...6...7...8...9...10Writing leaf ambient...done
Ready to Finish

Object names       Objects/Maxobjs  Memory / Maxmem  Fullness 
------------       ---------------  ---------------  -------- 
models                  51/1024         2448/49152    ( 5.0%) 
brushes                949/8192        11388/98304    (11.6%) 
brushsides            6780/65536       54240/524288   (10.3%) 
planes                3844/65536       76880/1310720  ( 5.9%) 
vertexes              5627/65536       67524/786432   ( 8.6%) 
nodes                 1436/65536       45952/2097152  ( 2.2%) 
texinfos              1058/12288       76176/884736   ( 8.6%) 
texdata                184/2048         5888/65536    ( 9.0%) 
dispinfos                2/0             352/0        ( 0.0%) 
disp_verts             106/0            2120/0        ( 0.0%) 
disp_tris              160/0             320/0        ( 0.0%) 
disp_lmsamples         760/0             760/0        ( 0.0%) 
faces                 2906/65536      162736/3670016  ( 4.4%) 
hdr faces                0/65536           0/3670016  ( 0.0%) 
origfaces             2046/65536      114576/3670016  ( 3.1%) 
leaves                1488/65536       47616/2097152  ( 2.3%) 
leaffaces             4035/65536        8070/131072   ( 6.2%) 
leafbrushes           2104/65536        4208/131072   ( 3.2%) 
areas                    5/256            40/2048     ( 2.0%) 
surfedges            22216/512000      88864/2048000  ( 4.3%) 
edges                14014/256000      56056/1024000  ( 5.5%) 
LDR worldlights         22/8192         1936/720896   ( 0.3%) 
HDR worldlights          0/8192            0/720896   ( 0.0%) 
leafwaterdata            0/32768           0/393216   ( 0.0%) 
waterstrips            350/32768        3500/327680   ( 1.1%) 
waterverts               0/65536           0/786432   ( 0.0%) 
waterindices          6228/65536       12456/131072   ( 9.5%) 
cubemapsamples         117/1024         1872/16384    (11.4%) 
overlays                 7/512          2464/180224   ( 1.4%) 
LDR lightdata         [variable]     2283712/0        ( 0.0%) 
HDR lightdata         [variable]           0/0        ( 0.0%) 
visdata               [variable]          14/16777216 ( 0.0%) 
entdata               [variable]      124998/393216   (31.8%) 
LDR ambient table     1488/65536        5952/262144   ( 2.3%) 
HDR ambient table     1488/65536        5952/262144   ( 2.3%) 
LDR leaf ambient      4670/65536      130760/1835008  ( 7.1%) 
HDR leaf ambient      1488/65536       41664/1835008  ( 2.3%) 
occluders                0/0               0/0        ( 0.0%) 
occluder polygons        0/0               0/0        ( 0.0%) 
occluder vert ind        0/0               0/0        ( 0.0%) 
detail props          [variable]           1/12       ( 8.3%) 
static props          [variable]           1/8554     ( 0.0%) 
pakfile               [variable]    11348403/0        ( 0.0%) 
physics               [variable]      352107/4194304  ( 8.4%) 
physics terrain       [variable]         528/1048576  ( 0.1%) 

Level flags = 0

Total triangle count: 8250
Writing e:\tf2 mods and maps\maps\lfce fixed maps\d1_town_01a_d.bsp
18 seconds elapsed
