PRT1
100
207
4 0 8 (2304 1024 -5888 ) (2640 1024 -5888 ) (2640 1024 -5536 ) (2304 1024 -5536 ) 
4 0 3 (2640 1024 -5888 ) (2304 1024 -5888 ) (2304 1472 -5888 ) (2640 1472 -5888 ) 
4 0 2 (2304 1344 -5888 ) (2304 1024 -5888 ) (2304 1024 -5600 ) (2304 1344 -5600 ) 
4 0 1 (2304 1472 -5536 ) (2304 1472 -5888 ) (2304 1408 -5888 ) (2304 1408 -5536 ) 
4 1 4 (2288 1472 -5888 ) (2304 1472 -5888 ) (2304 1408 -5888 ) (2288 1408 -5888 ) 
4 2 28 (2048 1024 -5888 ) (2048 1024 -5600 ) (2048 1344 -5600 ) (2048 1344 -5888 ) 
4 2 9 (2048 1024 -5600 ) (2048 1024 -5888 ) (2304 1024 -5888 ) (2304 1024 -5600 ) 
4 2 5 (2304 1024 -5888 ) (2048 1024 -5888 ) (2048 1344 -5888 ) (2304 1344 -5888 ) 
4 3 11 (2304 1024 -5984 ) (2640 1024 -5984 ) (2640 1024 -5888 ) (2304 1024 -5888 ) 
4 3 6 (2304 1472 -5984 ) (2640 1472 -5984 ) (2640 1024 -5984 ) (2304 1024 -5984 ) 
4 3 5 (2304 1024 -5920 ) (2304 1024 -5888 ) (2304 1344 -5888 ) (2304 1344 -5920 ) 
4 3 4 (2304 1472 -5888 ) (2304 1472 -5984 ) (2304 1408 -5984 ) (2304 1408 -5888 ) 
4 4 6 (2288 1472 -5984 ) (2304 1472 -5984 ) (2304 1408 -5984 ) (2288 1408 -5984 ) 
4 5 29 (2048 1024 -5920 ) (2048 1024 -5888 ) (2048 1344 -5888 ) (2048 1344 -5920 ) 
4 5 12 (2048 1024 -5888 ) (2048 1024 -5920 ) (2304 1024 -5920 ) (2304 1024 -5888 ) 
4 6 13 (2288 1024 -6176 ) (2640 1024 -6176 ) (2640 1024 -5984 ) (2288 1024 -5984 ) 
4 7 31 (2048 288 -5128 ) (2048 288 -4848 ) (2048 528 -4848 ) (2048 528 -5128 ) 
4 7 15 (2048 288 -4848 ) (2048 288 -5128 ) (2304 288 -5128 ) (2304 288 -4848 ) 
4 8 11 (2304 1024 -5888 ) (2640 1024 -5888 ) (2640 912 -5888 ) (2304 912 -5888 ) 
4 8 10 (2304 912 -5888 ) (2640 912 -5888 ) (2640 912 -5536 ) (2304 912 -5536 ) 
4 8 9 (2304 1024 -5888 ) (2304 912 -5888 ) (2304 912 -5600 ) (2304 1024 -5600 ) 
4 9 37 (2048 1024 -5872 ) (2048 1024 -5888 ) (2048 912 -5888 ) (2048 912 -5872 ) 
4 9 35 (2048 1024 -5600 ) (2048 1024 -5872 ) (2048 912 -5872 ) (2048 912 -5600 ) 
4 9 12 (2048 912 -5888 ) (2048 1024 -5888 ) (2304 1024 -5888 ) (2304 912 -5888 ) 
4 9 10 (2288 912 -5888 ) (2304 912 -5888 ) (2304 912 -5600 ) (2288 912 -5600 ) 
4 10 17 (2288 288 -5888 ) (2640 288 -5888 ) (2640 288 -5872 ) (2288 288 -5872 ) 
4 10 14 (2640 288 -5888 ) (2288 288 -5888 ) (2288 912 -5888 ) (2640 912 -5888 ) 
4 11 14 (2640 912 -5888 ) (2304 912 -5888 ) (2304 912 -5984 ) (2640 912 -5984 ) 
4 11 13 (2640 912 -5984 ) (2304 912 -5984 ) (2304 1024 -5984 ) (2640 1024 -5984 ) 
4 11 12 (2304 912 -5920 ) (2304 912 -5888 ) (2304 1024 -5888 ) (2304 1024 -5920 ) 
4 12 40 (2048 912 -5888 ) (2048 1024 -5888 ) (2048 1024 -5920 ) (2048 912 -5920 ) 
4 12 14 (2304 912 -5888 ) (2288 912 -5888 ) (2288 912 -5920 ) (2304 912 -5920 ) 
4 13 14 (2288 912 -6176 ) (2640 912 -6176 ) (2640 912 -5984 ) (2288 912 -5984 ) 
4 14 21 (2288 288 -6176 ) (2640 288 -6176 ) (2640 288 -5888 ) (2288 288 -5888 ) 
4 15 66 (2048 0 -4864 ) (2048 0 -5128 ) (2064 0 -5128 ) (2064 0 -4864 ) 
4 15 65 (2064 0 -5128 ) (2272 0 -5128 ) (2272 0 -4864 ) (2064 0 -4864 ) 
4 15 63 (2272 0 -5128 ) (2288 0 -5128 ) (2288 0 -4864 ) (2272 0 -4864 ) 
4 15 55 (2288 0 -5128 ) (2304 0 -5128 ) (2304 0 -4864 ) (2288 0 -4864 ) 
4 15 52 (2272 0 -4864 ) (2304 0 -4864 ) (2304 0 -4848 ) (2272 0 -4848 ) 
4 15 54 (2048 0 -4848 ) (2048 0 -4864 ) (2272 0 -4864 ) (2272 0 -4848 ) 
4 15 31 (2048 0 -5128 ) (2048 0 -4848 ) (2048 288 -4848 ) (2048 288 -5128 ) 
4 16 69 (2048 0 -5856 ) (2048 0 -5872 ) (2064 0 -5872 ) (2064 0 -5856 ) 
4 16 67 (2064 0 -5136 ) (2048 0 -5136 ) (2048 0 -5856 ) (2064 0 -5856 ) 
4 16 36 (2048 0 -5872 ) (2048 0 -5136 ) (2048 272 -5136 ) (2048 272 -5872 ) 
4 16 20 (2064 0 -5872 ) (2048 0 -5872 ) (2048 272 -5872 ) (2064 272 -5872 ) 
4 17 21 (2272 288 -5888 ) (2656 288 -5888 ) (2656 272 -5888 ) (2272 272 -5888 ) 
4 17 19 (2304 272 -5888 ) (2560 272 -5888 ) (2560 272 -5872 ) (2304 272 -5872 ) 
4 17 18 (2560 272 -5888 ) (2656 272 -5888 ) (2656 272 -5872 ) (2560 272 -5872 ) 
4 17 20 (2272 272 -5888 ) (2304 272 -5888 ) (2304 272 -5872 ) (2272 272 -5872 ) 
4 18 70 (2816 0 -5872 ) (2560 0 -5872 ) (2560 0 -5888 ) (2816 0 -5888 ) 
4 18 23 (2816 272 -5888 ) (2816 0 -5888 ) (2560 0 -5888 ) (2560 272 -5888 ) 
4 18 19 (2560 272 -5872 ) (2560 272 -5888 ) (2560 256 -5888 ) (2560 256 -5872 ) 
4 19 23 (2304 256 -5888 ) (2304 272 -5888 ) (2560 272 -5888 ) (2560 256 -5888 ) 
4 19 20 (2304 272 -5872 ) (2304 272 -5888 ) (2304 256 -5888 ) (2304 256 -5872 ) 
4 20 72 (2304 0 -5872 ) (2048 0 -5872 ) (2048 0 -5888 ) (2304 0 -5888 ) 
4 20 38 (2048 0 -5888 ) (2048 0 -5872 ) (2048 272 -5872 ) (2048 272 -5888 ) 
4 20 23 (2304 0 -5888 ) (2048 0 -5888 ) (2048 272 -5888 ) (2304 272 -5888 ) 
4 21 26 (2304 272 -6144 ) (2272 272 -6144 ) (2272 272 -6176 ) (2304 272 -6176 ) 
4 21 24 (2656 272 -6176 ) (2656 272 -6144 ) (2304 272 -6144 ) (2304 272 -6176 ) 
4 21 23 (2656 272 -6144 ) (2656 272 -5888 ) (2272 272 -5888 ) (2272 272 -6144 ) 
4 21 22 (2272 272 -6176 ) (2272 288 -6176 ) (2656 288 -6176 ) (2656 272 -6176 ) 
4 22 27 (2304 272 -6176 ) (2272 272 -6176 ) (2272 272 -6192 ) (2304 272 -6192 ) 
4 22 25 (2656 272 -6192 ) (2656 272 -6176 ) (2304 272 -6176 ) (2304 272 -6192 ) 
4 23 73 (2816 0 -5888 ) (2048 0 -5888 ) (2048 0 -6144 ) (2816 0 -6144 ) 
4 23 42 (2048 0 -6144 ) (2048 0 -5888 ) (2048 272 -5888 ) (2048 272 -6144 ) 
4 23 26 (2048 272 -6144 ) (2304 272 -6144 ) (2304 256 -6144 ) (2048 256 -6144 ) 
4 23 24 (2304 272 -6144 ) (2816 272 -6144 ) (2816 0 -6144 ) (2304 0 -6144 ) 
4 24 73 (2816 0 -6176 ) (2816 0 -6144 ) (2304 0 -6144 ) (2304 0 -6176 ) 
4 24 26 (2304 256 -6144 ) (2304 272 -6144 ) (2304 272 -6176 ) (2304 256 -6176 ) 
4 24 25 (2304 0 -6176 ) (2304 272 -6176 ) (2816 272 -6176 ) (2816 0 -6176 ) 
4 25 74 (2304 0 -6400 ) (2816 0 -6400 ) (2816 0 -6176 ) (2304 0 -6176 ) 
4 25 27 (2304 272 -6176 ) (2304 272 -6400 ) (2304 256 -6400 ) (2304 256 -6176 ) 
4 26 43 (2048 256 -6144 ) (2048 272 -6144 ) (2048 272 -6176 ) (2048 256 -6176 ) 
4 26 27 (2048 272 -6176 ) (2304 272 -6176 ) (2304 256 -6176 ) (2048 256 -6176 ) 
4 27 44 (2048 256 -6176 ) (2048 272 -6176 ) (2048 272 -6400 ) (2048 256 -6400 ) 
4 28 48 (1024 1024 -5888 ) (1024 1024 -5601.311035 ) (1024 1344 -5601.311035 ) (1024 1344 -5888 ) 
4 28 39 (1288 1024 -5600 ) (1024 1024 -5600 ) (1024 1024 -5888 ) (1288 1024 -5888 ) 
4 28 37 (2048 1024 -5888 ) (2048 1024 -5872 ) (1288 1024 -5872 ) (1288 1024 -5888 ) 
4 28 35 (2048 1024 -5872 ) (2048 1024 -5600 ) (1288 1024 -5600 ) (1288 1024 -5872 ) 
4 28 30 (1024 1024 -5888 ) (1024 1344 -5888 ) (1536 1344 -5888 ) (1536 1024 -5888 ) 
4 28 29 (1536 1344 -5888 ) (2048 1344 -5888 ) (2048 1024 -5888 ) (1536 1024 -5888 ) 
4 29 40 (2048 1024 -5920 ) (2048 1024 -5888 ) (1536 1024 -5888 ) (1536 1024 -5920 ) 
4 29 30 (1536 1344 -5888 ) (1536 1344 -5920 ) (1536 1024 -5920 ) (1536 1024 -5888 ) 
4 30 48 (1024 1024 -5920 ) (1024 1024 -5888 ) (1024 1344 -5888 ) (1024 1344 -5920 ) 
4 30 41 (1536 1024 -5888 ) (1024 1024 -5888 ) (1024 1024 -5920 ) (1536 1024 -5920 ) 
4 31 77 (2048 0 -5128 ) (2048 0 -4848 ) (1776 0 -4848 ) (1776 0 -5128 ) 
4 31 34 (2048 0 -5128 ) (1792 0 -5128 ) (1792 256 -5128 ) (2048 256 -5128 ) 
4 31 32 (1776 528 -4848 ) (1776 528 -5128 ) (1776 256 -5128 ) (1776 256 -4848 ) 
4 32 33 (1312 528 -4848 ) (1312 528 -5128 ) (1312 256 -5128 ) (1312 256 -4848 ) 
4 33 78 (1312 -512 -4848 ) (1312 -512 -5128 ) (1384 -512 -5128 ) (1384 -512 -4848 ) 
4 33 85 (1312 -1024 -4848 ) (1296 -1024 -4848 ) (1296 -1024 -5128 ) (1312 -1024 -5128 ) 
4 34 36 (2048 256 -5136 ) (2048 0 -5136 ) (1792 0 -5136 ) (1792 256 -5136 ) 
4 35 39 (1288 1024 -5600 ) (1288 1024 -5872 ) (1288 912 -5872 ) (1288 912 -5600 ) 
4 35 37 (1288 912 -5872 ) (1288 1024 -5872 ) (2048 1024 -5872 ) (2048 912 -5872 ) 
4 36 79 (2048 0 -5872 ) (2048 0 -5136 ) (1776 0 -5136 ) (1776 0 -5872 ) 
4 36 38 (2048 0 -5872 ) (1776 0 -5872 ) (1776 272 -5872 ) (2048 272 -5872 ) 
4 37 41 (1288 912 -5888 ) (1288 1024 -5888 ) (1536 1024 -5888 ) (1536 912 -5888 ) 
4 37 40 (1536 1024 -5888 ) (2048 1024 -5888 ) (2048 912 -5888 ) (1536 912 -5888 ) 
4 37 39 (1288 1024 -5888 ) (1288 912 -5888 ) (1288 912 -5872 ) (1288 1024 -5872 ) 
4 38 80 (2048 0 -5888 ) (2048 0 -5872 ) (1288 0 -5872 ) (1288 0 -5888 ) 
4 38 47 (1536 0 -5888 ) (1288 0 -5888 ) (1288 272 -5888 ) (1536 272 -5888 ) 
4 38 42 (2048 0 -5888 ) (1536 0 -5888 ) (1536 272 -5888 ) (2048 272 -5888 ) 
4 39 50 (1024 1024 -5601.311035 ) (1024 1024 -5888 ) (1024 912 -5888 ) (1024 912 -5601.311035 ) 
4 39 41 (1024 912 -5888 ) (1024 1024 -5888 ) (1288 1024 -5888 ) (1288 912 -5888 ) 
4 40 41 (1536 1024 -5920 ) (1536 912 -5920 ) (1536 912 -5888 ) (1536 1024 -5888 ) 
4 41 50 (1024 912 -5888 ) (1024 1024 -5888 ) (1024 1024 -5920 ) (1024 912 -5920 ) 
4 42 81 (2048 0 -6144 ) (2048 0 -5888 ) (1536 0 -5888 ) (1536 0 -6144 ) 
4 42 47 (1536 272 -6144 ) (1536 0 -6144 ) (1536 0 -5888 ) (1536 272 -5888 ) 
4 42 45 (1792 256 -6144 ) (2048 256 -6144 ) (2048 0 -6144 ) (1792 0 -6144 ) 
4 42 43 (1536 256 -6144 ) (1536 272 -6144 ) (2048 272 -6144 ) (2048 256 -6144 ) 
4 43 47 (1536 256 -6176 ) (1536 256 -6144 ) (1536 272 -6144 ) (1536 272 -6176 ) 
4 43 45 (2048 256 -6144 ) (1792 256 -6144 ) (1792 256 -6176 ) (2048 256 -6176 ) 
4 43 44 (2048 256 -6176 ) (1536 256 -6176 ) (1536 272 -6176 ) (2048 272 -6176 ) 
4 44 47 (1536 272 -6400 ) (1536 256 -6400 ) (1536 256 -6176 ) (1536 272 -6176 ) 
4 44 46 (1792 256 -6400 ) (2048 256 -6400 ) (2048 256 -6176 ) (1792 256 -6176 ) 
4 45 81 (2048 0 -6176 ) (2048 0 -6144 ) (1792 0 -6144 ) (1792 0 -6176 ) 
4 45 46 (1792 256 -6176 ) (2048 256 -6176 ) (2048 0 -6176 ) (1792 0 -6176 ) 
4 46 82 (2048 0 -6400 ) (2048 0 -6176 ) (1792 0 -6176 ) (1792 0 -6400 ) 
4 47 84 (1536 0 -5888 ) (1288 0 -5888 ) (1288 0 -6400 ) (1536 0 -6400 ) 
4 48 50 (1024 1024 -5920 ) (1024 1024 -5601.311035 ) (0 1024 -5259.541016 ) (0 1024 -5578.666016 ) 
4 48 49 (0 1024 -5578.666016 ) (0 1024 -5259.541016 ) (0 1344 -5259.541016 ) (0 1344 -5578.666016 ) 
4 49 86 (-1024 1024 -5237.333008 ) (-1024 1024 -4917.771484 ) (-1024 1344 -4917.771484 ) (-1024 1344 -5237.333008 ) 
4 49 51 (0 1024 -5578.666016 ) (0 1024 -5259.541016 ) (-1024 1024 -4917.771484 ) (-1024 1024 -5237.333008 ) 
4 50 51 (0 1024 -5259.541016 ) (0 1024 -5578.666504 ) (0 912 -5578.666504 ) (0 912 -5259.541016 ) 
4 51 90 (-1024 912 -5237.333008 ) (-1024 912 -4917.770996 ) (-1024 1024 -4917.770996 ) (-1024 1024 -5237.333008 ) 
4 52 63 (2272 -224 -4864 ) (2272 0 -4864 ) (2288 0 -4864 ) (2288 -224 -4864 ) 
4 52 55 (2288 0 -4864 ) (2304 0 -4864 ) (2304 -224 -4864 ) (2288 -224 -4864 ) 
4 52 54 (2272 0 -4864 ) (2272 -224 -4864 ) (2272 -224 -4848 ) (2272 0 -4848 ) 
4 53 76 (2272 -1024 -4864 ) (2304 -1024 -4864 ) (2304 -1024 -4848 ) (2272 -1024 -4848 ) 
4 53 64 (2288 -1024 -4864 ) (2272 -1024 -4864 ) (2272 -544 -4864 ) (2288 -544 -4864 ) 
4 53 57 (2304 -1024 -4864 ) (2288 -1024 -4864 ) (2288 -544 -4864 ) (2304 -544 -4864 ) 
4 53 54 (2272 -544 -4864 ) (2272 -1024 -4864 ) (2272 -1024 -4848 ) (2272 -544 -4848 ) 
4 54 77 (2048 0 -4848 ) (2048 0 -4864 ) (2048 -1024 -4864 ) (2048 -1024 -4848 ) 
4 54 76 (2048 -1024 -4848 ) (2048 -1024 -4864 ) (2272 -1024 -4864 ) (2272 -1024 -4848 ) 
4 54 66 (2064 -1024 -4864 ) (2048 -1024 -4864 ) (2048 0 -4864 ) (2064 0 -4864 ) 
4 54 65 (2272 -1024 -4864 ) (2064 -1024 -4864 ) (2064 0 -4864 ) (2272 0 -4864 ) 
4 55 63 (2288 -224 -4864 ) (2288 0 -4864 ) (2288 0 -5128 ) (2288 -224 -5128 ) 
4 56 58 (2312 -240 -5128 ) (2576 -240 -5128 ) (2576 -528 -5128 ) (2312 -528 -5128 ) 
4 57 76 (2304 -1024 -4864 ) (2288 -1024 -4864 ) (2288 -1024 -5128 ) (2304 -1024 -5128 ) 
4 57 64 (2288 -1024 -5128 ) (2288 -1024 -4864 ) (2288 -544 -4864 ) (2288 -544 -5128 ) 
4 58 60 (2560 -528 -5136 ) (2312 -528 -5136 ) (2312 -240 -5136 ) (2560 -240 -5136 ) 
4 58 59 (2576 -528 -5136 ) (2560 -528 -5136 ) (2560 -240 -5136 ) (2576 -240 -5136 ) 
4 59 68 (2576 -240 -5856 ) (2576 -528 -5856 ) (2560 -528 -5856 ) (2560 -240 -5856 ) 
5 59 61 (2560 -240 -5856 ) (2560 -528 -5856 ) (2560 -528 -5632 ) (2560 -256 -5632 ) (2560 -240 -5717.333496 ) 
4 59 60 (2560 -528 -5632 ) (2560 -528 -5136 ) (2560 -240 -5136 ) (2560 -240 -5632 ) 
4 60 62 (2304 -528 -5632 ) (2304 -528 -5136 ) (2304 -240 -5136 ) (2304 -240 -5632 ) 
4 60 61 (2304 -528 -5632 ) (2304 -256 -5632 ) (2560 -256 -5632 ) (2560 -528 -5632 ) 
4 61 68 (2560 -240 -5856 ) (2560 -528 -5856 ) (2304 -528 -5856 ) (2304 -240 -5856 ) 
5 61 62 (2304 -240 -5856 ) (2304 -528 -5856 ) (2304 -528 -5632 ) (2304 -256 -5632 ) (2304 -240 -5717.333496 ) 
4 62 68 (2304 -240 -5856 ) (2304 -528 -5856 ) (2288 -528 -5856 ) (2288 -240 -5856 ) 
4 63 65 (2272 -224 -5128 ) (2272 -224 -4864 ) (2272 0 -4864 ) (2272 0 -5128 ) 
4 64 76 (2288 -1024 -5128 ) (2288 -1024 -4864 ) (2272 -1024 -4864 ) (2272 -1024 -5128 ) 
4 64 65 (2272 -1024 -5128 ) (2272 -1024 -4864 ) (2272 -544 -4864 ) (2272 -544 -5128 ) 
4 65 76 (2272 -1024 -4864 ) (2064 -1024 -4864 ) (2064 -1024 -5128 ) (2272 -1024 -5128 ) 
4 65 66 (2064 -1024 -5128 ) (2064 -1024 -4864 ) (2064 0 -4864 ) (2064 0 -5128 ) 
4 66 77 (2048 0 -4864 ) (2048 0 -5128 ) (2048 -1024 -5128 ) (2048 -1024 -4864 ) 
4 66 76 (2048 -1024 -4864 ) (2048 -1024 -5128 ) (2064 -1024 -5128 ) (2064 -1024 -4864 ) 
4 67 79 (2048 0 -5136 ) (2048 0 -5856 ) (2048 -16 -5856 ) (2048 -16 -5136 ) 
4 67 69 (2048 -16 -5856 ) (2048 0 -5856 ) (2064 0 -5856 ) (2064 -16 -5856 ) 
4 68 71 (2304 -224 -5872 ) (2560 -224 -5872 ) (2560 -544 -5872 ) (2304 -544 -5872 ) 
4 68 70 (2560 -224 -5872 ) (2592 -224 -5872 ) (2592 -544 -5872 ) (2560 -544 -5872 ) 
4 68 72 (2272 -544 -5872 ) (2272 -224 -5872 ) (2304 -224 -5872 ) (2304 -544 -5872 ) 
4 69 79 (2048 0 -5856 ) (2048 0 -5872 ) (2048 -16 -5872 ) (2048 -16 -5856 ) 
4 69 72 (2048 -16 -5872 ) (2048 0 -5872 ) (2064 0 -5872 ) (2064 -16 -5872 ) 
4 70 73 (2560 0 -5888 ) (2816 0 -5888 ) (2816 -768 -5888 ) (2560 -768 -5888 ) 
4 70 75 (2816 -768 -5888 ) (2816 -800 -5888 ) (2560 -800 -5888 ) (2560 -768 -5888 ) 
4 70 71 (2560 -208 -5888 ) (2560 -800 -5888 ) (2560 -800 -5872 ) (2560 -211 -5872 ) 
4 71 73 (2560 -208 -5888 ) (2560 -768 -5888 ) (2304 -768 -5888 ) (2304 -208 -5888 ) 
4 71 75 (2560 -768 -5888 ) (2560 -800 -5888 ) (2304 -800 -5888 ) (2304 -768 -5888 ) 
4 71 72 (2304 -208 -5888 ) (2304 -800 -5888 ) (2304 -800 -5872 ) (2304 -211 -5872 ) 
4 72 80 (2048 0 -5872 ) (2048 0 -5888 ) (2048 -800 -5888 ) (2048 -800 -5872 ) 
4 72 73 (2048 -768 -5888 ) (2048 0 -5888 ) (2304 0 -5888 ) (2304 -768 -5888 ) 
4 72 75 (2048 -800 -5888 ) (2048 -768 -5888 ) (2304 -768 -5888 ) (2304 -800 -5888 ) 
4 73 81 (2048 0 -5888 ) (2048 0 -6176 ) (2048 -768 -6176 ) (2048 -768 -5888 ) 
4 73 75 (2816 -768 -6176 ) (2816 -768 -5888 ) (2048 -768 -5888 ) (2048 -768 -6176 ) 
4 73 74 (2816 -768 -6176 ) (2048 -768 -6176 ) (2048 0 -6176 ) (2816 0 -6176 ) 
4 74 82 (2048 0 -6176 ) (2048 0 -6400 ) (2048 -768 -6400 ) (2048 -768 -6176 ) 
4 74 75 (2048 -768 -6400 ) (2816 -768 -6400 ) (2816 -768 -6176 ) (2048 -768 -6176 ) 
4 75 83 (2048 -768 -6400 ) (2048 -800 -6400 ) (2048 -800 -5888 ) (2048 -768 -5888 ) 
4 76 85 (2048 -1168 -4848 ) (2048 -1024 -4848 ) (2048 -1024 -5128 ) (2048 -1168 -5128 ) 
4 77 85 (2048 -1024 -5128 ) (2048 -1024 -4848 ) (1776 -1024 -4848 ) (1776 -1024 -5128 ) 
4 77 78 (1776 -512 -5128 ) (1776 -1024 -5128 ) (1776 -1024 -4848 ) (1776 -512 -4848 ) 
4 78 85 (1776 -1024 -4848 ) (1312 -1024 -4848 ) (1312 -1024 -5128 ) (1776 -1024 -5128 ) 
4 78 33 (1312 -512 -5128 ) (1312 -1024 -5128 ) (1312 -1024 -4848 ) (1312 -512 -4848 ) 
4 79 80 (1776 -16 -5872 ) (1776 0 -5872 ) (2048 0 -5872 ) (2048 -16 -5872 ) 
4 80 81 (1536 0 -5888 ) (2048 0 -5888 ) (2048 -768 -5888 ) (1536 -768 -5888 ) 
4 80 83 (2048 -768 -5888 ) (2048 -800 -5888 ) (1536 -800 -5888 ) (1536 -768 -5888 ) 
4 80 84 (1288 0 -5888 ) (1536 0 -5888 ) (1536 -800 -5888 ) (1288 -800 -5888 ) 
4 81 83 (1536 -768 -5888 ) (1536 -768 -6176 ) (2048 -768 -6176 ) (2048 -768 -5888 ) 
4 81 84 (1536 -768 -6176 ) (1536 -768 -5888 ) (1536 0 -5888 ) (1536 0 -6176 ) 
4 81 82 (2048 -768 -6176 ) (1536 -768 -6176 ) (1536 0 -6176 ) (2048 0 -6176 ) 
4 82 83 (1536 -768 -6176 ) (1536 -768 -6400 ) (2048 -768 -6400 ) (2048 -768 -6176 ) 
4 82 84 (1536 0 -6400 ) (1536 -768 -6400 ) (1536 -768 -6176 ) (1536 0 -6176 ) 
4 83 84 (1536 -768 -6400 ) (1536 -800 -6400 ) (1536 -800 -5888 ) (1536 -768 -5888 ) 
4 86 90 (-1024 1024 -5237.333008 ) (-1024 1024 -4917.771484 ) (-2048 1024 -4576 ) (-2048 1024 -4896 ) 
4 86 89 (-2048 1024 -4864 ) (-2048 1024 -4736 ) (-2048 1280 -4736 ) (-2048 1280 -4864 ) 
4 86 88 (-2048 1344 -4864 ) (-2048 1344 -4896 ) (-2048 1280 -4896 ) (-2048 1280 -4864 ) 
4 86 87 (-2048 1280 -4576 ) (-2048 1344 -4576 ) (-2048 1344 -4736 ) (-2048 1280 -4736 ) 
4 87 93 (-3072 1280 -4736 ) (-3072 1280 -4576 ) (-3072 1344 -4576 ) (-3072 1344 -4736 ) 
4 88 94 (-3072 1280 -4896 ) (-3072 1280 -4864 ) (-3072 1344 -4864 ) (-3072 1344 -4896 ) 
4 89 95 (-3072 1024 -4864 ) (-3072 1024 -4736 ) (-3072 1280 -4736 ) (-3072 1280 -4864 ) 
4 90 92 (-2048 1024 -4864 ) (-2048 1024 -4896 ) (-2048 912 -4896 ) (-2048 912 -4864 ) 
4 90 91 (-2048 1024 -4576 ) (-2048 1024 -4736 ) (-2048 912 -4736 ) (-2048 912 -4576.001465 ) 
4 91 98 (-3072 912 -4736 ) (-3072 912 -4576 ) (-3072 1024 -4576 ) (-3072 1024 -4736 ) 
4 92 99 (-3072 912 -4896 ) (-3072 912 -4864 ) (-3072 1024 -4864 ) (-3072 1024 -4896 ) 
4 95 96 (-3832 1280 -4864 ) (-3832 1024 -4864 ) (-3832 1024 -4736 ) (-3832 1280 -4736 ) 
4 96 97 (-3836 1280 -4864 ) (-3836 1024 -4864 ) (-3836 1024 -4736 ) (-3836 1280 -4736 ) 
