PRT1
137
433
4 2 4 (-1984 0 0 ) (-1807 0 0 ) (-1807 -556 0 ) (-1984 -556 0 ) 
4 2 3 (-1807 0 0 ) (-1728 0 0 ) (-1728 -556 0 ) (-1807 -556 0 ) 
4 2 3 (-1807 -556 0 ) (-1728 -556 0 ) (-1728 -560 0 ) (-1807 -560 0 ) 
4 2 5 (-1899 -556 0 ) (-1813 -556 0 ) (-1813 -560 0 ) (-1899 -560 0 ) 
4 2 6 (-1984 -556 0 ) (-1905 -556 0 ) (-1905 -560 0 ) (-1984 -560 0 ) 
4 2 14 (-1024 -960 0 ) (-1024 -1024 0 ) (-1312 -1024 0 ) (-1376 -960 0 ) 
4 2 3 (-1783.123047 -560 0 ) (-1728 -560 0 ) (-1728 -689.636902 0 ) (-1798.897461 -618.728516 0 ) 
3 2 16 (-1726 -984 0 ) (-1734 -960 0 ) (-1728 -960 0 ) 
3 2 17 (-1717.989380 -1008.031433 0 ) (-1742.015015 -960 0 ) (-1734 -960 0 ) 
4 2 15 (-1710.001831 -1024 0 ) (-1907.753418 -1024 0 ) (-1890.562988 -960 0 ) (-1742.015015 -960 0 ) 
3 2 7 (-1890.562988 -960 0 ) (-1807 -648.894348 0 ) (-1807 -960 0 ) 
5 2 3 (-1807 -648.894348 0 ) (-1798.897461 -618.728516 0 ) (-1728 -689.636902 0 ) (-1728 -960 0 ) (-1807 -960 0 ) 
4 2 15 (-2048 -1024 0 ) (-2048 -960 0 ) (-1890.562988 -960 0 ) (-1907.753418 -1024 0 ) 
3 2 13 (-2048 -881.108154 0 ) (-2048 -878 0 ) (-2040.005249 -874.002563 0 ) 
3 2 12 (-1986 -791.995972 0 ) (-1986.800049 -801.600098 0 ) (-1993.997192 -815.994385 0 ) 
3 2 11 (-1986.800049 -801.600098 0 ) (-1988.344849 -820.138062 0 ) (-2006 -840 0 ) 
3 2 10 (-2048 -887.250122 0 ) (-2048 -881.108154 0 ) (-2022 -858 0 ) 
3 2 9 (-1984 -768 0 ) (-1984 -815.250061 0 ) (-1988.344849 -820.138062 0 ) 
4 2 8 (-2048 -960 0 ) (-2048 -887.250122 0 ) (-1984 -815.250061 0 ) (-1984 -960 0 ) 
5 2 7 (-1984 -560 0 ) (-1807 -560 0 ) (-1807 -648.894165 0 ) (-1890.562988 -960 0 ) (-1984 -960 0 ) 
3 2 3 (-1807 -560 0 ) (-1783.123047 -560 0 ) (-1807 -648.894165 0 ) 
4 2 22 (-2188 -789 0 ) (-2292 -789 0 ) (-2292 -780 0 ) (-2188 -780 0 ) 
4 2 25 (-2700 -789 0 ) (-2720 -789 0 ) (-2720 -780 0 ) (-2700 -780 0 ) 
4 2 25 (-2720 -780 0 ) (-2720 -789 0 ) (-2784 -789 0 ) (-2784 -780 0 ) 
4 2 25 (-2784 -780 0 ) (-2784 -789 0 ) (-2804 -789 0 ) (-2804 -780 0 ) 
4 2 25 (-2804 -884 0 ) (-2804 -789 0 ) (-2700 -789 0 ) (-2700 -884 0 ) 
4 2 22 (-2292 -884 0 ) (-2292 -789 0 ) (-2188 -789 0 ) (-2188 -884 0 ) 
3 2 21 (-2064.001953 -886.001038 0 ) (-2078.399902 -893.199951 0 ) (-2088 -894 0 ) 
3 2 20 (-2048 -878 0 ) (-2048 -890.666626 0 ) (-2078.399902 -893.199951 0 ) 
3 2 19 (-2048 -890.666626 0 ) (-2048 -896 0 ) (-2112 -896 0 ) 
4 2 23 (-2048 -896 0 ) (-2048 -1024 0 ) (-2688 -1024 0 ) (-2688 -896 0 ) 
4 2 27 (-64 -1024 -4 ) (0 -1024 -4 ) (0 -1446 -4 ) (-64 -1446 -4 ) 
4 2 31 (-1024 -1024 0 ) (-1024 -1024 -4 ) (-1024 -1312 -4 ) (-1024 -1312 0 ) 
5 2 28 (-1024 -1312 -4 ) (-1024 -1024 -4 ) (-64 -1024 -4 ) (-64 -1408 -4 ) (-928 -1408 -4 ) 
4 2 38 (-1024 -1574 -4 ) (-1024 -1920 -4 ) (-1024 -1920 0 ) (-1024 -1574 0 ) 
4 2 38 (-1024 -1920 -4 ) (-1024 -1956 -4 ) (-1024 -1956 0 ) (-1024 -1920 0 ) 
4 2 38 (-1024 -1956 -4 ) (-1024 -1964 -4 ) (-1024 -1964 0 ) (-1024 -1956 0 ) 
4 2 26 (-942 -1969 0 ) (-942 -1969 -4 ) (-942 -2010 -4 ) (-942 -2010 0 ) 
4 2 38 (-1024 -1964 -4 ) (-1024 -1969 -4 ) (-1024 -1969 0 ) (-1024 -1964 0 ) 
4 2 26 (-1024 -1969 -4 ) (-946 -1969 -4 ) (-946 -1969 0 ) (-1024 -1969 0 ) 
4 2 26 (-946 -1969 0 ) (-942 -1969 0 ) (-942 -2010 0 ) (-946 -2010 0 ) 
4 2 26 (-1024 -1969 0 ) (-946 -1969 0 ) (-946 -2010 0 ) (-1024 -2010 0 ) 
4 2 29 (-512 -2360 0 ) (-512 -2272 0 ) (-384 -2272 0 ) (-384 -2360 0 ) 
4 2 29 (-1024 -2360 0 ) (-1024 -2272 0 ) (-512 -2272 0 ) (-512 -2360 0 ) 
3 2 50 (-2048 -1280 0 ) (-2048 -1274 0 ) (-2024 -1282 0 ) 
3 2 45 (-2000.030029 -1289.989990 0 ) (-1983.200562 -1295.599854 0 ) (-1976 -1302 0 ) 
3 2 53 (-2048 -1274 0 ) (-2048 -1238 0 ) (-1983.200562 -1295.599854 0 ) 
4 2 43 (-1958 -1318 0 ) (-1675.343262 -1569.250488 0 ) (-1611.994873 -1696 0 ) (-1621.343506 -1696 0 ) 
4 2 54 (-2048 -1238 0 ) (-2048 -1024 0 ) (-1947.854736 -1024 0 ) (-1675.343262 -1569.250488 0 ) 
4 2 38 (-1024 -1574 0 ) (-1024 -1696 0 ) (-1611.994873 -1696 0 ) (-1672.969482 -1574 0 ) 
3 2 34 (-1280 -1536 0 ) (-1381.249756 -1446 0 ) (-1355.926025 -1446 0 ) 
3 2 35 (-1262 -1552 0 ) (-1473.911499 -1446 0 ) (-1381.249756 -1446 0 ) 
3 2 33 (-1238.029663 -1563.990112 0 ) (-1592 -1446 0 ) (-1473.911499 -1446 0 ) 
4 2 36 (-1214 -1572 0 ) (-1693.958984 -1532.003418 0 ) (-1736.942749 -1446 0 ) (-1592 -1446 0 ) 
3 2 37 (-1190 -1574 0 ) (-1672.969482 -1574 0 ) (-1693.958984 -1532.003418 0 ) 
4 2 32 (-1355.926025 -1446 0 ) (-1498.913696 -1446 0 ) (-1706.002075 -1031.996216 0 ) (-1690.003052 -1049.996338 0 ) 
4 2 30 (-1947.854736 -1024 0 ) (-1710.001831 -1024 0 ) (-1498.913696 -1446 0 ) (-1736.942749 -1446 0 ) 
3 2 31 (-1312 -1024 0 ) (-1024 -1024 0 ) (-1024 -1312 0 ) 
3 2 48 (-1578 -1792 0 ) (-1576.799561 -1806.404907 0 ) (-1580 -1816.013306 0 ) 
3 2 49 (-1580 -1768 0 ) (-1572 -1792 0 ) (-1576.799561 -1806.404907 0 ) 
3 2 47 (-1572 -1792 0 ) (-1568.799927 -1801.599854 0 ) (-1587.979858 -1839.959839 0 ) 
3 2 51 (-1568.799927 -1801.599854 0 ) (-1562.754028 -1819.737427 0 ) (-1599.987915 -1863.975830 0 ) 
3 2 52 (-1587.989990 -1744.029785 0 ) (-1554.847168 -1810.343018 0 ) (-1562.754028 -1819.737427 0 ) 
3 2 46 (-1554.847168 -1810.343018 0 ) (-1553.509888 -1813.018555 0 ) (-1616 -1883 0 ) 
3 2 44 (-1553.509888 -1813.018555 0 ) (-1516.034790 -1888 0 ) (-1620.464600 -1888 0 ) 
3 2 43 (-1621.343506 -1696 0 ) (-1611.994873 -1696 0 ) (-1600.040039 -1719.919678 0 ) 
4 2 38 (-1611.994873 -1696 0 ) (-1024 -1696 0 ) (-1024 -1888 0 ) (-1516.034790 -1888 0 ) 
4 2 44 (-1620.464600 -1888 0 ) (-1516.034790 -1888 0 ) (-1436.068237 -2048 0 ) (-1763.336792 -2048 0 ) 
3 2 40 (-1237.998413 -2020 0 ) (-1223.599731 -2012.800049 0 ) (-1214 -2012 0 ) 
3 2 39 (-1280 -2048 0 ) (-1294 -2048 0 ) (-1262.023071 -2032.011719 0 ) 
4 2 41 (-1294 -2048 0 ) (-1436.068237 -2048 0 ) (-1444.462158 -2031.205200 0 ) (-1223.599731 -2012.800049 0 ) 
3 2 42 (-1444.462158 -2031.205200 0 ) (-1455.060303 -2010 0 ) (-1190 -2010 0 ) 
4 2 38 (-1516.034790 -1888 0 ) (-1024 -1888 0 ) (-1024 -2010 0 ) (-1455.060303 -2010 0 ) 
4 2 56 (-2048 -1024 0 ) (-2048 -1280 0 ) (-2156 -1280 0 ) (-2156 -1024 0 ) 
4 2 56 (-2304 -1280 0 ) (-2304 -1024 0 ) (-2156 -1024 0 ) (-2156 -1280 0 ) 
4 2 57 (-2304 -2048 0 ) (-2688 -2048 0 ) (-2688 -1024 0 ) (-2304 -1024 0 ) 
5 2 70 (-1392 -2688 0 ) (-1190 -2688 0 ) (-1190 -3008 0 ) (-1536 -3008 0 ) (-1584 -2944 0 ) 
3 2 64 (-1728 -2048 0 ) (-1454 -2048 0 ) (-1728 -2596 0 ) 
3 2 63 (-1728 -2606 0 ) (-1728 -2596 0 ) (-1718 -2576 0 ) 
3 2 62 (-1728 -2624 0 ) (-1728 -2606 0 ) (-1726 -2600 0 ) 
4 2 61 (-1454 -2048 0 ) (-1280 -2048 0 ) (-1690.003540 -2534.003906 0 ) (-1705.988647 -2551.977295 0 ) 
3 2 60 (-1344 -2624 0 ) (-1371.377808 -2688 0 ) (-1392 -2688 0 ) 
3 2 59 (-1190 -2264 0 ) (-1190 -2688 0 ) (-1371.377808 -2688 0 ) 
4 2 58 (-1024 -2272 0 ) (-1024 -2360 0 ) (-1190 -2360 0 ) (-1190 -2272 0 ) 
4 2 66 (-1736 -2048 0 ) (-1728 -2048 0 ) (-1728 -2061.555420 0 ) (-1736 -2068.666504 0 ) 
4 2 65 (-1728 -2061.555420 0 ) (-1728 -2688 0 ) (-1736 -2688 0 ) (-1736 -2068.666504 0 ) 
4 2 71 (-1804 -2804 0 ) (-1908 -2804 0 ) (-1908 -2700 0 ) (-1804 -2700 0 ) 
5 2 66 (-1763.336792 -2048 0 ) (-1736 -2048 0 ) (-1736 -2068.666504 0 ) (-1920 -2232.222168 0 ) (-1920 -2223.444336 0 ) 
4 2 65 (-1736 -2068.666504 0 ) (-1736 -2688 0 ) (-1920 -2688 0 ) (-1920 -2232.222168 0 ) 
3 2 69 (-2024.012817 -2302.001221 0 ) (-2048 -2310 0 ) (-2048 -2304 0 ) 
3 2 68 (-1999.929688 -2293.969971 0 ) (-2048 -2318.005127 0 ) (-2048 -2310 0 ) 
3 2 67 (-1976.013062 -2282.011719 0 ) (-2048 -2346 0 ) (-2048 -2318.005127 0 ) 
3 2 66 (-1920 -2223.444336 0 ) (-1920 -2232.222168 0 ) (-1958 -2266 0 ) 
4 2 65 (-1920 -2232.222168 0 ) (-1920 -2688 0 ) (-2048 -2688 0 ) (-2048 -2346 0 ) 
4 2 72 (-2048 -2304 0 ) (-2048 -2688 0 ) (-2156 -2688 0 ) (-2156 -2304 0 ) 
5 2 74 (-2688 -2048 0 ) (-2304 -2048 0 ) (-2304 -2086.400146 0 ) (-2353.714111 -2156 0 ) (-2688 -2156 0 ) 
3 2 73 (-2304 -2086.400146 0 ) (-2304 -2156 0 ) (-2353.714111 -2156 0 ) 
4 2 80 (-2356 -2804 0 ) (-2356 -2700 0 ) (-2252 -2700 0 ) (-2252 -2804 0 ) 
3 2 79 (-2439.977051 -2709.988525 0 ) (-2432.777588 -2703.592529 0 ) (-2415.970215 -2697.989990 0 ) 
3 2 78 (-2432.777588 -2703.592529 0 ) (-2420.114746 -2692.342773 0 ) (-2392 -2690 0 ) 
3 2 77 (-2420.114746 -2692.342773 0 ) (-2415.226318 -2688 0 ) (-2368 -2688 0 ) 
3 2 76 (-2643.237061 -2944 0 ) (-2703.386475 -2944 0 ) (-2458 -2726 0 ) 
4 2 75 (-2703.386475 -2944 0 ) (-2916.571533 -2944 0 ) (-2733.714355 -2688 0 ) (-2415.226318 -2688 0 ) 
3 2 74 (-2688 -2156 0 ) (-2353.714355 -2156 0 ) (-2688 -2624 0 ) 
4 2 73 (-2353.714355 -2156 0 ) (-2304 -2156 0 ) (-2304 -2688 0 ) (-2733.714355 -2688 0 ) 
4 2 72 (-2156 -2304 0 ) (-2156 -2688 0 ) (-2304 -2688 0 ) (-2304 -2304 0 ) 
4 2 76 (-2650.034668 -2952 0 ) (-2712.391357 -2952 0 ) (-2703.386475 -2944 0 ) (-2643.237061 -2944 0 ) 
4 2 75 (-2712.391357 -2952 0 ) (-2922.285645 -2952 0 ) (-2916.571533 -2944 0 ) (-2703.386475 -2944 0 ) 
4 2 76 (-2712.391357 -2952 0 ) (-2650.034668 -2952 0 ) (-2702.011719 -3013.170166 0 ) (-2819.974121 -3047.575928 0 ) 
5 2 75 (-2903.713867 -3072 0 ) (-3008 -3072 0 ) (-2922.285645 -2952 0 ) (-2712.391357 -2952 0 ) (-2819.974121 -3047.575928 0 ) 
4 2 76 (-2752 -3072 0 ) (-2847.466553 -3072 0 ) (-2819.974121 -3047.575928 0 ) (-2702.011719 -3013.170166 0 ) 
3 2 75 (-2847.466553 -3072 0 ) (-2903.713867 -3072 0 ) (-2819.974121 -3047.575928 0 ) 
4 2 83 (-1920 -3584 0 ) (-1920 -3328 0 ) (-1744 -3328 0 ) (-1744 -3584 0 ) 
4 2 83 (-1728 -3968 0 ) (-1920 -3968 0 ) (-1920 -3584 0 ) (-1728 -3584 0 ) 
4 2 82 (-1190 -3968 0 ) (-1728 -3968 0 ) (-1728 -3584 0 ) (-1190 -3584 0 ) 
4 2 84 (-1920 -3968 0 ) (-1928 -3968 0 ) (-1928 -3200 0 ) (-1920 -3200 0 ) 
4 2 84 (-1928 -3200 0 ) (-1928 -3952 0 ) (-1936 -3952 0 ) (-1936 -3200 0 ) 
4 2 84 (-2048 -3952 0 ) (-2048 -3200 0 ) (-1936 -3200 0 ) (-1936 -3952 0 ) 
4 2 85 (-2048 -3200 0 ) (-2048 -3328 0 ) (-2400 -3328 0 ) (-2400 -3200 0 ) 
4 2 86 (-2432 -3312 0 ) (-2432 -3200 0 ) (-2400 -3200 0 ) (-2400 -3312 0 ) 
4 2 86 (-2672 -3312 0 ) (-2672 -3200 0 ) (-2432 -3200 0 ) (-2432 -3312 0 ) 
4 2 85 (-2384 -3328 0 ) (-2048 -3328 0 ) (-2048 -3712 0 ) (-2384 -3712 0 ) 
4 2 85 (-2400 -3712 0 ) (-2048 -3712 0 ) (-2048 -3728 0 ) (-2400 -3728 0 ) 
4 2 87 (-2672 -3952 0 ) (-2672 -3728 0 ) (-2400 -3728 0 ) (-2400 -3952 0 ) 
4 2 85 (-2400 -3728 0 ) (-2048 -3728 0 ) (-2048 -3952 0 ) (-2400 -3952 0 ) 
4 2 90 (-3008 -3072 0 ) (-2752 -3072 0 ) (-2752 -3200 0 ) (-3008 -3200 0 ) 
4 2 90 (-3008 -3200 0 ) (-2752 -3200 0 ) (-2752 -3328 0 ) (-3008 -3328 0 ) 
4 2 90 (-3008 -3328 0 ) (-2752 -3328 0 ) (-2752 -3456 0 ) (-3008 -3456 0 ) 
4 2 90 (-3008 -3456 0 ) (-2752 -3456 0 ) (-2752 -3464 0 ) (-3008 -3464 0 ) 
4 2 90 (-3008 -3464 0 ) (-2752 -3464 0 ) (-2752 -3576 0 ) (-3008 -3576 0 ) 
4 2 90 (-3008 -3576 0 ) (-2752 -3576 0 ) (-2752 -3584 0 ) (-3008 -3584 0 ) 
4 2 90 (-3008 -3584 0 ) (-2752 -3584 0 ) (-2752 -3712 0 ) (-3008 -3712 0 ) 
4 2 90 (-3008 -3712 0 ) (-2752 -3712 0 ) (-2752 -3968 0 ) (-3008 -3968 0 ) 
4 2 90 (-2752 -4096 0 ) (-3008 -4096 0 ) (-3008 -3968 0 ) (-2752 -3968 0 ) 
4 2 107 (-1280 -5120 -8 ) (-1280 -5120 -4 ) (-1792 -5120 -4 ) (-1792 -5120 -8 ) 
4 2 94 (-1792 -4799.990234 -8 ) (-1792 -4816 -8 ) (-1792 -4816 0 ) (-1792 -4799.990234 0 ) 
4 2 93 (-1792 -4816 -8 ) (-1792 -5108 -8 ) (-1792 -5108 0 ) (-1792 -4816 0 ) 
4 2 92 (-1792 -5120 -8 ) (-1792 -5120 -4 ) (-1792 -5108 -4 ) (-1792 -5108 -8 ) 
4 2 91 (-1792 -5120 -4 ) (-1792 -5120 -3.550500 ) (-1792 -5108 -3.550500 ) (-1792 -5108 -4 ) 
4 2 91 (-1959 -5120 -3.550500 ) (-2048 -5120 -3.550500 ) (-2048 -5050.914551 -3.550500 ) (-2038 -5041 -3.550500 ) 
3 2 91 (-2048 -5048.922852 -3.550500 ) (-2048 -5031 -3.550500 ) (-2039 -5040 -3.550500 ) 
4 2 93 (-1792 -5108 0 ) (-1792 -5108 -3.550500 ) (-1938 -4962 -3.550500 ) (-1938 -4962 0 ) 
5 2 91 (-2048 -4852.003906 -3.550500 ) (-1792 -5108.003906 -3.550500 ) (-1792 -5120 -3.550500 ) (-1957 -5120 -3.550500 ) (-2048 -5029 -3.550500 ) 
4 2 91 (-1957 -5120 -3.550500 ) (-1959 -5120 -3.550500 ) (-2039 -5040 -3.550500 ) (-2038 -5039 -3.550500 ) 
4 2 93 (-1792 -5108.003906 0 ) (-1938.001831 -4962.001953 0 ) (-1924 -4948 0 ) (-1792 -5080 0 ) 
4 2 94 (-1792 -4799.990234 0 ) (-1792 -4816 0 ) (-1848 -4872 0 ) (-1852.345337 -4867.654785 0 ) 
3 2 93 (-1792 -4816 0 ) (-1792 -5080 0 ) (-1924 -4948 0 ) 
3 2 95 (-2356 -4544 0 ) (-2560 -4544 0 ) (-2560 -4340 0 ) 
4 2 96 (-2560 -4340 0 ) (-2560 -4544 0 ) (-2624 -4544 0 ) (-2624 -4276 0 ) 
4 2 102 (-2749.818359 -4122.181641 0 ) (-2749 -4123 0 ) (-2741.989258 -4144.031738 0 ) (-2749.199219 -4129.611816 0 ) 
3 2 101 (-2756.010498 -4115.989258 0 ) (-2749.818359 -4122.181641 0 ) (-2749.199219 -4129.611816 0 ) 
3 2 100 (-2713.908447 -4186.091797 0 ) (-2728.010010 -4171.990234 0 ) (-2730.022949 -4167.964355 0 ) 
3 2 99 (-2688 -4212 0 ) (-2688 -4252.010254 0 ) (-2728.010010 -4171.990234 0 ) 
7 2 98 (-3008 -4096 0 ) (-2776 -4096 0 ) (-2756.010498 -4115.989258 0 ) (-2688 -4252.010254 0 ) (-2688 -4544 0 ) (-2780 -4544 0 ) (-3008 -4316 0 ) 
4 2 97 (-2624 -4276 0 ) (-2624 -4544 0 ) (-2688 -4544 0 ) (-2688 -4212 0 ) 
4 2 95 (-2560 -4544 0 ) (-2356 -4544 0 ) (-2294 -4606 0 ) (-2560 -4606 0 ) 
4 2 96 (-2624 -4544 0 ) (-2560 -4544 0 ) (-2560 -4606 0 ) (-2624 -4606 0 ) 
4 2 98 (-2780 -4544 0 ) (-2688 -4544 0 ) (-2688 -4606 0 ) (-2718 -4606 0 ) 
4 2 97 (-2688 -4544 0 ) (-2624 -4544 0 ) (-2624 -4606 0 ) (-2688 -4606 0 ) 
4 2 95 (-2292 -4608 0 ) (-2560 -4608 0 ) (-2560 -4606 0 ) (-2294 -4606 0 ) 
4 2 96 (-2560 -4608 0 ) (-2624 -4608 0 ) (-2624 -4606 0 ) (-2560 -4606 0 ) 
4 2 98 (-2688 -4608 0 ) (-2716 -4608 0 ) (-2718 -4606 0 ) (-2688 -4606 0 ) 
4 2 97 (-2624 -4608 0 ) (-2688 -4608 0 ) (-2688 -4606 0 ) (-2624 -4606 0 ) 
3 2 102 (-2749 -4123 0 ) (-2749.818359 -4122.181641 0 ) (-2750 -4120 0 ) 
4 2 101 (-2749.818359 -4122.181641 0 ) (-2756.010498 -4115.989258 0 ) (-2766.005127 -4096 0 ) (-2752 -4096 0 ) 
3 2 98 (-2756.010498 -4115.989258 0 ) (-2776 -4096 0 ) (-2766.005127 -4096 0 ) 
4 2 109 (-2204 -5120 -3.550500 ) (-2204 -5120 -4 ) (-2174.424561 -5120 -4 ) (-2174.424561 -5120 -3.550500 ) 
4 2 106 (-2224 -5100 -4 ) (-2204 -5120 -4 ) (-2204 -5120 0 ) (-2224 -5100 0 ) 
4 2 109 (-2174.424561 -5120 -3.550500 ) (-2174.424561 -5120 -4 ) (-2119.689453 -5120 -4 ) (-2119.689453 -5120 -3.550500 ) 
4 2 103 (-2119.687012 -5120 -4 ) (-2048 -5048.925781 -4 ) (-2048 -5048.925781 -3.550500 ) (-2119.687012 -5120 -3.550500 ) 
3 2 103 (-2048 -5050.914063 -3.550500 ) (-2048 -5120 -3.550500 ) (-2117.681152 -5120 -3.550500 ) 
4 2 105 (-2094.052002 -4982.947754 -4 ) (-2048 -5029 -4 ) (-2048 -5029 -3.550500 ) (-2094.052002 -4982.947754 -3.550500 ) 
4 2 105 (-2048 -5037.995605 -4 ) (-2098.641357 -4987.537598 -4 ) (-2098.641357 -4987.537598 -3.550500 ) (-2048 -5037.995605 -3.550500 ) 
4 2 105 (-2048 -5038.003906 -3.550500 ) (-2098.644531 -4987.542969 -3.550500 ) (-2095.051025 -4983.949219 -3.550500 ) (-2048 -5031 -3.550500 ) 
3 2 106 (-2223.998291 -5099.998047 0 ) (-2203.996094 -5120 0 ) (-2244 -5120 0 ) 
4 2 109 (-2048 -5120 -3.550500 ) (-2048 -5120 -4 ) (-2048 -5312 -4 ) (-2048 -5312 -3.550500 ) 
4 2 108 (-2048 -5120 -4 ) (-1878.924316 -5120 -4 ) (-1992.929932 -5251.539551 -4 ) (-2048 -5182.596191 -4 ) 
5 2 107 (-1878.924316 -5120 -4 ) (-1280 -5120 -4 ) (-1280 -6144 -4 ) (-2048 -6144 -4 ) (-2048 -5315.079590 -4 ) 
5 2 109 (-2048 -5312 -3.550500 ) (-2100 -5312 -3.550500 ) (-2205.214600 -5206.785156 -3.550500 ) (-2117.681152 -5120 -3.550500 ) (-2048 -5120 -3.550500 ) 
4 2 109 (-2206.214600 -5205.785156 -3.550500 ) (-2268 -5144 -3.550500 ) (-2244 -5120 -3.550500 ) (-2119.689453 -5120 -3.550500 ) 
4 2 109 (-2205.214600 -5206.785156 -3.550500 ) (-2206.214600 -5205.785156 -3.550500 ) (-2156 -5156 -3.550500 ) (-2155 -5157 -3.550500 ) 
4 2 110 (-2102 -5312 -3.550500 ) (-2102 -5312 0 ) (-2157 -5257 0 ) (-2157 -5257 -3.550500 ) 
4 2 109 (-2100 -5312 -3.550500 ) (-2102 -5312 -3.550500 ) (-2157 -5257 -3.550500 ) (-2156 -5256 -3.550500 ) 
4 2 110 (-2240.003906 -5312 0 ) (-2304.002930 -5248 0 ) (-2195.002930 -5219 0 ) (-2102.003906 -5312 0 ) 
4 2 115 (-2496 -5312 0 ) (-2403.386475 -5157.647949 0 ) (-2304.045898 -5247.958008 0 ) (-2240.003906 -5312 0 ) 
4 2 119 (-2496 -6144 -4 ) (-2496 -5696 -4 ) (-2432 -5696 -4 ) (-2432 -6144 -4 ) 
4 2 118 (-2496 -5440 -4 ) (-2496 -5312 -4 ) (-2432 -5312 -4 ) (-2432 -5440 -4 ) 
3 2 117 (-2048 -5315.079590 -4 ) (-2048 -5454 -4 ) (-2112.500000 -5389.500000 -4 ) 
5 2 116 (-2432 -5312 -4 ) (-2190 -5312 -4 ) (-2048 -5454 -4 ) (-2048 -6144 -4 ) (-2432 -6144 -4 ) 
4 2 127 (-3072 -5696 -4 ) (-3072 -5696 0 ) (-3072 -5440 0 ) (-3072 -5440 -4 ) 
4 2 128 (-3072 -6144 -8 ) (-3072 -6144 0 ) (-3072 -5952 0 ) (-3072 -5952 -8 ) 
4 2 135 (-3072 -6400 -8 ) (-3072 -6400 0 ) (-3072 -6144 0 ) (-3072 -6144 -8 ) 
4 2 120 (-4288 -3712 0 ) (-4288 -3328 0 ) (-4224 -3328 0 ) (-4224 -3712 0 ) 
4 2 120 (-4416 -3712 0 ) (-4416 -3328 0 ) (-4288 -3328 0 ) (-4288 -3712 0 ) 
4 2 121 (-4672 -4096 0 ) (-5056 -4096 0 ) (-5056 -3936 0 ) (-4672 -3936 0 ) 
4 2 120 (-5120 -3712 0 ) (-5120 -3328 0 ) (-4416 -3328 0 ) (-4416 -3712 0 ) 
4 2 122 (-5120 -3328 0 ) (-5120 -3632 0 ) (-5312 -3632 0 ) (-5312 -3328 0 ) 
4 2 123 (-5419 -3748 0 ) (-5419 -3644 0 ) (-5324 -3644 0 ) (-5324 -3748 0 ) 
4 2 122 (-5120 -3632 0 ) (-5120 -3712 0 ) (-5312 -3712 0 ) (-5312 -3632 0 ) 
4 2 123 (-5419 -3644 0 ) (-5419 -3664 0 ) (-5428 -3664 0 ) (-5428 -3644 0 ) 
4 2 123 (-5428 -3664 0 ) (-5419 -3664 0 ) (-5419 -3728 0 ) (-5428 -3728 0 ) 
4 2 123 (-5428 -3728 0 ) (-5419 -3728 0 ) (-5419 -3748 0 ) (-5428 -3748 0 ) 
4 2 124 (-5419 -3936 0 ) (-5419 -3900 0 ) (-5324 -3900 0 ) (-5324 -3936 0 ) 
4 2 124 (-5419 -3900 0 ) (-5419 -3920 0 ) (-5428 -3920 0 ) (-5428 -3900 0 ) 
4 2 124 (-5428 -3920 0 ) (-5419 -3920 0 ) (-5419 -3936 0 ) (-5428 -3936 0 ) 
4 2 126 (-5056 -4096 0 ) (-4992 -4096 0 ) (-4992 -4160 0 ) (-5056 -4160 0 ) 
4 2 125 (-4992 -4096 0 ) (-4672 -4096 0 ) (-4672 -4160 0 ) (-4992 -4160 0 ) 
4 2 125 (-4992 -4448 0 ) (-4992 -4160 0 ) (-4672 -4160 0 ) (-4672 -4448 0 ) 
4 2 127 (-4096 -5696 0 ) (-4096 -5440 0 ) (-3072 -5440 0 ) (-3072 -5696 0 ) 
4 2 128 (-3456 -5952 0 ) (-3072 -5952 0 ) (-3072 -6144 0 ) (-3456 -6144 0 ) 
4 2 129 (-4096 -5440 0 ) (-4096 -5696 0 ) (-4480 -5696 0 ) (-4480 -5440 0 ) 
4 2 129 (-4480 -5440 0 ) (-4480 -5696 0 ) (-5056 -5696 0 ) (-5056 -5440 0 ) 
4 2 129 (-5120 -5696 0 ) (-5120 -5440 0 ) (-5056 -5440 0 ) (-5056 -5696 0 ) 
3 2 133 (-5760 -5792 0 ) (-5760 -5696 0 ) (-5568 -5696 0 ) 
5 2 132 (-5760 -5696 0 ) (-5760 -5536 0 ) (-5568 -5440 0 ) (-5120 -5440 0 ) (-5120 -5696 0 ) 
3 2 131 (-5760 -5408 0 ) (-5760 -5312 0 ) (-5568 -5312 0 ) 
4 2 135 (-3072 -6400 0 ) (-3456 -6400 0 ) (-3456 -6144 0 ) (-3072 -6144 0 ) 
4 3 16 (-1734 -960 -4 ) (-1728 -960 -4 ) (-1728 -960 0 ) (-1734 -960 0 ) 
4 3 17 (-1742.015137 -960 -4 ) (-1734 -960 -4 ) (-1734 -960 0 ) (-1742.015137 -960 0 ) 
4 3 15 (-1807 -960 -4 ) (-1742.015137 -960 -4 ) (-1742.015137 -960 0 ) (-1807 -960 0 ) 
4 3 4 (-1807 0 -4 ) (-1807 -556 -4 ) (-1807 -556 0 ) (-1807 0 0 ) 
4 3 7 (-1807 -560 -4 ) (-1807 -960 -4 ) (-1807 -960 0 ) (-1807 -560 0 ) 
4 4 6 (-1984 -556 0 ) (-1984 -556 -4 ) (-1905 -556 -4 ) (-1905 -556 0 ) 
4 4 5 (-1899 -556 -4 ) (-1813 -556 -4 ) (-1813 -556 0 ) (-1899 -556 0 ) 
4 5 7 (-1899 -560 -4 ) (-1813 -560 -4 ) (-1813 -560 0 ) (-1899 -560 0 ) 
4 6 7 (-1984 -560 0 ) (-1984 -560 -4 ) (-1905 -560 -4 ) (-1905 -560 0 ) 
4 7 15 (-1984 -960 -4 ) (-1807 -960 -4 ) (-1807 -960 0 ) (-1984 -960 0 ) 
4 7 9 (-1984 -768 -4 ) (-1984 -815.250061 -4 ) (-1984 -815.250061 0 ) (-1984 -768 0 ) 
4 7 8 (-1984 -815.250061 -4 ) (-1984 -960 -4 ) (-1984 -960 0 ) (-1984 -815.250061 0 ) 
4 8 20 (-2048 -890.666626 0 ) (-2048 -887.250122 0 ) (-2048 -887.250061 -4 ) (-2048 -890.666626 -4 ) 
4 8 19 (-2048 -896 0 ) (-2048 -890.666626 0 ) (-2048 -890.666626 -4 ) (-2048 -896 -4 ) 
4 8 23 (-2048 -960 0 ) (-2048 -896 0 ) (-2048 -896 -4 ) (-2048 -960 -4 ) 
4 8 15 (-2048 -960 -4 ) (-1984 -960 -4 ) (-1984 -960 0 ) (-2048 -960 0 ) 
4 8 11 (-1988.344849 -820.137939 -4 ) (-2006 -840 -4 ) (-2006 -840 0 ) (-1988.344849 -820.137939 0 ) 
4 8 10 (-2022.001221 -858.001099 -4 ) (-2048 -887.249512 -4 ) (-2048 -887.249512 0 ) (-2022.001221 -858.001099 0 ) 
4 8 9 (-1984 -815.250000 0 ) (-1984 -815.250000 -4 ) (-1988.344849 -820.137939 -4 ) (-1988.344849 -820.137939 0 ) 
4 9 12 (-1986 -791.995667 -4 ) (-1986.799927 -801.599915 -4 ) (-1986.799927 -801.599915 0 ) (-1986 -791.995667 0 ) 
4 9 11 (-1986.799927 -801.599915 -4 ) (-1988.344727 -820.136719 -4 ) (-1988.344727 -820.136719 0 ) (-1986.799927 -801.599915 0 ) 
4 10 20 (-2048 -887.250122 0 ) (-2048 -881.108154 0 ) (-2048 -881.108093 -4 ) (-2048 -887.250061 -4 ) 
4 10 13 (-2040.005249 -874.002625 -4 ) (-2048 -881.108093 -4 ) (-2048 -881.108093 0 ) (-2040.005249 -874.002625 0 ) 
4 11 12 (-1986.799438 -801.598816 0 ) (-1986.799438 -801.598816 -4 ) (-1993.997192 -815.994507 -4 ) (-1993.997192 -815.994507 0 ) 
4 13 20 (-2048 -881.108154 0 ) (-2048 -878 0 ) (-2048 -878 -4 ) (-2048 -881.108093 -4 ) 
4 14 31 (-1024 -1024 -4 ) (-1024 -1024 0 ) (-1312 -1024 0 ) (-1312 -1024 -4 ) 
4 14 18 (-1024 -1024 -4 ) (-1312 -1024 -4 ) (-1376 -960 -4 ) (-1024 -960 -4 ) 
4 15 54 (-1947.854736 -1024 0 ) (-2048 -1024 0 ) (-2048 -1024 -4 ) (-1947.854736 -1024 -4 ) 
4 15 30 (-1710.001709 -1024 0 ) (-1947.854736 -1024 0 ) (-1947.854736 -1024 -4 ) (-1710.001709 -1024 -4 ) 
4 15 23 (-2048 -1024 -4 ) (-2048 -1024 0 ) (-2048 -960 0 ) (-2048 -960 -4 ) 
4 15 17 (-1717.992432 -1008.022339 -4 ) (-1742.014404 -960 -4 ) (-1742.014404 -960 0 ) (-1717.990967 -1008.026978 0 ) 
4 16 17 (-1734 -960 0 ) (-1734 -960 -4 ) (-1726 -983.996521 -4 ) (-1726 -983.996521 0 ) 
4 18 55 (-1024 -1024 -8 ) (-1024 -1024 -4 ) (-1312 -1024 -4 ) (-1312 -1024 -8 ) 
4 19 21 (-2078.399170 -893.199585 -4 ) (-2087.998779 -894 -4 ) (-2087.998779 -894 0 ) (-2078.399170 -893.199585 0 ) 
4 19 20 (-2048 -890.666321 -4 ) (-2078.399170 -893.199585 -4 ) (-2078.399170 -893.199585 0 ) (-2048 -890.666321 0 ) 
4 19 23 (-2112 -896 -4 ) (-2048 -896 -4 ) (-2048 -896 0 ) (-2112 -896 0 ) 
4 20 21 (-2064.002197 -886.001160 -4 ) (-2078.400391 -893.200195 -4 ) (-2078.400391 -893.200195 0 ) (-2064.002197 -886.001160 0 ) 
4 22 24 (-2292 -884 -4 ) (-2292 -780 -4 ) (-2188 -780 -4 ) (-2188 -884 -4 ) 
4 23 56 (-2048 -1024 -4 ) (-2048 -1024 0 ) (-2304 -1024 0 ) (-2304 -1024 -4 ) 
4 23 57 (-2304 -1024 0 ) (-2688 -1024 0 ) (-2688 -1024 -4 ) (-2304 -1024 -4 ) 
4 26 38 (-1024 -1969 -4 ) (-1024 -2010 -4 ) (-1024 -2010 0 ) (-1024 -1969 0 ) 
4 27 28 (-64 -1408 -4 ) (-64 -1024 -4 ) (-64 -1024 -8 ) (-64 -1408 -8 ) 
4 28 55 (-1024 -1024 -4 ) (-1024 -1024 -8 ) (-1024 -1312 -8 ) (-1024 -1312 -4 ) 
4 29 58 (-1024 -2360 0 ) (-1024 -2272 0 ) (-1024 -2272 -8 ) (-1024 -2360 -8 ) 
4 30 54 (-1947.851563 -1024 -4 ) (-1736.940063 -1446 -4 ) (-1736.942871 -1446 0 ) (-1947.854980 -1024 0 ) 
4 30 33 (-1592 -1446 -4 ) (-1498.913696 -1446 -4 ) (-1498.913696 -1446 0 ) (-1592 -1446 0 ) 
4 30 36 (-1736.937500 -1446 0 ) (-1736.937500 -1446 -4 ) (-1592 -1446 -4 ) (-1592 -1446 0 ) 
4 30 32 (-1498.913086 -1446 0 ) (-1498.913086 -1446 -4 ) (-1706 -1031.998779 -4 ) (-1706.002075 -1031.996216 0 ) 
3 31 55 (-1312 -1024 -4 ) (-1024 -1024 -4 ) (-1024 -1312 -4 ) 
4 32 34 (-1381.249756 -1446 -4 ) (-1355.926147 -1446 -4 ) (-1355.926025 -1446 0 ) (-1381.250000 -1446 0 ) 
4 32 35 (-1473.911499 -1446 -4 ) (-1381.249756 -1446 -4 ) (-1381.250000 -1446 0 ) (-1473.911499 -1446 0 ) 
4 32 33 (-1498.913696 -1446 -4 ) (-1473.911499 -1446 -4 ) (-1473.911499 -1446 0 ) (-1498.913696 -1446 0 ) 
4 33 35 (-1262.002563 -1551.997681 -4 ) (-1473.909790 -1446 -4 ) (-1473.909790 -1446 0 ) (-1262.002563 -1551.997681 0 ) 
4 33 36 (-1592.003906 -1446 0 ) (-1592.003906 -1446 -4 ) (-1238.021973 -1563.994019 -4 ) (-1238.021973 -1563.994019 0 ) 
4 34 35 (-1381.252197 -1446 0 ) (-1381.252197 -1446 -4 ) (-1279.993896 -1536.007324 -4 ) (-1279.993896 -1536.007324 0 ) 
4 36 54 (-1736.940063 -1446 -4 ) (-1693.956299 -1532.003662 -4 ) (-1693.959106 -1532.003418 0 ) (-1736.942871 -1446 0 ) 
4 36 37 (-1693.959106 -1532.003174 0 ) (-1693.959106 -1532.003174 -4 ) (-1214 -1572 -4 ) (-1214 -1572 0 ) 
4 37 43 (-1675.338745 -1569.254272 -4 ) (-1672.966919 -1574 -4 ) (-1672.969604 -1574 0 ) (-1675.343262 -1569.250732 0 ) 
4 37 54 (-1693.956299 -1532.003662 -4 ) (-1675.338745 -1569.254272 -4 ) (-1675.343262 -1569.250732 0 ) (-1693.959106 -1532.003418 0 ) 
4 37 38 (-1672.966797 -1574 0 ) (-1672.966797 -1574 -4 ) (-1190 -1574 -4 ) (-1190 -1574 0 ) 
4 38 52 (-1587.994385 -1744.016602 -4 ) (-1554.845947 -1810.341431 -4 ) (-1554.847412 -1810.343140 0 ) (-1587.989380 -1744.031372 0 ) 
4 38 46 (-1554.845947 -1810.341431 -4 ) (-1553.508667 -1813.017090 -4 ) (-1553.510132 -1813.018677 0 ) (-1554.847412 -1810.343140 0 ) 
4 38 44 (-1553.508667 -1813.017090 -4 ) (-1455.058472 -2010 -4 ) (-1455.060425 -2010 0 ) (-1553.510132 -1813.018677 0 ) 
4 38 43 (-1672.966919 -1574 -4 ) (-1600.034424 -1719.926392 -4 ) (-1600.040161 -1719.919678 0 ) (-1672.969604 -1574 0 ) 
4 38 42 (-1455.060547 -2010 0 ) (-1455.060547 -2010 -4 ) (-1190 -2010 -4 ) (-1190 -2010 0 ) 
4 39 61 (-1280 -2048 0 ) (-1294 -2048 0 ) (-1294 -2048 -4 ) (-1280 -2048 -4 ) 
4 39 41 (-1262.022949 -2032.011475 -4 ) (-1294 -2048 -4 ) (-1294 -2048 0 ) (-1262.022949 -2032.011475 0 ) 
4 40 42 (-1213.998901 -2012 -4 ) (-1223.598999 -2012.799561 -4 ) (-1223.598999 -2012.799561 0 ) (-1213.998901 -2012 0 ) 
4 40 41 (-1223.599609 -2012.799805 0 ) (-1223.599609 -2012.799805 -4 ) (-1238 -2020 -4 ) (-1238 -2020 0 ) 
4 41 61 (-1294 -2048 0 ) (-1436.068237 -2048 0 ) (-1436.068115 -2048 -4 ) (-1294 -2048 -4 ) 
4 41 44 (-1444.460327 -2031.205078 -4 ) (-1436.066406 -2048 -4 ) (-1436.068359 -2048 0 ) (-1444.462280 -2031.205200 0 ) 
4 41 42 (-1223.598999 -2012.799561 -4 ) (-1444.461548 -2031.204834 -4 ) (-1444.461548 -2031.204834 0 ) (-1223.598999 -2012.799561 0 ) 
4 42 44 (-1455.058472 -2010 -4 ) (-1444.460327 -2031.205078 -4 ) (-1444.462280 -2031.205200 0 ) (-1455.060425 -2010 0 ) 
4 43 54 (-1675.343750 -1569.251953 0 ) (-1675.343750 -1569.251953 -4 ) (-1957.991699 -1318.009277 -4 ) (-1957.997681 -1318.002563 0 ) 
4 44 66 (-1728 -2048 0 ) (-1763.336792 -2048 0 ) (-1763.336792 -2048 -4 ) (-1728 -2048 -4 ) 
4 44 64 (-1454 -2048 0 ) (-1728 -2048 0 ) (-1728 -2048 -4 ) (-1454 -2048 -4 ) 
4 44 61 (-1436.068237 -2048 0 ) (-1454 -2048 0 ) (-1454 -2048 -4 ) (-1436.068115 -2048 -4 ) 
4 44 46 (-1553.508789 -1813.021240 0 ) (-1553.508789 -1813.021240 -4 ) (-1616.058350 -1883.069336 -4 ) (-1616.044189 -1883.052734 0 ) 
4 45 54 (-1976.004883 -1301.997559 -4 ) (-1983.203125 -1295.599121 -4 ) (-1983.200562 -1295.599854 0 ) (-1976 -1302 0 ) 
4 45 53 (-1983.199707 -1295.599854 0 ) (-1983.199707 -1295.599854 -4 ) (-2000.032227 -1289.989014 -4 ) (-2000.031860 -1289.989258 0 ) 
4 46 51 (-1562.754517 -1819.736450 -4 ) (-1599.986328 -1863.972778 -4 ) (-1599.986328 -1863.972778 0 ) (-1562.754517 -1819.736450 0 ) 
4 46 52 (-1554.847656 -1810.342163 0 ) (-1554.847656 -1810.342163 -4 ) (-1562.754517 -1819.736450 -4 ) (-1562.754517 -1819.736450 0 ) 
4 47 48 (-1576.799927 -1806.401123 -4 ) (-1580 -1816.007568 -4 ) (-1580 -1816.007568 0 ) (-1576.799927 -1806.401123 0 ) 
4 47 49 (-1572.001343 -1791.998779 0 ) (-1572.001343 -1791.998779 -4 ) (-1576.799927 -1806.401123 -4 ) (-1576.799927 -1806.401123 0 ) 
4 47 51 (-1587.979858 -1839.959595 -4 ) (-1568.802734 -1801.605469 -4 ) (-1568.802734 -1801.605469 0 ) (-1587.979858 -1839.959595 0 ) 
4 47 52 (-1568.800781 -1801.601563 -4 ) (-1572 -1792.002075 -4 ) (-1572 -1792.002075 0 ) (-1568.800781 -1801.601563 0 ) 
4 48 49 (-1576.799561 -1806.403198 0 ) (-1576.799561 -1806.403198 -4 ) (-1578 -1792 -4 ) (-1578 -1792 0 ) 
4 49 52 (-1572 -1792.002075 -4 ) (-1580 -1768.005127 -4 ) (-1580 -1768.005127 0 ) (-1572 -1792.002075 0 ) 
4 50 56 (-2048 -1274 -4 ) (-2048 -1280 -4 ) (-2048 -1280 0 ) (-2048 -1274 0 ) 
4 50 53 (-2024 -1282 -4 ) (-2048 -1274 -4 ) (-2048 -1274 0 ) (-2024 -1282 0 ) 
4 51 52 (-1562.753906 -1819.742188 0 ) (-1562.753906 -1819.742188 -4 ) (-1568.800781 -1801.601563 -4 ) (-1568.800781 -1801.601563 0 ) 
4 53 56 (-2048 -1238 -4 ) (-2048 -1274 -4 ) (-2048 -1274 0 ) (-2048 -1238 0 ) 
4 53 54 (-1983.203125 -1295.599121 -4 ) (-2048 -1238.001953 -4 ) (-2048 -1238 0 ) (-1983.200562 -1295.599854 0 ) 
4 54 56 (-2048 -1024 0 ) (-2048 -1024 -4 ) (-2048 -1238 -4 ) (-2048 -1238 0 ) 
4 56 57 (-2304 -1024 -4 ) (-2304 -1280 -4 ) (-2304 -1280 0 ) (-2304 -1024 0 ) 
4 57 74 (-2304 -2048 0 ) (-2688 -2048 0 ) (-2688 -2048 -4 ) (-2304 -2048 -4 ) 
4 58 59 (-1190 -2360 0 ) (-1190 -2272 0 ) (-1190 -2272 -8 ) (-1190 -2360 -8 ) 
4 59 70 (-1190 -2688 0 ) (-1371.377808 -2688 0 ) (-1371.377808 -2688 -8 ) (-1190 -2688 -8 ) 
4 59 60 (-1344 -2624 -8 ) (-1371.378174 -2688 -8 ) (-1371.378174 -2688 0 ) (-1344 -2624 0 ) 
4 60 70 (-1371.377808 -2688 0 ) (-1392 -2688 0 ) (-1392 -2688 -8 ) (-1371.377808 -2688 -8 ) 
4 61 64 (-1705.988770 -2551.977539 0 ) (-1454 -2048 0 ) (-1454 -2048 -4 ) (-1705.991943 -2551.983887 -4 ) 
4 62 65 (-1728 -2624 0 ) (-1728 -2606 0 ) (-1728 -2606 -4 ) (-1728 -2624 -4 ) 
4 62 63 (-1728 -2605.997070 -4 ) (-1728 -2605.997070 0 ) (-1726 -2599.996338 0 ) (-1726 -2599.996338 -4 ) 
4 63 65 (-1728 -2606 0 ) (-1728 -2596 0 ) (-1728 -2596 -4 ) (-1728 -2606 -4 ) 
4 63 64 (-1728 -2596 -4 ) (-1728 -2596 0 ) (-1718 -2576 0 ) (-1718 -2576 -4 ) 
4 64 66 (-1728 -2061.555420 0 ) (-1728 -2048 0 ) (-1728 -2048 -4 ) (-1728 -2061.555420 -4 ) 
4 64 65 (-1728 -2596 0 ) (-1728 -2061.555420 0 ) (-1728 -2061.555420 -4 ) (-1728 -2596 -4 ) 
4 65 72 (-2048 -2346 -4 ) (-2048 -2688 -4 ) (-2048 -2688 0 ) (-2048 -2346 0 ) 
4 65 67 (-1976.012207 -2282.010010 -4 ) (-2048 -2346 -4 ) (-2048 -2346 0 ) (-1976.015381 -2282.012695 0 ) 
4 65 66 (-1728 -2061.554688 0 ) (-1728 -2061.554688 -4 ) (-1957.995483 -2265.995117 -4 ) (-1957.995483 -2265.995117 0 ) 
4 67 72 (-2048 -2318.003906 -4 ) (-2048 -2346 -4 ) (-2048 -2346 0 ) (-2048 -2318.005127 0 ) 
4 67 68 (-1999.943604 -2293.974609 -4 ) (-2048 -2318.002686 -4 ) (-2048 -2318.003906 0 ) (-1999.937012 -2293.972412 0 ) 
4 68 72 (-2048 -2310 -4 ) (-2048 -2318.003906 -4 ) (-2048 -2318.005127 0 ) (-2048 -2310 0 ) 
4 68 69 (-2024.007690 -2302 -4 ) (-2048 -2310.001465 -4 ) (-2048 -2310.001465 0 ) (-2024.007324 -2302 0 ) 
4 69 72 (-2048 -2304 -4 ) (-2048 -2310 -4 ) (-2048 -2310 0 ) (-2048 -2304 0 ) 
4 72 73 (-2304 -2304 -4 ) (-2304 -2688 -4 ) (-2304 -2688 0 ) (-2304 -2304 0 ) 
4 73 77 (-2368.001709 -2688 0 ) (-2415.226318 -2688 0 ) (-2415.226318 -2688 -4 ) (-2368.001709 -2688 -4 ) 
4 73 75 (-2415.226318 -2688 0 ) (-2733.714355 -2688 0 ) (-2733.714355 -2688 -4 ) (-2415.226318 -2688 -4 ) 
4 73 74 (-2304 -2086.398438 0 ) (-2304 -2086.398438 -4 ) (-2688 -2623.998535 -4 ) (-2688 -2623.998535 0 ) 
4 75 90 (-2847.466553 -3072 0 ) (-3008 -3072 0 ) (-3008 -3072 -4 ) (-2847.466553 -3072 -4 ) 
4 75 79 (-2432.781982 -2703.593994 0 ) (-2439.983643 -2709.991943 0 ) (-2439.983643 -2709.991943 -4 ) (-2432.781982 -2703.593994 -4 ) 
4 75 78 (-2420.117432 -2692.342773 0 ) (-2432.781982 -2703.593994 0 ) (-2432.781982 -2703.593994 -4 ) (-2420.117432 -2692.342773 -4 ) 
4 75 77 (-2415.229004 -2688 -4 ) (-2415.229004 -2688 0 ) (-2420.117432 -2692.342773 0 ) (-2420.117432 -2692.342773 -4 ) 
4 75 76 (-2457.991455 -2725.989990 0 ) (-2847.469238 -3072 0 ) (-2847.469238 -3072 -4 ) (-2457.991455 -2725.989990 -4 ) 
4 76 90 (-2752 -3072 0 ) (-2847.466553 -3072 0 ) (-2847.466553 -3072 -4 ) (-2752 -3072 -4 ) 
4 77 78 (-2420.117676 -2692.342285 0 ) (-2420.117676 -2692.342285 -4 ) (-2391.997314 -2690 -4 ) (-2391.997314 -2690 0 ) 
4 78 79 (-2432.776611 -2703.591553 0 ) (-2432.776611 -2703.591553 -4 ) (-2415.965820 -2697.988037 -4 ) (-2415.965820 -2697.988037 0 ) 
4 80 81 (-2356 -2804 -4 ) (-2356 -2700 -4 ) (-2252 -2700 -4 ) (-2252 -2804 -4 ) 
4 82 2 (-1190 -3968 0 ) (-1728 -3968 0 ) (-1728 -3968 -8 ) (-1190 -3968 -8 ) 
4 82 83 (-1728 -3584 -8 ) (-1728 -3968 -8 ) (-1728 -3968 0 ) (-1728 -3584 0 ) 
4 83 2 (-1728 -3968 0 ) (-1792 -3968 0 ) (-1792 -3968 -8 ) (-1728 -3968 -8 ) 
4 83 84 (-1920 -3328 -8 ) (-1920 -3968 -8 ) (-1920 -3968 0 ) (-1920 -3328 0 ) 
4 84 85 (-2048 -3200 -8 ) (-2048 -3968 -8 ) (-2048 -3968 0 ) (-2048 -3200 0 ) 
4 85 86 (-2400 -3200 0 ) (-2400 -3200 -8 ) (-2400 -3328 -8 ) (-2400 -3328 0 ) 
4 85 87 (-2400 -3712 -8 ) (-2400 -3968 -8 ) (-2400 -3968 0 ) (-2400 -3712 0 ) 
4 86 88 (-2672 -3200 0 ) (-2672 -3200 -8 ) (-2672 -3328 -8 ) (-2672 -3328 0 ) 
4 87 89 (-2672 -3712 -8 ) (-2672 -3968 -8 ) (-2672 -3968 0 ) (-2672 -3712 0 ) 
4 90 101 (-2752 -4096 0 ) (-2766.005371 -4096 0 ) (-2766.004395 -4096 -4 ) (-2752 -4096 -4 ) 
4 90 98 (-2766.005371 -4096 0 ) (-3008 -4096 0 ) (-3008 -4096 -4 ) (-2766.004395 -4096 -4 ) 
4 91 2 (-1792 -5120 -4 ) (-1792 -5120 -3.550500 ) (-2048 -5120 -3.550500 ) (-2048 -5120 -4 ) 
4 91 2 (-2048 -5046 -3.550500 ) (-2048 -5044 -3.550500 ) (-2048 -5044 -4 ) (-2048 -5046 -4 ) 
4 91 105 (-2048 -5037.996582 -3.550500 ) (-2048 -5029 -3.550500 ) (-2048 -5029 -4 ) (-2048 -5037.996582 -4 ) 
4 91 2 (-2048 -5044 -3.550500 ) (-2048 -5037.996582 -3.550500 ) (-2048 -5037.996582 -4 ) (-2048 -5044 -4 ) 
4 91 2 (-2048 -5029 -3.550500 ) (-2048 -4852 -3.550500 ) (-2048 -4852 -4 ) (-2048 -5029 -4 ) 
4 91 103 (-2048 -5120 -4 ) (-2048 -5120 -3.550500 ) (-2048 -5048.922852 -3.550500 ) (-2048 -5048.922852 -4 ) 
4 91 2 (-2048 -5048.922852 -3.550500 ) (-2048 -5046 -3.550500 ) (-2048 -5046 -4 ) (-2048 -5048.922852 -4 ) 
4 91 93 (-1792 -5108 -3.550500 ) (-1792 -5108 -4 ) (-1938 -4962 -4 ) (-1938 -4962 -3.550500 ) 
5 91 92 (-2048 -5120 -4 ) (-2048 -5072 -4 ) (-1938.001831 -4962.001953 -4 ) (-1792 -5108.003906 -4 ) (-1792 -5120 -4 ) 
4 92 108 (-1878.924316 -5120 -4 ) (-2048 -5120 -4 ) (-2048 -5120 -8 ) (-1878.924316 -5120 -8 ) 
4 92 107 (-1792 -5120 -8 ) (-1792 -5120 -4 ) (-1878.924316 -5120 -4 ) (-1878.924316 -5120 -8 ) 
4 92 104 (-2048 -5120 -8 ) (-2048 -5120 -4 ) (-2048 -5072 -4 ) (-2048 -5072 -8 ) 
4 92 93 (-1792 -5108 -4 ) (-1792 -5108 -8 ) (-1938 -4962 -8 ) (-1938 -4962 -4 ) 
4 93 94 (-1848 -4872 0 ) (-1792 -4816 0 ) (-1792 -4816 -8 ) (-1848 -4872 -8 ) 
4 95 2 (-2484 -4608 0 ) (-2486 -4608 0 ) (-2486 -4608 -4 ) (-2484 -4608 -4 ) 
4 95 2 (-2469 -4608 0 ) (-2479.560547 -4608 0 ) (-2479.560547 -4608 -4 ) (-2469 -4608 -4 ) 
4 95 2 (-2479.560547 -4608 0 ) (-2484 -4608 0 ) (-2484 -4608 -4 ) (-2479.560547 -4608 -4 ) 
4 95 2 (-2292 -4608 0 ) (-2469 -4608 0 ) (-2469 -4608 -4 ) (-2292 -4608 -4 ) 
4 95 2 (-2486 -4608 0 ) (-2560 -4608 0 ) (-2560 -4608 -4 ) (-2486 -4608 -4 ) 
4 95 96 (-2560 -4339.992188 0 ) (-2560 -4339.992188 -4 ) (-2560 -4608 -4 ) (-2560 -4608 0 ) 
4 96 2 (-2560 -4608 0 ) (-2624 -4608 0 ) (-2624 -4608 -4 ) (-2560 -4608 -4 ) 
4 96 97 (-2624 -4275.996094 0 ) (-2624 -4275.996094 -4 ) (-2624 -4608 -4 ) (-2624 -4608 0 ) 
4 97 2 (-2624 -4608 0 ) (-2688 -4608 0 ) (-2688 -4608 -4 ) (-2624 -4608 -4 ) 
4 97 99 (-2688 -4212 -4 ) (-2688 -4252.007813 -4 ) (-2688 -4252.010254 0 ) (-2688 -4212 0 ) 
4 97 98 (-2688 -4252.007813 -4 ) (-2688 -4608 -4 ) (-2688 -4608 0 ) (-2688 -4252.010254 0 ) 
4 98 2 (-2688 -4608 0 ) (-2716 -4608 0 ) (-2716 -4608 -4 ) (-2688 -4608 -4 ) 
4 98 102 (-2741.989746 -4144.030273 -4 ) (-2749.198975 -4129.611816 -4 ) (-2749.198730 -4129.614746 0 ) (-2741.987549 -4144.037109 0 ) 
4 98 101 (-2749.198975 -4129.611816 -4 ) (-2766.004883 -4096 -4 ) (-2766.006104 -4096 0 ) (-2749.198730 -4129.614746 0 ) 
4 98 100 (-2728.010010 -4171.989746 -4 ) (-2730.018799 -4167.972168 -4 ) (-2730.025146 -4167.961914 0 ) (-2728.012207 -4171.987793 0 ) 
4 98 99 (-2688 -4252.012207 0 ) (-2688 -4252.009766 -4 ) (-2728.010010 -4171.989746 -4 ) (-2728.012207 -4171.987793 0 ) 
4 99 100 (-2713.935547 -4186.064453 -4 ) (-2728.009277 -4171.990723 -4 ) (-2728.011719 -4171.988281 0 ) (-2713.913574 -4186.086426 0 ) 
4 101 102 (-2749.197754 -4129.614746 0 ) (-2749.197998 -4129.611816 -4 ) (-2749.998779 -4120.003418 -4 ) (-2749.998535 -4120.003906 0 ) 
4 103 109 (-2048 -5120 -4 ) (-2048 -5120 -3.550500 ) (-2119.689453 -5120 -3.550500 ) (-2119.689453 -5120 -4 ) 
3 103 104 (-2048 -5072 -4 ) (-2048 -5120 -4 ) (-2096 -5120 -4 ) 
4 104 112 (-2048 -5120 -8 ) (-2048 -5120 -4 ) (-2096 -5120 -4 ) (-2096 -5120 -8 ) 
4 106 2 (-2204 -5120 -3.550500 ) (-2204 -5120 0 ) (-2244 -5120 0 ) (-2244 -5120 -3.550500 ) 
4 106 109 (-2204 -5120 -4 ) (-2204 -5120 -3.550500 ) (-2244 -5120 -3.550500 ) (-2244 -5120 -4 ) 
4 107 2 (-1280 -6144 -8 ) (-1280 -6144 -4 ) (-2048 -6144 -4 ) (-2048 -6144 -8 ) 
4 107 117 (-2048 -5454 -4 ) (-2048 -5315.079590 -4 ) (-2048 -5315.079590 -8 ) (-2048 -5454 -8 ) 
4 107 116 (-2048 -6144 -8 ) (-2048 -6144 -4 ) (-2048 -5454 -4 ) (-2048 -5454 -8 ) 
4 107 108 (-1992.932251 -5251.537109 -4 ) (-1878.928711 -5120 -4 ) (-1878.928711 -5120 -8 ) (-1992.932251 -5251.537109 -8 ) 
4 108 112 (-2048 -5120 -4 ) (-2048 -5120 -8 ) (-2048 -5182.596191 -8 ) (-2048 -5182.596191 -4 ) 
4 109 2 (-2048 -5312 -4 ) (-2048 -5312 -3.550500 ) (-2102 -5312 -3.550500 ) (-2102 -5312 -4 ) 
4 109 112 (-2097.111572 -5121.111816 -4 ) (-2096 -5120 -4 ) (-2048 -5120 -4 ) (-2048 -5182.596680 -4 ) 
4 109 110 (-2195 -5219 -4 ) (-2102 -5312 -4 ) (-2102 -5312 -3.550500 ) (-2195 -5219 -3.550500 ) 
4 110 2 (-2240 -5312 0 ) (-2240 -5312 -4 ) (-2102 -5312 -4 ) (-2102 -5312 0 ) 
4 110 115 (-2240 -5312 -4 ) (-2240 -5312 0 ) (-2304 -5248 0 ) (-2304 -5248 -4 ) 
4 110 114 (-2190 -5312 -4 ) (-2212.452637 -5312 -4 ) (-2246 -5270 -4 ) (-2239 -5263 -4 ) 
4 110 113 (-2212.452637 -5312 -4 ) (-2233.600586 -5312 -4 ) (-2304 -5248 -4 ) (-2270.657471 -5239.129395 -4 ) 
3 110 111 (-2233.600586 -5312 -4 ) (-2240 -5312 -4 ) (-2304 -5248 -4 ) 
4 111 116 (-2233.600098 -5312 -8 ) (-2233.600098 -5312 -4 ) (-2240 -5312 -4 ) (-2240 -5312 -8 ) 
4 111 115 (-2240 -5312 -8 ) (-2240 -5312 -4 ) (-2304 -5248 -4 ) (-2304 -5248 -8 ) 
4 111 113 (-2304.019531 -5247.980469 -8 ) (-2304.019531 -5247.980469 -4 ) (-2233.598633 -5312 -4 ) (-2233.598633 -5312 -8 ) 
4 113 116 (-2212.452881 -5312 -8 ) (-2212.452881 -5312 -4 ) (-2233.600098 -5312 -4 ) (-2233.600098 -5312 -8 ) 
4 113 114 (-2246 -5270 -4 ) (-2212.454590 -5312 -4 ) (-2212.454590 -5312 -8 ) (-2246 -5270 -8 ) 
4 114 116 (-2190 -5312 -4 ) (-2212.452881 -5312 -4 ) (-2212.452881 -5312 -8 ) (-2190 -5312 -8 ) 
4 115 118 (-2432 -5312 -4 ) (-2496 -5312 -4 ) (-2496 -5312 -8 ) (-2432 -5312 -8 ) 
4 115 116 (-2240 -5312 -8 ) (-2240 -5312 -4 ) (-2432 -5312 -4 ) (-2432 -5312 -8 ) 
4 115 2 (-2240 -5312 -4 ) (-2240 -5312 0 ) (-2496 -5312 0 ) (-2496 -5312 -4 ) 
4 116 2 (-2048 -6144 -8 ) (-2048 -6144 -4 ) (-2432 -6144 -4 ) (-2432 -6144 -8 ) 
4 116 119 (-2432 -6144 -4 ) (-2432 -5696 -4 ) (-2432 -5696 -8 ) (-2432 -6144 -8 ) 
4 116 118 (-2432 -5440 -4 ) (-2432 -5312 -4 ) (-2432 -5312 -8 ) (-2432 -5440 -8 ) 
4 116 117 (-2048 -5454 -8 ) (-2112.500000 -5389.500000 -8 ) (-2112.500000 -5389.500000 -4 ) (-2048 -5454 -4 ) 
4 119 2 (-2432 -6144 -8 ) (-2432 -6144 -4 ) (-2496 -6144 -4 ) (-2496 -6144 -8 ) 
4 119 2 (-2496 -6144 -8 ) (-2496 -6144 -4 ) (-2496 -5952 -4 ) (-2496 -5952 -8 ) 
4 120 122 (-5120 -3712 -8 ) (-5120 -3712 0 ) (-5120 -3328 0 ) (-5120 -3328 -8 ) 
4 121 126 (-4992 -4096 0 ) (-5056 -4096 0 ) (-5056 -4096 -8 ) (-4992 -4096 -8 ) 
4 121 125 (-4672 -4096 -8 ) (-4672 -4096 0 ) (-4992 -4096 0 ) (-4992 -4096 -8 ) 
4 125 126 (-4992 -4096 -8 ) (-4992 -4160 -8 ) (-4992 -4160 0 ) (-4992 -4096 0 ) 
4 127 129 (-4096 -5696 -4 ) (-4096 -5696 0 ) (-4096 -5440 0 ) (-4096 -5440 -4 ) 
4 128 135 (-3072 -6144 -8 ) (-3072 -6144 0 ) (-4096 -6144 0 ) (-4096 -6144 -8 ) 
4 128 130 (-4096 -6144 -8 ) (-4096 -6144 0 ) (-4096 -5952 0 ) (-4096 -5952 -8 ) 
4 129 132 (-5120 -5696 0 ) (-5120 -5440 0 ) (-5120 -5440 -4 ) (-5120 -5696 -4 ) 
4 130 136 (-4096 -6144 -8 ) (-4096 -6144 0 ) (-4416 -6144 0 ) (-4416 -6144 -8 ) 
3 131 134 (-5760 -5312 -4 ) (-5568 -5312 -4 ) (-5760 -5408 -4 ) 
4 132 133 (-5760 -5696 -4 ) (-5568 -5696 -4 ) (-5568 -5696 0 ) (-5760 -5696 0 ) 
4 135 136 (-4096 -6144 0 ) (-4096 -6144 -8 ) (-4096 -6400 -8 ) (-4096 -6400 0 ) 
