


materialPath: D:\Steam\steamapps\common\Source SDK Base 2013 Multiplayer\tf\materials
Loading E:\TF2 Mods and Maps\maps\LFCE Fixed Maps\d1_trainstation_03_d.vmf
ConVarRef mat_reduceparticles doesn't point to an existing ConVar
"dev/dev_windowportal" - "materials/dev/dev_windowportal.vtf": cached version doesn't exist
Could not locate GameData file tf_coop_extended.fgd
Patching WVT material: maps/d1_trainstation_03_d/nature/red_grass_wvt_patch
fixing up env_cubemap materials on brush sides...
0...1...2...3...4...5...6...7...8...9...100...1...2...3...4...5...6...7...8...9...10Processing areas...done (0)
Building Faces...done (0)
Chop Details...done (0)
Find Visible Detail Sides...
Merged 292 detail faces...done (0)
Merging details...done (0)
FixTjuncs...
PruneNodes...
WriteBSP...
done (0)
writing E:\TF2 Mods and Maps\maps\LFCE Fixed Maps\d1_trainstation_03_d.prt...Building visibility clusters...
done (1)
Creating default LDR cubemaps for env_cubemap using skybox materials:
   skybox/sky_day01_01_hdr*.vmt
 ! Run buildcubemaps in the engine to get the correct cube maps.
Creating default HDR cubemaps for env_cubemap using skybox materials:
   skybox/sky_day01_01_hdr*.vmt
 ! Run buildcubemaps in the engine to get the correct cube maps.
Finding displacement neighbors...
Finding lightmap sample positions...
Displacement Alpha : 0...1...2...3...4...5...6...7...8...9...10
Building Physics collision data...
done (0) (779848 bytes)
Placing detail props : 0...1...2...3...4...5...6...7...8...9...10
Compacting texture/material tables...
Reduced 4525 texinfos to 2466
Reduced 678 texdatas to 548 (37974 bytes to 31850)
Writing E:\TF2 Mods and Maps\maps\LFCE Fixed Maps\d1_trainstation_03_d.bsp
MSG_FILEWRITE - Filesystem was asked to write to 'E:\TF2 Mods and Maps\maps\LFCE Fixed Maps\d1_trainstation_03_d.bsp', but we don't own that location. Allowing.
Wrote ZIP buffer, estimated size 9909291, actual size 9814473
3 seconds elapsed



8 threads
reading e:\tf2 mods and maps\maps\lfce fixed maps\d1_trainstation_03_d.bsp
reading e:\tf2 mods and maps\maps\lfce fixed maps\d1_trainstation_03_d.prt
   2 portalclusters
   0 numportals
0...1...2...3...4...5...6...7...8...9...100...1...2...3...4...5...6...7...8...9...10Optimized: 0 visible clusters (0.00%)
Total clusters visible: 2
Average clusters visible: 1
Building PAS...
Average clusters audible: 1
visdatasize:24  compressed from 32
writing e:\tf2 mods and maps\maps\lfce fixed maps\d1_trainstation_03_d.bsp
MSG_FILEWRITE - Filesystem was asked to write to 'e:\tf2 mods and maps\maps\lfce fixed maps\d1_trainstation_03_d.bsp', but we don't own that location. Allowing.
0 seconds elapsed



[Reading texlights from 'lights.rad']
[50 texlights parsed from 'lights.rad']

Loading e:\tf2 mods and maps\maps\lfce fixed maps\d1_trainstation_03_d.bsp
5744 faces
2066772 square feet [297615232.00 square inches]
2 Displacements
4899 Square Feet [705536.00 Square Inches]
5744 patches before subdivision
35606 patches after subdivision
78 direct lights
0...1...2...3...4...5...6...7...8...9...100...1...2...3...4...5...6...7...8...9...10transfers 2960045, max 417
transfer lists:  22.6 megs
0...1...2...3...4...5...6...7...8...9...10	Bounce #1 added RGB(159903, 122795, 58168)
0...1...2...3...4...5...6...7...8...9...10	Bounce #2 added RGB(36582, 24563, 8681)
0...1...2...3...4...5...6...7...8...9...10	Bounce #3 added RGB(9330, 5632, 1567)
0...1...2...3...4...5...6...7...8...9...10	Bounce #4 added RGB(2674, 1462, 317)
0...1...2...3...4...5...6...7...8...9...10	Bounce #5 added RGB(833, 413, 70)
0...1...2...3...4...5...6...7...8...9...10	Bounce #6 added RGB(274, 123, 16)
0...1...2...3...4...5...6...7...8...9...10	Bounce #7 added RGB(94, 38, 4)
0...1...2...3...4...5...6...7...8...9...10	Bounce #8 added RGB(33, 12, 1)
0...1...2...3...4...5...6...7...8...9...10	Bounce #9 added RGB(12, 4, 0)
0...1...2...3...4...5...6...7...8...9...10	Bounce #10 added RGB(4, 1, 0)
0...1...2...3...4...5...6...7...8...9...10	Bounce #11 added RGB(2, 0, 0)
0...1...2...3...4...5...6...7...8...9...10	Bounce #12 added RGB(1, 0, 0)
Build Patch/Sample Hash Table(s).....Done<0.0056 sec>
0...1...2...3...4...5...6...7...8...9...10FinalLightFace Done
Computing detail prop lighting : 0...1...2...3...4...5...6...7...8...9...10
12 of 38 (31% of) surface lights went in leaf ambient cubes.
0...1...2...3...4...5...6...7...8...9...10Writing leaf ambient...done
Ready to Finish

Object names       Objects/Maxobjs  Memory / Maxmem  Fullness 
------------       ---------------  ---------------  -------- 
models                 175/1024         8400/49152    (17.1%) 
brushes               2148/8192        25776/98304    (26.2%) 
brushsides           14328/65536      114624/524288   (21.9%) 
planes                5354/65536      107080/1310720  ( 8.2%) 
vertexes             10906/65536      130872/786432   (16.6%) 
nodes                 3764/65536      120448/2097152  ( 5.7%) 
texinfos              2466/12288      177552/884736   (20.1%) 
texdata                548/2048        17536/65536    (26.8%) 
dispinfos                2/0             352/0        ( 0.0%) 
disp_verts             162/0            3240/0        ( 0.0%) 
disp_tris              256/0             512/0        ( 0.0%) 
disp_lmsamples       12216/0           12216/0        ( 0.0%) 
faces                 5744/65536      321664/3670016  ( 8.8%) 
hdr faces                0/65536           0/3670016  ( 0.0%) 
origfaces             4184/65536      234304/3670016  ( 6.4%) 
leaves                3940/65536      126080/2097152  ( 6.0%) 
leaffaces             7578/65536       15156/131072   (11.6%) 
leafbrushes           4818/65536        9636/131072   ( 7.4%) 
areas                   15/256           120/2048     ( 5.9%) 
surfedges            45300/512000     181200/2048000  ( 8.8%) 
edges                28888/256000     115552/1024000  (11.3%) 
LDR worldlights         77/8192         6776/720896   ( 0.9%) 
HDR worldlights          0/8192            0/720896   ( 0.0%) 
leafwaterdata            0/32768           0/393216   ( 0.0%) 
waterstrips            609/32768        6090/327680   ( 1.9%) 
waterverts               0/65536           0/786432   ( 0.0%) 
waterindices         12807/65536       25614/131072   (19.5%) 
cubemapsamples          90/1024         1440/16384    ( 8.8%) 
overlays                56/512         19712/180224   (10.9%) 
LDR lightdata         [variable]     1668728/0        ( 0.0%) 
HDR lightdata         [variable]           0/0        ( 0.0%) 
visdata               [variable]          24/16777216 ( 0.0%) 
entdata               [variable]      292232/393216   (74.3%) 
LDR ambient table     3940/65536       15760/262144   ( 6.0%) 
HDR ambient table     3940/65536       15760/262144   ( 6.0%) 
LDR leaf ambient     11116/65536      311248/1835008  (17.0%) 
HDR leaf ambient      3940/65536      110320/1835008  ( 6.0%) 
occluders                0/0               0/0        ( 0.0%) 
occluder polygons        0/0               0/0        ( 0.0%) 
occluder vert ind        0/0               0/0        ( 0.0%) 
detail props          [variable]           1/22752    ( 0.0%) 
dtl prp lght          [variable]           1/4        (25.0%) 
HDR dtl prp lght      [variable]           1/4        (25.0%) 
static props          [variable]           1/18580    ( 0.0%) 
pakfile               [variable]     9814473/0        ( 0.0%) 
physics               [variable]      779848/4194304  (18.6%) 
physics terrain       [variable]         108/1048576  ( 0.0%) 

Level flags = 0

Total triangle count: 17030
Writing e:\tf2 mods and maps\maps\lfce fixed maps\d1_trainstation_03_d.bsp
29 seconds elapsed



materialPath: D:\Steam\steamapps\common\Source SDK Base 2013 Multiplayer\tf\materials
Loading E:\TF2 Mods and Maps\maps\LFCE Fixed Maps\d1_trainstation_03_d.vmf
ConVarRef mat_reduceparticles doesn't point to an existing ConVar
"dev/dev_windowportal" - "materials/dev/dev_windowportal.vtf": cached version doesn't exist
Could not locate GameData file tf_coop_extended.fgd
Patching WVT material: maps/d1_trainstation_03_d/nature/red_grass_wvt_patch
fixing up env_cubemap materials on brush sides...
0...1...2...3...4...5...6...7...8...9...100...1...2...3...4...5...6...7...8...9...10Processing areas...done (0)
Building Faces...done (0)
Chop Details...done (0)
Find Visible Detail Sides...
Merged 292 detail faces...done (0)
Merging details...done (0)
FixTjuncs...
PruneNodes...
WriteBSP...
done (0)
writing E:\TF2 Mods and Maps\maps\LFCE Fixed Maps\d1_trainstation_03_d.prt...Building visibility clusters...
done (0)
Creating default LDR cubemaps for env_cubemap using skybox materials:
   skybox/sky_day01_01_hdr*.vmt
 ! Run buildcubemaps in the engine to get the correct cube maps.
Creating default HDR cubemaps for env_cubemap using skybox materials:
   skybox/sky_day01_01_hdr*.vmt
 ! Run buildcubemaps in the engine to get the correct cube maps.
Finding displacement neighbors...
Finding lightmap sample positions...
Displacement Alpha : 0...1...2...3...4...5...6...7...8...9...10
Building Physics collision data...
done (0) (779848 bytes)
Placing detail props : 0...1...2...3...4...5...6...7...8...9...10
Compacting texture/material tables...
Reduced 4525 texinfos to 2466
Reduced 678 texdatas to 548 (37974 bytes to 31850)
Writing E:\TF2 Mods and Maps\maps\LFCE Fixed Maps\d1_trainstation_03_d.bsp
MSG_FILEWRITE - Filesystem was asked to write to 'E:\TF2 Mods and Maps\maps\LFCE Fixed Maps\d1_trainstation_03_d.bsp', but we don't own that location. Allowing.
Wrote ZIP buffer, estimated size 9909291, actual size 9814473
2 seconds elapsed



8 threads
reading e:\tf2 mods and maps\maps\lfce fixed maps\d1_trainstation_03_d.bsp
reading e:\tf2 mods and maps\maps\lfce fixed maps\d1_trainstation_03_d.prt
   2 portalclusters
   0 numportals
0...1...2...3...4...5...6...7...8...9...100...1...2...3...4...5...6...7...8...9...10Optimized: 0 visible clusters (0.00%)
Total clusters visible: 2
Average clusters visible: 1
Building PAS...
Average clusters audible: 1
visdatasize:24  compressed from 32
writing e:\tf2 mods and maps\maps\lfce fixed maps\d1_trainstation_03_d.bsp
MSG_FILEWRITE - Filesystem was asked to write to 'e:\tf2 mods and maps\maps\lfce fixed maps\d1_trainstation_03_d.bsp', but we don't own that location. Allowing.
0 seconds elapsed



[Reading texlights from 'lights.rad']
[50 texlights parsed from 'lights.rad']

Loading e:\tf2 mods and maps\maps\lfce fixed maps\d1_trainstation_03_d.bsp
5744 faces
2066772 square feet [297615232.00 square inches]
2 Displacements
4899 Square Feet [705536.00 Square Inches]
5744 patches before subdivision
35606 patches after subdivision
78 direct lights
0...1...2...3...4...5...6...7...8...9...100...1...2...3...4...5...6...7...8...9...10transfers 2960045, max 417
transfer lists:  22.6 megs
0...1...2...3...4...5...6...7...8...9...10	Bounce #1 added RGB(159903, 122795, 58168)
0...1...2...3...4...5...6...7...8...9...10	Bounce #2 added RGB(36582, 24563, 8681)
0...1...2...3...4...5...6...7...8...9...10	Bounce #3 added RGB(9330, 5632, 1567)
0...1...2...3...4...5...6...7...8...9...10	Bounce #4 added RGB(2674, 1462, 317)
0...1...2...3...4...5...6...7...8...9...10	Bounce #5 added RGB(833, 413, 70)
0...1...2...3...4...5...6...7...8...9...10	Bounce #6 added RGB(274, 123, 16)
0...1...2...3...4...5...6...7...8...9...10	Bounce #7 added RGB(94, 38, 4)
0...1...2...3...4...5...6...7...8...9...10	Bounce #8 added RGB(33, 12, 1)
0...1...2...3...4...5...6...7...8...9...10	Bounce #9 added RGB(12, 4, 0)
0...1...2...3...4...5...6...7...8...9...10	Bounce #10 added RGB(4, 1, 0)
0...1...2...3...4...5...6...7...8...9...10	Bounce #11 added RGB(2, 0, 0)
0...1...2...3...4...5...6...7...8...9...10	Bounce #12 added RGB(1, 0, 0)
Build Patch/Sample Hash Table(s).....Done<0.0054 sec>
0...1...2...3...4...5...6...7...8...9...10FinalLightFace Done
Computing detail prop lighting : 0...1...2...3...4...5...6...7...8...9...10
12 of 38 (31% of) surface lights went in leaf ambient cubes.
0...1...2...3...4...5...6...7...8...9...10Writing leaf ambient...done
Ready to Finish

Object names       Objects/Maxobjs  Memory / Maxmem  Fullness 
------------       ---------------  ---------------  -------- 
models                 175/1024         8400/49152    (17.1%) 
brushes               2148/8192        25776/98304    (26.2%) 
brushsides           14328/65536      114624/524288   (21.9%) 
planes                5354/65536      107080/1310720  ( 8.2%) 
vertexes             10906/65536      130872/786432   (16.6%) 
nodes                 3764/65536      120448/2097152  ( 5.7%) 
texinfos              2466/12288      177552/884736   (20.1%) 
texdata                548/2048        17536/65536    (26.8%) 
dispinfos                2/0             352/0        ( 0.0%) 
disp_verts             162/0            3240/0        ( 0.0%) 
disp_tris              256/0             512/0        ( 0.0%) 
disp_lmsamples       12216/0           12216/0        ( 0.0%) 
faces                 5744/65536      321664/3670016  ( 8.8%) 
hdr faces                0/65536           0/3670016  ( 0.0%) 
origfaces             4184/65536      234304/3670016  ( 6.4%) 
leaves                3940/65536      126080/2097152  ( 6.0%) 
leaffaces             7578/65536       15156/131072   (11.6%) 
leafbrushes           4818/65536        9636/131072   ( 7.4%) 
areas                   15/256           120/2048     ( 5.9%) 
surfedges            45300/512000     181200/2048000  ( 8.8%) 
edges                28888/256000     115552/1024000  (11.3%) 
LDR worldlights         77/8192         6776/720896   ( 0.9%) 
HDR worldlights          0/8192            0/720896   ( 0.0%) 
leafwaterdata            0/32768           0/393216   ( 0.0%) 
waterstrips            609/32768        6090/327680   ( 1.9%) 
waterverts               0/65536           0/786432   ( 0.0%) 
waterindices         12807/65536       25614/131072   (19.5%) 
cubemapsamples          90/1024         1440/16384    ( 8.8%) 
overlays                56/512         19712/180224   (10.9%) 
LDR lightdata         [variable]     1668728/0        ( 0.0%) 
HDR lightdata         [variable]           0/0        ( 0.0%) 
visdata               [variable]          24/16777216 ( 0.0%) 
entdata               [variable]      292232/393216   (74.3%) 
LDR ambient table     3940/65536       15760/262144   ( 6.0%) 
HDR ambient table     3940/65536       15760/262144   ( 6.0%) 
LDR leaf ambient     11116/65536      311248/1835008  (17.0%) 
HDR leaf ambient      3940/65536      110320/1835008  ( 6.0%) 
occluders                0/0               0/0        ( 0.0%) 
occluder polygons        0/0               0/0        ( 0.0%) 
occluder vert ind        0/0               0/0        ( 0.0%) 
detail props          [variable]           1/22752    ( 0.0%) 
dtl prp lght          [variable]           1/4        (25.0%) 
HDR dtl prp lght      [variable]           1/4        (25.0%) 
static props          [variable]           1/18580    ( 0.0%) 
pakfile               [variable]     9814473/0        ( 0.0%) 
physics               [variable]      779848/4194304  (18.6%) 
physics terrain       [variable]         108/1048576  ( 0.0%) 

Level flags = 0

Total triangle count: 17030
Writing e:\tf2 mods and maps\maps\lfce fixed maps\d1_trainstation_03_d.bsp
28 seconds elapsed



materialPath: D:\Steam\steamapps\common\Source SDK Base 2013 Multiplayer\tf\materials
Loading E:\TF2 Mods and Maps\maps\LFCE Fixed Maps\d1_trainstation_03_d.vmf
ConVarRef mat_reduceparticles doesn't point to an existing ConVar
"dev/dev_windowportal" - "materials/dev/dev_windowportal.vtf": cached version doesn't exist
Could not locate GameData file tf_coop_extended.fgd
Patching WVT material: maps/d1_trainstation_03_d/nature/red_grass_wvt_patch
fixing up env_cubemap materials on brush sides...
0...1...2...3...4...5...6...7...8...9...100...1...2...3...4...5...6...7...8...9...10Processing areas...done (0)
Building Faces...done (0)
Chop Details...done (0)
Find Visible Detail Sides...
Merged 292 detail faces...done (0)
Merging details...done (0)
FixTjuncs...
PruneNodes...
WriteBSP...
done (0)
writing E:\TF2 Mods and Maps\maps\LFCE Fixed Maps\d1_trainstation_03_d.prt...Building visibility clusters...
done (0)
Creating default LDR cubemaps for env_cubemap using skybox materials:
   skybox/sky_day01_01_hdr*.vmt
 ! Run buildcubemaps in the engine to get the correct cube maps.
Creating default HDR cubemaps for env_cubemap using skybox materials:
   skybox/sky_day01_01_hdr*.vmt
 ! Run buildcubemaps in the engine to get the correct cube maps.
Finding displacement neighbors...
Finding lightmap sample positions...
Displacement Alpha : 0...1...2...3...4...5...6...7...8...9...10
Building Physics collision data...
done (1) (779849 bytes)
Placing detail props : 0...1...2...3...4...5...6...7...8...9...10
Compacting texture/material tables...
Reduced 4525 texinfos to 2466
Reduced 678 texdatas to 548 (37974 bytes to 31850)
Writing E:\TF2 Mods and Maps\maps\LFCE Fixed Maps\d1_trainstation_03_d.bsp
MSG_FILEWRITE - Filesystem was asked to write to 'E:\TF2 Mods and Maps\maps\LFCE Fixed Maps\d1_trainstation_03_d.bsp', but we don't own that location. Allowing.
Wrote ZIP buffer, estimated size 9909291, actual size 9814473
3 seconds elapsed



8 threads
reading e:\tf2 mods and maps\maps\lfce fixed maps\d1_trainstation_03_d.bsp
reading e:\tf2 mods and maps\maps\lfce fixed maps\d1_trainstation_03_d.prt
   2 portalclusters
   0 numportals
0...1...2...3...4...5...6...7...8...9...100...1...2...3...4...5...6...7...8...9...10Optimized: 0 visible clusters (0.00%)
Total clusters visible: 2
Average clusters visible: 1
Building PAS...
Average clusters audible: 1
visdatasize:24  compressed from 32
writing e:\tf2 mods and maps\maps\lfce fixed maps\d1_trainstation_03_d.bsp
MSG_FILEWRITE - Filesystem was asked to write to 'e:\tf2 mods and maps\maps\lfce fixed maps\d1_trainstation_03_d.bsp', but we don't own that location. Allowing.
0 seconds elapsed



[Reading texlights from 'lights.rad']
[50 texlights parsed from 'lights.rad']

Loading e:\tf2 mods and maps\maps\lfce fixed maps\d1_trainstation_03_d.bsp
5744 faces
2067251 square feet [297684160.00 square inches]
2 Displacements
4899 Square Feet [705536.00 Square Inches]
5744 patches before subdivision
35606 patches after subdivision
78 direct lights
0...1...2...3...4...5...6...7...8...9...100...1...2...3...4...5...6...7...8...9...10transfers 2960018, max 417
transfer lists:  22.6 megs
0...1...2...3...4...5...6...7...8...9...10	Bounce #1 added RGB(159902, 122792, 58164)
0...1...2...3...4...5...6...7...8...9...10	Bounce #2 added RGB(36583, 24564, 8681)
0...1...2...3...4...5...6...7...8...9...10	Bounce #3 added RGB(9331, 5632, 1567)
0...1...2...3...4...5...6...7...8...9...10	Bounce #4 added RGB(2674, 1462, 317)
0...1...2...3...4...5...6...7...8...9...10	Bounce #5 added RGB(833, 413, 70)
0...1...2...3...4...5...6...7...8...9...10	Bounce #6 added RGB(274, 123, 16)
0...1...2...3...4...5...6...7...8...9...10	Bounce #7 added RGB(94, 38, 4)
0...1...2...3...4...5...6...7...8...9...10	Bounce #8 added RGB(33, 12, 1)
0...1...2...3...4...5...6...7...8...9...10	Bounce #9 added RGB(12, 4, 0)
0...1...2...3...4...5...6...7...8...9...10	Bounce #10 added RGB(4, 1, 0)
0...1...2...3...4...5...6...7...8...9...10	Bounce #11 added RGB(2, 0, 0)
0...1...2...3...4...5...6...7...8...9...10	Bounce #12 added RGB(1, 0, 0)
Build Patch/Sample Hash Table(s).....Done<0.0054 sec>
0...1...2...3...4...5...6...7...8...9...10FinalLightFace Done
Computing detail prop lighting : 0...1...2...3...4...5...6...7...8...9...10
12 of 38 (31% of) surface lights went in leaf ambient cubes.
0...1...2...3...4...5...6...7...8...9...10Writing leaf ambient...done
Ready to Finish

Object names       Objects/Maxobjs  Memory / Maxmem  Fullness 
------------       ---------------  ---------------  -------- 
models                 175/1024         8400/49152    (17.1%) 
brushes               2148/8192        25776/98304    (26.2%) 
brushsides           14328/65536      114624/524288   (21.9%) 
planes                5366/65536      107320/1310720  ( 8.2%) 
vertexes             10906/65536      130872/786432   (16.6%) 
nodes                 3764/65536      120448/2097152  ( 5.7%) 
texinfos              2466/12288      177552/884736   (20.1%) 
texdata                548/2048        17536/65536    (26.8%) 
dispinfos                2/0             352/0        ( 0.0%) 
disp_verts             162/0            3240/0        ( 0.0%) 
disp_tris              256/0             512/0        ( 0.0%) 
disp_lmsamples       12216/0           12216/0        ( 0.0%) 
faces                 5744/65536      321664/3670016  ( 8.8%) 
hdr faces                0/65536           0/3670016  ( 0.0%) 
origfaces             4184/65536      234304/3670016  ( 6.4%) 
leaves                3940/65536      126080/2097152  ( 6.0%) 
leaffaces             7578/65536       15156/131072   (11.6%) 
leafbrushes           4818/65536        9636/131072   ( 7.4%) 
areas                   15/256           120/2048     ( 5.9%) 
surfedges            45300/512000     181200/2048000  ( 8.8%) 
edges                28888/256000     115552/1024000  (11.3%) 
LDR worldlights         77/8192         6776/720896   ( 0.9%) 
HDR worldlights          0/8192            0/720896   ( 0.0%) 
leafwaterdata            0/32768           0/393216   ( 0.0%) 
waterstrips            609/32768        6090/327680   ( 1.9%) 
waterverts               0/65536           0/786432   ( 0.0%) 
waterindices         12807/65536       25614/131072   (19.5%) 
cubemapsamples          90/1024         1440/16384    ( 8.8%) 
overlays                56/512         19712/180224   (10.9%) 
LDR lightdata         [variable]     1668728/0        ( 0.0%) 
HDR lightdata         [variable]           0/0        ( 0.0%) 
visdata               [variable]          24/16777216 ( 0.0%) 
entdata               [variable]      292428/393216   (74.4%) 
LDR ambient table     3940/65536       15760/262144   ( 6.0%) 
HDR ambient table     3940/65536       15760/262144   ( 6.0%) 
LDR leaf ambient     11116/65536      311248/1835008  (17.0%) 
HDR leaf ambient      3940/65536      110320/1835008  ( 6.0%) 
occluders                0/0               0/0        ( 0.0%) 
occluder polygons        0/0               0/0        ( 0.0%) 
occluder vert ind        0/0               0/0        ( 0.0%) 
detail props          [variable]           1/22752    ( 0.0%) 
dtl prp lght          [variable]           1/4        (25.0%) 
HDR dtl prp lght      [variable]           1/4        (25.0%) 
static props          [variable]           1/18580    ( 0.0%) 
pakfile               [variable]     9814473/0        ( 0.0%) 
physics               [variable]      779849/4194304  (18.6%) 
physics terrain       [variable]         108/1048576  ( 0.0%) 

Level flags = 0

Total triangle count: 17030
Writing e:\tf2 mods and maps\maps\lfce fixed maps\d1_trainstation_03_d.bsp
28 seconds elapsed



materialPath: D:\Steam\steamapps\common\Source SDK Base 2013 Multiplayer\tf\materials
Loading E:\TF2 Mods and Maps\maps\LFCE Fixed Maps\d1_trainstation_03_d.vmf
ConVarRef mat_reduceparticles doesn't point to an existing ConVar
"dev/dev_windowportal" - "materials/dev/dev_windowportal.vtf": cached version doesn't exist
Could not locate GameData file tf_coop_extended.fgd
Patching WVT material: maps/d1_trainstation_03_d/nature/red_grass_wvt_patch
fixing up env_cubemap materials on brush sides...
0...1...2...3...4...5...6...7...8...9...100...1...2...3...4...5...6...7...8...9...10Processing areas...done (0)
Building Faces...done (0)
Chop Details...done (0)
Find Visible Detail Sides...
Merged 292 detail faces...done (0)
Merging details...done (0)
FixTjuncs...
PruneNodes...
WriteBSP...
done (0)
writing E:\TF2 Mods and Maps\maps\LFCE Fixed Maps\d1_trainstation_03_d.prt...Building visibility clusters...
done (1)
Creating default LDR cubemaps for env_cubemap using skybox materials:
   skybox/sky_day01_01_hdr*.vmt
 ! Run buildcubemaps in the engine to get the correct cube maps.
Creating default HDR cubemaps for env_cubemap using skybox materials:
   skybox/sky_day01_01_hdr*.vmt
 ! Run buildcubemaps in the engine to get the correct cube maps.
Finding displacement neighbors...
Finding lightmap sample positions...
Displacement Alpha : 0...1...2...3...4...5...6...7...8...9...10
Building Physics collision data...
done (0) (779849 bytes)
Placing detail props : 0...1...2...3...4...5...6...7...8...9...10
Compacting texture/material tables...
Reduced 4525 texinfos to 2466
Reduced 678 texdatas to 548 (37974 bytes to 31850)
Writing E:\TF2 Mods and Maps\maps\LFCE Fixed Maps\d1_trainstation_03_d.bsp
MSG_FILEWRITE - Filesystem was asked to write to 'E:\TF2 Mods and Maps\maps\LFCE Fixed Maps\d1_trainstation_03_d.bsp', but we don't own that location. Allowing.
Wrote ZIP buffer, estimated size 9909291, actual size 9814473
3 seconds elapsed



8 threads
reading e:\tf2 mods and maps\maps\lfce fixed maps\d1_trainstation_03_d.bsp
reading e:\tf2 mods and maps\maps\lfce fixed maps\d1_trainstation_03_d.prt
   2 portalclusters
   0 numportals
0...1...2...3...4...5...6...7...8...9...100...1...2...3...4...5...6...7...8...9...10Optimized: 0 visible clusters (0.00%)
Total clusters visible: 2
Average clusters visible: 1
Building PAS...
Average clusters audible: 1
visdatasize:24  compressed from 32
writing e:\tf2 mods and maps\maps\lfce fixed maps\d1_trainstation_03_d.bsp
MSG_FILEWRITE - Filesystem was asked to write to 'e:\tf2 mods and maps\maps\lfce fixed maps\d1_trainstation_03_d.bsp', but we don't own that location. Allowing.
0 seconds elapsed



[Reading texlights from 'lights.rad']
[50 texlights parsed from 'lights.rad']

Loading e:\tf2 mods and maps\maps\lfce fixed maps\d1_trainstation_03_d.bsp
5744 faces
2067251 square feet [297684160.00 square inches]
2 Displacements
4899 Square Feet [705536.00 Square Inches]
5744 patches before subdivision
35606 patches after subdivision
78 direct lights
0...1...2...3...4...5...6...7...8...9...100...1...2...3...4...5...6...7...8...9...10transfers 2927834, max 416
transfer lists:  22.3 megs
0...1...2...3...4...5...6...7...8...9...10	Bounce #1 added RGB(156393, 120402, 57258)
0...1...2...3...4...5...6...7...8...9...10	Bounce #2 added RGB(35006, 23685, 8458)
0...1...2...3...4...5...6...7...8...9...10	Bounce #3 added RGB(8992, 5468, 1532)
0...1...2...3...4...5...6...7...8...9...10	Bounce #4 added RGB(2583, 1423, 309)
0...1...2...3...4...5...6...7...8...9...10	Bounce #5 added RGB(811, 405, 69)
0...1...2...3...4...5...6...7...8...9...10	Bounce #6 added RGB(268, 121, 16)
0...1...2...3...4...5...6...7...8...9...10	Bounce #7 added RGB(92, 38, 4)
0...1...2...3...4...5...6...7...8...9...10	Bounce #8 added RGB(33, 12, 1)
0...1...2...3...4...5...6...7...8...9...10	Bounce #9 added RGB(12, 4, 0)
0...1...2...3...4...5...6...7...8...9...10	Bounce #10 added RGB(4, 1, 0)
0...1...2...3...4...5...6...7...8...9...10	Bounce #11 added RGB(2, 0, 0)
0...1...2...3...4...5...6...7...8...9...10	Bounce #12 added RGB(1, 0, 0)
Build Patch/Sample Hash Table(s).....Done<0.0059 sec>
0...1...2...3...4...5...6...7...8...9...10FinalLightFace Done
Computing detail prop lighting : 0...1...2...3...4...5...6...7...8...9...10
12 of 38 (31% of) surface lights went in leaf ambient cubes.
0...1...2...3...4...5...6...7...8...9...10Writing leaf ambient...done
Computing static prop lighting : 00...1...2...3...4...5...6...7...8...9...10
Ready to Finish

Object names       Objects/Maxobjs  Memory / Maxmem  Fullness 
------------       ---------------  ---------------  -------- 
models                 175/1024         8400/49152    (17.1%) 
brushes               2148/8192        25776/98304    (26.2%) 
brushsides           14328/65536      114624/524288   (21.9%) 
planes                5366/65536      107320/1310720  ( 8.2%) 
vertexes             10906/65536      130872/786432   (16.6%) 
nodes                 3764/65536      120448/2097152  ( 5.7%) 
texinfos              2466/12288      177552/884736   (20.1%) 
texdata                548/2048        17536/65536    (26.8%) 
dispinfos                2/0             352/0        ( 0.0%) 
disp_verts             162/0            3240/0        ( 0.0%) 
disp_tris              256/0             512/0        ( 0.0%) 
disp_lmsamples       12216/0           12216/0        ( 0.0%) 
faces                 5744/65536      321664/3670016  ( 8.8%) 
hdr faces                0/65536           0/3670016  ( 0.0%) 
origfaces             4184/65536      234304/3670016  ( 6.4%) 
leaves                3940/65536      126080/2097152  ( 6.0%) 
leaffaces             7578/65536       15156/131072   (11.6%) 
leafbrushes           4818/65536        9636/131072   ( 7.4%) 
areas                   15/256           120/2048     ( 5.9%) 
surfedges            45300/512000     181200/2048000  ( 8.8%) 
edges                28888/256000     115552/1024000  (11.3%) 
LDR worldlights         77/8192         6776/720896   ( 0.9%) 
HDR worldlights          0/8192            0/720896   ( 0.0%) 
leafwaterdata            0/32768           0/393216   ( 0.0%) 
waterstrips            609/32768        6090/327680   ( 1.9%) 
waterverts               0/65536           0/786432   ( 0.0%) 
waterindices         12807/65536       25614/131072   (19.5%) 
cubemapsamples          90/1024         1440/16384    ( 8.8%) 
overlays                56/512         19712/180224   (10.9%) 
LDR lightdata         [variable]     1668728/0        ( 0.0%) 
HDR lightdata         [variable]           0/0        ( 0.0%) 
visdata               [variable]          24/16777216 ( 0.0%) 
entdata               [variable]      292428/393216   (74.4%) 
LDR ambient table     3940/65536       15760/262144   ( 6.0%) 
HDR ambient table     3940/65536       15760/262144   ( 6.0%) 
LDR leaf ambient     11093/65536      310604/1835008  (16.9%) 
HDR leaf ambient      3940/65536      110320/1835008  ( 6.0%) 
occluders                0/0               0/0        ( 0.0%) 
occluder polygons        0/0               0/0        ( 0.0%) 
occluder vert ind        0/0               0/0        ( 0.0%) 
detail props          [variable]           1/22752    ( 0.0%) 
dtl prp lght          [variable]           1/4        (25.0%) 
HDR dtl prp lght      [variable]           1/4        (25.0%) 
static props          [variable]           1/18580    ( 0.0%) 
pakfile               [variable]    10598797/0        ( 0.0%) 
physics               [variable]      779849/4194304  (18.6%) 
physics terrain       [variable]         108/1048576  ( 0.0%) 

Level flags = 1

Total triangle count: 17030
Writing e:\tf2 mods and maps\maps\lfce fixed maps\d1_trainstation_03_d.bsp
1 minute, 29 seconds elapsed



[Reading texlights from 'lights.rad']
[50 texlights parsed from 'lights.rad']

Loading e:\tf2 mods and maps\maps\lfce fixed maps\d1_trainstation_03_d.bsp
5744 faces
2067251 square feet [297684160.00 square inches]
2 Displacements
4899 Square Feet [705536.00 Square Inches]
5744 patches before subdivision
35606 patches after subdivision
78 direct lights
0...1...2...3...4...5...6...7...8...9...100...1...2...3...4...5...6...7...8...9...10transfers 2927834, max 416
transfer lists:  22.3 megs
0...1...2...3...4...5...6...7...8...9...10	Bounce #1 added RGB(100663, 77346, 38040)
0...1...2...3...4...5...6...7...8...9...10	Bounce #2 added RGB(21436, 14354, 5242)
0...1...2...3...4...5...6...7...8...9...10	Bounce #3 added RGB(5196, 3112, 887)
0...1...2...3...4...5...6...7...8...9...10	Bounce #4 added RGB(1434, 778, 172)
0...1...2...3...4...5...6...7...8...9...10	Bounce #5 added RGB(436, 215, 37)
0...1...2...3...4...5...6...7...8...9...10	Bounce #6 added RGB(141, 63, 8)
0...1...2...3...4...5...6...7...8...9...10	Bounce #7 added RGB(48, 19, 2)
0...1...2...3...4...5...6...7...8...9...10	Bounce #8 added RGB(17, 6, 1)
0...1...2...3...4...5...6...7...8...9...10	Bounce #9 added RGB(6, 2, 0)
0...1...2...3...4...5...6...7...8...9...10	Bounce #10 added RGB(2, 1, 0)
0...1...2...3...4...5...6...7...8...9...10	Bounce #11 added RGB(1, 0, 0)
Build Patch/Sample Hash Table(s).....Done<0.0065 sec>
0...1...2...3...4...5...6...7...8...9...10FinalLightFace Done
Computing detail prop lighting : 0...1...2...3...4...5...6...7...8...9...10
26 of 38 (68% of) surface lights went in leaf ambient cubes.
0...1...2...3...4...5...6...7...8...9...10Writing leaf ambient...done
Computing static prop lighting : 00...1...2...3...4...5...6...7...8...9...10
Ready to Finish

Object names       Objects/Maxobjs  Memory / Maxmem  Fullness 
------------       ---------------  ---------------  -------- 
models                 175/1024         8400/49152    (17.1%) 
brushes               2148/8192        25776/98304    (26.2%) 
brushsides           14328/65536      114624/524288   (21.9%) 
planes                5366/65536      107320/1310720  ( 8.2%) 
vertexes             10906/65536      130872/786432   (16.6%) 
nodes                 3764/65536      120448/2097152  ( 5.7%) 
texinfos              2466/12288      177552/884736   (20.1%) 
texdata                548/2048        17536/65536    (26.8%) 
dispinfos                2/0             352/0        ( 0.0%) 
disp_verts             162/0            3240/0        ( 0.0%) 
disp_tris              256/0             512/0        ( 0.0%) 
disp_lmsamples       12216/0           12216/0        ( 0.0%) 
faces                 5744/65536      321664/3670016  ( 8.8%) 
hdr faces             5744/65536      321664/3670016  ( 8.8%) 
origfaces             4184/65536      234304/3670016  ( 6.4%) 
leaves                3940/65536      126080/2097152  ( 6.0%) 
leaffaces             7578/65536       15156/131072   (11.6%) 
leafbrushes           4818/65536        9636/131072   ( 7.4%) 
areas                   15/256           120/2048     ( 5.9%) 
surfedges            45300/512000     181200/2048000  ( 8.8%) 
edges                28888/256000     115552/1024000  (11.3%) 
LDR worldlights         77/8192         6776/720896   ( 0.9%) 
HDR worldlights         77/8192         6776/720896   ( 0.9%) 
leafwaterdata            0/32768           0/393216   ( 0.0%) 
waterstrips            609/32768        6090/327680   ( 1.9%) 
waterverts               0/65536           0/786432   ( 0.0%) 
waterindices         12807/65536       25614/131072   (19.5%) 
cubemapsamples          90/1024         1440/16384    ( 8.8%) 
overlays                56/512         19712/180224   (10.9%) 
LDR lightdata         [variable]     1668728/0        ( 0.0%) 
HDR lightdata         [variable]     1668728/0        ( 0.0%) 
visdata               [variable]          24/16777216 ( 0.0%) 
entdata               [variable]      292428/393216   (74.4%) 
LDR ambient table     3940/65536       15760/262144   ( 6.0%) 
HDR ambient table     3940/65536       15760/262144   ( 6.0%) 
LDR leaf ambient     11093/65536      310604/1835008  (16.9%) 
HDR leaf ambient     10997/65536      307916/1835008  (16.8%) 
occluders                0/0               0/0        ( 0.0%) 
occluder polygons        0/0               0/0        ( 0.0%) 
occluder vert ind        0/0               0/0        ( 0.0%) 
detail props          [variable]           1/22752    ( 0.0%) 
dtl prp lght          [variable]           1/4        (25.0%) 
HDR dtl prp lght      [variable]           1/4        (25.0%) 
static props          [variable]           1/18580    ( 0.0%) 
pakfile               [variable]    11384329/0        ( 0.0%) 
physics               [variable]      779849/4194304  (18.6%) 
physics terrain       [variable]         108/1048576  ( 0.0%) 

Level flags = 3

Total triangle count: 17030
Writing e:\tf2 mods and maps\maps\lfce fixed maps\d1_trainstation_03_d.bsp
1 minute, 30 seconds elapsed



materialPath: D:\Steam\steamapps\common\Source SDK Base 2013 Multiplayer\tf\materials
Loading e:\tf2 mods and maps\maps\lfce fixed maps\d1_trainstation_03_d.vmf
ConVarRef mat_reduceparticles doesn't point to an existing ConVar
"dev/dev_windowportal" - "materials/dev/dev_windowportal.vtf": cached version doesn't exist
Could not locate GameData file tf_coop_extended.fgd
Patching WVT material: maps/d1_trainstation_03_d/nature/red_grass_wvt_patch
fixing up env_cubemap materials on brush sides...
0...1...2...3...4...5...6...7...8...9...100...1...2...3...4...5...6...7...8...9...10Processing areas...done (0)
Building Faces...done (0)
Chop Details...done (0)
Find Visible Detail Sides...
Merged 292 detail faces...done (0)
Merging details...done (0)
FixTjuncs...
PruneNodes...
WriteBSP...
done (0)
writing e:\tf2 mods and maps\maps\lfce fixed maps\d1_trainstation_03_d.prt...Building visibility clusters...
done (0)
Creating default LDR cubemaps for env_cubemap using skybox materials:
   skybox/sky_day01_01_hdr*.vmt
 ! Run buildcubemaps in the engine to get the correct cube maps.
Creating default HDR cubemaps for env_cubemap using skybox materials:
   skybox/sky_day01_01_hdr*.vmt
 ! Run buildcubemaps in the engine to get the correct cube maps.
Finding displacement neighbors...
Finding lightmap sample positions...
Displacement Alpha : 0...1...2...3...4...5...6...7...8...9...10
Building Physics collision data...
done (0) (779849 bytes)
Placing detail props : 0...1...2...3...4...5...6...7...8...9...10
Compacting texture/material tables...
Reduced 4525 texinfos to 2466
Reduced 678 texdatas to 548 (37974 bytes to 31850)
Writing e:\tf2 mods and maps\maps\lfce fixed maps\d1_trainstation_03_d.bsp
MSG_FILEWRITE - Filesystem was asked to write to 'e:\tf2 mods and maps\maps\lfce fixed maps\d1_trainstation_03_d.bsp', but we don't own that location. Allowing.
Wrote ZIP buffer, estimated size 9909291, actual size 9814473
3 seconds elapsed



8 threads
reading e:\tf2 mods and maps\maps\lfce fixed maps\d1_trainstation_03_d.bsp
reading e:\tf2 mods and maps\maps\lfce fixed maps\d1_trainstation_03_d.prt
   2 portalclusters
   0 numportals
0...1...2...3...4...5...6...7...8...9...100...1...2...3...4...5...6...7...8...9...10Optimized: 0 visible clusters (0.00%)
Total clusters visible: 2
Average clusters visible: 1
Building PAS...
Average clusters audible: 1
visdatasize:24  compressed from 32
writing e:\tf2 mods and maps\maps\lfce fixed maps\d1_trainstation_03_d.bsp
MSG_FILEWRITE - Filesystem was asked to write to 'e:\tf2 mods and maps\maps\lfce fixed maps\d1_trainstation_03_d.bsp', but we don't own that location. Allowing.
0 seconds elapsed



[Reading texlights from 'lights.rad']
[50 texlights parsed from 'lights.rad']

Loading e:\tf2 mods and maps\maps\lfce fixed maps\d1_trainstation_03_d.bsp
5744 faces
2067251 square feet [297684160.00 square inches]
2 Displacements
4899 Square Feet [705536.00 Square Inches]
5744 patches before subdivision
35606 patches after subdivision
78 direct lights
0...1...2...3...4...5...6...7...8...9...100...1...2...3...4...5...6...7...8...9...10transfers 2960018, max 417
transfer lists:  22.6 megs
0...1...2...3...4...5...6...7...8...9...10	Bounce #1 added RGB(159770, 122674, 58066)
0...1...2...3...4...5...6...7...8...9...10	Bounce #2 added RGB(36558, 24546, 8670)
0...1...2...3...4...5...6...7...8...9...10	Bounce #3 added RGB(9326, 5629, 1566)
0...1...2...3...4...5...6...7...8...9...10	Bounce #4 added RGB(2673, 1461, 317)
0...1...2...3...4...5...6...7...8...9...10	Bounce #5 added RGB(833, 413, 70)
0...1...2...3...4...5...6...7...8...9...10	Bounce #6 added RGB(274, 123, 16)
0...1...2...3...4...5...6...7...8...9...10	Bounce #7 added RGB(94, 38, 4)
0...1...2...3...4...5...6...7...8...9...10	Bounce #8 added RGB(33, 12, 1)
0...1...2...3...4...5...6...7...8...9...10	Bounce #9 added RGB(12, 4, 0)
0...1...2...3...4...5...6...7...8...9...10	Bounce #10 added RGB(4, 1, 0)
0...1...2...3...4...5...6...7...8...9...10	Bounce #11 added RGB(2, 0, 0)
0...1...2...3...4...5...6...7...8...9...10	Bounce #12 added RGB(1, 0, 0)
Build Patch/Sample Hash Table(s).....Done<0.0099 sec>
0...1...2...3...4...5...6...7...8...9...10FinalLightFace Done
Computing detail prop lighting : 0...1...2...3...4...5...6...7...8...9...10
12 of 38 (31% of) surface lights went in leaf ambient cubes.
0...1...2...3...4...5...6...7...8...9...10Writing leaf ambient...done
Ready to Finish

Object names       Objects/Maxobjs  Memory / Maxmem  Fullness 
------------       ---------------  ---------------  -------- 
models                 175/1024         8400/49152    (17.1%) 
brushes               2148/8192        25776/98304    (26.2%) 
brushsides           14328/65536      114624/524288   (21.9%) 
planes                5366/65536      107320/1310720  ( 8.2%) 
vertexes             10906/65536      130872/786432   (16.6%) 
nodes                 3764/65536      120448/2097152  ( 5.7%) 
texinfos              2466/12288      177552/884736   (20.1%) 
texdata                548/2048        17536/65536    (26.8%) 
dispinfos                2/0             352/0        ( 0.0%) 
disp_verts             162/0            3240/0        ( 0.0%) 
disp_tris              256/0             512/0        ( 0.0%) 
disp_lmsamples       12216/0           12216/0        ( 0.0%) 
faces                 5744/65536      321664/3670016  ( 8.8%) 
hdr faces                0/65536           0/3670016  ( 0.0%) 
origfaces             4184/65536      234304/3670016  ( 6.4%) 
leaves                3940/65536      126080/2097152  ( 6.0%) 
leaffaces             7578/65536       15156/131072   (11.6%) 
leafbrushes           4818/65536        9636/131072   ( 7.4%) 
areas                   15/256           120/2048     ( 5.9%) 
surfedges            45300/512000     181200/2048000  ( 8.8%) 
edges                28888/256000     115552/1024000  (11.3%) 
LDR worldlights         77/8192         6776/720896   ( 0.9%) 
HDR worldlights          0/8192            0/720896   ( 0.0%) 
leafwaterdata            0/32768           0/393216   ( 0.0%) 
waterstrips            609/32768        6090/327680   ( 1.9%) 
waterverts               0/65536           0/786432   ( 0.0%) 
waterindices         12807/65536       25614/131072   (19.5%) 
cubemapsamples          90/1024         1440/16384    ( 8.8%) 
overlays                56/512         19712/180224   (10.9%) 
LDR lightdata         [variable]     1668728/0        ( 0.0%) 
HDR lightdata         [variable]           0/0        ( 0.0%) 
visdata               [variable]          24/16777216 ( 0.0%) 
entdata               [variable]      292429/393216   (74.4%) 
LDR ambient table     3940/65536       15760/262144   ( 6.0%) 
HDR ambient table     3940/65536       15760/262144   ( 6.0%) 
LDR leaf ambient     11109/65536      311052/1835008  (17.0%) 
HDR leaf ambient      3940/65536      110320/1835008  ( 6.0%) 
occluders                0/0               0/0        ( 0.0%) 
occluder polygons        0/0               0/0        ( 0.0%) 
occluder vert ind        0/0               0/0        ( 0.0%) 
detail props          [variable]           1/22752    ( 0.0%) 
dtl prp lght          [variable]           1/4        (25.0%) 
HDR dtl prp lght      [variable]           1/4        (25.0%) 
static props          [variable]           1/18580    ( 0.0%) 
pakfile               [variable]     9814473/0        ( 0.0%) 
physics               [variable]      779849/4194304  (18.6%) 
physics terrain       [variable]         108/1048576  ( 0.0%) 

Level flags = 0

Total triangle count: 17030
Writing e:\tf2 mods and maps\maps\lfce fixed maps\d1_trainstation_03_d.bsp
1 minute, 18 seconds elapsed



[Reading texlights from 'lights.rad']
[50 texlights parsed from 'lights.rad']

Loading e:\tf2 mods and maps\maps\lfce fixed maps\d1_trainstation_03_d.bsp
5744 faces
2067251 square feet [297684160.00 square inches]
2 Displacements
4899 Square Feet [705536.00 Square Inches]
5744 patches before subdivision
35606 patches after subdivision
78 direct lights
0...1...2...3...4...5...6...7...8...9...100...1...2...3...4...5...6...7...8...9...10transfers 2960018, max 417
transfer lists:  22.6 megs
0...1...2...3...4...5...6...7...8...9...10	Bounce #1 added RGB(102984, 78918, 38624)
0...1...2...3...4...5...6...7...8...9...10	Bounce #2 added RGB(22456, 14918, 5382)
0...1...2...3...4...5...6...7...8...9...10	Bounce #3 added RGB(5416, 3217, 908)
0...1...2...3...4...5...6...7...8...9...10	Bounce #4 added RGB(1491, 801, 176)
0...1...2...3...4...5...6...7...8...9...10	Bounce #5 added RGB(450, 220, 38)
0...1...2...3...4...5...6...7...8...9...10	Bounce #6 added RGB(145, 64, 9)
0...1...2...3...4...5...6...7...8...9...10	Bounce #7 added RGB(49, 20, 2)
0...1...2...3...4...5...6...7...8...9...10	Bounce #8 added RGB(17, 6, 1)
0...1...2...3...4...5...6...7...8...9...10	Bounce #9 added RGB(6, 2, 0)
0...1...2...3...4...5...6...7...8...9...10	Bounce #10 added RGB(2, 1, 0)
0...1...2...3...4...5...6...7...8...9...10	Bounce #11 added RGB(1, 0, 0)
Build Patch/Sample Hash Table(s).....Done<0.0062 sec>
0...1...2...3...4...5...6...7...8...9...10FinalLightFace Done
Computing detail prop lighting : 0...1...2...3...4...5...6...7...8...9...10
26 of 38 (68% of) surface lights went in leaf ambient cubes.
0...1...2...3...4...5...6...7...8...9...10Writing leaf ambient...done
Ready to Finish

Object names       Objects/Maxobjs  Memory / Maxmem  Fullness 
------------       ---------------  ---------------  -------- 
models                 175/1024         8400/49152    (17.1%) 
brushes               2148/8192        25776/98304    (26.2%) 
brushsides           14328/65536      114624/524288   (21.9%) 
planes                5366/65536      107320/1310720  ( 8.2%) 
vertexes             10906/65536      130872/786432   (16.6%) 
nodes                 3764/65536      120448/2097152  ( 5.7%) 
texinfos              2466/12288      177552/884736   (20.1%) 
texdata                548/2048        17536/65536    (26.8%) 
dispinfos                2/0             352/0        ( 0.0%) 
disp_verts             162/0            3240/0        ( 0.0%) 
disp_tris              256/0             512/0        ( 0.0%) 
disp_lmsamples       12216/0           12216/0        ( 0.0%) 
faces                 5744/65536      321664/3670016  ( 8.8%) 
hdr faces             5744/65536      321664/3670016  ( 8.8%) 
origfaces             4184/65536      234304/3670016  ( 6.4%) 
leaves                3940/65536      126080/2097152  ( 6.0%) 
leaffaces             7578/65536       15156/131072   (11.6%) 
leafbrushes           4818/65536        9636/131072   ( 7.4%) 
areas                   15/256           120/2048     ( 5.9%) 
surfedges            45300/512000     181200/2048000  ( 8.8%) 
edges                28888/256000     115552/1024000  (11.3%) 
LDR worldlights         77/8192         6776/720896   ( 0.9%) 
HDR worldlights         77/8192         6776/720896   ( 0.9%) 
leafwaterdata            0/32768           0/393216   ( 0.0%) 
waterstrips            609/32768        6090/327680   ( 1.9%) 
waterverts               0/65536           0/786432   ( 0.0%) 
waterindices         12807/65536       25614/131072   (19.5%) 
cubemapsamples          90/1024         1440/16384    ( 8.8%) 
overlays                56/512         19712/180224   (10.9%) 
LDR lightdata         [variable]     1668728/0        ( 0.0%) 
HDR lightdata         [variable]     1668728/0        ( 0.0%) 
visdata               [variable]          24/16777216 ( 0.0%) 
entdata               [variable]      292429/393216   (74.4%) 
LDR ambient table     3940/65536       15760/262144   ( 6.0%) 
HDR ambient table     3940/65536       15760/262144   ( 6.0%) 
LDR leaf ambient     11109/65536      311052/1835008  (17.0%) 
HDR leaf ambient     10995/65536      307860/1835008  (16.8%) 
occluders                0/0               0/0        ( 0.0%) 
occluder polygons        0/0               0/0        ( 0.0%) 
occluder vert ind        0/0               0/0        ( 0.0%) 
detail props          [variable]           1/22752    ( 0.0%) 
dtl prp lght          [variable]           1/4        (25.0%) 
HDR dtl prp lght      [variable]           1/4        (25.0%) 
static props          [variable]           1/18580    ( 0.0%) 
pakfile               [variable]     9814473/0        ( 0.0%) 
physics               [variable]      779849/4194304  (18.6%) 
physics terrain       [variable]         108/1048576  ( 0.0%) 

Level flags = 0

Total triangle count: 17030
Writing e:\tf2 mods and maps\maps\lfce fixed maps\d1_trainstation_03_d.bsp
1 minute, 11 seconds elapsed



materialPath: D:\Steam\steamapps\common\Source SDK Base 2013 Multiplayer\tf\materials
Loading E:\TF2 Mods and Maps\maps\LFCE Fixed Maps\d1_trainstation_03_d.vmf
ConVarRef mat_reduceparticles doesn't point to an existing ConVar
"dev/dev_windowportal" - "materials/dev/dev_windowportal.vtf": cached version doesn't exist
Could not locate GameData file tf_coop_extended.fgd
Patching WVT material: maps/d1_trainstation_03_d/nature/red_grass_wvt_patch
fixing up env_cubemap materials on brush sides...
0...1...2...3...4...5...6...7...8...9...100...1...2...3...4...5...6...7...8...9...10Processing areas...done (0)
Building Faces...done (0)
Chop Details...done (0)
Find Visible Detail Sides...
Merged 292 detail faces...done (0)
Merging details...done (0)
FixTjuncs...
PruneNodes...
WriteBSP...
done (0)
writing E:\TF2 Mods and Maps\maps\LFCE Fixed Maps\d1_trainstation_03_d.prt...Building visibility clusters...
done (0)
Creating default LDR cubemaps for env_cubemap using skybox materials:
   skybox/sky_day01_01_hdr*.vmt
 ! Run buildcubemaps in the engine to get the correct cube maps.
Creating default HDR cubemaps for env_cubemap using skybox materials:
   skybox/sky_day01_01_hdr*.vmt
 ! Run buildcubemaps in the engine to get the correct cube maps.
Finding displacement neighbors...
Finding lightmap sample positions...
Displacement Alpha : 0...1...2...3...4...5...6...7...8...9...10
Building Physics collision data...
done (1) (779849 bytes)
Placing detail props : 0...1...2...3...4...5...6...7...8...9...10
Compacting texture/material tables...
Reduced 4521 texinfos to 2466
Reduced 678 texdatas to 548 (37974 bytes to 31850)
Writing E:\TF2 Mods and Maps\maps\LFCE Fixed Maps\d1_trainstation_03_d.bsp
MSG_FILEWRITE - Filesystem was asked to write to 'E:\TF2 Mods and Maps\maps\LFCE Fixed Maps\d1_trainstation_03_d.bsp', but we don't own that location. Allowing.
Wrote ZIP buffer, estimated size 9909291, actual size 9814473
3 seconds elapsed



8 threads
reading e:\tf2 mods and maps\maps\lfce fixed maps\d1_trainstation_03_d.bsp
reading e:\tf2 mods and maps\maps\lfce fixed maps\d1_trainstation_03_d.prt
   2 portalclusters
   0 numportals
0...1...2...3...4...5...6...7...8...9...100...1...2...3...4...5...6...7...8...9...10Optimized: 0 visible clusters (0.00%)
Total clusters visible: 2
Average clusters visible: 1
Building PAS...
Average clusters audible: 1
visdatasize:24  compressed from 32
writing e:\tf2 mods and maps\maps\lfce fixed maps\d1_trainstation_03_d.bsp
MSG_FILEWRITE - Filesystem was asked to write to 'e:\tf2 mods and maps\maps\lfce fixed maps\d1_trainstation_03_d.bsp', but we don't own that location. Allowing.
0 seconds elapsed



[Reading texlights from 'lights.rad']
[50 texlights parsed from 'lights.rad']

Loading e:\tf2 mods and maps\maps\lfce fixed maps\d1_trainstation_03_d.bsp
5744 faces
2067251 square feet [297684160.00 square inches]
2 Displacements
4899 Square Feet [705536.00 Square Inches]
5744 patches before subdivision
35606 patches after subdivision
78 direct lights
0...1...2...3...4...5...6...7...8...9...100...1...2...3...4...5...6...7...8...9...10transfers 2960018, max 417
transfer lists:  22.6 megs
0...1...2...3...4...5...6...7...8...9...10	Bounce #1 added RGB(159902, 122792, 58164)
0...1...2...3...4...5...6...7...8...9...10	Bounce #2 added RGB(36583, 24564, 8681)
0...1...2...3...4...5...6...7...8...9...10	Bounce #3 added RGB(9331, 5632, 1567)
0...1...2...3...4...5...6...7...8...9...10	Bounce #4 added RGB(2674, 1462, 317)
0...1...2...3...4...5...6...7...8...9...10	Bounce #5 added RGB(833, 413, 70)
0...1...2...3...4...5...6...7...8...9...10	Bounce #6 added RGB(274, 123, 16)
0...1...2...3...4...5...6...7...8...9...10	Bounce #7 added RGB(94, 38, 4)
0...1...2...3...4...5...6...7...8...9...10	Bounce #8 added RGB(33, 12, 1)
0...1...2...3...4...5...6...7...8...9...10	Bounce #9 added RGB(12, 4, 0)
0...1...2...3...4...5...6...7...8...9...10	Bounce #10 added RGB(4, 1, 0)
0...1...2...3...4...5...6...7...8...9...10	Bounce #11 added RGB(2, 0, 0)
0...1...2...3...4...5...6...7...8...9...10	Bounce #12 added RGB(1, 0, 0)
Build Patch/Sample Hash Table(s).....Done<0.0060 sec>
0...1...2...3...4...5...6...7...8...9...10FinalLightFace Done
Computing detail prop lighting : 0...1...2...3...4...5...6...7...8...9...10
12 of 38 (31% of) surface lights went in leaf ambient cubes.
0...1...2...3...4...5...6...7...8...9...10Writing leaf ambient...done
Ready to Finish

Object names       Objects/Maxobjs  Memory / Maxmem  Fullness 
------------       ---------------  ---------------  -------- 
models                 175/1024         8400/49152    (17.1%) 
brushes               2148/8192        25776/98304    (26.2%) 
brushsides           14324/65536      114592/524288   (21.9%) 
planes                5364/65536      107280/1310720  ( 8.2%) 
vertexes             10906/65536      130872/786432   (16.6%) 
nodes                 3764/65536      120448/2097152  ( 5.7%) 
texinfos              2466/12288      177552/884736   (20.1%) 
texdata                548/2048        17536/65536    (26.8%) 
dispinfos                2/0             352/0        ( 0.0%) 
disp_verts             162/0            3240/0        ( 0.0%) 
disp_tris              256/0             512/0        ( 0.0%) 
disp_lmsamples       12216/0           12216/0        ( 0.0%) 
faces                 5744/65536      321664/3670016  ( 8.8%) 
hdr faces                0/65536           0/3670016  ( 0.0%) 
origfaces             4184/65536      234304/3670016  ( 6.4%) 
leaves                3940/65536      126080/2097152  ( 6.0%) 
leaffaces             7578/65536       15156/131072   (11.6%) 
leafbrushes           4818/65536        9636/131072   ( 7.4%) 
areas                   15/256           120/2048     ( 5.9%) 
surfedges            45300/512000     181200/2048000  ( 8.8%) 
edges                28888/256000     115552/1024000  (11.3%) 
LDR worldlights         77/8192         6776/720896   ( 0.9%) 
HDR worldlights          0/8192            0/720896   ( 0.0%) 
leafwaterdata            0/32768           0/393216   ( 0.0%) 
waterstrips            609/32768        6090/327680   ( 1.9%) 
waterverts               0/65536           0/786432   ( 0.0%) 
waterindices         12807/65536       25614/131072   (19.5%) 
cubemapsamples          90/1024         1440/16384    ( 8.8%) 
overlays                56/512         19712/180224   (10.9%) 
LDR lightdata         [variable]     1668728/0        ( 0.0%) 
HDR lightdata         [variable]           0/0        ( 0.0%) 
visdata               [variable]          24/16777216 ( 0.0%) 
entdata               [variable]      292435/393216   (74.4%) 
LDR ambient table     3940/65536       15760/262144   ( 6.0%) 
HDR ambient table     3940/65536       15760/262144   ( 6.0%) 
LDR leaf ambient     11116/65536      311248/1835008  (17.0%) 
HDR leaf ambient      3940/65536      110320/1835008  ( 6.0%) 
occluders                0/0               0/0        ( 0.0%) 
occluder polygons        0/0               0/0        ( 0.0%) 
occluder vert ind        0/0               0/0        ( 0.0%) 
detail props          [variable]           1/22752    ( 0.0%) 
dtl prp lght          [variable]           1/4        (25.0%) 
HDR dtl prp lght      [variable]           1/4        (25.0%) 
static props          [variable]           1/18580    ( 0.0%) 
pakfile               [variable]     9814473/0        ( 0.0%) 
physics               [variable]      779849/4194304  (18.6%) 
physics terrain       [variable]         108/1048576  ( 0.0%) 

Level flags = 0

Total triangle count: 17030
Writing e:\tf2 mods and maps\maps\lfce fixed maps\d1_trainstation_03_d.bsp
29 seconds elapsed
