PRT1
62
212
4 1 2 (-832 2304 -472 ) (-832 2304 -568 ) (-768 2304 -568 ) (-768 2304 -472 ) 
4 2 3 (-832 2296 -568 ) (-768 2296 -568 ) (-768 2296 -472 ) (-832 2296 -472 ) 
4 3 4 (-832 2294 -568 ) (-768 2294 -568 ) (-768 2294 -472 ) (-832 2294 -472 ) 
4 4 5 (-768 2288 -568 ) (-768 2288 -472 ) (-832 2288 -472 ) (-832 2288 -568 ) 
4 5 8 (-832 2048 -370.343262 ) (-832 2048 -482.341370 ) (-768 2048 -482.341370 ) (-768 2048 -370.341644 ) 
4 6 59 (4144 -4096 -376 ) (4096 -4096 -376 ) (4096 -4096 -528 ) (4144 -4096 -528 ) 
4 6 7 (4096 -4096 -528 ) (4096 -4096 -376 ) (4096 -4048 -376 ) (4096 -4048 -528 ) 
4 7 60 (4096 -4096 -528 ) (4096 -4096 -376 ) (3933 -4096 -376 ) (3933 -4096 -528 ) 
4 9 10 (-3072 0 -32 ) (-3072 0 -72 ) (-3072 -64 -72 ) (-3072 -64 -32 ) 
4 9 11 (-3072 -64 -32 ) (-3072 -64 -64 ) (-3072 -128 -64 ) (-3072 -128 -32 ) 
4 9 14 (-3072 -144 -32 ) (-3072 -144 -64 ) (-3072 -384 -64 ) (-3072 -384 -32 ) 
4 9 12 (-3152 0 -32 ) (-3256 0 -32 ) (-3256 0 -72 ) (-3152 0 -72 ) 
4 9 10 (-3072 0 -72 ) (-3072 0 -32 ) (-3152 0 -32 ) (-3152 0 -72 ) 
4 9 12 (-3256 0 -32 ) (-3152 0 -32 ) (-3152 -128 -32 ) (-3256 -128 -32 ) 
4 9 11 (-3072 -64 -32 ) (-3072 -128 -32 ) (-3152 -128 -32 ) (-3152 -64 -32 ) 
4 9 10 (-3152 0 -32 ) (-3072 0 -32 ) (-3072 -64 -32 ) (-3152 -64 -32 ) 
4 9 13 (-3132 -128 -32 ) (-3076 -128 -32 ) (-3076 -144 -32 ) (-3132 -144 -32 ) 
4 9 14 (-3072 -144 -32 ) (-3072 -384 -32 ) (-3136 -384 -32 ) (-3136 -144 -32 ) 
4 9 15 (-3136 -488 -32 ) (-3200 -488 -32 ) (-3200 -144 -32 ) (-3136 -144 -32 ) 
4 9 15 (-3200 -576 -32 ) (-3200 -488 -32 ) (-3136 -488 -32 ) (-3136 -576 -32 ) 
4 9 17 (-4848 -608 -72 ) (-4848 -624 -72 ) (-4848 -624 -32 ) (-4848 -608 -32 ) 
4 9 17 (-4864 -544 -32 ) (-4848 -544 -32 ) (-4848 -624 -32 ) (-4864 -624 -32 ) 
4 9 18 (-4134 -1108 -32 ) (-4134 -1120 -32 ) (-4134 -1120 -16 ) (-4134 -1108 -13 ) 
4 9 18 (-4150 -1108 -13 ) (-4150 -1108 -32 ) (-4134 -1108 -32 ) (-4134 -1108 -13 ) 
4 9 20 (-4232 -1908 -32 ) (-4232 -1792 -32 ) (-4224 -1792 -32 ) (-4224 -1908 -32 ) 
4 9 22 (-4224 -2048 -32 ) (-4232 -2048 -32 ) (-4232 -1908 -32 ) (-4224 -1908 -32 ) 
4 9 19 (-4232 -1792 -32 ) (-4232 -1600 -32 ) (-4224 -1600 -32 ) (-4224 -1792 -32 ) 
4 9 24 (-5042 -1916 -32 ) (-5042 -1792 -32 ) (-5038 -1792 -32 ) (-5038 -1916 -32 ) 
4 9 26 (-5038 -2048 -32 ) (-5042 -2048 -32 ) (-5042 -1916 -32 ) (-5038 -1916 -32 ) 
4 9 20 (-4232 -1792 -32 ) (-4232 -1908 -32 ) (-4336 -1908 -32 ) (-4336 -1792 -32 ) 
4 9 22 (-4232 -1908 -32 ) (-4232 -2048 -32 ) (-4996 -2048 -32 ) (-4996 -1908 -32 ) 
4 9 23 (-4996 -2048 -32 ) (-5038 -2048 -32 ) (-5038 -1792 -32 ) (-4996 -1792 -32 ) 
4 9 19 (-4232 -1600 -32 ) (-4232 -1792 -32 ) (-5042 -1792 -32 ) (-5042 -1600 -32 ) 
4 9 24 (-5120 -1916 -32 ) (-5120 -1792 -32 ) (-5042 -1792 -32 ) (-5042 -1916 -32 ) 
4 9 26 (-5120 -2048 -32 ) (-5120 -1916 -32 ) (-5042 -1916 -32 ) (-5042 -2048 -32 ) 
4 9 19 (-5120 -1792 -32 ) (-5120 -1600 -32 ) (-5042 -1600 -32 ) (-5042 -1792 -32 ) 
4 9 28 (-5120 -2496 -32 ) (-5120 -2048 -32 ) (-4224 -2048 -32 ) (-4224 -2496 -32 ) 
4 9 30 (-6144 0 -32 ) (-6144 0 -64 ) (-6144 -160 -64 ) (-6144 -160 -32 ) 
4 9 30 (-6144 0 -64 ) (-6144 0 -32 ) (-6400 0 -32 ) (-6400 0 -64 ) 
4 9 30 (-6400 -160 -32 ) (-6400 0 -32 ) (-6144 0 -32 ) (-6144 -160 -32 ) 
4 9 40 (-5120 -2048 -32 ) (-5678 -2048 -32 ) (-5678 -2000 -32 ) (-5120 -2000 -32 ) 
4 9 39 (-5678 -2000 -32 ) (-5678 -1952 -32 ) (-5120 -1952 -32 ) (-5120 -2000 -32 ) 
4 9 33 (-5678 -1952 -32 ) (-5678 -1790 -32 ) (-5120 -1790 -32 ) (-5120 -1952 -32 ) 
4 9 32 (-5678 -1790 -32 ) (-5678 -1600 -32 ) (-5120 -1600 -32 ) (-5120 -1790 -32 ) 
4 9 41 (-5931.998047 -2048 -32 ) (-6072 -2048 -32 ) (-6072 -2000 -32 ) (-5931.998047 -2000 -32 ) 
4 9 40 (-5678 -2048 -32 ) (-5888 -2048 -32 ) (-5888 -2000 -32 ) (-5678 -2000 -32 ) 
4 9 39 (-5888 -1952 -32 ) (-5678 -1952 -32 ) (-5678 -2000 -32 ) (-5888 -2000 -32 ) 
4 9 33 (-6072 -1952 -32 ) (-6072 -1790 -32 ) (-5678 -1790 -32 ) (-5678 -1952 -32 ) 
4 9 32 (-6072 -1790 -32 ) (-6072 -1600 -32 ) (-5678 -1600 -32 ) (-5678 -1790 -32 ) 
4 9 41 (-6072 -2048 -32 ) (-6104 -2048 -32 ) (-6104 -2000 -32 ) (-6072 -2000 -32 ) 
4 9 33 (-6104 -1952 -32 ) (-6104 -1790 -32 ) (-6072 -1790 -32 ) (-6072 -1952 -32 ) 
4 9 32 (-6104 -1790 -32 ) (-6104 -1600 -32 ) (-6072 -1600 -32 ) (-6072 -1790 -32 ) 
4 9 41 (-6104 -2048 -32 ) (-6144 -2048 -32 ) (-6144 -2000 -32 ) (-6104 -2000 -32 ) 
4 9 33 (-6144 -1952 -32 ) (-6144 -1790 -32 ) (-6104 -1790 -32 ) (-6104 -1952 -32 ) 
4 9 32 (-6144 -1790 -32 ) (-6144 -1600 -32 ) (-6104 -1600 -32 ) (-6104 -1790 -32 ) 
4 9 44 (-6144 -1790 -64 ) (-6144 -1790 -54 ) (-6378 -1790 -54 ) (-6378 -1790 -64 ) 
4 9 43 (-6144 -1790 -64 ) (-7168 -1790 -64 ) (-7168 -1632 -64 ) (-6144 -1472 -64 ) 
4 9 53 (-6144 -2048 -72 ) (-6144 -2048 -64 ) (-6378 -2048 -64 ) (-6378 -2048 -72 ) 
4 9 52 (-6378 -2048 -32 ) (-6378 -2048 -64 ) (-6176 -2048 -64 ) (-6176 -2048 -32 ) 
4 9 53 (-7168 -2048 -64 ) (-7168 -2048 -72 ) (-6378 -2048 -72 ) (-6378 -2048 -64 ) 
4 9 52 (-7168 -2048 -32 ) (-7168 -2048 -64 ) (-6378 -2048 -64 ) (-6378 -2048 -32 ) 
4 9 45 (-7168 -2048 -72 ) (-7168 -2048 -64 ) (-7168 -1790 -64 ) (-7168 -1790 -72 ) 
4 9 54 (-7168 -2048 -64 ) (-7168 -2048 -32 ) (-7808 -2048 -32 ) (-7808 -2048 -64 ) 
4 9 45 (-7808 -2048 -64 ) (-7808 -1732 -64 ) (-7168 -1632 -64 ) (-7168 -2048 -64 ) 
4 9 54 (-7808 -2048 -64 ) (-7808 -2048 -32 ) (-8192 -2048 -32 ) (-8192 -2048 -64 ) 
4 9 46 (-8192 -2048 -64 ) (-8192 -1792 -64 ) (-7808 -1732 -64 ) (-7808 -2048 -64 ) 
4 9 51 (-5120 -2144 -32 ) (-5120 -2496 -32 ) (-6072 -2496 -32 ) (-6072 -2144 -32 ) 
4 9 50 (-5120 -2096 -32 ) (-5120 -2144 -32 ) (-5888 -2144 -32 ) (-5888 -2096 -32 ) 
4 9 48 (-6072 -2048 -32 ) (-5931.998047 -2048 -32 ) (-5931.998047 -2096 -32 ) (-6072 -2096 -32 ) 
4 9 47 (-5888 -2048 -32 ) (-5120 -2048 -32 ) (-5120 -2096 -32 ) (-5888 -2096 -32 ) 
4 9 51 (-6072 -2144 -32 ) (-6072 -2496 -32 ) (-6104 -2496 -32 ) (-6104 -2144 -32 ) 
4 9 48 (-6104 -2048 -32 ) (-6072 -2048 -32 ) (-6072 -2096 -32 ) (-6104 -2096 -32 ) 
4 9 51 (-6144 -2496 -32 ) (-6144 -2144 -32 ) (-6104 -2144 -32 ) (-6104 -2496 -32 ) 
4 9 48 (-6144 -2096 -32 ) (-6144 -2048 -32 ) (-6104 -2048 -32 ) (-6104 -2096 -32 ) 
4 9 53 (-6176 -2564 -64 ) (-6176 -2048 -64 ) (-6144 -2048 -64 ) (-6144 -2560 -64 ) 
4 9 52 (-6176 -2048 -64 ) (-6176 -2624 -64 ) (-6176 -2624 -32 ) (-6176 -2048 -32 ) 
4 9 52 (-6176 -2048 -32 ) (-6176 -2616 -32 ) (-7168 -2616 -32 ) (-7168 -2048 -32 ) 
3 9 52 (-7168 -2646 -32 ) (-7168 -2636.939697 -32 ) (-7158.939941 -2646 -32 ) 
4 9 52 (-7156.939941 -2648 -32 ) (-7168 -2648 -32 ) (-7168 -2646 -32 ) (-7158.939941 -2646 -32 ) 
4 9 52 (-6176 -2616 -32 ) (-6176 -2648 -32 ) (-7156.939941 -2648 -32 ) (-7156.939453 -2616 -32 ) 
3 9 52 (-7156.939453 -2616 -32 ) (-7156.939453 -2618 -32 ) (-7158.940430 -2618 -32 ) 
3 9 52 (-7158.940430 -2616 -32 ) (-7156.939453 -2616 -32 ) (-7158.940430 -2618 -32 ) 
4 9 52 (-7168 -2618 -32 ) (-7168 -2616 -32 ) (-7158.940430 -2616 -32 ) (-7158.940430 -2618 -32 ) 
4 9 52 (-7156.939941 -2648 -32 ) (-7158.940430 -2646 -32 ) (-7158.940430 -2618 -32 ) (-7156.939453 -2618 -32 ) 
4 9 52 (-7158.940430 -2646 -32 ) (-7168 -2636.939697 -32 ) (-7168 -2618 -32 ) (-7158.940430 -2618 -32 ) 
4 9 52 (-6176 -2648 -32 ) (-6176 -2736 -32 ) (-7168 -2736 -32 ) (-7168 -2648 -32 ) 
4 9 54 (-7168 -2944 -64 ) (-7168 -2944 -32 ) (-7168 -2736 -32 ) (-7168 -2736 -64 ) 
4 9 54 (-7188.941406 -2616 -32 ) (-7188.941406 -2048 -32 ) (-7168 -2048 -32 ) (-7168 -2616 -32 ) 
4 9 54 (-7186.940430 -2616 -32 ) (-7168 -2616 -32 ) (-7168 -2618 -32 ) (-7186.940430 -2618 -32 ) 
4 9 54 (-7168 -2618 -32 ) (-7168 -2646 -32 ) (-7186.940430 -2646 -32 ) (-7186.940430 -2618 -32 ) 
3 9 54 (-7188.941406 -2618 -32 ) (-7188.941406 -2616 -32 ) (-7186.940430 -2618 -32 ) 
3 9 54 (-7188.941406 -2616 -32 ) (-7186.940430 -2616 -32 ) (-7186.940430 -2618 -32 ) 
4 9 54 (-7188.941406 -2646 -32 ) (-7188.941406 -2618 -32 ) (-7186.940430 -2618 -32 ) (-7186.940430 -2646 -32 ) 
4 9 54 (-7188.941406 -2648 -32 ) (-7186.940430 -2646 -32 ) (-7168 -2646 -32 ) (-7168 -2648 -32 ) 
3 9 54 (-7188.941406 -2648 -32 ) (-7188.941406 -2646 -32 ) (-7186.940430 -2646 -32 ) 
4 9 54 (-7168 -2944 -32 ) (-7188.941406 -2944 -32 ) (-7188.941406 -2648 -32 ) (-7168 -2648 -32 ) 
4 9 54 (-7188.941406 -2944 -32 ) (-8192 -2944 -32 ) (-8192 -2048 -32 ) (-7188.941406 -2048 -32 ) 
4 9 57 (-8192 -2048 -72 ) (-8192 -2048 -64 ) (-9011.200195 -2048 -64 ) (-9011.200195 -2048 -72 ) 
4 9 56 (-8192 -1791.998047 -72 ) (-9011.199219 -2048 -72 ) (-9011.199219 -2048 -64 ) (-8192 -1791.998169 -64 ) 
4 9 58 (-9216 -2048 -72 ) (-9216 -2048 -64 ) (-10240 -2048 -64 ) (-10240 -2048 -72 ) 
6 9 57 (-9216 -3072 -64 ) (-9216 -2112 -64 ) (-9011.200195 -2048 -64 ) (-8192 -2048 -64 ) (-8192 -2944 -64 ) (-8601.599609 -3072 -64 ) 
4 9 58 (-10240 -2784 -64 ) (-10240 -2048 -64 ) (-9216 -2048 -64 ) (-9216 -2112 -64 ) 
4 10 12 (-3152 0 -72 ) (-3152 -64 -72 ) (-3152 -64 -32 ) (-3152 0 -32 ) 
4 10 11 (-3152 -64 -32 ) (-3152 -64 -64 ) (-3072 -64 -64 ) (-3072 -64 -32 ) 
4 11 13 (-3076 -128 -32 ) (-3132 -128 -32 ) (-3132 -128 -64 ) (-3076 -128 -64 ) 
4 11 12 (-3152 -128 -64 ) (-3152 -128 -32 ) (-3152 -64 -32 ) (-3152 -64 -64 ) 
4 13 14 (-3076 -144 -64 ) (-3076 -144 -32 ) (-3132 -144 -32 ) (-3132 -144 -64 ) 
4 14 15 (-3136 -144 -32 ) (-3136 -144 -64 ) (-3136 -384 -64 ) (-3136 -384 -32 ) 
4 16 9 (-4832 -608 -32 ) (-4832 -608 -72 ) (-4832 -624 -72 ) (-4832 -624 -32 ) 
4 18 9 (-4150 -1120 -32 ) (-4134 -1120 -32 ) (-4134 -1120 -16 ) (-4150 -1120 -16.001007 ) 
4 18 9 (-4150 -1108 -32 ) (-4150 -1120 -32 ) (-4150 -1120 -16.001007 ) (-4150 -1108 -13 ) 
4 19 34 (-5120 -1790 -48 ) (-5120 -1790 -54 ) (-5120 -1792 -54 ) (-5120 -1792 -48 ) 
4 19 33 (-5120 -1792 -32 ) (-5120 -1790 -32 ) (-5120 -1790 -48 ) (-5120 -1792 -48 ) 
4 19 38 (-5120 -1790 -54 ) (-5120 -1790 -64 ) (-5120 -1792 -64 ) (-5120 -1792 -54 ) 
4 19 32 (-5120 -1790 -32 ) (-5120 -1600 -32 ) (-5120 -1600 -64 ) (-5120 -1790 -64 ) 
4 19 24 (-5038 -1792 -48 ) (-5038 -1792 -32 ) (-5120 -1792 -32 ) (-5120 -1792 -48 ) 
4 19 25 (-5120 -1792 -64 ) (-5038 -1792 -64 ) (-5038 -1792 -54 ) (-5120 -1792 -54 ) 
4 19 20 (-4224 -1792 -42 ) (-4224 -1792 -32 ) (-4336 -1792 -32 ) (-4336 -1792 -42 ) 
4 19 21 (-4996 -1792 -64 ) (-4224 -1792 -64 ) (-4224 -1792 -42 ) (-4996 -1792 -42 ) 
4 19 23 (-5038 -1792 -64 ) (-4996 -1792 -64 ) (-4996 -1792 -32 ) (-5038 -1792 -32 ) 
4 20 21 (-4224 -1908 -42 ) (-4336 -1908 -42 ) (-4336 -1792 -42 ) (-4224 -1792 -42 ) 
4 20 22 (-4336 -1908 -42 ) (-4224 -1908 -42 ) (-4224 -1908 -32 ) (-4336 -1908 -32 ) 
4 21 22 (-4996 -1908 -42 ) (-4996 -1908 -64 ) (-4224 -1908 -64 ) (-4224 -1908 -42 ) 
4 21 23 (-4996 -1792 -42 ) (-4996 -1792 -64 ) (-4996 -1908 -64 ) (-4996 -1908 -42 ) 
4 22 28 (-4224 -2048 -32 ) (-4996 -2048 -32 ) (-4996 -2048 -64 ) (-4224 -2048 -64 ) 
4 22 27 (-4352 -2048 -64 ) (-4996 -2048 -64 ) (-4996 -1952 -64 ) (-4352 -1952 -64 ) 
4 22 23 (-4996 -1908 -64 ) (-4996 -2048 -64 ) (-4996 -2048 -32 ) (-4996 -1908 -32 ) 
4 23 28 (-4996 -2048 -32 ) (-5038 -2048 -32 ) (-5038 -2048 -64 ) (-4996 -2048 -64 ) 
4 23 27 (-4996 -1952 -64 ) (-4996 -2048 -64 ) (-5038 -2048 -64 ) (-5038 -1952 -64 ) 
4 23 24 (-5038 -1792 -32 ) (-5038 -1792 -48 ) (-5038 -1916 -48 ) (-5038 -1916 -32 ) 
4 23 25 (-5038 -1792 -54 ) (-5038 -1792 -64 ) (-5038 -1916 -64 ) (-5038 -1916 -54 ) 
4 23 26 (-5038 -1916 -64 ) (-5038 -2048 -64 ) (-5038 -2048 -32 ) (-5038 -1916 -32 ) 
4 24 33 (-5120 -1916 -32 ) (-5120 -1792 -32 ) (-5120 -1792 -48 ) (-5120 -1916 -48 ) 
4 24 26 (-5038 -1916 -48 ) (-5038 -1916 -32 ) (-5120 -1916 -32 ) (-5120 -1916 -48 ) 
4 25 38 (-5120 -1792 -54 ) (-5120 -1792 -64 ) (-5120 -1916 -64 ) (-5120 -1916 -54 ) 
4 25 26 (-5120 -1916 -64 ) (-5038 -1916 -64 ) (-5038 -1916 -54 ) (-5120 -1916 -54 ) 
4 26 40 (-5120 -2048 -64 ) (-5120 -2048 -32 ) (-5120 -2000 -32 ) (-5120 -2000 -64 ) 
4 26 39 (-5120 -2000 -32 ) (-5120 -1952 -32 ) (-5120 -1952 -64 ) (-5120 -2000 -64 ) 
4 26 35 (-5120 -1916 -48 ) (-5120 -1916 -54 ) (-5120 -1952 -54 ) (-5120 -1952 -48 ) 
4 26 33 (-5120 -1952 -32 ) (-5120 -1916 -32 ) (-5120 -1916 -48 ) (-5120 -1952 -48 ) 
4 26 38 (-5120 -1916 -54 ) (-5120 -1916 -64 ) (-5120 -1952 -64 ) (-5120 -1952 -54 ) 
4 26 28 (-5038 -2048 -32 ) (-5120 -2048 -32 ) (-5120 -2048 -64 ) (-5038 -2048 -64 ) 
4 26 27 (-5120 -2048 -64 ) (-5120 -1952 -64 ) (-5038 -1952 -64 ) (-5038 -2048 -64 ) 
4 27 40 (-5120 -2048 -72 ) (-5120 -2048 -64 ) (-5120 -2000 -64 ) (-5120 -2000 -72 ) 
4 27 39 (-5120 -2000 -64 ) (-5120 -1952 -64 ) (-5120 -1952 -72 ) (-5120 -2000 -72 ) 
4 27 29 (-4352 -2048 -64 ) (-5120 -2048 -64 ) (-5120 -2048 -72 ) (-4352 -2048 -72 ) 
4 28 51 (-5120 -2496 -32 ) (-5120 -2144 -32 ) (-5120 -2144 -64 ) (-5120 -2496 -64 ) 
4 28 50 (-5120 -2144 -32 ) (-5120 -2096 -32 ) (-5120 -2096 -64 ) (-5120 -2144 -64 ) 
4 28 47 (-5120 -2096 -32 ) (-5120 -2048 -32 ) (-5120 -2048 -64 ) (-5120 -2096 -64 ) 
4 28 29 (-5120 -2144 -64 ) (-5120 -2048 -64 ) (-4352 -2048 -64 ) (-4352 -2144 -64 ) 
4 29 50 (-5120 -2144 -64 ) (-5120 -2096 -64 ) (-5120 -2096 -72 ) (-5120 -2144 -72 ) 
4 29 47 (-5120 -2096 -64 ) (-5120 -2048 -64 ) (-5120 -2048 -72 ) (-5120 -2096 -72 ) 
4 31 56 (-8192 -1024 -72 ) (-8192 -1024 -64 ) (-9216 -1024 -64 ) (-9216 -1024 -72 ) 
4 32 9 (-6144 -1790 -32 ) (-6144 -1600 -32 ) (-6144 -1600 -64 ) (-6144 -1790 -64 ) 
4 32 34 (-5120 -1790 -54 ) (-5120 -1790 -48 ) (-5698 -1790 -48 ) (-5698 -1790 -54 ) 
4 32 36 (-5698 -1790 -48 ) (-5718 -1790 -48 ) (-5718 -1790 -54 ) (-5698 -1790 -54 ) 
4 32 33 (-5120 -1790 -48 ) (-5120 -1790 -32 ) (-6144 -1790 -32 ) (-6144 -1790 -48 ) 
4 32 38 (-6144 -1790 -64 ) (-5120 -1790 -64 ) (-5120 -1790 -54 ) (-6144 -1790 -54 ) 
4 33 9 (-6144 -1914 -32 ) (-6144 -1790 -32 ) (-6144 -1790 -48 ) (-6144 -1914 -48 ) 
4 33 9 (-6144 -1952 -48 ) (-6144 -1952 -32 ) (-6144 -1914 -32 ) (-6144 -1914 -48 ) 
4 33 39 (-5120 -1952 -32 ) (-5888 -1952 -32 ) (-5888 -1952 -48 ) (-5120 -1952 -48 ) 
4 33 37 (-5718 -1952 -48 ) (-6144 -1952 -48 ) (-6144 -1914 -48 ) (-5718 -1914 -48 ) 
4 33 34 (-5698 -1792 -48 ) (-5698 -1790 -48 ) (-5120 -1790 -48 ) (-5120 -1792 -48 ) 
4 33 35 (-5120 -1952 -48 ) (-5698 -1952 -48 ) (-5698 -1916 -48 ) (-5120 -1916 -48 ) 
4 33 36 (-5698 -1952 -48 ) (-5718 -1952 -48 ) (-5718 -1790 -48 ) (-5698 -1790 -48 ) 
4 34 38 (-5698 -1792 -54 ) (-5698 -1790 -54 ) (-5120 -1790 -54 ) (-5120 -1792 -54 ) 
4 34 36 (-5698 -1790 -54 ) (-5698 -1792 -54 ) (-5698 -1792 -48 ) (-5698 -1790 -48 ) 
4 35 39 (-5698 -1952 -54 ) (-5120 -1952 -54 ) (-5120 -1952 -48 ) (-5698 -1952 -48 ) 
4 35 36 (-5698 -1916 -54 ) (-5698 -1952 -54 ) (-5698 -1952 -48 ) (-5698 -1916 -48 ) 
4 35 38 (-5120 -1952 -54 ) (-5698 -1952 -54 ) (-5698 -1916 -54 ) (-5120 -1916 -54 ) 
4 36 39 (-5718 -1952 -54 ) (-5698 -1952 -54 ) (-5698 -1952 -48 ) (-5718 -1952 -48 ) 
4 36 37 (-5718 -1914 -54 ) (-5718 -1952 -54 ) (-5718 -1952 -48 ) (-5718 -1914 -48 ) 
4 36 38 (-5698 -1952 -54 ) (-5718 -1952 -54 ) (-5718 -1790 -54 ) (-5698 -1790 -54 ) 
4 37 9 (-6144 -1952 -54 ) (-6144 -1952 -48 ) (-6144 -1914 -48 ) (-6144 -1914 -54 ) 
4 37 39 (-5888 -1952 -54 ) (-5718 -1952 -54 ) (-5718 -1952 -48 ) (-5888 -1952 -48 ) 
4 37 38 (-5718 -1952 -54 ) (-6144 -1952 -54 ) (-6144 -1914 -54 ) (-5718 -1914 -54 ) 
4 38 44 (-6144 -1914 -54 ) (-6144 -1790 -54 ) (-6144 -1790 -64 ) (-6144 -1914 -64 ) 
4 38 9 (-6144 -1952 -64 ) (-6144 -1952 -54 ) (-6144 -1914 -54 ) (-6144 -1914 -64 ) 
4 38 39 (-5888 -1952 -64 ) (-5120 -1952 -64 ) (-5120 -1952 -54 ) (-5888 -1952 -54 ) 
4 39 40 (-5120 -2000 -72 ) (-5120 -2000 -32 ) (-5888 -2000 -32 ) (-5888 -2000 -72 ) 
4 40 47 (-5120 -2048 -72 ) (-5120 -2048 -32 ) (-5888 -2048 -32 ) (-5888 -2048 -72 ) 
4 41 48 (-5931.998047 -2048 -32 ) (-6144 -2048 -32 ) (-6144 -2048 -72 ) (-5996.443359 -2048 -72 ) 
4 41 9 (-6144 -2048 -72 ) (-6144 -2048 -32 ) (-6144 -2000 -32 ) (-6144 -2000 -72 ) 
4 41 42 (-6144 -2048 -72 ) (-6144 -2000 -72 ) (-5996.443359 -2000 -72 ) (-5996.443359 -2048 -72 ) 
4 42 49 (-6144 -2048 -72 ) (-6144 -2048 -104 ) (-6048 -2048 -104 ) (-5996.443359 -2048 -72 ) 
4 43 45 (-7168 -1632 -72 ) (-7168 -1790 -72 ) (-7168 -1790 -64 ) (-7168 -1632 -64 ) 
4 43 44 (-6378 -1790 -72 ) (-6144 -1790 -72 ) (-6144 -1790 -64 ) (-6378 -1790 -64 ) 
4 43 9 (-7168 -1790 -72 ) (-6378 -1790 -72 ) (-6378 -1790 -64 ) (-7168 -1790 -64 ) 
4 44 9 (-6378 -1914 -54 ) (-6378 -1914 -72 ) (-6144 -1914 -72 ) (-6144 -1914 -54 ) 
4 44 9 (-6378 -1790 -54 ) (-6378 -1790 -72 ) (-6378 -1914 -72 ) (-6378 -1914 -54 ) 
4 45 55 (-7168 -2048 -72 ) (-7168 -2048 -64 ) (-7808 -2048 -64 ) (-7808 -2048 -72 ) 
4 45 46 (-7808 -1732 -72 ) (-7808 -2048 -72 ) (-7808 -2048 -64 ) (-7808 -1732 -64 ) 
4 46 9 (-8192 -1792 -72 ) (-8192 -2048 -72 ) (-8192 -2048 -64 ) (-8192 -1792 -64 ) 
4 46 55 (-7808 -2048 -72 ) (-7808 -2048 -64 ) (-8192 -2048 -64 ) (-8192 -2048 -72 ) 
4 47 50 (-5120 -2096 -32 ) (-5888 -2096 -32 ) (-5888 -2096 -72 ) (-5120 -2096 -72 ) 
4 48 53 (-6144 -2048 -64 ) (-6144 -2048 -72 ) (-6144 -2096 -72 ) (-6144 -2096 -64 ) 
4 48 9 (-6144 -2048 -32 ) (-6144 -2048 -64 ) (-6144 -2096 -64 ) (-6144 -2096 -32 ) 
4 48 49 (-6144 -2048 -72 ) (-5996.443359 -2048 -72 ) (-5996.443359 -2096 -72 ) (-6144 -2096 -72 ) 
4 50 51 (-5120 -2144 -64 ) (-5120 -2144 -32 ) (-5888 -2144 -32 ) (-5888 -2144 -64 ) 
4 51 9 (-6144 -2496 -32 ) (-6144 -2144 -32 ) (-6144 -2144 -64 ) (-6144 -2496 -64 ) 
4 52 54 (-7168 -2048 -32 ) (-7168 -2048 -64 ) (-7168 -2736 -64 ) (-7168 -2736 -32 ) 
4 52 9 (-7168 -2736 -32 ) (-7168 -2736 -64 ) (-6912 -2736 -64 ) (-6912 -2736 -32 ) 
4 52 53 (-7168 -2688 -64 ) (-7168 -2048 -64 ) (-6176 -2048 -64 ) (-6176 -2564 -64 ) 
4 53 55 (-7168 -2048 -64 ) (-7168 -2048 -72 ) (-7168 -2688 -72 ) (-7168 -2688 -64 ) 
4 54 9 (-8192 -2944 -64 ) (-8192 -2944 -32 ) (-8192 -2048 -32 ) (-8192 -2048 -64 ) 
4 54 55 (-8192 -2816 -64 ) (-8192 -2048 -64 ) (-7168 -2048 -64 ) (-7168 -2688 -64 ) 
4 55 57 (-8192 -2816 -64 ) (-8192 -2048 -64 ) (-8192 -2048 -72 ) (-8192 -2816 -72 ) 
4 56 57 (-9216 -2048 -64 ) (-9216 -2048 -72 ) (-9011.200195 -2048 -72 ) (-9011.200195 -2048 -64 ) 
4 56 9 (-9216 -1024 -64 ) (-9216 -1024 -72 ) (-9216 -2048 -72 ) (-9216 -2048 -64 ) 
4 57 58 (-9216 -2048 -64 ) (-9216 -2048 -72 ) (-9216 -2112 -72 ) (-9216 -2112 -64 ) 
4 57 9 (-8601.599609 -3072 -64 ) (-9216 -3072 -64 ) (-9216 -3072 -72 ) (-8601.599609 -3072 -72 ) 
4 59 60 (4096 -4096 -376 ) (4096 -4096 -528 ) (4096 -4272 -528 ) (4096 -4272 -376 ) 
