PRT1
279
859
4 0 204 (-1034 9854 1248 ) (-1034 9854 1280 ) (-1034 9858 1280 ) (-1034 9858 1248 ) 
4 0 203 (-1034 9858 1047.810913 ) (-1034 9854 1047.810913 ) (-1034 9854 1248 ) (-1034 9858 1248 ) 
4 0 202 (-1034 10238 1047.810913 ) (-1034 9858 1047.810913 ) (-1034 9858 1280 ) (-1034 10238 1280 ) 
4 0 200 (-1034 10238 1248 ) (-1034 10238 1280 ) (-1034 10240 1280 ) (-1034 10240 1248 ) 
4 0 199 (-1034 10238 1280 ) (-1034 10238 1281.250122 ) (-1034 10240 1281.250122 ) (-1034 10240 1280 ) 
4 0 197 (-1034 10240 1047.810913 ) (-1034 10238 1047.810913 ) (-1034 10238 1248 ) (-1034 10240 1248 ) 
4 0 207 (-1536 9858 1348 ) (-1536 9854 1348 ) (-1656 9854 1333 ) (-1656 9858 1333 ) 
4 0 206 (-1536 10238 1348 ) (-1536 9858 1348 ) (-1656 9858 1333 ) (-1656 10238 1333 ) 
4 0 193 (-1656 10240 1333 ) (-1551.881958 10240 1346.014526 ) (-1551.881958 10238 1346.014526 ) (-1656 10238 1333 ) 
4 0 192 (-1551.881958 10240 1346.014526 ) (-1536 10240 1348 ) (-1536 10238 1348 ) (-1551.881958 10238 1346.014526 ) 
4 0 208 (-1520.116333 9858 1346.014648 ) (-1416 9858 1333 ) (-1416 9854 1333 ) (-1520.116333 9854 1346.014648 ) 
4 0 207 (-1535.993896 9854 1348 ) (-1535.993896 9858 1348 ) (-1520.116333 9858 1346.014648 ) (-1520.116333 9854 1346.014648 ) 
4 0 206 (-1535.993896 9858 1348 ) (-1535.993896 10238 1348 ) (-1416 10238 1333 ) (-1416 9858 1333 ) 
4 0 192 (-1535.993896 10238 1348 ) (-1535.993896 10240 1348 ) (-1416 10240 1333 ) (-1416 10238 1333 ) 
4 0 213 (-1408 9858 1327.673950 ) (-1408 9854 1327.673950 ) (-1408 9854 1328 ) (-1408 9858 1328 ) 
4 0 205 (-1408 10238 1328 ) (-1408 10238 1327.673950 ) (-1408 9858 1327.673950 ) (-1408 9858 1328 ) 
4 0 204 (-1408 9854 1327.673584 ) (-1408 9858 1327.673584 ) (-1034 9858 1280 ) (-1034 9854 1280 ) 
4 0 202 (-1408 9858 1327.673584 ) (-1408 10238 1327.673584 ) (-1034 10238 1280 ) (-1034 9858 1280 ) 
4 0 226 (-11264 7680 1744 ) (-11264 7488 1744 ) (-11264 7488 2944 ) (-11264 7680 2944 ) 
4 0 226 (-11264 7936 2944 ) (-11264 7936 1744 ) (-11264 7680 1744 ) (-11264 7680 2944 ) 
4 0 226 (-11264 7488 1744 ) (-11264 7360 1744 ) (-11264 7360 2944 ) (-11264 7488 2944 ) 
4 0 226 (-11264 7936 1616 ) (-11264 7936 1408 ) (-11264 7808 1504 ) (-11264 7808 1616 ) 
4 0 226 (-11264 7936 1744 ) (-11264 7936 1616 ) (-11264 7808 1616 ) (-11264 7808 1744 ) 
4 0 226 (-11264 7680 1728 ) (-11264 7680 1744 ) (-11264 7808 1744 ) (-11264 7808 1632 ) 
4 0 226 (-11264 7360 1632 ) (-11264 7360 1744 ) (-11264 7488 1744 ) (-11264 7488 1728 ) 
4 0 226 (-11264 7224 1616 ) (-11264 7256 1616 ) (-11264 7256 1472 ) (-11264 7224 1472 ) 
5 0 226 (-11264 7256 1616 ) (-11264 7360 1616 ) (-11264 7360 1504 ) (-11264 7317.333984 1472 ) (-11264 7256 1472 ) 
4 0 226 (-11264 7168 1472 ) (-11264 7168 1616 ) (-11264 7224 1616 ) (-11264 7224 1472 ) 
4 0 226 (-11264 7168 1616 ) (-11264 7168 2944 ) (-11264 7360 2944 ) (-11264 7360 1616 ) 
3 0 226 (-11264 7256 1472 ) (-11264 7317.333984 1472 ) (-11264 7256 1426 ) 
4 0 226 (-11264 7224 1472 ) (-11264 7256 1472 ) (-11264 7256 1440 ) (-11264 7224 1440 ) 
5 0 226 (-11264 7256 1440 ) (-11264 7256 1426 ) (-11264 7232 1408 ) (-11264 7224 1408 ) (-11264 7224 1440 ) 
4 0 226 (-11264 7168 1408 ) (-11264 7168 1472 ) (-11264 7224 1472 ) (-11264 7224 1408 ) 
4 0 226 (-11264 7232 1404 ) (-11264 7232 1280 ) (-11264 7224 1280 ) (-11264 7224 1404 ) 
4 0 226 (-11264 7168 1280 ) (-11264 7168 1404 ) (-11264 7224 1404 ) (-11264 7224 1280 ) 
4 0 226 (-11264 7168 1404 ) (-11264 7168 1408 ) (-11264 7224 1408 ) (-11264 7224 1404 ) 
4 0 226 (-11264 7168 1152 ) (-11264 7168 1280 ) (-11264 7232 1280 ) (-11264 7232 1152 ) 
4 0 226 (-11264 7168 2944 ) (-11264 7168 1472 ) (-11264 6592 1472 ) (-11264 6592 2944 ) 
4 0 226 (-11264 7168 1472 ) (-11264 7168 1408 ) (-11264 6592 1408 ) (-11264 6592 1472 ) 
4 0 226 (-11264 6144 1616 ) (-11264 6144 2944 ) (-11264 6592 2944 ) (-11264 6592 1616 ) 
4 0 226 (-11264 6144 1408 ) (-11264 6144 1616 ) (-11264 6592 1616 ) (-11264 6592 1408 ) 
4 0 226 (-11264 6592 1408 ) (-11264 7168 1408 ) (-11264 7168 1280 ) (-11264 6592 1280 ) 
4 0 226 (-11264 6144 1404 ) (-11264 6144 1408 ) (-11264 6592 1408 ) (-11264 6592 1404 ) 
4 0 226 (-11264 6144 1280 ) (-11264 6144 1404 ) (-11264 6592 1404 ) (-11264 6592 1280 ) 
4 0 226 (-11264 6592 1280 ) (-11264 7168 1280 ) (-11264 7168 1152 ) (-11264 6592 1152 ) 
4 0 226 (-11264 6144 1152 ) (-11264 6144 1280 ) (-11264 6592 1280 ) (-11264 6592 1152 ) 
4 0 226 (-11264 6808.840820 1152 ) (-11264 7058.266113 1152 ) (-11264 7058.266113 896 ) (-11264 6808.840820 896 ) 
4 0 226 (-11264 6696.715820 1152 ) (-11264 6808.840820 1152 ) (-11264 6808.840820 896 ) (-11264 6696.715820 896 ) 
4 0 226 (-11264 6144 2944 ) (-11264 6144 1648 ) (-11264 6080 1648 ) (-11264 6080 2944 ) 
4 0 226 (-11264 6144 1648 ) (-11264 6144 1616 ) (-11264 6080 1616 ) (-11264 6080 1648 ) 
4 0 226 (-11264 6144 1616 ) (-11264 6144 1408 ) (-11264 6080 1408 ) (-11264 6080 1616 ) 
4 0 226 (-11264 6144 1408 ) (-11264 6144 1404 ) (-11264 6080 1404 ) (-11264 6080 1408 ) 
4 0 226 (-11264 6144 1404 ) (-11264 6144 1152 ) (-11264 6080 1152 ) (-11264 6080 1404 ) 
4 0 226 (-11264 5568 2944 ) (-11264 6080 2944 ) (-11264 6080 1600 ) (-11264 5568 1600 ) 
4 0 226 (-11264 6080 1600 ) (-11264 6080 1408 ) (-11264 5568 1408 ) (-11264 5568 1600 ) 
4 0 226 (-11264 5216 1408 ) (-11264 5216 2944 ) (-11264 5568 2944 ) (-11264 5568 1408 ) 
4 0 226 (-11264 5216 1404 ) (-11264 5216 1408 ) (-11264 6080 1408 ) (-11264 6080 1404 ) 
4 0 226 (-11264 5216 1152 ) (-11264 5216 1404 ) (-11264 6080 1404 ) (-11264 6080 1152 ) 
4 2 5 (-1024 12288 832 ) (-1024 12288 2944 ) (-2048 12288 2944 ) (-2048 12288 832 ) 
4 2 3 (-2048 12288 832 ) (-2048 12288 2944 ) (-2048 12800 2944 ) (-2048 12800 832 ) 
4 3 180 (-2048 12288 832 ) (-2048 12288 2944 ) (-3072 12288 2944 ) (-3072 12288 832 ) 
4 3 4 (-3072 12288 1024 ) (-3072 12288 2944 ) (-3072 12800 2944 ) (-3072 12800 1024 ) 
4 4 181 (-3072 12288 1024 ) (-3072 12288 2944 ) (-4096 12288 2944 ) (-4096 12288 1024 ) 
4 5 180 (-2048 11264 832 ) (-2048 11264 2944 ) (-2048 12288 2944 ) (-2048 12288 832 ) 
4 5 175 (-1624 11264 864 ) (-1632 11264 864 ) (-1632 11264 832 ) (-1624 11264 832 ) 
4 5 174 (-1024 11264 832 ) (-1024 11264 864 ) (-1624 11264 864 ) (-1624 11264 832 ) 
4 5 176 (-1632 11264 864 ) (-2048 11264 864 ) (-2048 11264 832 ) (-1632 11264 832 ) 
4 5 148 (-1632 11264 896 ) (-1728 11264 896 ) (-1728 11264 864 ) (-1632 11264 864 ) 
4 5 149 (-1728 11264 896 ) (-2048 11264 896 ) (-2048 11264 864 ) (-1728 11264 864 ) 
4 5 147 (-1624 11264 896 ) (-1632 11264 896 ) (-1632 11264 864 ) (-1624 11264 864 ) 
4 5 146 (-1024 11264 864 ) (-1024 11264 896 ) (-1624 11264 896 ) (-1624 11264 864 ) 
4 5 10 (-1632 11264 1016 ) (-1728 11264 1016 ) (-1728 11264 896 ) (-1632 11264 896 ) 
4 5 9 (-1024 11264 896 ) (-1024 11264 1016 ) (-1632 11264 1016 ) (-1632 11264 896 ) 
4 5 11 (-1728 11264 1016 ) (-2048 11264 1016 ) (-2048 11264 896 ) (-1728 11264 896 ) 
4 5 8 (-1024 11264 1016 ) (-1024 11264 2944 ) (-2048 11264 2944 ) (-2048 11264 1016 ) 
4 6 179 (-1222 11264 404 ) (-1478 11264 404 ) (-1478 11264 148 ) (-1222 11264 148 ) 
4 7 0 (-1016 10240 2944 ) (-1024 10240 2944 ) (-1024 10240 1024 ) (-1016 10240 1024 ) 
4 7 55 (-1024 10240 1284 ) (-1024 10240 2944 ) (-1024 10480 2944 ) (-1024 10480 1284 ) 
4 7 43 (-1024 10480 2944 ) (-1024 10496 2944 ) (-1024 10496 1284 ) (-1024 10480 1284 ) 
4 8 183 (-2048 11264 1024 ) (-2048 11264 1016 ) (-2048 11008 1016 ) (-2048 11008 1024 ) 
4 8 182 (-2048 11264 2944 ) (-2048 11264 1024 ) (-2048 11008 1024 ) (-2048 11008 2944 ) 
4 8 21 (-2048 11008 1024 ) (-2048 11008 1016 ) (-1736 11008 1016 ) (-1736 11008 1024 ) 
4 8 20 (-2048 11008 2944 ) (-2048 11008 1024 ) (-1728 11008 1024 ) (-1728 11008 2944 ) 
4 8 14 (-1632 11008 1024 ) (-1632 11008 2944 ) (-1728 11008 2944 ) (-1728 11008 1024 ) 
4 8 13 (-1624 11008 1016 ) (-1024 11008 1016 ) (-1024 11008 1024 ) (-1624 11008 1024 ) 
4 8 12 (-1024 11008 1024 ) (-1024 11008 2944 ) (-1632 11008 2944 ) (-1632 11008 1024 ) 
4 8 10 (-1728 11016 1016 ) (-1728 11264 1016 ) (-1632 11264 1016 ) (-1632 11016 1016 ) 
4 8 9 (-1024 11008 1016 ) (-1632 11008 1016 ) (-1632 11264 1016 ) (-1024 11264 1016 ) 
4 8 11 (-1728 11008 1016 ) (-2048 11008 1016 ) (-2048 11264 1016 ) (-1728 11264 1016 ) 
4 9 147 (-1624 11008 896 ) (-1632 11008 896 ) (-1632 11264 896 ) (-1624 11264 896 ) 
4 9 146 (-1024 11264 896 ) (-1024 11008 896 ) (-1624 11008 896 ) (-1624 11264 896 ) 
4 9 13 (-1624 11008 896 ) (-1024 11008 896 ) (-1024 11008 1016 ) (-1624 11008 1016 ) 
4 9 10 (-1632 11264 896 ) (-1632 11016 896 ) (-1632 11016 1016 ) (-1632 11264 1016 ) 
4 10 148 (-1728 11016 896 ) (-1728 11264 896 ) (-1632 11264 896 ) (-1632 11016 896 ) 
4 10 11 (-1728 11264 896 ) (-1728 11016 896 ) (-1728 11016 1016 ) (-1728 11264 1016 ) 
4 11 183 (-2048 11264 1016 ) (-2048 11264 896 ) (-2048 11008 896 ) (-2048 11008 1016 ) 
4 11 149 (-1728 11008 896 ) (-2048 11008 896 ) (-2048 11264 896 ) (-1728 11264 896 ) 
4 11 21 (-2048 11008 1016 ) (-2048 11008 896 ) (-1736 11008 896 ) (-1736 11008 1016 ) 
4 12 22 (-1024 10848 1024 ) (-1024 10848 2944 ) (-1632 10848 2944 ) (-1632 10848 1024 ) 
4 12 18 (-1632 10856 1024 ) (-1632 10848 1024 ) (-1632 10848 2944 ) (-1632 10856 2944 ) 
4 12 16 (-1632 11000 1024 ) (-1632 10856 1024 ) (-1632 10856 2944 ) (-1632 11000 2944 ) 
4 12 14 (-1632 11008 2944 ) (-1632 11008 1024 ) (-1632 11000 1024 ) (-1632 11000 2944 ) 
4 12 13 (-1624 11008 1024 ) (-1024 11008 1024 ) (-1024 10880 1024 ) (-1624 10880 1024 ) 
4 13 146 (-1024 11008 896 ) (-1024 10880 896 ) (-1624 10880 896 ) (-1624 11008 896 ) 
4 14 20 (-1728 11008 2944 ) (-1728 11008 1024 ) (-1728 11000 1024 ) (-1728 11000 2944 ) 
4 14 16 (-1728 11000 2944 ) (-1728 11000 1024 ) (-1632 11000 1024 ) (-1632 11000 2944 ) 
4 15 17 (-1720 11000 896 ) (-1672 11000 896 ) (-1672 11000 1004 ) (-1720 11000 1004 ) 
4 16 20 (-1728 10856 1024 ) (-1728 10856 2944 ) (-1728 11000 2944 ) (-1728 11000 1024 ) 
4 16 18 (-1728 10856 2944 ) (-1728 10856 1024 ) (-1632 10856 1024 ) (-1632 10856 2944 ) 
4 17 19 (-1720 10856 896 ) (-1672 10856 896 ) (-1672 10856 1004 ) (-1720 10856 1004 ) 
4 18 22 (-1632 10848 1024 ) (-1632 10848 2944 ) (-1728 10848 2944 ) (-1728 10848 1024 ) 
4 18 20 (-1728 10848 1024 ) (-1728 10848 2944 ) (-1728 10856 2944 ) (-1728 10856 1024 ) 
4 19 38 (-1720 10848 896 ) (-1672 10848 896 ) (-1672 10848 1004 ) (-1720 10848 1004 ) 
4 20 182 (-2048 11008 2944 ) (-2048 11008 1024 ) (-2048 10848 1024 ) (-2048 10848 2944 ) 
4 20 22 (-1728 10848 1024 ) (-1728 10848 2944 ) (-2048 10848 2944 ) (-2048 10848 1024 ) 
4 20 21 (-2048 11008 1024 ) (-1736 11008 1024 ) (-1736 10848 1024 ) (-2048 10848 1024 ) 
4 21 183 (-2048 11008 1024 ) (-2048 11008 896 ) (-2048 10848 896 ) (-2048 10848 1024 ) 
4 21 149 (-1736 10848 896 ) (-2048 10848 896 ) (-2048 11008 896 ) (-1736 11008 896 ) 
4 21 42 (-2048 10848 896 ) (-1736 10848 896 ) (-1736 10848 1016 ) (-2048 10848 1016 ) 
4 21 23 (-1736 10848 1016 ) (-1736 10848 1024 ) (-2048 10848 1024 ) (-2048 10848 1016 ) 
4 22 182 (-2048 10848 2944 ) (-2048 10848 1024 ) (-2048 10496 1024 ) (-2048 10496 2944 ) 
4 22 51 (-2048 10496 2944 ) (-2048 10496 1284 ) (-1664 10496 1332 ) (-1664 10496 2944 ) 
3 22 49 (-1664 10496 1396 ) (-1664 10496 1364 ) (-1536 10496 1380 ) 
5 22 48 (-1408 10496 1392 ) (-1408 10496 2944 ) (-1664 10496 2944 ) (-1664 10496 1396 ) (-1520 10496 1378 ) 
3 22 47 (-1408 10496 1364 ) (-1408 10496 1392 ) (-1520 10496 1378 ) 
4 22 43 (-1024 10496 1284 ) (-1024 10496 2944 ) (-1408 10496 2944 ) (-1408 10496 1332 ) 
4 22 23 (-1736 10496 1024 ) (-2048 10496 1024 ) (-2048 10848 1024 ) (-1736 10848 1024 ) 
4 23 184 (-2048 10624 1016 ) (-2048 10496 1016 ) (-2048 10496 1024 ) (-2048 10624 1024 ) 
4 23 183 (-2048 10848 1024 ) (-2048 10848 1016 ) (-2048 10624 1016 ) (-2048 10624 1024 ) 
4 23 42 (-1736 10496 1016 ) (-2048 10496 1016 ) (-2048 10848 1016 ) (-1736 10848 1016 ) 
4 24 27 (-1048 10768 1016 ) (-1048 10848 1016 ) (-1048 10848 896 ) (-1048 10768 896 ) 
4 25 27 (-1048 10640 1016 ) (-1048 10736 1016 ) (-1048 10736 896 ) (-1048 10640 896 ) 
4 26 27 (-1048 10512 1016 ) (-1048 10608 1016 ) (-1048 10608 896 ) (-1048 10512 896 ) 
4 27 46 (-1136 10496 896 ) (-1048 10496 896 ) (-1048 10496 1016 ) (-1136 10496 1016 ) 
4 27 28 (-1136 10496 896 ) (-1136 10496 1016 ) (-1136 10840 1016 ) (-1136 10840 896 ) 
4 28 46 (-1168 10496 896 ) (-1136 10496 896 ) (-1136 10496 1016 ) (-1168 10496 1016 ) 
4 28 29 (-1168 10496 896 ) (-1168 10496 1016 ) (-1168 10840 1016 ) (-1168 10840 896 ) 
4 29 153 (-1180 10496 896 ) (-1264 10496 896 ) (-1264 10560 896 ) (-1180 10560 896 ) 
4 29 151 (-1168 10496 896 ) (-1180 10496 896 ) (-1180 10560 896 ) (-1168 10560 896 ) 
4 29 46 (-1264 10496 896 ) (-1168 10496 896 ) (-1168 10496 1016 ) (-1264 10496 1016 ) 
4 29 37 (-1264 10496 896 ) (-1264 10496 1016 ) (-1264 10552 1016 ) (-1264 10552 896 ) 
4 29 32 (-1264 10584 1016 ) (-1264 10840 1016 ) (-1264 10840 896 ) (-1264 10584 896 ) 
4 30 32 (-1392 10840 896 ) (-1296 10840 896 ) (-1296 10840 1016 ) (-1392 10840 1016 ) 
4 31 32 (-1520 10840 896 ) (-1424 10840 896 ) (-1424 10840 1016 ) (-1520 10840 1016 ) 
4 32 38 (-1552 10584 1016 ) (-1552 10840 1016 ) (-1552 10840 896 ) (-1552 10584 896 ) 
4 32 34 (-1520 10584 896 ) (-1424 10584 896 ) (-1424 10584 1016 ) (-1520 10584 1016 ) 
4 32 33 (-1392 10584 896 ) (-1296 10584 896 ) (-1296 10584 1016 ) (-1392 10584 1016 ) 
4 35 158 (-1392 10560 896 ) (-1296 10560 896 ) (-1296 10552 896 ) (-1392 10552 896 ) 
4 35 37 (-1392 10552 896 ) (-1296 10552 896 ) (-1296 10552 1016 ) (-1392 10552 1016 ) 
4 36 159 (-1520 10560 896 ) (-1424 10560 896 ) (-1424 10552 896 ) (-1520 10552 896 ) 
4 36 37 (-1520 10552 896 ) (-1424 10552 896 ) (-1424 10552 1016 ) (-1520 10552 1016 ) 
4 37 161 (-1296 10496 896 ) (-1552 10496 896 ) (-1552 10552 896 ) (-1296 10552 896 ) 
4 37 154 (-1264 10496 896 ) (-1296 10496 896 ) (-1296 10552 896 ) (-1264 10552 896 ) 
4 37 50 (-1552 10496 896 ) (-1408 10496 896 ) (-1408 10496 1016 ) (-1552 10496 1016 ) 
4 37 46 (-1408 10496 896 ) (-1264 10496 896 ) (-1264 10496 1016 ) (-1408 10496 1016 ) 
4 37 38 (-1552 10496 896 ) (-1552 10496 1016 ) (-1552 10552 1016 ) (-1552 10552 896 ) 
4 38 167 (-1664 10524 896 ) (-1664 10536 896 ) (-1600 10536 896 ) (-1600 10524 896 ) 
4 38 168 (-1600 10496 896 ) (-1664 10496 896 ) (-1664 10524 896 ) (-1600 10524 896 ) 
4 38 166 (-1664 10536 896 ) (-1664 10548 896 ) (-1600 10548 896 ) (-1600 10536 896 ) 
4 38 165 (-1664 10548 896 ) (-1664 10560 896 ) (-1600 10560 896 ) (-1600 10548 896 ) 
4 38 160 (-1600 10552 896 ) (-1600 10560 896 ) (-1552 10560 896 ) (-1552 10552 896 ) 
4 38 161 (-1552 10496 896 ) (-1600 10496 896 ) (-1600 10552 896 ) (-1552 10552 896 ) 
4 38 54 (-1720 10496 896 ) (-1664 10496 896 ) (-1664 10496 1016 ) (-1720 10496 1016 ) 
4 38 50 (-1664 10496 896 ) (-1552 10496 896 ) (-1552 10496 1016 ) (-1664 10496 1016 ) 
4 38 40 (-1720 10640 1016 ) (-1720 10736 1016 ) (-1720 10736 896 ) (-1720 10640 896 ) 
4 38 41 (-1720 10512 1016 ) (-1720 10608 1016 ) (-1720 10608 896 ) (-1720 10512 896 ) 
4 38 39 (-1720 10768 1016 ) (-1720 10848 1016 ) (-1720 10848 896 ) (-1720 10768 896 ) 
4 42 184 (-2048 10624 896 ) (-2048 10496 896 ) (-2048 10496 1016 ) (-2048 10624 1016 ) 
4 42 183 (-2048 10848 1016 ) (-2048 10848 896 ) (-2048 10624 896 ) (-2048 10624 1016 ) 
4 42 150 (-2048 10624 896 ) (-2048 10848 896 ) (-1736 10848 896 ) (-1736 10624 896 ) 
4 43 58 (-1032 10480 2944 ) (-1408 10480 2944 ) (-1408 10480 1332 ) (-1032 10480 1285 ) 
4 43 55 (-1024 10480 1284 ) (-1024 10480 2944 ) (-1032 10480 2944 ) (-1032 10480 1285 ) 
4 43 48 (-1408 10496 2944 ) (-1408 10496 1392 ) (-1408 10480 1392 ) (-1408 10480 2944 ) 
4 43 47 (-1408 10496 1392 ) (-1408 10496 1364 ) (-1408 10480 1364 ) (-1408 10480 1392 ) 
4 44 57 (-1176 10480 1248 ) (-1256 10480 1248 ) (-1256 10480 1196 ) (-1176 10480 1196 ) 
4 45 57 (-1304 10480 1248 ) (-1384 10480 1248 ) (-1384 10480 1196 ) (-1304 10480 1196 ) 
4 46 161 (-1296 10480 896 ) (-1408 10480 896 ) (-1408 10496 896 ) (-1296 10496 896 ) 
4 46 154 (-1264 10480 896 ) (-1296 10480 896 ) (-1296 10496 896 ) (-1264 10496 896 ) 
4 46 153 (-1180 10480 896 ) (-1264 10480 896 ) (-1264 10496 896 ) (-1180 10496 896 ) 
4 46 151 (-1168 10480 896 ) (-1180 10480 896 ) (-1180 10496 896 ) (-1168 10496 896 ) 
4 46 97 (-1408 10480 896 ) (-1048 10480 896 ) (-1048 10480 1016 ) (-1408 10480 1016 ) 
4 46 50 (-1408 10496 1016 ) (-1408 10496 896 ) (-1408 10480 896 ) (-1408 10480 1016 ) 
3 47 78 (-1408 10480 1364 ) (-1408 10480 1392 ) (-1520 10480 1378 ) 
4 47 48 (-1520 10480 1378 ) (-1408 10480 1392 ) (-1408 10496 1392 ) (-1520 10496 1378 ) 
4 48 78 (-1408 10480 1392 ) (-1408 10480 1396 ) (-1536 10480 1380 ) (-1520 10480 1378 ) 
5 48 63 (-1408 10480 1396 ) (-1408 10480 2944 ) (-1664 10480 2944 ) (-1664 10480 1396 ) (-1536 10480 1380 ) 
4 48 51 (-1664 10496 2944 ) (-1664 10496 1396 ) (-1664 10480 1396 ) (-1664 10480 2944 ) 
4 48 49 (-1664 10480 1396 ) (-1664 10496 1396 ) (-1535.997925 10496 1380 ) (-1535.997925 10480 1380 ) 
3 49 63 (-1664 10480 1396 ) (-1664 10480 1364 ) (-1536 10480 1380 ) 
4 49 51 (-1664 10496 1396 ) (-1664 10496 1364 ) (-1664 10480 1364 ) (-1664 10480 1396 ) 
4 50 168 (-1600 10480 896 ) (-1664 10480 896 ) (-1664 10496 896 ) (-1600 10496 896 ) 
4 50 161 (-1408 10480 896 ) (-1600 10480 896 ) (-1600 10496 896 ) (-1408 10496 896 ) 
4 50 97 (-1664 10480 896 ) (-1408 10480 896 ) (-1408 10480 1016 ) (-1664 10480 1016 ) 
4 50 54 (-1664 10496 1016 ) (-1664 10496 896 ) (-1664 10480 896 ) (-1664 10480 1016 ) 
4 51 182 (-2048 10496 2944 ) (-2048 10496 1284 ) (-2048 10480 1284 ) (-2048 10480 2944 ) 
4 51 85 (-2040 10480 2944 ) (-2048 10480 2944 ) (-2048 10480 1284 ) (-2040 10480 1285 ) 
4 51 80 (-1664 10480 1332 ) (-1664 10480 2944 ) (-2040 10480 2944 ) (-2040 10480 1285 ) 
4 52 79 (-1688 10480 1248 ) (-1768 10480 1248 ) (-1768 10480 1196 ) (-1688 10480 1196 ) 
4 53 79 (-1816 10480 1248 ) (-1896 10480 1248 ) (-1896 10480 1196 ) (-1816 10480 1196 ) 
4 54 97 (-1720 10480 896 ) (-1664 10480 896 ) (-1664 10480 1016 ) (-1720 10480 1016 ) 
4 55 0 (-1024 10240 1284 ) (-1024 10240 2944 ) (-1032 10240 2944 ) (-1032 10240 1285 ) 
4 55 58 (-1032 10480 2944 ) (-1032 10480 1285 ) (-1032 10240 1285 ) (-1032 10240 2944 ) 
3 56 0 (-1024 10240 1280 ) (-1032 10240 1281 ) (-1032 10240 1280 ) 
4 56 59 (-1032 10480 1281 ) (-1032 10480 1280 ) (-1032 10240 1280 ) (-1032 10240 1281 ) 
4 57 197 (-1408 10240 1056 ) (-1034 10240 1056 ) (-1034 10240 1248 ) (-1408 10240 1295.681274 ) 
4 57 0 (-1034 10240 1056 ) (-1032 10240 1056 ) (-1032 10240 1247.744995 ) (-1034 10240 1248 ) 
4 57 96 (-1288 10240 1056 ) (-1408 10240 1056 ) (-1408 10304 1056 ) (-1288 10304 1056 ) 
4 57 95 (-1032 10304 1056 ) (-1032 10240 1056 ) (-1288 10240 1056 ) (-1288 10304 1056 ) 
4 57 88 (-1032 10306 1056 ) (-1032 10304 1056 ) (-1408 10304 1056 ) (-1408 10306 1056 ) 
4 57 87 (-1408 10480 1056 ) (-1032 10480 1056 ) (-1032 10306 1056 ) (-1408 10306 1056 ) 
4 57 71 (-1408 10242 1056 ) (-1408 10240 1056 ) (-1408 10240 1295.681274 ) (-1408 10242 1295.681274 ) 
4 57 66 (-1408 10480 1056 ) (-1408 10242 1056 ) (-1408 10242 1295.681274 ) (-1408 10480 1295.681274 ) 
4 57 62 (-1408 10242 1295.680664 ) (-1408 10240 1295.680664 ) (-1034 10240 1248 ) (-1034 10242 1248 ) 
4 57 60 (-1408 10480 1295.680664 ) (-1408 10242 1295.680664 ) (-1034 10242 1248 ) (-1034 10480 1248 ) 
4 57 59 (-1034 10240 1248 ) (-1032 10240 1247.744507 ) (-1032 10480 1247.744507 ) (-1034 10480 1248 ) 
4 58 0 (-1032 10240 1313 ) (-1032 10240 1443 ) (-1408 10240 1396 ) (-1408 10240 1360 ) 
4 58 0 (-1034 10240 1313.250000 ) (-1408 10240 1360 ) (-1408 10240 1332 ) (-1034 10240 1285.250000 ) 
4 58 0 (-1032 10240 1285 ) (-1032 10240 1313 ) (-1034 10240 1313.250000 ) (-1034 10240 1285.250000 ) 
4 58 0 (-1032 10240 1443 ) (-1032 10240 2944 ) (-1408 10240 2944 ) (-1408 10240 1396 ) 
4 58 78 (-1408 10240 1364 ) (-1408 10240 1396 ) (-1408 10480 1396 ) (-1408 10480 1364 ) 
4 58 63 (-1408 10240 1396 ) (-1408 10240 2944 ) (-1408 10480 2944 ) (-1408 10480 1396 ) 
4 59 0 (-1032 10240 1247.744995 ) (-1032 10240 1281 ) (-1034 10240 1281.250122 ) (-1034 10240 1248 ) 
4 59 62 (-1034 10242 1248.001587 ) (-1034 10240 1248.001587 ) (-1034 10240 1280 ) (-1034 10242 1280 ) 
4 59 61 (-1034 10240 1280 ) (-1034 10240 1281.250122 ) (-1034 10242 1281.250122 ) (-1034 10242 1280 ) 
4 59 60 (-1034 10480 1248.001587 ) (-1034 10242 1248.001587 ) (-1034 10242 1281.250122 ) (-1034 10480 1281.250122 ) 
4 60 66 (-1408 10242 1328 ) (-1408 10480 1328 ) (-1408 10480 1295.681274 ) (-1408 10242 1295.681274 ) 
4 60 62 (-1034 10242 1247.996094 ) (-1034 10242 1280 ) (-1408 10242 1327.673950 ) (-1408 10242 1295.677490 ) 
4 60 61 (-1034 10242 1280 ) (-1034 10242 1281.248047 ) (-1408 10242 1327.998047 ) (-1408 10242 1327.673950 ) 
4 61 199 (-1408 10240 1328 ) (-1408 10240 1327.673950 ) (-1034 10240 1280 ) (-1034 10240 1281.250122 ) 
4 61 73 (-1408 10240 1327.673950 ) (-1408 10240 1328 ) (-1408 10242 1328 ) (-1408 10242 1327.673950 ) 
4 61 62 (-1408 10240 1327.673950 ) (-1408 10242 1327.673950 ) (-1034 10242 1280 ) (-1034 10240 1280 ) 
4 62 200 (-1408 10240 1327.673950 ) (-1408 10240 1295.681274 ) (-1034 10240 1248 ) (-1034 10240 1280 ) 
4 62 73 (-1408 10240 1295.681274 ) (-1408 10240 1327.673950 ) (-1408 10242 1327.673950 ) (-1408 10242 1295.681274 ) 
4 63 0 (-1408 10240 1396 ) (-1408 10240 2944 ) (-1664 10240 2944 ) (-1664 10240 1364 ) 
4 63 80 (-1664 10240 1364 ) (-1664 10240 2944 ) (-1664 10480 2944 ) (-1664 10480 1364 ) 
4 63 78 (-1536 10480 1380 ) (-1408 10480 1396 ) (-1408 10240 1396 ) (-1536 10240 1380 ) 
3 64 0 (-1408 10240 1360 ) (-1536 10240 1376 ) (-1664 10240 1360 ) 
4 64 67 (-1416 10240 1360 ) (-1656 10240 1360 ) (-1656 10242 1360 ) (-1416 10242 1360 ) 
4 64 65 (-1656 10480 1360 ) (-1416 10480 1360 ) (-1416 10242 1360 ) (-1656 10242 1360 ) 
4 65 70 (-1656 10242 1328.693604 ) (-1656 10242 1328 ) (-1536 10242 1328 ) (-1536 10242 1343.989990 ) 
4 65 69 (-1536 10242 1328 ) (-1416 10242 1328 ) (-1416 10242 1328.693604 ) (-1536 10242 1343.989990 ) 
3 65 68 (-1656 10242 1359.286377 ) (-1656 10242 1328.693604 ) (-1536 10242 1343.989990 ) 
4 65 67 (-1656 10242 1360 ) (-1656 10242 1359.286377 ) (-1416 10242 1328.693604 ) (-1416 10242 1360 ) 
4 65 66 (-1416 10242 1328 ) (-1656 10242 1328 ) (-1656 10480 1328 ) (-1416 10480 1328 ) 
4 66 96 (-1408 10304 1056 ) (-1408 10242 1056 ) (-1656 10242 1056 ) (-1656 10304 1056 ) 
4 66 89 (-1408 10306 1056 ) (-1408 10304 1056 ) (-1656 10304 1056 ) (-1656 10306 1056 ) 
4 66 87 (-1656 10480 1056 ) (-1408 10480 1056 ) (-1408 10306 1056 ) (-1656 10306 1056 ) 
4 66 75 (-1656 10480 1056 ) (-1656 10242 1056 ) (-1656 10242 1328 ) (-1656 10480 1328 ) 
4 66 74 (-1656 10242 1328 ) (-1656 10242 1327.298706 ) (-1536 10242 1312 ) (-1536 10242 1328 ) 
4 66 73 (-1536 10242 1312 ) (-1408 10242 1295.681152 ) (-1408 10242 1328 ) (-1536 10242 1328 ) 
3 66 72 (-1656 10242 1327.298706 ) (-1656 10242 1296.701294 ) (-1536 10242 1312 ) 
5 66 71 (-1656 10242 1296.701294 ) (-1656 10242 1056 ) (-1408 10242 1056 ) (-1408 10242 1295.681152 ) (-1536 10242 1312 ) 
4 67 192 (-1536 10240 1348 ) (-1551.883179 10240 1346.014648 ) (-1416 10240 1328.693604 ) (-1416 10240 1333 ) 
4 67 0 (-1416 10240 1360 ) (-1440 10240 1360 ) (-1536 10240 1348 ) (-1416 10240 1333 ) 
4 67 0 (-1440 10240 1360 ) (-1656 10240 1360 ) (-1656 10240 1359.286377 ) (-1551.883179 10240 1346.014648 ) 
4 67 69 (-1536 10242 1343.989868 ) (-1416 10242 1328.693481 ) (-1416 10240 1328.693481 ) (-1536 10240 1343.989868 ) 
4 67 68 (-1656 10240 1359.286133 ) (-1656 10242 1359.286133 ) (-1536 10242 1343.989868 ) (-1536 10240 1343.989868 ) 
4 68 193 (-1656 10240 1333 ) (-1656 10240 1328.693604 ) (-1536 10240 1343.989990 ) (-1551.882813 10240 1346.014648 ) 
3 68 0 (-1656 10240 1359.286377 ) (-1656 10240 1333 ) (-1551.882813 10240 1346.014648 ) 
4 68 70 (-1656 10240 1328.693115 ) (-1656 10242 1328.693115 ) (-1535.993164 10242 1343.990479 ) (-1535.993164 10240 1343.990479 ) 
4 69 194 (-1536 10240 1328 ) (-1416 10240 1328 ) (-1416 10240 1328.693604 ) (-1536 10240 1343.989990 ) 
4 69 73 (-1536 10242 1328 ) (-1416 10242 1328 ) (-1416 10240 1328 ) (-1536 10240 1328 ) 
4 69 70 (-1536 10242 1328 ) (-1536 10240 1328 ) (-1536 10240 1343.989990 ) (-1536 10242 1343.989990 ) 
4 70 195 (-1656 10240 1328.693604 ) (-1656 10240 1328 ) (-1536 10240 1328 ) (-1536 10240 1343.989990 ) 
4 70 74 (-1656 10240 1328 ) (-1656 10242 1328 ) (-1536 10242 1328 ) (-1536 10240 1328 ) 
5 71 197 (-1656 10240 1056 ) (-1408 10240 1056 ) (-1408 10240 1295.681152 ) (-1536 10240 1312 ) (-1656 10240 1296.701294 ) 
4 71 96 (-1408 10242 1056 ) (-1408 10240 1056 ) (-1656 10240 1056 ) (-1656 10242 1056 ) 
4 71 76 (-1656 10242 1056 ) (-1656 10240 1056 ) (-1656 10240 1296.701172 ) (-1656 10242 1296.701294 ) 
4 71 73 (-1408 10242 1295.681641 ) (-1536 10242 1312 ) (-1536 10240 1312 ) (-1408 10240 1295.681641 ) 
4 71 72 (-1536 10240 1312 ) (-1536 10242 1312 ) (-1656 10242 1296.700684 ) (-1656 10240 1296.700684 ) 
3 72 198 (-1536 10240 1312 ) (-1656 10240 1327.298706 ) (-1656 10240 1296.701294 ) 
4 72 77 (-1656 10240 1296.701172 ) (-1656 10240 1327.298706 ) (-1656 10242 1327.298706 ) (-1656 10242 1296.701294 ) 
4 72 74 (-1536 10242 1312 ) (-1656 10242 1327.298828 ) (-1656 10240 1327.298828 ) (-1536 10240 1312 ) 
5 73 200 (-1408 10240 1295.681152 ) (-1408 10240 1327.673950 ) (-1410.558228 10240 1328 ) (-1536 10240 1328 ) (-1536 10240 1312 ) 
3 73 199 (-1408 10240 1327.673950 ) (-1408 10240 1328 ) (-1410.558228 10240 1328 ) 
4 73 74 (-1536 10242 1311.998413 ) (-1536 10240 1311.998413 ) (-1536 10240 1328 ) (-1536 10242 1328 ) 
4 74 201 (-1536 10240 1328 ) (-1656 10240 1328 ) (-1656 10240 1327.298706 ) (-1536 10240 1312 ) 
4 74 77 (-1656 10240 1327.298706 ) (-1656 10240 1328 ) (-1656 10242 1328 ) (-1656 10242 1327.298706 ) 
4 75 96 (-1656 10304 1056 ) (-1656 10242 1056 ) (-1664 10242 1056 ) (-1664 10304 1056 ) 
4 75 89 (-1656 10306 1056 ) (-1656 10304 1056 ) (-1664 10304 1056 ) (-1664 10306 1056 ) 
4 75 87 (-1664 10480 1056 ) (-1656 10480 1056 ) (-1656 10306 1056 ) (-1664 10306 1056 ) 
4 75 81 (-1664 10242 1295.681274 ) (-1664 10242 1328 ) (-1664 10480 1328 ) (-1664 10480 1295.681274 ) 
4 75 79 (-1664 10480 1056 ) (-1664 10242 1056 ) (-1664 10242 1295.681274 ) (-1664 10480 1295.681274 ) 
4 75 77 (-1656 10242 1296.701172 ) (-1656 10242 1328 ) (-1664 10242 1328 ) (-1664 10242 1295.681152 ) 
4 75 76 (-1656 10242 1056 ) (-1656 10242 1296.701172 ) (-1664 10242 1295.681152 ) (-1664 10242 1056 ) 
4 76 197 (-1664 10240 1056 ) (-1656 10240 1056 ) (-1656 10240 1296.701294 ) (-1664 10240 1295.681396 ) 
4 76 96 (-1656 10242 1056 ) (-1656 10240 1056 ) (-1664 10240 1056 ) (-1664 10242 1056 ) 
4 76 79 (-1664 10242 1056 ) (-1664 10240 1056 ) (-1664 10240 1295.681396 ) (-1664 10242 1295.681396 ) 
4 76 77 (-1656 10242 1296.701172 ) (-1664 10242 1295.681274 ) (-1664 10240 1295.681274 ) (-1656 10240 1296.701172 ) 
4 77 201 (-1656 10240 1327.298706 ) (-1656 10240 1328 ) (-1661.440796 10240 1328 ) (-1661.470703 10240 1327.996216 ) 
5 77 198 (-1656 10240 1296.701294 ) (-1656 10240 1327.298706 ) (-1661.470703 10240 1327.996216 ) (-1664 10240 1327.673828 ) (-1664 10240 1295.681396 ) 
3 77 196 (-1661.440796 10240 1328 ) (-1664 10240 1328 ) (-1664 10240 1327.673828 ) 
4 77 83 (-1664 10240 1295.681396 ) (-1664 10240 1327.673828 ) (-1664 10242 1327.673828 ) (-1664 10242 1295.681396 ) 
4 77 82 (-1664 10240 1327.673828 ) (-1664 10240 1328 ) (-1664 10242 1328 ) (-1664 10242 1327.673828 ) 
3 78 0 (-1408 10240 1364 ) (-1408 10240 1396 ) (-1536 10240 1380 ) 
4 79 0 (-2040 10240 1056 ) (-2038 10240 1056 ) (-2038 10240 1248 ) (-2040 10240 1247.745117 ) 
4 79 197 (-2038 10240 1056 ) (-1664 10240 1056 ) (-1664 10240 1295.681396 ) (-2038 10240 1248 ) 
4 79 96 (-1664 10304 1056 ) (-1664 10240 1056 ) (-2040 10240 1056 ) (-2040 10304 1056 ) 
4 79 93 (-2040 10480 1056 ) (-1736 10480 1056 ) (-1736 10304 1056 ) (-2040 10304 1056 ) 
4 79 92 (-1734 10416 1056 ) (-1734 10304 1056 ) (-1736 10304 1056 ) (-1736 10416 1056 ) 
4 79 91 (-1736 10480 1056 ) (-1734 10480 1056 ) (-1734 10416 1056 ) (-1736 10416 1056 ) 
4 79 90 (-1664 10306 1056 ) (-1664 10304 1056 ) (-1734 10304 1056 ) (-1734 10306 1056 ) 
4 79 87 (-1734 10480 1056 ) (-1664 10480 1056 ) (-1664 10306 1056 ) (-1734 10306 1056 ) 
4 79 84 (-2040 10480 1247.744141 ) (-2040 10240 1247.744141 ) (-2038 10240 1248 ) (-2038 10480 1248 ) 
4 79 83 (-2038 10240 1248 ) (-1664 10240 1295.680542 ) (-1664 10242 1295.680542 ) (-2038 10242 1248 ) 
4 79 81 (-1664 10242 1295.680542 ) (-1664 10480 1295.680542 ) (-2038 10480 1248 ) (-2038 10242 1248 ) 
4 80 0 (-2038 10240 2944 ) (-2040 10240 2944 ) (-2040 10240 1285 ) (-2038 10240 1285.250000 ) 
4 80 0 (-1664 10240 1360 ) (-1664 10240 1364 ) (-2038 10240 1317.249878 ) (-2038 10240 1313.249878 ) 
4 80 0 (-1664 10240 1332 ) (-1664 10240 1360 ) (-2038 10240 1313.249878 ) (-2038 10240 1285.250000 ) 
4 80 0 (-1664 10240 1364 ) (-1664 10240 2944 ) (-2038 10240 2944 ) (-2038 10240 1317.249878 ) 
4 80 85 (-2040 10240 1285 ) (-2040 10240 2944 ) (-2040 10480 2944 ) (-2040 10480 1285 ) 
4 81 84 (-2038 10480 1248.001709 ) (-2038 10242 1248.001709 ) (-2038 10242 1281.250122 ) (-2038 10480 1281.250122 ) 
4 81 83 (-2038 10242 1280 ) (-2038 10242 1248 ) (-1664 10242 1295.681274 ) (-1664 10242 1327.673828 ) 
4 81 82 (-1664 10242 1328 ) (-2038 10242 1281.250000 ) (-2038 10242 1280 ) (-1664 10242 1327.673828 ) 
4 82 196 (-1664 10240 1327.673828 ) (-1664 10240 1328 ) (-2038 10240 1281.250122 ) (-2038 10240 1280 ) 
4 82 84 (-2038 10240 1280 ) (-2038 10240 1281.250122 ) (-2038 10242 1281.250122 ) (-2038 10242 1280 ) 
4 82 83 (-2038 10240 1280 ) (-2038 10242 1280 ) (-1664 10242 1327.673340 ) (-1664 10240 1327.673340 ) 
4 83 198 (-1664 10240 1295.681396 ) (-1664 10240 1327.673828 ) (-2038 10240 1280 ) (-2038 10240 1248 ) 
4 83 84 (-2038 10242 1248.001709 ) (-2038 10240 1248.001709 ) (-2038 10240 1280 ) (-2038 10242 1280 ) 
4 84 0 (-2040 10240 1280 ) (-2040 10240 1247.745117 ) (-2038 10240 1248 ) (-2038 10240 1280 ) 
4 84 0 (-2040 10240 1281 ) (-2040 10240 1280 ) (-2038 10240 1280 ) (-2038 10240 1281.250122 ) 
4 84 86 (-2040 10240 1280 ) (-2040 10240 1281 ) (-2040 10480 1281 ) (-2040 10480 1280 ) 
4 85 0 (-2048 10240 2944 ) (-2048 10240 1284 ) (-2040 10240 1285 ) (-2040 10240 2944 ) 
4 85 182 (-2048 10240 1284 ) (-2048 10240 2944 ) (-2048 10480 2944 ) (-2048 10480 1284 ) 
3 86 0 (-2048 10240 1280 ) (-2040 10240 1280 ) (-2040 10240 1281 ) 
4 87 92 (-1734 10416 1024 ) (-1734 10306 1024 ) (-1734 10306 1056 ) (-1734 10416 1056 ) 
4 87 91 (-1734 10480 1024 ) (-1734 10416 1024 ) (-1734 10416 1056 ) (-1734 10480 1056 ) 
4 87 89 (-1664 10306 1024 ) (-1408 10306 1024 ) (-1408 10306 1056 ) (-1664 10306 1056 ) 
4 87 88 (-1408 10306 1024 ) (-1032 10306 1024 ) (-1032 10306 1056 ) (-1408 10306 1056 ) 
4 87 90 (-1734 10306 1056 ) (-1734 10306 1024 ) (-1664 10306 1024 ) (-1664 10306 1056 ) 
4 88 96 (-1408 10304 1024 ) (-1288 10304 1024 ) (-1288 10304 1056 ) (-1408 10304 1056 ) 
4 88 95 (-1288 10304 1024 ) (-1032 10304 1048 ) (-1032 10304 1056 ) (-1288 10304 1056 ) 
4 88 89 (-1408 10306 1056 ) (-1408 10306 1024 ) (-1408 10304 1024 ) (-1408 10304 1056 ) 
4 89 96 (-1664 10304 1024 ) (-1408 10304 1024 ) (-1408 10304 1056 ) (-1664 10304 1056 ) 
4 89 90 (-1664 10306 1056 ) (-1664 10306 1024 ) (-1664 10304 1024 ) (-1664 10304 1056 ) 
4 90 96 (-1734 10304 1024 ) (-1664 10304 1024 ) (-1664 10304 1056 ) (-1734 10304 1056 ) 
4 90 92 (-1734 10306 1024 ) (-1734 10304 1024 ) (-1734 10304 1056 ) (-1734 10306 1056 ) 
4 91 93 (-1736 10480 1024 ) (-1736 10416 1024 ) (-1736 10416 1056 ) (-1736 10480 1056 ) 
4 91 92 (-1736 10416 1056 ) (-1736 10416 1024 ) (-1734 10416 1024 ) (-1734 10416 1056 ) 
4 92 96 (-1736 10304 1024 ) (-1734 10304 1024 ) (-1734 10304 1056 ) (-1736 10304 1056 ) 
4 92 93 (-1736 10416 1024 ) (-1736 10304 1024 ) (-1736 10304 1056 ) (-1736 10416 1056 ) 
4 93 138 (-1736 10312 1024 ) (-1736 10304 1024 ) (-2032 10304 1024 ) (-2032 10312 1024 ) 
4 93 121 (-1736 10418 1024 ) (-1736 10416 1024 ) (-2032 10416 1024 ) (-2032 10418 1024 ) 
4 93 122 (-1736 10416 1024 ) (-1736 10312 1024 ) (-2032 10312 1024 ) (-2032 10416 1024 ) 
4 93 120 (-1928 10418 1024 ) (-2032 10418 1024 ) (-2032 10478 1024 ) (-1928 10478 1024 ) 
4 93 119 (-1916 10418 1024 ) (-1928 10418 1024 ) (-1928 10478 1024 ) (-1916 10478 1024 ) 
4 93 118 (-1904 10418 1024 ) (-1916 10418 1024 ) (-1916 10478 1024 ) (-1904 10478 1024 ) 
4 93 116 (-1880 10418 1024 ) (-1892 10418 1024 ) (-1892 10478 1024 ) (-1880 10478 1024 ) 
4 93 117 (-1892 10418 1024 ) (-1904 10418 1024 ) (-1904 10478 1024 ) (-1892 10478 1024 ) 
4 93 110 (-1832 10418 1024 ) (-1844 10418 1024 ) (-1844 10478 1024 ) (-1832 10478 1024 ) 
4 93 111 (-1844 10418 1024 ) (-1880 10418 1024 ) (-1880 10478 1024 ) (-1844 10478 1024 ) 
4 93 101 (-1748 10418 1024 ) (-1832 10418 1024 ) (-1832 10478 1024 ) (-1748 10478 1024 ) 
4 93 99 (-2032 10480 1024 ) (-1736 10480 1024 ) (-1736 10478 1024 ) (-2032 10478 1024 ) 
4 93 96 (-2040 10304 1024 ) (-1736 10304 1024 ) (-1736 10304 1056 ) (-2040 10304 1056 ) 
3 94 187 (-1245.333496 10240 1024 ) (-1040 10240 1024 ) (-1040 10240 1043.250000 ) 
4 94 141 (-1148 10240 1024 ) (-1245.333496 10240 1024 ) (-1245.333496 10300 1024 ) (-1148 10300 1024 ) 
4 94 140 (-1040 10240 1024 ) (-1148 10240 1024 ) (-1148 10300 1024 ) (-1040 10300 1024 ) 
4 95 197 (-1288 10240 1024 ) (-1034 10240 1047.812500 ) (-1034 10240 1056 ) (-1288 10240 1056 ) 
4 95 0 (-1034 10240 1047.812500 ) (-1032 10240 1048 ) (-1032 10240 1056 ) (-1034 10240 1056 ) 
4 95 96 (-1288 10304 1056 ) (-1288 10304 1024 ) (-1288 10240 1024 ) (-1288 10240 1056 ) 
4 96 0 (-2040 10240 1024 ) (-2038 10240 1024 ) (-2038 10240 1056 ) (-2040 10240 1056 ) 
4 96 197 (-2038 10240 1024 ) (-1288 10240 1024 ) (-1288 10240 1056 ) (-2038 10240 1056 ) 
4 96 145 (-1496 10240 1024 ) (-2032 10240 1024 ) (-2032 10304 1024 ) (-1496 10304 1024 ) 
4 96 144 (-1432 10240 1024 ) (-1496 10240 1024 ) (-1496 10288 1024 ) (-1432 10288 1024 ) 
4 96 143 (-1288 10240 1024 ) (-1432 10240 1024 ) (-1432 10304 1024 ) (-1288 10304 1024 ) 
4 97 168 (-1600 10478 896 ) (-1664 10478 896 ) (-1664 10480 896 ) (-1600 10480 896 ) 
4 97 161 (-1296 10478 896 ) (-1600 10478 896 ) (-1600 10480 896 ) (-1296 10480 896 ) 
4 97 154 (-1264 10478 896 ) (-1296 10478 896 ) (-1296 10480 896 ) (-1264 10480 896 ) 
4 97 153 (-1180 10478 896 ) (-1264 10478 896 ) (-1264 10480 896 ) (-1180 10480 896 ) 
4 97 151 (-1168 10478 896 ) (-1180 10478 896 ) (-1180 10480 896 ) (-1168 10480 896 ) 
4 97 100 (-1728 10478 896 ) (-1040 10478 896 ) (-1040 10478 1016 ) (-1728 10478 1016 ) 
4 98 169 (-1736 10478 896 ) (-1915.998779 10478 896 ) (-1915.998779 10480 896 ) (-1736 10480 896 ) 
3 98 115 (-1915.998779 10478 896 ) (-1880 10478 896 ) (-1880 10478 920 ) 
4 98 112 (-1880 10478 896 ) (-1832 10478 896 ) (-1832 10478 952 ) (-1880 10478 920 ) 
5 98 106 (-1832 10478 896 ) (-1736 10478 896 ) (-1736 10478 992 ) (-1772 10478 992 ) (-1832 10478 952 ) 
3 98 102 (-1736 10478 992 ) (-1736 10478 1016 ) (-1772 10478 992 ) 
4 99 170 (-1928 10478 896 ) (-2032 10478 896 ) (-2032 10480 896 ) (-1928 10480 896 ) 
4 99 120 (-2032 10478 896 ) (-1928 10478 896 ) (-1928 10478 1024 ) (-2032 10478 1024 ) 
4 99 119 (-1916 10478 904 ) (-1916 10478 1024 ) (-1928 10478 1024 ) (-1928 10478 904 ) 
4 99 118 (-1904 10478 912 ) (-1904 10478 1024 ) (-1916 10478 1024 ) (-1916 10478 912 ) 
4 99 116 (-1880 10478 928 ) (-1880 10478 1024 ) (-1892 10478 1024 ) (-1892 10478 928 ) 
4 99 117 (-1892 10478 920 ) (-1892 10478 1024 ) (-1904 10478 1024 ) (-1904 10478 920 ) 
4 99 113 (-1856 10478 944 ) (-1856 10478 952 ) (-1868 10478 952 ) (-1868 10478 944 ) 
4 99 114 (-1868 10478 936 ) (-1868 10478 952 ) (-1880 10478 952 ) (-1880 10478 936 ) 
4 99 110 (-1832 10478 960 ) (-1832 10478 1024 ) (-1844 10478 1024 ) (-1844 10478 960 ) 
4 99 111 (-1844 10478 952 ) (-1844 10478 1024 ) (-1880 10478 1024 ) (-1880 10478 952 ) 
4 99 109 (-1820 10478 968 ) (-1820 10478 976 ) (-1832 10478 976 ) (-1832 10478 968 ) 
4 99 107 (-1796 10478 984 ) (-1796 10478 992 ) (-1808 10478 992 ) (-1808 10478 984 ) 
4 99 108 (-1808 10478 976 ) (-1808 10478 992 ) (-1832 10478 992 ) (-1832 10478 976 ) 
4 99 104 (-1772 10478 1000 ) (-1772 10478 1008 ) (-1784 10478 1008 ) (-1784 10478 1000 ) 
4 99 103 (-1760 10478 1008 ) (-1760 10478 1016 ) (-1784 10478 1016 ) (-1784 10478 1008 ) 
4 99 105 (-1784 10478 992 ) (-1784 10478 1016 ) (-1832 10478 1016 ) (-1832 10478 992 ) 
4 99 101 (-1748 10478 1016 ) (-1748 10478 1024 ) (-1832 10478 1024 ) (-1832 10478 1016 ) 
4 100 168 (-1600 10418 896 ) (-1664 10418 896 ) (-1664 10478 896 ) (-1600 10478 896 ) 
4 100 161 (-1296 10418 896 ) (-1600 10418 896 ) (-1600 10478 896 ) (-1296 10478 896 ) 
4 100 156 (-1192 10418 896 ) (-1204 10418 896 ) (-1204 10432 896 ) (-1192 10432 896 ) 
4 100 157 (-1204 10418 896 ) (-1296 10418 896 ) (-1296 10432 896 ) (-1204 10432 896 ) 
4 100 155 (-1180 10418 896 ) (-1192 10418 896 ) (-1192 10432 896 ) (-1180 10432 896 ) 
4 100 154 (-1296 10432 896 ) (-1296 10478 896 ) (-1264 10478 896 ) (-1264 10432 896 ) 
4 100 153 (-1264 10478 896 ) (-1180 10478 896 ) (-1180 10432 896 ) (-1264 10432 896 ) 
4 100 152 (-1168 10418 896 ) (-1180 10418 896 ) (-1180 10432 896 ) (-1168 10432 896 ) 
4 100 151 (-1180 10432 896 ) (-1180 10478 896 ) (-1168 10478 896 ) (-1168 10432 896 ) 
4 100 123 (-1728 10418 896 ) (-1040 10418 896 ) (-1040 10418 1016 ) (-1728 10418 1016 ) 
4 101 121 (-1748 10418 1024 ) (-1832 10418 1024 ) (-1832 10418 1016 ) (-1748 10418 1016 ) 
4 101 110 (-1832 10478 1024 ) (-1832 10478 1016 ) (-1832 10418 1016 ) (-1832 10418 1024 ) 
4 101 103 (-1784 10478 1016 ) (-1760 10478 1016 ) (-1760 10418 1016 ) (-1784 10418 1016 ) 
4 101 105 (-1832 10418 1016 ) (-1832 10478 1016 ) (-1784 10478 1016 ) (-1784 10418 1016 ) 
3 102 126 (-1736 10418 992 ) (-1736 10418 1016 ) (-1772 10418 992 ) 
4 102 106 (-1772 10478 992 ) (-1736 10478 992 ) (-1736 10418 992 ) (-1772 10418 992 ) 
4 103 127 (-1760 10418 1016 ) (-1784 10418 1016 ) (-1784 10418 1008 ) (-1760 10418 1008 ) 
4 103 104 (-1784 10418 1008 ) (-1784 10478 1008 ) (-1772 10478 1008 ) (-1772 10418 1008 ) 
4 103 105 (-1784 10418 1008 ) (-1784 10418 1016 ) (-1784 10478 1016 ) (-1784 10478 1008 ) 
4 104 127 (-1784 10418 1008 ) (-1784 10418 1000 ) (-1772 10418 1000 ) (-1772 10418 1008 ) 
4 104 105 (-1784 10418 1000 ) (-1784 10418 1008 ) (-1784 10478 1008 ) (-1784 10478 1000 ) 
4 105 127 (-1784 10418 1016 ) (-1832 10418 1016 ) (-1832 10418 992 ) (-1784 10418 992 ) 
4 105 110 (-1832 10478 1016 ) (-1832 10478 992 ) (-1832 10418 992 ) (-1832 10418 1016 ) 
4 105 107 (-1808 10478 992 ) (-1796 10478 992 ) (-1796 10418 992 ) (-1808 10418 992 ) 
4 105 108 (-1832 10418 992 ) (-1832 10478 992 ) (-1808 10478 992 ) (-1808 10418 992 ) 
4 106 169 (-1736 10418 896 ) (-1832 10418 896 ) (-1832 10478 896 ) (-1736 10478 896 ) 
5 106 126 (-1832 10418 896 ) (-1736 10418 896 ) (-1736 10418 992 ) (-1772 10418 992 ) (-1832 10418 952 ) 
4 106 112 (-1832 10478 952 ) (-1832 10478 896 ) (-1832 10418 896 ) (-1832 10418 952 ) 
4 107 127 (-1796 10418 992 ) (-1808 10418 992 ) (-1808 10418 984 ) (-1796 10418 984 ) 
4 107 108 (-1808 10418 984 ) (-1808 10418 992 ) (-1808 10478 992 ) (-1808 10478 984 ) 
4 108 127 (-1808 10418 992 ) (-1832 10418 992 ) (-1832 10418 976 ) (-1808 10418 976 ) 
4 108 110 (-1832 10478 992 ) (-1832 10478 976 ) (-1832 10418 976 ) (-1832 10418 992 ) 
4 108 109 (-1832 10418 976 ) (-1832 10478 976 ) (-1820 10478 976 ) (-1820 10418 976 ) 
4 109 127 (-1832 10418 976 ) (-1832 10418 968 ) (-1820 10418 968 ) (-1820 10418 976 ) 
4 109 110 (-1832 10478 976 ) (-1832 10478 968 ) (-1832 10418 968 ) (-1832 10418 976 ) 
4 110 127 (-1832 10418 960 ) (-1832 10418 1016 ) (-1844 10418 1016 ) (-1844 10418 960 ) 
4 110 121 (-1832 10418 1016 ) (-1832 10418 1024 ) (-1844 10418 1024 ) (-1844 10418 1016 ) 
4 110 111 (-1844 10478 1024 ) (-1844 10478 960 ) (-1844 10418 960 ) (-1844 10418 1024 ) 
4 111 127 (-1880 10418 1016 ) (-1880 10418 952 ) (-1844 10418 952 ) (-1844 10418 1016 ) 
4 111 121 (-1844 10418 1024 ) (-1880 10418 1024 ) (-1880 10418 1016 ) (-1844 10418 1016 ) 
4 111 116 (-1880 10478 1024 ) (-1880 10478 952 ) (-1880 10418 952 ) (-1880 10418 1024 ) 
4 111 113 (-1868 10478 952 ) (-1856 10478 952 ) (-1856 10418 952 ) (-1868 10418 952 ) 
4 111 114 (-1880 10418 952 ) (-1880 10478 952 ) (-1868 10478 952 ) (-1868 10418 952 ) 
4 112 169 (-1832 10418 896 ) (-1880 10418 896 ) (-1880 10478 896 ) (-1832 10478 896 ) 
4 112 126 (-1880 10418 896 ) (-1832 10418 896 ) (-1832 10418 952 ) (-1880 10418 920 ) 
4 112 115 (-1880 10478 920 ) (-1880 10478 896 ) (-1880 10418 896 ) (-1880 10418 920 ) 
4 113 127 (-1856 10418 952 ) (-1868 10418 952 ) (-1868 10418 944 ) (-1856 10418 944 ) 
4 113 114 (-1868 10418 944 ) (-1868 10418 952 ) (-1868 10478 952 ) (-1868 10478 944 ) 
4 114 127 (-1868 10418 952 ) (-1880 10418 952 ) (-1880 10418 936 ) (-1868 10418 936 ) 
4 114 116 (-1880 10478 952 ) (-1880 10478 936 ) (-1880 10418 936 ) (-1880 10418 952 ) 
4 115 169 (-1880 10418 896 ) (-1915.998779 10418 896 ) (-1915.998779 10478 896 ) (-1880 10478 896 ) 
3 115 126 (-1915.998779 10418 896 ) (-1880 10418 896 ) (-1880 10418 920 ) 
4 116 127 (-1880 10418 928 ) (-1880 10418 1016 ) (-1892 10418 1016 ) (-1892 10418 928 ) 
4 116 121 (-1880 10418 1016 ) (-1880 10418 1024 ) (-1892 10418 1024 ) (-1892 10418 1016 ) 
4 116 117 (-1892 10478 1024 ) (-1892 10478 928 ) (-1892 10418 928 ) (-1892 10418 1024 ) 
4 117 127 (-1892 10418 920 ) (-1892 10418 1016 ) (-1904 10418 1016 ) (-1904 10418 920 ) 
4 117 121 (-1892 10418 1016 ) (-1892 10418 1024 ) (-1904 10418 1024 ) (-1904 10418 1016 ) 
4 117 118 (-1904 10478 1024 ) (-1904 10478 920 ) (-1904 10418 920 ) (-1904 10418 1024 ) 
4 118 127 (-1904 10418 912 ) (-1904 10418 1016 ) (-1916 10418 1016 ) (-1916 10418 912 ) 
4 118 121 (-1904 10418 1016 ) (-1904 10418 1024 ) (-1916 10418 1024 ) (-1916 10418 1016 ) 
4 118 119 (-1916 10478 1024 ) (-1916 10478 912 ) (-1916 10418 912 ) (-1916 10418 1024 ) 
4 119 127 (-1916 10418 904 ) (-1916 10418 1016 ) (-1928 10418 1016 ) (-1928 10418 904 ) 
4 119 121 (-1916 10418 1016 ) (-1916 10418 1024 ) (-1928 10418 1024 ) (-1928 10418 1016 ) 
4 119 120 (-1928 10478 1024 ) (-1928 10478 904 ) (-1928 10418 904 ) (-1928 10418 1024 ) 
4 120 170 (-1928 10418 896 ) (-2032 10418 896 ) (-2032 10478 896 ) (-1928 10478 896 ) 
4 120 129 (-2032 10418 896 ) (-1928 10418 896 ) (-1928 10418 1016 ) (-2032 10418 1016 ) 
4 120 121 (-1928 10418 1016 ) (-1928 10418 1024 ) (-2032 10418 1024 ) (-2032 10418 1016 ) 
4 121 129 (-2032 10416 1016 ) (-2032 10418 1016 ) (-1928 10418 1016 ) (-1928 10416 1016 ) 
4 121 127 (-1928 10418 1016 ) (-1748 10418 1016 ) (-1748 10416 1016 ) (-1928 10416 1016 ) 
4 121 122 (-2032 10416 1024 ) (-2032 10416 1016 ) (-1748 10416 1016 ) (-1736 10416 1024 ) 
4 122 138 (-1736 10312 1024 ) (-2032 10312 1024 ) (-2032 10312 1016 ) (-1736 10312 1016 ) 
4 122 136 (-1736 10312 1016 ) (-2032 10312 1016 ) (-2032 10320 1016 ) (-1736 10320 1016 ) 
4 122 129 (-2032 10320 1016 ) (-2032 10416 1016 ) (-1928 10416 1016 ) (-1928 10320 1016 ) 
4 122 128 (-1928 10416 1016 ) (-1736 10416 1016 ) (-1736 10320 1016 ) (-1928 10320 1016 ) 
4 123 168 (-1664 10418 896 ) (-1600 10418 896 ) (-1600 10384 896 ) (-1664 10384 896 ) 
4 123 161 (-1600 10418 896 ) (-1296 10418 896 ) (-1296 10384 896 ) (-1600 10384 896 ) 
4 123 156 (-1204 10418 896 ) (-1192 10418 896 ) (-1192 10384 896 ) (-1204 10384 896 ) 
4 123 157 (-1296 10418 896 ) (-1204 10418 896 ) (-1204 10384 896 ) (-1296 10384 896 ) 
4 123 155 (-1192 10418 896 ) (-1180 10418 896 ) (-1180 10384 896 ) (-1192 10384 896 ) 
4 123 152 (-1180 10418 896 ) (-1168 10418 896 ) (-1168 10384 896 ) (-1180 10384 896 ) 
4 123 124 (-1720 10384 896 ) (-1048 10384 896 ) (-1048 10384 1016 ) (-1720 10384 1016 ) 
4 124 168 (-1664 10384 896 ) (-1600 10384 896 ) (-1600 10352 896 ) (-1664 10352 896 ) 
4 124 161 (-1600 10384 896 ) (-1296 10384 896 ) (-1296 10352 896 ) (-1600 10352 896 ) 
4 124 156 (-1204 10384 896 ) (-1192 10384 896 ) (-1192 10368 896 ) (-1204 10368 896 ) 
4 124 157 (-1296 10384 896 ) (-1204 10384 896 ) (-1204 10368 896 ) (-1296 10368 896 ) 
4 124 155 (-1192 10384 896 ) (-1180 10384 896 ) (-1180 10368 896 ) (-1192 10368 896 ) 
4 124 152 (-1180 10384 896 ) (-1168 10384 896 ) (-1168 10368 896 ) (-1180 10368 896 ) 
4 124 125 (-1720 10352 896 ) (-1048 10352 896 ) (-1048 10352 1016 ) (-1720 10352 1016 ) 
4 125 168 (-1600 10320 896 ) (-1664 10320 896 ) (-1664 10352 896 ) (-1600 10352 896 ) 
4 125 161 (-1296 10320 896 ) (-1600 10320 896 ) (-1600 10352 896 ) (-1296 10352 896 ) 
4 125 135 (-1728 10320 896 ) (-1712 10320 896 ) (-1712 10320 1016 ) (-1728 10320 1016 ) 
4 125 134 (-1680 10320 896 ) (-1584 10320 896 ) (-1584 10320 1016 ) (-1680 10320 1016 ) 
4 125 132 (-1424 10320 896 ) (-1328 10320 896 ) (-1328 10320 1016 ) (-1424 10320 1016 ) 
4 125 133 (-1552 10320 896 ) (-1456 10320 896 ) (-1456 10320 1016 ) (-1552 10320 1016 ) 
4 125 131 (-1296 10320 896 ) (-1200 10320 896 ) (-1200 10320 1016 ) (-1296 10320 1016 ) 
4 125 130 (-1168 10320 896 ) (-1072 10320 896 ) (-1072 10320 1016 ) (-1168 10320 1016 ) 
4 126 169 (-1915.998779 10418 896 ) (-1736 10418 896 ) (-1736 10416 896 ) (-1915.998779 10416 896 ) 
3 126 128 (-1915.998779 10416 896 ) (-1736 10416 896 ) (-1736 10416 1016 ) 
4 127 129 (-1928 10416 1016 ) (-1928 10418 1016 ) (-1928 10418 896 ) (-1928 10416 896 ) 
3 127 128 (-1928 10416 1016 ) (-1928 10416 896 ) (-1748 10416 1016 ) 
4 128 171 (-1736 10320 896 ) (-1928 10320 896 ) (-1928 10416 896 ) (-1736 10416 896 ) 
4 128 136 (-1928 10320 896 ) (-1736 10320 896 ) (-1736 10320 1016 ) (-1928 10320 1016 ) 
4 128 129 (-1928 10320 896 ) (-1928 10320 1016 ) (-1928 10416 1016 ) (-1928 10416 896 ) 
4 129 170 (-2032 10416 896 ) (-2032 10418 896 ) (-1928 10418 896 ) (-1928 10416 896 ) 
4 129 171 (-1928 10320 896 ) (-2032 10320 896 ) (-2032 10416 896 ) (-1928 10416 896 ) 
4 129 136 (-2032 10320 896 ) (-1928 10320 896 ) (-1928 10320 1016 ) (-2032 10320 1016 ) 
4 130 137 (-1144 10312 896 ) (-1096 10312 896 ) (-1096 10312 1004 ) (-1144 10312 1004 ) 
4 132 162 (-1328 10312 896 ) (-1424 10312 896 ) (-1424 10320 896 ) (-1328 10320 896 ) 
4 133 163 (-1456 10312 896 ) (-1552 10312 896 ) (-1552 10320 896 ) (-1456 10320 896 ) 
4 134 168 (-1600 10312 896 ) (-1664 10312 896 ) (-1664 10320 896 ) (-1600 10320 896 ) 
4 134 164 (-1584 10312 896 ) (-1600 10312 896 ) (-1600 10320 896 ) (-1584 10320 896 ) 
4 136 171 (-1736 10312 896 ) (-2032 10312 896 ) (-2032 10320 896 ) (-1736 10320 896 ) 
4 136 138 (-2032 10312 896 ) (-1736 10312 896 ) (-1736 10312 1016 ) (-2032 10312 1016 ) 
4 137 139 (-1144 10304 896 ) (-1096 10304 896 ) (-1096 10304 1004 ) (-1144 10304 1004 ) 
4 138 172 (-1736 10304 896 ) (-2032 10304 896 ) (-2032 10312 896 ) (-1736 10312 896 ) 
4 138 145 (-2032 10304 896 ) (-1736 10304 896 ) (-1736 10304 1024 ) (-2032 10304 1024 ) 
4 139 140 (-1148 10300 1008 ) (-1148 10300 896 ) (-1092 10300 896 ) (-1092 10300 1008 ) 
4 140 187 (-1040 10240 1024 ) (-1148 10240 1024 ) (-1148 10240 896 ) (-1040 10240 896 ) 
4 140 141 (-1148 10300 896 ) (-1148 10240 896 ) (-1148 10240 1024 ) (-1148 10300 1024 ) 
5 141 187 (-1148 10240 1024 ) (-1245.333374 10240 1024 ) (-1280 10240 1020.750000 ) (-1280 10240 896 ) (-1148 10240 896 ) 
4 141 142 (-1280 10240 1020.748352 ) (-1280 10300 1020.748352 ) (-1280 10300 1020 ) (-1280 10240 1020 ) 
3 142 189 (-1280 10240 1020.750000 ) (-1288 10240 1020 ) (-1280 10240 1020 ) 
4 143 0 (-1288 10240 1024 ) (-1432 10240 1024 ) (-1432 10240 1006.500000 ) (-1288 10240 1020 ) 
4 143 0 (-1432 10240 1006.500000 ) (-1432 10240 896 ) (-1288 10240 896 ) (-1288 10240 1020 ) 
4 143 173 (-1288 10240 896 ) (-1432 10240 896 ) (-1432 10304 896 ) (-1288 10304 896 ) 
4 143 144 (-1432 10288 896 ) (-1432 10240 896 ) (-1432 10240 1024 ) (-1432 10288 1024 ) 
4 144 0 (-1432 10240 1024 ) (-1496 10240 1024 ) (-1496 10240 1000.499939 ) (-1432 10240 1006.500000 ) 
4 144 0 (-1496 10240 1000.499939 ) (-1496 10240 896 ) (-1432 10240 896 ) (-1432 10240 1006.500000 ) 
4 144 173 (-1432 10240 896 ) (-1496 10240 896 ) (-1496 10288 896 ) (-1432 10288 896 ) 
4 144 145 (-1496 10288 896 ) (-1496 10240 896 ) (-1496 10240 1024 ) (-1496 10288 1024 ) 
4 145 0 (-1496 10240 1024 ) (-2032 10240 1024 ) (-2032 10240 950.250061 ) (-1496 10240 1000.499939 ) 
4 145 0 (-2032 10240 950.250061 ) (-2032 10240 896 ) (-1496 10240 896 ) (-1496 10240 1000.499939 ) 
4 145 173 (-1496 10240 896 ) (-2032 10240 896 ) (-2032 10304 896 ) (-1496 10304 896 ) 
4 146 174 (-1624 11264 864 ) (-1024 11264 864 ) (-1024 10880 864 ) (-1624 10880 864 ) 
4 146 147 (-1624 11264 864 ) (-1624 11008 864 ) (-1624 11008 896 ) (-1624 11264 896 ) 
4 147 175 (-1632 11264 864 ) (-1624 11264 864 ) (-1624 11008 864 ) (-1632 11008 864 ) 
4 147 148 (-1632 11264 864 ) (-1632 11008 864 ) (-1632 11008 896 ) (-1632 11264 896 ) 
4 148 176 (-1728 11264 864 ) (-1632 11264 864 ) (-1632 11008 864 ) (-1728 11008 864 ) 
4 148 149 (-1728 11264 864 ) (-1728 11008 864 ) (-1728 11008 896 ) (-1728 11264 896 ) 
4 149 183 (-2048 10848 896 ) (-2048 11264 896 ) (-2048 11264 864 ) (-2048 10848 864 ) 
4 149 177 (-2048 10848 864 ) (-2048 10880 864 ) (-1728 10880 864 ) (-1728 10848 864 ) 
4 149 176 (-2048 10880 864 ) (-2048 11264 864 ) (-1728 11264 864 ) (-1728 10880 864 ) 
4 149 150 (-2048 10848 864 ) (-1728 10848 864 ) (-1728 10848 896 ) (-2048 10848 896 ) 
4 150 183 (-2048 10624 896 ) (-2048 10848 896 ) (-2048 10848 864 ) (-2048 10624 864 ) 
4 150 178 (-2048 10624 864 ) (-2048 10848 864 ) (-1728 10848 864 ) (-1728 10624 864 ) 
4 151 153 (-1180 10560 896 ) (-1180 10560 864 ) (-1180 10432 864 ) (-1180 10432 896 ) 
4 151 152 (-1180 10432 896 ) (-1180 10432 888 ) (-1168 10432 888 ) (-1168 10432 896 ) 
4 152 155 (-1180 10368 888 ) (-1180 10368 896 ) (-1180 10432 896 ) (-1180 10432 888 ) 
4 153 156 (-1192 10432 872 ) (-1192 10432 896 ) (-1204 10432 896 ) (-1204 10432 872 ) 
4 153 157 (-1264 10432 864 ) (-1204 10432 864 ) (-1204 10432 896 ) (-1264 10432 896 ) 
4 153 155 (-1180 10432 880 ) (-1180 10432 896 ) (-1192 10432 896 ) (-1192 10432 880 ) 
4 153 154 (-1264 10552 864 ) (-1264 10432 864 ) (-1264 10432 896 ) (-1264 10552 896 ) 
4 154 161 (-1296 10552 864 ) (-1296 10432 864 ) (-1296 10432 896 ) (-1296 10552 896 ) 
4 154 157 (-1296 10432 896 ) (-1296 10432 864 ) (-1264 10432 864 ) (-1264 10432 896 ) 
4 155 156 (-1192 10432 896 ) (-1192 10432 880 ) (-1192 10368 880 ) (-1192 10368 896 ) 
4 156 157 (-1204 10432 896 ) (-1204 10432 872 ) (-1204 10368 872 ) (-1204 10368 896 ) 
4 157 161 (-1296 10432 864 ) (-1296 10368 864 ) (-1296 10368 896 ) (-1296 10432 896 ) 
4 158 161 (-1392 10552 864 ) (-1296 10552 864 ) (-1296 10552 896 ) (-1392 10552 896 ) 
4 159 161 (-1520 10552 864 ) (-1424 10552 864 ) (-1424 10552 896 ) (-1520 10552 896 ) 
4 160 165 (-1600 10560 896 ) (-1600 10560 888 ) (-1600 10552 888 ) (-1600 10552 896 ) 
4 160 161 (-1600 10552 896 ) (-1600 10552 864 ) (-1552 10552 864 ) (-1552 10552 896 ) 
4 161 167 (-1600 10524 872 ) (-1600 10524 896 ) (-1600 10536 896 ) (-1600 10536 872 ) 
4 161 168 (-1600 10524 864 ) (-1600 10320 864 ) (-1600 10320 896 ) (-1600 10524 896 ) 
4 161 166 (-1600 10536 880 ) (-1600 10536 896 ) (-1600 10548 896 ) (-1600 10548 880 ) 
4 161 165 (-1600 10548 888 ) (-1600 10548 896 ) (-1600 10552 896 ) (-1600 10552 888 ) 
4 161 164 (-1600 10320 896 ) (-1600 10320 864 ) (-1584 10320 864 ) (-1584 10320 896 ) 
4 161 162 (-1424 10320 864 ) (-1328 10320 864 ) (-1328 10320 896 ) (-1424 10320 896 ) 
4 161 163 (-1552 10320 864 ) (-1456 10320 864 ) (-1456 10320 896 ) (-1552 10320 896 ) 
4 164 168 (-1600 10320 864 ) (-1600 10312 864 ) (-1600 10312 896 ) (-1600 10320 896 ) 
4 165 166 (-1664 10548 896 ) (-1664 10548 888 ) (-1600 10548 888 ) (-1600 10548 896 ) 
4 166 167 (-1664 10536 896 ) (-1664 10536 880 ) (-1600 10536 880 ) (-1600 10536 896 ) 
4 167 168 (-1664 10524 896 ) (-1664 10524 872 ) (-1600 10524 872 ) (-1600 10524 896 ) 
4 169 170 (-1928 10480 888 ) (-1928 10480 880 ) (-1928 10416 880 ) (-1928 10416 888 ) 
5 169 171 (-1928 10416 880 ) (-1736 10416 880 ) (-1736 10416 896 ) (-1915.998779 10416 896 ) (-1928 10416 888 ) 
4 170 171 (-2048 10416 880 ) (-1928 10416 880 ) (-1928 10416 896 ) (-2048 10416 896 ) 
4 171 172 (-1736 10312 896 ) (-2048 10312 896 ) (-2048 10312 880 ) (-1736 10312 880 ) 
4 172 173 (-1728 10304 880 ) (-1728 10304 896 ) (-2048 10304 896 ) (-2048 10304 880 ) 
4 173 0 (-2032 10240 896 ) (-2048 10240 896 ) (-2048 10240 880 ) (-2032 10240 880 ) 
4 173 0 (-1288 10240 896 ) (-2032 10240 896 ) (-2032 10240 880 ) (-1288 10240 880 ) 
4 174 175 (-1624 11264 832 ) (-1624 11008 832 ) (-1624 11008 864 ) (-1624 11264 864 ) 
4 175 176 (-1632 11264 832 ) (-1632 11008 832 ) (-1632 11008 864 ) (-1632 11264 864 ) 
4 176 183 (-2048 10880 864 ) (-2048 11264 864 ) (-2048 11264 832 ) (-2048 10880 832 ) 
4 176 177 (-2048 10880 832 ) (-1632 10880 832 ) (-1632 10880 864 ) (-2048 10880 864 ) 
4 177 183 (-2048 10848 864 ) (-2048 10880 864 ) (-2048 10880 832 ) (-2048 10848 832 ) 
4 177 178 (-2048 10848 832 ) (-1632 10848 832 ) (-1632 10848 864 ) (-2048 10848 864 ) 
4 178 183 (-2048 10624 832 ) (-2048 10624 864 ) (-2048 10848 864 ) (-2048 10848 832 ) 
4 180 185 (-2304 11264 1024 ) (-3072 11264 1024 ) (-3072 11264 832 ) (-2304 11264 832 ) 
4 180 183 (-2048 11264 832 ) (-2048 11264 1024 ) (-2304 11264 1024 ) (-2304 11264 832 ) 
4 180 182 (-2048 11264 1024 ) (-2048 11264 2944 ) (-3072 11264 2944 ) (-3072 11264 1024 ) 
4 180 181 (-3072 11264 1024 ) (-3072 11264 2944 ) (-3072 12288 2944 ) (-3072 12288 1024 ) 
4 181 186 (-4096 11264 2944 ) (-4096 11264 1152 ) (-3072 11264 1152 ) (-3072 11264 2944 ) 
4 182 0 (-2048 10240 1024 ) (-2048 10240 2944 ) (-3072 10240 2944 ) (-3072 10240 1024 ) 
4 182 186 (-3072 11264 2944 ) (-3072 11264 1152 ) (-3072 10240 1152 ) (-3072 10240 2944 ) 
4 182 185 (-3072 11264 1024 ) (-2304 11264 1024 ) (-2304 10752 1024 ) (-3072 10752 1024 ) 
4 182 184 (-2048 10624 1024 ) (-2048 10496 1024 ) (-2304 10496 1024 ) (-2304 10624 1024 ) 
4 182 183 (-2304 11264 1024 ) (-2048 11264 1024 ) (-2048 10624 1024 ) (-2304 10624 1024 ) 
4 183 185 (-2304 10752 1024 ) (-2304 11264 1024 ) (-2304 11264 832 ) (-2304 10752 832 ) 
4 183 184 (-2304 10624 1024 ) (-2304 10624 896 ) (-2048 10624 896 ) (-2048 10624 1024 ) 
4 186 0 (-4096 10240 2944 ) (-4096 10240 1152 ) (-3072 10240 1152 ) (-3072 10240 2944 ) 
4 187 191 (-1280 9992 1004 ) (-1280 9992 896 ) (-1280 9944 896 ) (-1280 9944 1004 ) 
4 187 190 (-1280 10208 1000 ) (-1280 10208 936 ) (-1280 10112 936 ) (-1280 10112 1000 ) 
4 187 189 (-1280 9928 1020 ) (-1280 9928 1020.748352 ) (-1280 10240 1020.748352 ) (-1280 10240 1020 ) 
4 187 188 (-1136 9928 936 ) (-1136 9928 1000 ) (-1232 9928 1000 ) (-1232 9928 936 ) 
4 188 0 (-1136 9920 936 ) (-1136 9920 1000 ) (-1232 9920 1000 ) (-1232 9920 936 ) 
4 190 0 (-1288 10112 936 ) (-1288 10112 1000 ) (-1288 10208 1000 ) (-1288 10208 936 ) 
4 191 0 (-1288 9992 880 ) (-1288 9944 880 ) (-1288 9944 1004 ) (-1288 9992 1004 ) 
4 192 206 (-1416 10238 1332.998657 ) (-1536.003906 10238 1348 ) (-1551.880981 10238 1346.014404 ) (-1416 10238 1328.693604 ) 
4 192 194 (-1416 10240 1328.693481 ) (-1416 10238 1328.693481 ) (-1536 10238 1343.989868 ) (-1536 10240 1343.989868 ) 
4 192 193 (-1536 10238 1343.989868 ) (-1551.883667 10238 1346.014526 ) (-1551.883667 10240 1346.014526 ) (-1536 10240 1343.989868 ) 
4 193 206 (-1551.880981 10238 1346.014404 ) (-1656 10238 1333 ) (-1656 10238 1328.693604 ) (-1536 10238 1343.989990 ) 
4 193 195 (-1656 10238 1328.693237 ) (-1656 10240 1328.693237 ) (-1535.993286 10240 1343.990479 ) (-1535.993286 10238 1343.990479 ) 
4 194 206 (-1536 10238 1328 ) (-1416 10238 1328 ) (-1416 10238 1328.693604 ) (-1536 10238 1343.989990 ) 
4 194 200 (-1416 10238 1328 ) (-1536 10238 1328 ) (-1536 10240 1328 ) (-1416 10240 1328 ) 
4 194 195 (-1536 10240 1328 ) (-1536 10238 1328 ) (-1536 10238 1343.989990 ) (-1536 10240 1343.989990 ) 
4 195 206 (-1656 10238 1328.693604 ) (-1656 10238 1328 ) (-1536 10238 1328 ) (-1536 10238 1343.989990 ) 
4 195 201 (-1536 10238 1328 ) (-1656 10238 1328 ) (-1656 10240 1328 ) (-1536 10240 1328 ) 
4 196 0 (-2038 10238 1280 ) (-2038 10238 1281.250122 ) (-2038 10240 1281.250122 ) (-2038 10240 1280 ) 
4 196 221 (-1664 10238 1328 ) (-2038 10238 1281.250122 ) (-2038 10238 1280 ) (-1664 10238 1327.673828 ) 
3 196 217 (-1661.440796 10238 1328 ) (-1664 10238 1328 ) (-1664 10238 1327.673828 ) 
4 196 198 (-1661.439453 10240 1328 ) (-1661.439453 10238 1328 ) (-2038 10238 1280 ) (-2038 10240 1280 ) 
4 197 0 (-2032 10240 1024 ) (-1288 10240 1024 ) (-1288 10238 1024 ) (-2032 10238 1024 ) 
4 197 0 (-2038 10240 1024 ) (-2038 10238 1024 ) (-2038 10238 1248 ) (-2038 10240 1248 ) 
4 197 221 (-1664 10238 1295.681274 ) (-2038 10238 1248 ) (-2038 10238 1024 ) (-1664 10238 1024 ) 
4 197 217 (-1656 10238 1296.701172 ) (-1664 10238 1295.681274 ) (-1664 10238 1024 ) (-1656 10238 1024 ) 
4 197 205 (-1408 10238 1295.681274 ) (-1416 10238 1296.701172 ) (-1416 10238 1024 ) (-1408 10238 1024 ) 
5 197 206 (-1416 10238 1296.701172 ) (-1536 10238 1312 ) (-1656 10238 1296.701172 ) (-1656 10238 1024 ) (-1416 10238 1024 ) 
5 197 202 (-1034 10238 1047.808594 ) (-1034 10238 1248 ) (-1408 10238 1295.681274 ) (-1408 10238 1024 ) (-1287.959229 10238 1024 ) 
4 197 200 (-1536.001953 10238 1312 ) (-1034 10238 1248 ) (-1034 10240 1248 ) (-1536.001953 10240 1312 ) 
4 197 198 (-2038 10240 1248 ) (-2038 10238 1248 ) (-1536 10238 1312 ) (-1536 10240 1312 ) 
4 198 0 (-2038 10238 1248 ) (-2038 10238 1280 ) (-2038 10240 1280 ) (-2038 10240 1248 ) 
4 198 221 (-1664 10238 1327.673828 ) (-2038 10238 1280 ) (-2038 10238 1248 ) (-1664 10238 1295.681274 ) 
5 198 217 (-1656 10238 1327.298706 ) (-1661.470703 10238 1327.996216 ) (-1664 10238 1327.673828 ) (-1664 10238 1295.681274 ) (-1656 10238 1296.701172 ) 
3 198 206 (-1536 10238 1312 ) (-1656 10238 1327.298706 ) (-1656 10238 1296.701172 ) 
4 198 201 (-1661.470947 10240 1327.995850 ) (-1661.470947 10238 1327.995850 ) (-1536.001953 10238 1312 ) (-1536.001953 10240 1312 ) 
3 199 205 (-1408 10238 1328 ) (-1410.558960 10238 1328 ) (-1408 10238 1327.673828 ) 
4 199 0 (-1034 10238 1280 ) (-1034 10238 1281.250122 ) (-1408 10238 1328 ) (-1408 10238 1327.673828 ) 
4 199 200 (-1034 10238 1280.001465 ) (-1410.556030 10238 1328 ) (-1410.556030 10240 1328 ) (-1034 10240 1280.001465 ) 
5 200 205 (-1408 10238 1327.673828 ) (-1410.558960 10238 1328 ) (-1416 10238 1328 ) (-1416 10238 1296.701050 ) (-1408 10238 1295.681152 ) 
4 200 206 (-1416 10238 1328 ) (-1536 10238 1328 ) (-1536 10238 1312 ) (-1416 10238 1296.701050 ) 
4 200 202 (-1034 10238 1248 ) (-1034 10238 1280 ) (-1408 10238 1327.673828 ) (-1408 10238 1295.681152 ) 
4 200 201 (-1536 10240 1311.998291 ) (-1536 10238 1311.998291 ) (-1536 10238 1328 ) (-1536 10240 1328 ) 
4 201 217 (-1656 10238 1328 ) (-1661.440796 10238 1328 ) (-1661.470703 10238 1327.996216 ) (-1656 10238 1327.298706 ) 
4 201 206 (-1536 10238 1328 ) (-1656 10238 1328 ) (-1656 10238 1327.298706 ) (-1536 10238 1312 ) 
4 202 0 (-1288 10238 1024 ) (-1288 9858 1024 ) (-1408 9858 1024 ) (-1408 10238 1024 ) 
4 202 0 (-1288 9858 1024 ) (-1288 9912 1024 ) (-1034 9912 1047.812500 ) (-1034 9858 1047.812500 ) 
4 202 205 (-1408 10238 1327.673950 ) (-1408 10238 1024 ) (-1408 9858 1024 ) (-1408 9858 1327.673828 ) 
4 202 204 (-1034 9858 1248 ) (-1034 9858 1280 ) (-1408 9858 1327.672852 ) (-1408 9858 1295.681274 ) 
5 202 203 (-1034 9858 1047.808594 ) (-1034 9858 1248 ) (-1408 9858 1295.681274 ) (-1408 9858 1024 ) (-1287.986572 9858 1024 ) 
4 203 0 (-1288 9858 1024 ) (-1288 9854 1024 ) (-1408 9854 1024 ) (-1408 9858 1024 ) 
4 203 0 (-1288 9854 1024 ) (-1288 9858 1024 ) (-1034 9858 1047.812500 ) (-1034 9854 1047.812500 ) 
4 203 211 (-1408 9858 1024 ) (-1408 9854 1024 ) (-1408 9854 1295.681274 ) (-1408 9858 1295.681274 ) 
5 203 0 (-1034 9854 1047.808594 ) (-1034 9854 1248 ) (-1408 9854 1295.681274 ) (-1408 9854 1024 ) (-1287.986572 9854 1024 ) 
4 203 204 (-1034 9858 1248 ) (-1408 9858 1295.680664 ) (-1408 9854 1295.680664 ) (-1034 9854 1248 ) 
4 204 214 (-1408 9854 1295.681274 ) (-1408 9854 1327.673828 ) (-1408 9858 1327.673828 ) (-1408 9858 1295.681274 ) 
4 204 0 (-1034 9854 1248 ) (-1034 9854 1280 ) (-1408 9854 1327.672852 ) (-1408 9854 1295.681274 ) 
4 205 0 (-1416 10238 1024 ) (-1408 10238 1024 ) (-1408 9858 1024 ) (-1416 9858 1024 ) 
4 205 215 (-1410.529053 9858 1327.996216 ) (-1410.558472 9858 1328 ) (-1416 9858 1328 ) (-1416 9858 1327.298828 ) 
5 205 214 (-1408 9858 1295.681152 ) (-1408 9858 1327.673950 ) (-1410.529053 9858 1327.996216 ) (-1416 9858 1327.298828 ) (-1416 9858 1296.701050 ) 
3 205 213 (-1408 9858 1327.673950 ) (-1408 9858 1328 ) (-1410.558472 9858 1328 ) 
4 205 211 (-1416 9858 1024 ) (-1408 9858 1024 ) (-1408 9858 1295.681152 ) (-1416 9858 1296.701050 ) 
4 205 206 (-1416 10238 1328 ) (-1416 10238 1024 ) (-1416 9858 1024 ) (-1416 9858 1328 ) 
4 206 0 (-1656 10238 1024 ) (-1416 10238 1024 ) (-1416 9858 1024 ) (-1656 9858 1024 ) 
4 206 217 (-1656 10238 1328 ) (-1656 10238 1024 ) (-1656 9858 1024 ) (-1656 9858 1328 ) 
4 206 216 (-1656 9858 1328 ) (-1656 9858 1327.298706 ) (-1536 9858 1312 ) (-1536 9858 1328 ) 
4 206 215 (-1536 9858 1312 ) (-1416 9858 1327.298828 ) (-1416 9858 1328 ) (-1536 9858 1328 ) 
3 206 214 (-1536 9858 1312 ) (-1416 9858 1296.701050 ) (-1416 9858 1327.298828 ) 
3 206 212 (-1656 9858 1327.298706 ) (-1656 9858 1296.701172 ) (-1536 9858 1312 ) 
5 206 211 (-1656 9858 1296.701172 ) (-1656 9858 1024 ) (-1416 9858 1024 ) (-1416 9858 1296.701050 ) (-1536 9858 1312 ) 
4 206 210 (-1656 9858 1328.693604 ) (-1656 9858 1328 ) (-1536 9858 1328 ) (-1536 9858 1343.989868 ) 
4 206 209 (-1536 9858 1328 ) (-1416 9858 1328 ) (-1416 9858 1328.693604 ) (-1536 9858 1343.989868 ) 
4 206 208 (-1416 9858 1328.693604 ) (-1416 9858 1332.996216 ) (-1520.125244 9858 1346.013428 ) (-1536 9858 1343.989868 ) 
4 206 207 (-1656 9858 1333 ) (-1656 9858 1328.693604 ) (-1520.125244 9858 1346.013428 ) (-1536.007690 9858 1348 ) 
4 207 0 (-1520.132324 9854 1346.012573 ) (-1536.015869 9854 1347.998047 ) (-1656 9854 1333 ) (-1656 9854 1328.693604 ) 
4 207 210 (-1656 9854 1328.693237 ) (-1656 9858 1328.693237 ) (-1536 9858 1343.989868 ) (-1536 9854 1343.989868 ) 
4 207 208 (-1536 9858 1343.989868 ) (-1520.115601 9858 1346.014526 ) (-1520.115601 9854 1346.014526 ) (-1536 9854 1343.989868 ) 
4 208 0 (-1416 9854 1332.996094 ) (-1520.132324 9854 1346.012573 ) (-1536 9854 1343.989990 ) (-1416 9854 1328.693604 ) 
4 208 209 (-1536 9854 1343.989990 ) (-1536 9858 1343.989990 ) (-1416 9858 1328.693848 ) (-1416 9854 1328.693848 ) 
4 209 0 (-1536 9854 1343.989990 ) (-1536 9854 1328 ) (-1416 9854 1328 ) (-1416 9854 1328.693604 ) 
4 209 215 (-1416 9854 1328 ) (-1536 9854 1328 ) (-1536 9858 1328 ) (-1416 9858 1328 ) 
4 209 210 (-1536 9858 1328 ) (-1536 9854 1328 ) (-1536 9854 1343.989868 ) (-1536 9858 1343.989868 ) 
4 210 0 (-1536 9854 1343.989990 ) (-1656 9854 1328.693604 ) (-1656 9854 1328 ) (-1536 9854 1328 ) 
4 210 216 (-1536 9854 1328 ) (-1656 9854 1328 ) (-1656 9858 1328 ) (-1536 9858 1328 ) 
4 211 0 (-1408 9858 1024 ) (-1408 9854 1024 ) (-1656 9854 1024 ) (-1656 9858 1024 ) 
5 211 0 (-1416 9854 1296.701050 ) (-1536 9854 1312 ) (-1656 9854 1296.701172 ) (-1656 9854 1024 ) (-1416 9854 1024 ) 
4 211 0 (-1408 9854 1024 ) (-1408 9854 1295.681152 ) (-1416 9854 1296.701050 ) (-1416 9854 1024 ) 
4 211 218 (-1656 9858 1024 ) (-1656 9854 1024 ) (-1656 9854 1296.701172 ) (-1656 9858 1296.701172 ) 
4 211 214 (-1408 9858 1295.681641 ) (-1536 9858 1312 ) (-1536 9854 1312 ) (-1408 9854 1295.681274 ) 
4 211 212 (-1536 9854 1312 ) (-1536 9858 1312 ) (-1656 9858 1296.700684 ) (-1656 9854 1296.700684 ) 
3 212 0 (-1536 9854 1312 ) (-1656 9854 1327.298706 ) (-1656 9854 1296.701172 ) 
4 212 220 (-1656 9854 1296.701172 ) (-1656 9854 1327.298706 ) (-1656 9858 1327.298706 ) (-1656 9858 1296.701172 ) 
4 212 216 (-1536 9858 1312 ) (-1656 9858 1327.298828 ) (-1656 9854 1327.298828 ) (-1536 9854 1312 ) 
3 213 0 (-1408 9854 1327.673950 ) (-1408 9854 1328 ) (-1410.558228 9854 1328 ) 
4 213 214 (-1408 9854 1327.673340 ) (-1410.561401 9854 1328 ) (-1410.561401 9858 1328 ) (-1408 9858 1327.673462 ) 
3 214 0 (-1416 9854 1327.298828 ) (-1536 9854 1312 ) (-1416 9854 1296.701050 ) 
5 214 0 (-1408 9854 1295.681152 ) (-1408 9854 1327.673950 ) (-1410.529297 9854 1327.996338 ) (-1416 9854 1327.298828 ) (-1416 9854 1296.701050 ) 
4 214 215 (-1536 9858 1312 ) (-1536 9854 1312 ) (-1410.527344 9854 1327.996094 ) (-1410.527344 9858 1327.996094 ) 
4 215 0 (-1416 9854 1328 ) (-1536 9854 1328 ) (-1536 9854 1312 ) (-1416 9854 1327.298828 ) 
4 215 0 (-1410.529297 9854 1327.996338 ) (-1410.558228 9854 1328 ) (-1416 9854 1328 ) (-1416 9854 1327.298828 ) 
4 215 216 (-1536 9858 1312 ) (-1536 9854 1312 ) (-1536 9854 1328 ) (-1536 9858 1328 ) 
4 216 0 (-1536 9854 1328 ) (-1656 9854 1328 ) (-1656 9854 1327.298706 ) (-1536 9854 1312 ) 
4 216 220 (-1656 9854 1327.298706 ) (-1656 9854 1328 ) (-1656 9858 1328 ) (-1656 9858 1327.298706 ) 
4 217 0 (-1664 10238 1024 ) (-1656 10238 1024 ) (-1656 9858 1024 ) (-1664 9858 1024 ) 
4 217 221 (-1664 10238 1328 ) (-1664 10238 1024 ) (-1664 9858 1024 ) (-1664 9858 1328 ) 
5 217 220 (-1664 9858 1327.673828 ) (-1664 9858 1295.681274 ) (-1656 9858 1296.701172 ) (-1656 9858 1328 ) (-1661.440796 9858 1328 ) 
3 217 219 (-1664 9858 1328 ) (-1664 9858 1327.673828 ) (-1661.440796 9858 1328 ) 
4 217 218 (-1664 9858 1295.681274 ) (-1664 9858 1024 ) (-1656 9858 1024 ) (-1656 9858 1296.701172 ) 
4 218 0 (-1656 9858 1024 ) (-1656 9854 1024 ) (-1664 9854 1024 ) (-1664 9858 1024 ) 
4 218 0 (-1664 9854 1295.681396 ) (-1664 9854 1024 ) (-1656 9854 1024 ) (-1656 9854 1296.701172 ) 
4 218 222 (-1664 9858 1024 ) (-1664 9854 1024 ) (-1664 9854 1295.681396 ) (-1664 9858 1295.681274 ) 
4 218 220 (-1656 9858 1296.701172 ) (-1664 9858 1295.681274 ) (-1664 9854 1295.681274 ) (-1656 9854 1296.701172 ) 
3 219 0 (-1664 9854 1328 ) (-1664 9854 1327.673828 ) (-1661.440796 9854 1328 ) 
4 219 223 (-1664 9854 1327.673828 ) (-1664 9854 1328 ) (-1664 9858 1328 ) (-1664 9858 1327.673828 ) 
4 219 220 (-1664 9854 1327.673828 ) (-1664 9858 1327.673828 ) (-1661.440796 9858 1328 ) (-1661.440796 9854 1328 ) 
5 220 0 (-1664 9854 1327.673828 ) (-1664 9854 1295.681396 ) (-1656 9854 1296.701172 ) (-1656 9854 1328 ) (-1661.440796 9854 1328 ) 
4 220 224 (-1664 9854 1295.681396 ) (-1664 9854 1327.673828 ) (-1664 9858 1327.673828 ) (-1664 9858 1295.681274 ) 
4 221 0 (-2032 10238 1024 ) (-1664 10238 1024 ) (-1664 9858 1024 ) (-2032 9858 1024 ) 
4 221 0 (-2038 10238 1024 ) (-2038 9858 1024 ) (-2038 9858 1280 ) (-2038 10238 1280 ) 
4 221 0 (-2038 9858 1280 ) (-2038 9858 1281.250122 ) (-2038 10238 1281.250122 ) (-2038 10238 1280 ) 
4 221 224 (-1664 9858 1295.681274 ) (-1664 9858 1327.673828 ) (-2038 9858 1280 ) (-2038 9858 1248 ) 
4 221 223 (-1664 9858 1327.673828 ) (-1664 9858 1328 ) (-2038 9858 1281.250000 ) (-2038 9858 1280 ) 
4 221 222 (-1664 9858 1024 ) (-1664 9858 1295.681274 ) (-2038 9858 1248 ) (-2038 9858 1024 ) 
4 222 0 (-2032 9858 1024 ) (-1664 9858 1024 ) (-1664 9854 1024 ) (-2032 9854 1024 ) 
4 222 0 (-2038 9858 1024 ) (-2038 9854 1024 ) (-2038 9854 1248 ) (-2038 9858 1248 ) 
4 222 0 (-2038 9854 1248 ) (-2038 9854 1024 ) (-1664 9854 1024 ) (-1664 9854 1295.681274 ) 
4 222 224 (-1664 9858 1295.681030 ) (-2038 9858 1248 ) (-2038 9854 1248 ) (-1664 9854 1295.681030 ) 
4 223 0 (-2038 9854 1280 ) (-2038 9854 1281.250122 ) (-2038 9858 1281.250122 ) (-2038 9858 1280 ) 
4 223 0 (-2038 9854 1281.250122 ) (-2038 9854 1280 ) (-1664 9854 1327.673828 ) (-1664 9854 1328 ) 
4 223 224 (-2038 9858 1280 ) (-1664 9858 1327.673340 ) (-1664 9854 1327.673340 ) (-2038 9854 1280 ) 
4 224 0 (-2038 9854 1248 ) (-2038 9854 1280 ) (-2038 9858 1280 ) (-2038 9858 1248 ) 
4 224 0 (-2038 9854 1280 ) (-2038 9854 1248 ) (-1664 9854 1295.681274 ) (-1664 9854 1327.673828 ) 
4 225 227 (-8192 4112 437.333252 ) (-8192 4112 756.787109 ) (-8192 4544 756.787354 ) (-8192 4544 437.333344 ) 
3 226 0 (-11462.001953 6437.997559 1152 ) (-11264 6696.715820 1152 ) (-11264 6589.541504 1152 ) 
4 226 0 (-11461.987305 6438.007813 896 ) (-11264 6696.707031 896 ) (-11264 6696.707031 1152 ) (-11461.987305 6438.007813 1152 ) 
4 226 241 (-11264 4928 1280 ) (-11264 4928 2944 ) (-11296 4928 2944 ) (-11296 4928 1280 ) 
3 226 242 (-11296 4912 1264 ) (-11296 4912 1329.333130 ) (-11520 4912 1264 ) 
4 226 242 (-11296 4896 1329.333252 ) (-11520 4896 1264 ) (-11520.002930 4912 1264 ) (-11296 4912 1329.333984 ) 
4 226 244 (-11392 4512 1040 ) (-11296 4512 1040 ) (-11296 4512 1232 ) (-11392 4512 1232 ) 
4 226 244 (-11392 4512 1232 ) (-11296 4512 1232 ) (-11296 4352 1232 ) (-11392 4352 1232 ) 
4 226 246 (-11296 4096 1344 ) (-11264 4096 1344 ) (-11264 4096 1440 ) (-11296 4096 1440 ) 
4 226 248 (-11392 4096 1344 ) (-11296 4096 1344 ) (-11296 4096 1440 ) (-11392 4096 1440 ) 
4 226 272 (-11392 4096 928 ) (-11296 4096 928 ) (-11296 4096 1056 ) (-11392 4096 1056 ) 
4 226 256 (-11392 4096 1151 ) (-11296 4096 1151 ) (-11296 4096 1180 ) (-11392 4096 1180 ) 
4 226 253 (-11392 4096 1180 ) (-11296 4096 1180 ) (-11296 4096 1184 ) (-11392 4096 1184 ) 
4 226 251 (-11392 4096 1184 ) (-11296 4096 1184 ) (-11296 4096 1312 ) (-11392 4096 1312 ) 
4 226 248 (-11392 4096 1312 ) (-11296 4096 1312 ) (-11296 4096 1344 ) (-11392 4096 1344 ) 
4 226 273 (-12288 3072 2944 ) (-12288 3072 1440 ) (-11264 3072 1440 ) (-11264 3072 2944 ) 
4 226 249 (-11392 3136 1440 ) (-11392 3072 1440 ) (-11776 3072 1440 ) (-11776 3136 1440 ) 
4 226 246 (-11296 4096 1440 ) (-11264 4096 1440 ) (-11264 3584 1440 ) (-11296 3584 1440 ) 
4 226 247 (-11264 3584 1440 ) (-11264 3072 1440 ) (-11296 3072 1440 ) (-11296 3584 1440 ) 
4 226 248 (-11392 4096 1440 ) (-11296 4096 1440 ) (-11296 3072 1440 ) (-11392 3072 1440 ) 
4 226 273 (-12288 3072 1440 ) (-12288 3072 1312 ) (-11776 3072 1312 ) (-11776 3072 1440 ) 
5 226 273 (-12288 3072 1312 ) (-12288 3072 1216 ) (-11876 3072 1216 ) (-11776 3072 1304.888184 ) (-11776 3072 1312 ) 
3 226 273 (-11776 3072 1216 ) (-11776 3072 1304.888184 ) (-11876 3072 1216 ) 
4 226 262 (-11776 3072 1180 ) (-11896 3072 1180 ) (-11896 3136 1180 ) (-11776 3136 1180 ) 
4 226 262 (-11896 3136 1180 ) (-11896 3136 1152 ) (-11776 3136 1152 ) (-11776 3136 1180 ) 
4 226 274 (-12197.333984 3072 1151 ) (-12122.666016 3072 1151 ) (-12128 3072 1152 ) (-12192 3072 1152 ) 
4 226 264 (-11496 3968 1100 ) (-11416 3968 1100 ) (-11416 3968 1151 ) (-11496 3968 1151 ) 
4 226 263 (-11392 3968 1100 ) (-11296 3968 1100 ) (-11296 3968 1151 ) (-11392 3968 1151 ) 
11 226 274 (-12288 3072 1126 ) (-12288 3072 1100 ) (-11985.455078 3072 1100 ) (-12000 3072 1110 ) (-12032 3072 1126 ) (-12064.001953 3072 1138 ) (-12096 3072 1146 ) (-12122.666016 3072 1151 ) (-12197.333984 3072 1151 ) (-12224 3072 1146 ) (-12256.003906 3072 1138 ) 
4 226 272 (-11392 4096 1056 ) (-11296 4096 1056 ) (-11296 3968 1056 ) (-11392 3968 1056 ) 
4 226 269 (-11392 3968 1056 ) (-11296 3968 1056 ) (-11296 3968 1100 ) (-11392 3968 1100 ) 
6 226 274 (-12288 3072 1100 ) (-12288 3072 1056 ) (-11948 3072 1056 ) (-11946.959961 3072 1064.329956 ) (-11968 3072 1088 ) (-11985.455078 3072 1100 ) 
4 226 274 (-12288 3072 1056 ) (-12288 3072 896 ) (-11968 3072 896 ) (-11948 3072 1056 ) 
4 226 276 (-12288 3072 1440 ) (-12288 3072 2944 ) (-13056 3072 2944 ) (-13056 3072 1440 ) 
4 226 276 (-12288 3072 1312 ) (-12288 3072 1440 ) (-12480 3072 1440 ) (-12480 3072 1312 ) 
4 226 276 (-12288 3072 1216 ) (-12288 3072 1312 ) (-12480 3072 1312 ) (-12480 3072 1216 ) 
6 226 278 (-12288 3072 896 ) (-12288 3072 1126 ) (-12320 3072 1110 ) (-12352.002930 3072 1087.998169 ) (-12373.041016 3072 1064.330566 ) (-12352 3072 896 ) 
4 227 228 (-9216 4112 778.666504 ) (-9216 4112 1098.557373 ) (-9216 4544 1098.557373 ) (-9216 4544 778.666504 ) 
4 228 233 (-9472 4112 864 ) (-9472 4112 896 ) (-9472 4224 896 ) (-9472 4224 864 ) 
4 228 232 (-9472 4112 1024 ) (-9472 4112 1184 ) (-9472 4224 1184 ) (-9472 4224 1024 ) 
4 228 231 (-9472 4480 1024 ) (-9472 4480 896 ) (-9472 4224 896 ) (-9472 4224 1024 ) 
4 228 230 (-9472 4544 896 ) (-9472 4544 864 ) (-9472 4480 864 ) (-9472 4480 896 ) 
4 228 229 (-9472 4480 1184 ) (-9472 4544 1184 ) (-9472 4544 1024 ) (-9472 4480 1024 ) 
4 229 234 (-10240 4480 1024 ) (-10240 4480 1184 ) (-10240 4544 1184 ) (-10240 4544 1024 ) 
4 230 235 (-10240 4480 864 ) (-10240 4480 896 ) (-10240 4544 896 ) (-10240 4544 864 ) 
4 231 236 (-10240 4224 896 ) (-10240 4224 1024 ) (-10240 4480 1024 ) (-10240 4480 896 ) 
4 232 239 (-10240 4112 1024 ) (-10240 4112 1184 ) (-10240 4224 1184 ) (-10240 4224 1024 ) 
4 233 240 (-10240 4112 864 ) (-10240 4112 896 ) (-10240 4224 896 ) (-10240 4224 864 ) 
4 236 237 (-11256 4480 896 ) (-11256 4224 896 ) (-11256 4224 1024 ) (-11256 4480 1024 ) 
4 237 238 (-11260 4480 896 ) (-11260 4224 896 ) (-11260 4224 1024 ) (-11260 4480 1024 ) 
4 238 226 (-11264 4224 896 ) (-11264 4224 928 ) (-11264 4480 928 ) (-11264 4480 896 ) 
4 238 245 (-11264 4224 928 ) (-11264 4224 1024 ) (-11264 4480 1024 ) (-11264 4480 928 ) 
4 241 243 (-11264 4512 1344 ) (-11264 4512 2944 ) (-11296 4512 2944 ) (-11296 4512 1344 ) 
4 241 242 (-11296 4912 1272.567383 ) (-11296 4896 1275.424683 ) (-11296 4896 1329.333008 ) (-11296 4912 1329.333130 ) 
4 241 226 (-11296 4896 1329.333008 ) (-11296 4896 2944 ) (-11296 4912 2944 ) (-11296 4912 1329.333130 ) 
4 241 226 (-11296 4928 2944 ) (-11296 4928 1269.710083 ) (-11296 4912 1272.567383 ) (-11296 4912 2944 ) 
4 241 226 (-11296 4896 1275.424683 ) (-11296 4512 1344 ) (-11296 4512 2944 ) (-11296 4896 2944 ) 
3 242 226 (-11296 4896 1264 ) (-11296 4896 1329.333130 ) (-11520 4896 1264 ) 
4 243 226 (-11264 4192 1344 ) (-11264 4192 2944 ) (-11296 4192 2944 ) (-11296 4192 1344 ) 
4 243 226 (-11296 4512 2944 ) (-11296 4512 1344 ) (-11296 4192 1344 ) (-11296 4192 2944 ) 
4 244 226 (-11392 4512 1040 ) (-11392 4352 1040 ) (-11392 4352 1232 ) (-11392 4512 1232 ) 
4 245 226 (-11264 4480 928 ) (-11264 4224 928 ) (-11424 4224 928 ) (-11424 4480 928 ) 
4 245 226 (-11424 4480 928 ) (-11424 4224 928 ) (-11424 4224 1024 ) (-11424 4480 1024 ) 
4 246 247 (-11296 3584 1440 ) (-11296 3584 1344 ) (-11264 3584 1344 ) (-11264 3584 1440 ) 
4 246 248 (-11296 3584 1344 ) (-11296 3584 1440 ) (-11296 4096 1440 ) (-11296 4096 1344 ) 
4 247 273 (-11296 3072 1312 ) (-11264 3072 1312 ) (-11264 3072 1440 ) (-11296 3072 1440 ) 
4 247 250 (-11264 3072 1312 ) (-11296 3072 1312 ) (-11296 3584 1312 ) (-11264 3584 1312 ) 
4 247 248 (-11296 3584 1312 ) (-11296 3072 1312 ) (-11296 3072 1440 ) (-11296 3584 1440 ) 
4 248 273 (-11392 3072 1312 ) (-11296 3072 1312 ) (-11296 3072 1440 ) (-11392 3072 1440 ) 
4 248 251 (-11296 3072 1312 ) (-11392 3072 1312 ) (-11392 4096 1312 ) (-11296 4096 1312 ) 
4 248 226 (-11392 4096 1312 ) (-11392 3776 1312 ) (-11392 3776 1440 ) (-11392 4096 1440 ) 
4 248 249 (-11392 3136 1312 ) (-11392 3072 1312 ) (-11392 3072 1440 ) (-11392 3136 1440 ) 
4 249 273 (-11776 3072 1312 ) (-11392 3072 1312 ) (-11392 3072 1440 ) (-11776 3072 1440 ) 
4 249 252 (-11392 3072 1312 ) (-11776 3072 1312 ) (-11776 3136 1312 ) (-11392 3136 1312 ) 
4 249 226 (-11776 3136 1312 ) (-11776 3072 1312 ) (-11776 3072 1440 ) (-11776 3136 1440 ) 
4 250 275 (-11296 3072 1184 ) (-11264 3072 1184 ) (-11264 3072 1216 ) (-11296 3072 1216 ) 
4 250 273 (-11264 3072 1216 ) (-11264 3072 1312 ) (-11296 3072 1312 ) (-11296 3072 1216 ) 
4 250 254 (-11264 3584 1184 ) (-11264 3072 1184 ) (-11296 3072 1184 ) (-11296 3584 1184 ) 
4 250 251 (-11296 3584 1184 ) (-11296 3072 1184 ) (-11296 3072 1312 ) (-11296 3584 1312 ) 
4 251 275 (-11392 3072 1184 ) (-11296 3072 1184 ) (-11296 3072 1216 ) (-11392 3072 1216 ) 
4 251 273 (-11296 3072 1216 ) (-11296 3072 1312 ) (-11392 3072 1312 ) (-11392 3072 1216 ) 
4 251 254 (-11296 3584 1184 ) (-11296 3072 1184 ) (-11392 3072 1184 ) (-11392 3584 1184 ) 
4 251 253 (-11392 4096 1184 ) (-11296 4096 1184 ) (-11296 3584 1184 ) (-11392 3584 1184 ) 
4 251 252 (-11392 3136 1184 ) (-11392 3072 1184 ) (-11392 3072 1312 ) (-11392 3136 1312 ) 
5 251 226 (-11392 4096 1184 ) (-11392 3976 1184 ) (-11392 3776 1248 ) (-11392 3776 1312 ) (-11392 4096 1312 ) 
4 252 275 (-11520 3072 1184 ) (-11392 3072 1184 ) (-11392 3072 1216 ) (-11520 3072 1216 ) 
4 252 273 (-11392 3072 1216 ) (-11392 3072 1312 ) (-11776 3072 1312 ) (-11776 3072 1216 ) 
4 252 255 (-11392 3136 1184 ) (-11392 3072 1184 ) (-11776 3072 1184 ) (-11776 3136 1184 ) 
4 252 226 (-11776 3136 1184 ) (-11776 3072 1184 ) (-11776 3072 1304.888184 ) (-11776 3136 1304.888184 ) 
4 252 226 (-11776 3072 1304.888184 ) (-11776 3072 1312 ) (-11776 3136 1312 ) (-11776 3136 1304.888184 ) 
4 253 259 (-11296 3592 1180 ) (-11296 3584 1180 ) (-11392 3584 1180 ) (-11392 3592 1180 ) 
4 253 258 (-11296 3960 1180 ) (-11296 3592 1180 ) (-11392 3592 1180 ) (-11392 3960 1180 ) 
4 253 256 (-11392 4096 1180 ) (-11296 4096 1180 ) (-11296 3960 1180 ) (-11392 3960 1180 ) 
4 253 254 (-11392 3584 1180 ) (-11296 3584 1180 ) (-11296 3584 1184 ) (-11392 3584 1184 ) 
4 253 226 (-11392 4096 1180 ) (-11392 3976 1180 ) (-11392 3976 1184 ) (-11392 4096 1184 ) 
4 254 275 (-11392 3072 1180 ) (-11264 3072 1180 ) (-11264 3072 1184 ) (-11392 3072 1184 ) 
4 254 262 (-11264 3072 1180 ) (-11392 3072 1180 ) (-11392 3136 1180 ) (-11264 3136 1180 ) 
4 254 260 (-11392 3136 1180 ) (-11392 3584 1180 ) (-11296 3584 1180 ) (-11296 3136 1180 ) 
4 254 257 (-11296 3584 1180 ) (-11264 3584 1180 ) (-11264 3136 1180 ) (-11296 3136 1180 ) 
4 254 255 (-11392 3136 1180 ) (-11392 3072 1180 ) (-11392 3072 1184 ) (-11392 3136 1184 ) 
4 255 275 (-11520 3072 1180 ) (-11392 3072 1180 ) (-11392 3072 1184 ) (-11520 3072 1184 ) 
4 255 262 (-11392 3072 1180 ) (-11776 3072 1180 ) (-11776 3136 1180 ) (-11392 3136 1180 ) 
4 255 226 (-11776 3136 1180 ) (-11776 3072 1180 ) (-11776 3072 1184 ) (-11776 3136 1184 ) 
4 256 263 (-11296 3968 1151 ) (-11296 3960 1151 ) (-11392 3960 1151 ) (-11392 3968 1151 ) 
4 256 226 (-11392 4096 1151 ) (-11296 4096 1151 ) (-11296 3968 1151 ) (-11392 3968 1151 ) 
4 256 258 (-11392 3960 1151 ) (-11296 3960 1151 ) (-11296 3960 1180 ) (-11392 3960 1180 ) 
4 256 226 (-11392 4096 1151 ) (-11392 3968 1151 ) (-11392 3968 1180 ) (-11392 4096 1180 ) 
4 257 262 (-11264 3136 1152 ) (-11264 3136 1180 ) (-11296 3136 1180 ) (-11296 3136 1152 ) 
4 257 260 (-11296 3136 1152 ) (-11296 3136 1180 ) (-11296 3584 1180 ) (-11296 3584 1152 ) 
4 258 267 (-11392 3960 1151 ) (-11296 3960 1151 ) (-11296 3592 1151 ) (-11392 3592 1151 ) 
4 258 261 (-11392 3592 1151 ) (-11296 3592 1151 ) (-11296 3592 1152 ) (-11392 3592 1152 ) 
4 258 259 (-11296 3592 1152 ) (-11296 3592 1180 ) (-11392 3592 1180 ) (-11392 3592 1152 ) 
4 259 261 (-11392 3592 1152 ) (-11296 3592 1152 ) (-11296 3584 1152 ) (-11392 3584 1152 ) 
4 259 260 (-11392 3584 1152 ) (-11296 3584 1152 ) (-11296 3584 1180 ) (-11392 3584 1180 ) 
4 260 262 (-11392 3136 1152 ) (-11296 3136 1152 ) (-11296 3136 1180 ) (-11392 3136 1180 ) 
4 261 268 (-11296 3592 1151 ) (-11296 3584 1151 ) (-11392 3584 1151 ) (-11392 3592 1151 ) 
4 262 275 (-11264 3072 1152 ) (-11264 3072 1180 ) (-11520 3072 1180 ) (-11520 3072 1152 ) 
4 262 226 (-11896 3072 1152 ) (-11896 3072 1180 ) (-11896 3136 1180 ) (-11896 3136 1152 ) 
4 263 269 (-11392 3968 1100 ) (-11296 3968 1100 ) (-11296 3960 1100 ) (-11392 3960 1100 ) 
4 263 267 (-11392 3960 1100 ) (-11296 3960 1100 ) (-11296 3960 1151 ) (-11392 3960 1151 ) 
4 264 265 (-11496 3966 1151 ) (-11496 3966 1100 ) (-11416 3966 1100 ) (-11416 3966 1151 ) 
4 265 266 (-11496 3962 1151 ) (-11496 3962 1100 ) (-11416 3962 1100 ) (-11416 3962 1151 ) 
4 266 226 (-11496 3960 1100 ) (-11416 3960 1100 ) (-11416 3960 1151 ) (-11496 3960 1151 ) 
4 267 270 (-11392 3960 1100 ) (-11296 3960 1100 ) (-11296 3592 1100 ) (-11392 3592 1100 ) 
4 267 268 (-11392 3592 1100 ) (-11296 3592 1100 ) (-11296 3592 1151 ) (-11392 3592 1151 ) 
4 268 271 (-11392 3592 1100 ) (-11296 3592 1100 ) (-11296 3584 1100 ) (-11392 3584 1100 ) 
4 269 272 (-11392 3968 1056 ) (-11296 3968 1056 ) (-11296 3960 1056 ) (-11392 3960 1056 ) 
4 269 270 (-11392 3960 1056 ) (-11296 3960 1056 ) (-11296 3960 1100 ) (-11392 3960 1100 ) 
4 270 272 (-11392 3960 1056 ) (-11296 3960 1056 ) (-11296 3592 1056 ) (-11392 3592 1056 ) 
4 270 271 (-11392 3592 1056 ) (-11296 3592 1056 ) (-11296 3592 1100 ) (-11392 3592 1100 ) 
4 271 272 (-11296 3592 1056 ) (-11296 3584 1056 ) (-11392 3584 1056 ) (-11392 3592 1056 ) 
4 272 226 (-11392 4096 928 ) (-11392 3968 928 ) (-11392 3968 1056 ) (-11392 4096 1056 ) 
4 273 276 (-12288 2048 1216 ) (-12288 2048 2944 ) (-12288 3072 2944 ) (-12288 3072 1216 ) 
4 273 275 (-11264 2048 1216 ) (-11520 2048 1216 ) (-11520 3072 1216 ) (-11264 3072 1216 ) 
4 274 278 (-12288 2048 896 ) (-12288 2048 1126 ) (-12288 3072 1126 ) (-12288 3072 896 ) 
4 276 277 (-12800 2048 1216 ) (-13056 2048 1216 ) (-13056 3072 1216 ) (-12800 3072 1216 ) 
