


materialPath: D:\Steam\steamapps\common\Source SDK Base 2013 Multiplayer\tf\materials
Loading E:\TF2 Mods and Maps\maps\LFCE Fixed Maps\d2_coast_10_d.vmf
ConVarRef mat_reduceparticles doesn't point to an existing ConVar
"concrete/blendconcretegravel001a" - "materials/concrete/blendconcretegravel001a.vtf": cached version doesn't exist
"dev/dev_windowportal" - "materials/dev/dev_windowportal.vtf": cached version doesn't exist
material "misc-lfe/citadel" not found.
Material not found!: MISC-LFE/CITADEL
Could not locate GameData file tf_coop_extended.fgd
Patching WVT material: maps/d2_coast_10_d/nature/blendgrassgravel001b_wvt_patch
Patching WVT material: maps/d2_coast_10_d/concrete/blendconcretegravel001a_wvt_patch
Patching WVT material: maps/d2_coast_10_d/nature/blenddirtgrass008a_wvt_patch
Patching WVT material: maps/d2_coast_10_d/nature/blendrockdirt007d_wvt_patch
fixing up env_cubemap materials on brush sides...
0...1...2...3...4...5...6...7...8...9...100...1...2...3...4...5...6...7...8...9...10Processing areas...done (0)
Building Faces...done (0)
Chop Details...done (0)
Find Visible Detail Sides...
Merged 196 detail faces...done (0)
Merging details...done (0)
FixTjuncs...
PruneNodes...
WriteBSP...
done (1)
writing E:\TF2 Mods and Maps\maps\LFCE Fixed Maps\d2_coast_10_d.prt...Building visibility clusters...
done (0)
Creating default LDR cubemaps for env_cubemap using skybox materials:
   skybox/sky_day02_07_hdr*.vmt
 ! Run buildcubemaps in the engine to get the correct cube maps.
Creating default HDR cubemaps for env_cubemap using skybox materials:
   skybox/sky_day02_07_hdr*.vmt
 ! Run buildcubemaps in the engine to get the correct cube maps.
Finding displacement neighbors...
Found a displacement edge abutting multiple other edges.
Warning: invalid neighbor connection on displacement near (6144.00 -1024.00 896.00)
Warning: invalid neighbor connection on displacement near (6144.00 -1024.00 -256.00)
Warning: invalid neighbor connection on displacement near (5120.00 -1536.00 896.00)
Finding lightmap sample positions...
Displacement Alpha : 0...1...2...3...4...5...6...7...8...9...10
Building Physics collision data...
done (1) (441056 bytes)
Placing detail props : 0...1...2...3...4...5...6...7...8...9...10
Compacting texture/material tables...
Reduced 3035 texinfos to 1303
Reduced 191 texdatas to 165 (7919 bytes to 6956)
Writing E:\TF2 Mods and Maps\maps\LFCE Fixed Maps\d2_coast_10_d.bsp
MSG_FILEWRITE - Filesystem was asked to write to 'E:\TF2 Mods and Maps\maps\LFCE Fixed Maps\d2_coast_10_d.bsp', but we don't own that location. Allowing.
Wrote ZIP buffer, estimated size 8667168, actual size 8625682
3 seconds elapsed
CMaterialDict::Shutdown m_MissingList count: 1



8 threads
reading e:\tf2 mods and maps\maps\lfce fixed maps\d2_coast_10_d.bsp
reading e:\tf2 mods and maps\maps\lfce fixed maps\d2_coast_10_d.prt
1679 portalclusters
4812 numportals
0...1...2...3...4...5...6...7...8...9...10Optimized: 49047 visible clusters (1.96%)
Total clusters visible: 2506982
Average clusters visible: 1493
Building PAS...
Average clusters audible: 1673
visdatasize:709748  compressed from 725328
writing e:\tf2 mods and maps\maps\lfce fixed maps\d2_coast_10_d.bsp
MSG_FILEWRITE - Filesystem was asked to write to 'e:\tf2 mods and maps\maps\lfce fixed maps\d2_coast_10_d.bsp', but we don't own that location. Allowing.
0 seconds elapsed



[Reading texlights from 'lights.rad']
[50 texlights parsed from 'lights.rad']

Loading e:\tf2 mods and maps\maps\lfce fixed maps\d2_coast_10_d.bsp
11233 faces
4 degenerate faces
32439470 square feet [4671283712.00 square inches]
191 Displacements
1542083 Square Feet [222059984.00 Square Inches]
11229 patches before subdivision
11229 patches after subdivision
39 direct lights
0...1...2...3...4...5...6...7...8...9...100...1...2...3...4...5...6...7...8...9...10transfers 5266200, max 4542
transfer lists:  40.2 megs
0...1...2...3...4...5...6...7...8...9...10	Bounce #1 added RGB(18139, 18213, 13423)
0...1...2...3...4...5...6...7...8...9...10	Bounce #2 added RGB(6776, 6743, 4613)
0...1...2...3...4...5...6...7...8...9...10	Bounce #3 added RGB(791, 780, 482)
0...1...2...3...4...5...6...7...8...9...10	Bounce #4 added RGB(248, 241, 142)
0...1...2...3...4...5...6...7...8...9...10	Bounce #5 added RGB(59, 57, 34)
0...1...2...3...4...5...6...7...8...9...10	Bounce #6 added RGB(17, 17, 10)
0...1...2...3...4...5...6...7...8...9...10	Bounce #7 added RGB(5, 5, 3)
0...1...2...3...4...5...6...7...8...9...10	Bounce #8 added RGB(1, 1, 1)
0...1...2...3...4...5...6...7...8...9...10	Bounce #9 added RGB(0, 0, 0)
Build Patch/Sample Hash Table(s).....Done<0.1968 sec>
0...1...2...3...4...5...6...7...8...9...10FinalLightFace Done
Computing detail prop lighting : 0...1...2...3...4...5...6...7...8...9...10
0 of 31 (0% of) surface lights went in leaf ambient cubes.
0...1...2...3...4...5...6...7...8...9...10Writing leaf ambient...done
Ready to Finish

Object names       Objects/Maxobjs  Memory / Maxmem  Fullness 
------------       ---------------  ---------------  -------- 
models                 126/1024         6048/49152    (12.3%) 
brushes               1162/8192        13944/98304    (14.2%) 
brushsides           11922/65536       95376/524288   (18.2%) 
planes                8106/65536      162120/1310720  (12.4%) 
vertexes             15111/65536      181332/786432   (23.1%) 
nodes                 6139/65536      196448/2097152  ( 9.4%) 
texinfos              1303/12288       93816/884736   (10.6%) 
texdata                165/2048         5280/65536    ( 8.1%) 
dispinfos              191/0           33616/0        ( 0.0%) 
disp_verts            5111/0          102220/0        ( 0.0%) 
disp_tris             6688/0           13376/0        ( 0.0%) 
disp_lmsamples      388264/0          388264/0        ( 0.0%) 
faces                11233/65536      629048/3670016  (17.1%) 
hdr faces                0/65536           0/3670016  ( 0.0%) 
origfaces             3350/65536      187600/3670016  ( 5.1%) 
leaves                6266/65536      200512/2097152  ( 9.6%) 
leaffaces            12670/65536       25340/131072   (19.3%) 
leafbrushes           6152/65536       12304/131072   ( 9.4%) 
areas                   13/256           104/2048     ( 5.1%) 
surfedges            62243/512000     248972/2048000  (12.2%) 
edges                35551/256000     142204/1024000  (13.9%) 
LDR worldlights         39/8192         3432/720896   ( 0.5%) 
HDR worldlights          0/8192            0/720896   ( 0.0%) 
leafwaterdata            1/32768          12/393216   ( 0.0%) 
waterstrips            500/32768        5000/327680   ( 1.5%) 
waterverts               0/65536           0/786432   ( 0.0%) 
waterindices          8700/65536       17400/131072   (13.3%) 
cubemapsamples          98/1024         1568/16384    ( 9.6%) 
overlays                30/512         10560/180224   ( 5.9%) 
LDR lightdata         [variable]    38675624/0        ( 0.0%) 
HDR lightdata         [variable]           0/0        ( 0.0%) 
visdata               [variable]      709748/16777216 ( 4.2%) 
entdata               [variable]      263045/393216   (66.9%) 
LDR ambient table     6266/65536       25064/262144   ( 9.6%) 
HDR ambient table     6266/65536       25064/262144   ( 9.6%) 
LDR leaf ambient     22133/65536      619724/1835008  (33.8%) 
HDR leaf ambient      6266/65536      175448/1835008  ( 9.6%) 
occluders                0/0               0/0        ( 0.0%) 
occluder polygons        0/0               0/0        ( 0.0%) 
occluder vert ind        0/0               0/0        ( 0.0%) 
detail props          [variable]           1/625380   ( 0.0%) 
dtl prp lght          [variable]           1/4        (25.0%) 
HDR dtl prp lght      [variable]           1/4        (25.0%) 
static props          [variable]           1/13536    ( 0.0%) 
pakfile               [variable]     8625682/0        ( 0.0%) 
physics               [variable]      441056/4194304  (10.5%) 
physics terrain       [variable]       38517/1048576  ( 3.7%) 

Level flags = 0

Total triangle count: 26189
Writing e:\tf2 mods and maps\maps\lfce fixed maps\d2_coast_10_d.bsp
33 seconds elapsed



materialPath: D:\Steam\steamapps\common\Source SDK Base 2013 Multiplayer\tf\materials
Loading E:\TF2 Mods and Maps\maps\LFCE Fixed Maps\d2_coast_10_d.vmf
ConVarRef mat_reduceparticles doesn't point to an existing ConVar
"concrete/blendconcretegravel001a" - "materials/concrete/blendconcretegravel001a.vtf": cached version doesn't exist
"dev/dev_windowportal" - "materials/dev/dev_windowportal.vtf": cached version doesn't exist
material "misc-lfe/citadel" not found.
Material not found!: MISC-LFE/CITADEL
Could not locate GameData file tf_coop_extended.fgd
Patching WVT material: maps/d2_coast_10_d/nature/blendgrassgravel001b_wvt_patch
Patching WVT material: maps/d2_coast_10_d/concrete/blendconcretegravel001a_wvt_patch
Patching WVT material: maps/d2_coast_10_d/nature/blenddirtgrass008a_wvt_patch
Patching WVT material: maps/d2_coast_10_d/nature/blendrockdirt007d_wvt_patch
fixing up env_cubemap materials on brush sides...
0...1...2...3...4...5...6...7...8...9...100...1...2...3...4...5...6...7...8...9...10Processing areas...done (0)
Building Faces...done (0)
Chop Details...done (0)
Find Visible Detail Sides...
Merged 196 detail faces...done (0)
Merging details...done (0)
FixTjuncs...
PruneNodes...
WriteBSP...
done (1)
writing E:\TF2 Mods and Maps\maps\LFCE Fixed Maps\d2_coast_10_d.prt...Building visibility clusters...
done (0)
Creating default LDR cubemaps for env_cubemap using skybox materials:
   skybox/sky_day02_07_hdr*.vmt
 ! Run buildcubemaps in the engine to get the correct cube maps.
Creating default HDR cubemaps for env_cubemap using skybox materials:
   skybox/sky_day02_07_hdr*.vmt
 ! Run buildcubemaps in the engine to get the correct cube maps.
Finding displacement neighbors...
Found a displacement edge abutting multiple other edges.
Warning: invalid neighbor connection on displacement near (6144.00 -1024.00 896.00)
Warning: invalid neighbor connection on displacement near (6144.00 -1024.00 -256.00)
Warning: invalid neighbor connection on displacement near (5120.00 -1536.00 896.00)
Finding lightmap sample positions...
Displacement Alpha : 0...1...2...3...4...5...6...7...8...9...10
Building Physics collision data...
done (1) (442168 bytes)
Placing detail props : 0...1...2...3...4...5...6...7...8...9...10
Compacting texture/material tables...
Reduced 3041 texinfos to 1309
Reduced 191 texdatas to 165 (7919 bytes to 6956)
Writing E:\TF2 Mods and Maps\maps\LFCE Fixed Maps\d2_coast_10_d.bsp
MSG_FILEWRITE - Filesystem was asked to write to 'E:\TF2 Mods and Maps\maps\LFCE Fixed Maps\d2_coast_10_d.bsp', but we don't own that location. Allowing.
Wrote ZIP buffer, estimated size 8667168, actual size 8625682
3 seconds elapsed
CMaterialDict::Shutdown m_MissingList count: 1



8 threads
reading e:\tf2 mods and maps\maps\lfce fixed maps\d2_coast_10_d.bsp
reading e:\tf2 mods and maps\maps\lfce fixed maps\d2_coast_10_d.prt
1679 portalclusters
4812 numportals
0...1...2...3...4...5...6...7...8...9...10Optimized: 49047 visible clusters (1.96%)
Total clusters visible: 2506982
Average clusters visible: 1493
Building PAS...
Average clusters audible: 1673
visdatasize:709748  compressed from 725328
writing e:\tf2 mods and maps\maps\lfce fixed maps\d2_coast_10_d.bsp
MSG_FILEWRITE - Filesystem was asked to write to 'e:\tf2 mods and maps\maps\lfce fixed maps\d2_coast_10_d.bsp', but we don't own that location. Allowing.
0 seconds elapsed



[Reading texlights from 'lights.rad']
[50 texlights parsed from 'lights.rad']

Loading e:\tf2 mods and maps\maps\lfce fixed maps\d2_coast_10_d.bsp
11245 faces
4 degenerate faces
32446952 square feet [4672360960.00 square inches]
191 Displacements
1542083 Square Feet [222059984.00 Square Inches]
11241 patches before subdivision
11241 patches after subdivision
39 direct lights
0...1...2...3...4...5...6...7...8...9...100...1...2...3...4...5...6...7...8...9...10transfers 5266499, max 4542
transfer lists:  40.2 megs
0...1...2...3...4...5...6...7...8...9...10	Bounce #1 added RGB(18141, 18215, 13425)
0...1...2...3...4...5...6...7...8...9...10	Bounce #2 added RGB(6776, 6743, 4614)
0...1...2...3...4...5...6...7...8...9...10	Bounce #3 added RGB(791, 780, 482)
0...1...2...3...4...5...6...7...8...9...10	Bounce #4 added RGB(248, 241, 142)
0...1...2...3...4...5...6...7...8...9...10	Bounce #5 added RGB(59, 57, 34)
0...1...2...3...4...5...6...7...8...9...10	Bounce #6 added RGB(17, 17, 10)
0...1...2...3...4...5...6...7...8...9...10	Bounce #7 added RGB(5, 5, 3)
0...1...2...3...4...5...6...7...8...9...10	Bounce #8 added RGB(1, 1, 1)
0...1...2...3...4...5...6...7...8...9...10	Bounce #9 added RGB(0, 0, 0)
Build Patch/Sample Hash Table(s).....Done<0.2013 sec>
0...1...2...3...4...5...6...7...8...9...10FinalLightFace Done
Computing detail prop lighting : 0...1...2...3...4...5...6...7...8...9...10
0 of 31 (0% of) surface lights went in leaf ambient cubes.
0...1...2...3...4...5...6...7...8...9...10Writing leaf ambient...done
Ready to Finish

Object names       Objects/Maxobjs  Memory / Maxmem  Fullness 
------------       ---------------  ---------------  -------- 
models                 128/1024         6144/49152    (12.5%) 
brushes               1164/8192        13968/98304    (14.2%) 
brushsides           11938/65536       95504/524288   (18.2%) 
planes                8132/65536      162640/1310720  (12.4%) 
vertexes             15127/65536      181524/786432   (23.1%) 
nodes                 6151/65536      196832/2097152  ( 9.4%) 
texinfos              1309/12288       94248/884736   (10.7%) 
texdata                165/2048         5280/65536    ( 8.1%) 
dispinfos              191/0           33616/0        ( 0.0%) 
disp_verts            5111/0          102220/0        ( 0.0%) 
disp_tris             6688/0           13376/0        ( 0.0%) 
disp_lmsamples      388264/0          388264/0        ( 0.0%) 
faces                11245/65536      629720/3670016  (17.2%) 
hdr faces                0/65536           0/3670016  ( 0.0%) 
origfaces             3362/65536      188272/3670016  ( 5.1%) 
leaves                6280/65536      200960/2097152  ( 9.6%) 
leaffaces            12682/65536       25364/131072   (19.4%) 
leafbrushes           6154/65536       12308/131072   ( 9.4%) 
areas                   13/256           104/2048     ( 5.1%) 
surfedges            62339/512000     249356/2048000  (12.2%) 
edges                35599/256000     142396/1024000  (13.9%) 
LDR worldlights         39/8192         3432/720896   ( 0.5%) 
HDR worldlights          0/8192            0/720896   ( 0.0%) 
leafwaterdata            1/32768          12/393216   ( 0.0%) 
waterstrips            500/32768        5000/327680   ( 1.5%) 
waterverts               0/65536           0/786432   ( 0.0%) 
waterindices          8700/65536       17400/131072   (13.3%) 
cubemapsamples          98/1024         1568/16384    ( 9.6%) 
overlays                30/512         10560/180224   ( 5.9%) 
LDR lightdata         [variable]    38675624/0        ( 0.0%) 
HDR lightdata         [variable]           0/0        ( 0.0%) 
visdata               [variable]      709748/16777216 ( 4.2%) 
entdata               [variable]      263436/393216   (67.0%) 
LDR ambient table     6280/65536       25120/262144   ( 9.6%) 
HDR ambient table     6280/65536       25120/262144   ( 9.6%) 
LDR leaf ambient     22207/65536      621796/1835008  (33.9%) 
HDR leaf ambient      6280/65536      175840/1835008  ( 9.6%) 
occluders                0/0               0/0        ( 0.0%) 
occluder polygons        0/0               0/0        ( 0.0%) 
occluder vert ind        0/0               0/0        ( 0.0%) 
detail props          [variable]           1/625380   ( 0.0%) 
dtl prp lght          [variable]           1/4        (25.0%) 
HDR dtl prp lght      [variable]           1/4        (25.0%) 
static props          [variable]           1/13536    ( 0.0%) 
pakfile               [variable]     8625682/0        ( 0.0%) 
physics               [variable]      442168/4194304  (10.5%) 
physics terrain       [variable]       38517/1048576  ( 3.7%) 

Level flags = 0

Total triangle count: 26213
Writing e:\tf2 mods and maps\maps\lfce fixed maps\d2_coast_10_d.bsp
34 seconds elapsed



materialPath: D:\Steam\steamapps\common\Source SDK Base 2013 Multiplayer\tf\materials
Loading E:\TF2 Mods and Maps\maps\LFCE Fixed Maps\d2_coast_10_d.vmf
ConVarRef mat_reduceparticles doesn't point to an existing ConVar
"concrete/blendconcretegravel001a" - "materials/concrete/blendconcretegravel001a.vtf": cached version doesn't exist
"dev/dev_windowportal" - "materials/dev/dev_windowportal.vtf": cached version doesn't exist
material "misc-lfe/citadel" not found.
Material not found!: MISC-LFE/CITADEL
Could not locate GameData file tf_coop_extended.fgd
Patching WVT material: maps/d2_coast_10_d/nature/blendgrassgravel001b_wvt_patch
Patching WVT material: maps/d2_coast_10_d/concrete/blendconcretegravel001a_wvt_patch
Patching WVT material: maps/d2_coast_10_d/nature/blenddirtgrass008a_wvt_patch
Patching WVT material: maps/d2_coast_10_d/nature/blendrockdirt007d_wvt_patch
fixing up env_cubemap materials on brush sides...
0...1...2...3...4...5...6...7...8...9...100...1...2...3...4...5...6...7...8...9...10Processing areas...done (0)
Building Faces...done (0)
Chop Details...done (0)
Find Visible Detail Sides...
Merged 196 detail faces...done (0)
Merging details...done (1)
FixTjuncs...
PruneNodes...
WriteBSP...
done (0)
writing E:\TF2 Mods and Maps\maps\LFCE Fixed Maps\d2_coast_10_d.prt...Building visibility clusters...
done (0)
Creating default LDR cubemaps for env_cubemap using skybox materials:
   skybox/sky_day02_07_hdr*.vmt
 ! Run buildcubemaps in the engine to get the correct cube maps.
Creating default HDR cubemaps for env_cubemap using skybox materials:
   skybox/sky_day02_07_hdr*.vmt
 ! Run buildcubemaps in the engine to get the correct cube maps.
Finding displacement neighbors...
Found a displacement edge abutting multiple other edges.
Warning: invalid neighbor connection on displacement near (6144.00 -1024.00 896.00)
Warning: invalid neighbor connection on displacement near (6144.00 -1024.00 -256.00)
Warning: invalid neighbor connection on displacement near (5120.00 -1536.00 896.00)
Finding lightmap sample positions...
Displacement Alpha : 0...1...2...3...4...5...6...7...8...9...10
Building Physics collision data...
done (1) (443444 bytes)
Placing detail props : 0...1...2...3...4...5...6...7...8...9...10
Compacting texture/material tables...
Reduced 3040 texinfos to 1303
Reduced 191 texdatas to 165 (7919 bytes to 6956)
Writing E:\TF2 Mods and Maps\maps\LFCE Fixed Maps\d2_coast_10_d.bsp
MSG_FILEWRITE - Filesystem was asked to write to 'E:\TF2 Mods and Maps\maps\LFCE Fixed Maps\d2_coast_10_d.bsp', but we don't own that location. Allowing.
Wrote ZIP buffer, estimated size 8667168, actual size 8625682
3 seconds elapsed
CMaterialDict::Shutdown m_MissingList count: 1



8 threads
reading e:\tf2 mods and maps\maps\lfce fixed maps\d2_coast_10_d.bsp
reading e:\tf2 mods and maps\maps\lfce fixed maps\d2_coast_10_d.prt
1679 portalclusters
4812 numportals
0...1...2...3...4...5...6...7...8...9...10Optimized: 49047 visible clusters (1.96%)
Total clusters visible: 2506982
Average clusters visible: 1493
Building PAS...
Average clusters audible: 1673
visdatasize:709748  compressed from 725328
writing e:\tf2 mods and maps\maps\lfce fixed maps\d2_coast_10_d.bsp
MSG_FILEWRITE - Filesystem was asked to write to 'e:\tf2 mods and maps\maps\lfce fixed maps\d2_coast_10_d.bsp', but we don't own that location. Allowing.
0 seconds elapsed



[Reading texlights from 'lights.rad']
[50 texlights parsed from 'lights.rad']

Loading e:\tf2 mods and maps\maps\lfce fixed maps\d2_coast_10_d.bsp
11233 faces
4 degenerate faces
32439470 square feet [4671283712.00 square inches]
191 Displacements
1542083 Square Feet [222059984.00 Square Inches]
11229 patches before subdivision
11229 patches after subdivision
39 direct lights
0...1...2...3...4...5...6...7...8...9...100...1...2...3...4...5...6...7...8...9...10transfers 5266213, max 4542
transfer lists:  40.2 megs
0...1...2...3...4...5...6...7...8...9...10	Bounce #1 added RGB(18139, 18213, 13423)
0...1...2...3...4...5...6...7...8...9...10	Bounce #2 added RGB(6776, 6743, 4613)
0...1...2...3...4...5...6...7...8...9...10	Bounce #3 added RGB(791, 780, 482)
0...1...2...3...4...5...6...7...8...9...10	Bounce #4 added RGB(248, 241, 142)
0...1...2...3...4...5...6...7...8...9...10	Bounce #5 added RGB(59, 57, 34)
0...1...2...3...4...5...6...7...8...9...10	Bounce #6 added RGB(17, 17, 10)
0...1...2...3...4...5...6...7...8...9...10	Bounce #7 added RGB(5, 5, 3)
0...1...2...3...4...5...6...7...8...9...10	Bounce #8 added RGB(1, 1, 1)
0...1...2...3...4...5...6...7...8...9...10	Bounce #9 added RGB(0, 0, 0)
Build Patch/Sample Hash Table(s).....Done<0.2045 sec>
0...1...2...3...4...5...6...7...8...9...10FinalLightFace Done
Computing detail prop lighting : 0...1...2...3...4...5...6...7...8...9...10
0 of 31 (0% of) surface lights went in leaf ambient cubes.
0...1...2...3...4...5...6...7...8...9...10Writing leaf ambient...done
Ready to Finish

Object names       Objects/Maxobjs  Memory / Maxmem  Fullness 
------------       ---------------  ---------------  -------- 
models                 127/1024         6096/49152    (12.4%) 
brushes               1166/8192        13992/98304    (14.2%) 
brushsides           11990/65536       95920/524288   (18.3%) 
planes                8362/65536      167240/1310720  (12.8%) 
vertexes             15111/65536      181332/786432   (23.1%) 
nodes                 6203/65536      198496/2097152  ( 9.5%) 
texinfos              1303/12288       93816/884736   (10.6%) 
texdata                165/2048         5280/65536    ( 8.1%) 
dispinfos              191/0           33616/0        ( 0.0%) 
disp_verts            5111/0          102220/0        ( 0.0%) 
disp_tris             6688/0           13376/0        ( 0.0%) 
disp_lmsamples      388264/0          388264/0        ( 0.0%) 
faces                11233/65536      629048/3670016  (17.1%) 
hdr faces                0/65536           0/3670016  ( 0.0%) 
origfaces             3350/65536      187600/3670016  ( 5.1%) 
leaves                6331/65536      202592/2097152  ( 9.7%) 
leaffaces            12670/65536       25340/131072   (19.3%) 
leafbrushes           6180/65536       12360/131072   ( 9.4%) 
areas                   13/256           104/2048     ( 5.1%) 
surfedges            62243/512000     248972/2048000  (12.2%) 
edges                35551/256000     142204/1024000  (13.9%) 
LDR worldlights         39/8192         3432/720896   ( 0.5%) 
HDR worldlights          0/8192            0/720896   ( 0.0%) 
leafwaterdata            1/32768          12/393216   ( 0.0%) 
waterstrips            500/32768        5000/327680   ( 1.5%) 
waterverts               0/65536           0/786432   ( 0.0%) 
waterindices          8700/65536       17400/131072   (13.3%) 
cubemapsamples          98/1024         1568/16384    ( 9.6%) 
overlays                30/512         10560/180224   ( 5.9%) 
LDR lightdata         [variable]    38675624/0        ( 0.0%) 
HDR lightdata         [variable]           0/0        ( 0.0%) 
visdata               [variable]      709748/16777216 ( 4.2%) 
entdata               [variable]      263468/393216   (67.0%) 
LDR ambient table     6331/65536       25324/262144   ( 9.7%) 
HDR ambient table     6331/65536       25324/262144   ( 9.7%) 
LDR leaf ambient     22618/65536      633304/1835008  (34.5%) 
HDR leaf ambient      6331/65536      177268/1835008  ( 9.7%) 
occluders                0/0               0/0        ( 0.0%) 
occluder polygons        0/0               0/0        ( 0.0%) 
occluder vert ind        0/0               0/0        ( 0.0%) 
detail props          [variable]           1/625380   ( 0.0%) 
dtl prp lght          [variable]           1/4        (25.0%) 
HDR dtl prp lght      [variable]           1/4        (25.0%) 
static props          [variable]           1/13538    ( 0.0%) 
pakfile               [variable]     8625682/0        ( 0.0%) 
physics               [variable]      443444/4194304  (10.6%) 
physics terrain       [variable]       38517/1048576  ( 3.7%) 

Level flags = 0

Total triangle count: 26189
Writing e:\tf2 mods and maps\maps\lfce fixed maps\d2_coast_10_d.bsp
33 seconds elapsed



materialPath: D:\Steam\steamapps\common\Source SDK Base 2013 Multiplayer\tf\materials
Loading E:\TF2 Mods and Maps\maps\LFCE Fixed Maps\d2_coast_10_d.vmf
ConVarRef mat_reduceparticles doesn't point to an existing ConVar
"concrete/blendconcretegravel001a" - "materials/concrete/blendconcretegravel001a.vtf": cached version doesn't exist
"dev/dev_windowportal" - "materials/dev/dev_windowportal.vtf": cached version doesn't exist
material "misc-lfe/citadel" not found.
Material not found!: MISC-LFE/CITADEL
Could not locate GameData file tf_coop_extended.fgd
Patching WVT material: maps/d2_coast_10_d/nature/blendgrassgravel001b_wvt_patch
Patching WVT material: maps/d2_coast_10_d/concrete/blendconcretegravel001a_wvt_patch
Patching WVT material: maps/d2_coast_10_d/nature/blenddirtgrass008a_wvt_patch
Patching WVT material: maps/d2_coast_10_d/nature/blendrockdirt007d_wvt_patch
fixing up env_cubemap materials on brush sides...
0...1...2...3...4...5...6...7...8...9...100...1...2...3...4...5...6...7...8...9...10Processing areas...done (0)
Building Faces...done (0)
Chop Details...done (0)
Find Visible Detail Sides...
Merged 196 detail faces...done (0)
Merging details...done (0)
FixTjuncs...
PruneNodes...
WriteBSP...
done (0)
writing E:\TF2 Mods and Maps\maps\LFCE Fixed Maps\d2_coast_10_d.prt...Building visibility clusters...
done (0)
Creating default LDR cubemaps for env_cubemap using skybox materials:
   skybox/sky_day02_07_hdr*.vmt
 ! Run buildcubemaps in the engine to get the correct cube maps.
Creating default HDR cubemaps for env_cubemap using skybox materials:
   skybox/sky_day02_07_hdr*.vmt
 ! Run buildcubemaps in the engine to get the correct cube maps.
Finding displacement neighbors...
Found a displacement edge abutting multiple other edges.
Warning: invalid neighbor connection on displacement near (6144.00 -1024.00 896.00)
Warning: invalid neighbor connection on displacement near (6144.00 -1024.00 -256.00)
Warning: invalid neighbor connection on displacement near (5120.00 -1536.00 896.00)
Finding lightmap sample positions...
Displacement Alpha : 0...1...2...3...4...5...6...7...8...9...10
Building Physics collision data...
done (1) (443999 bytes)
Placing detail props : 0...1...2...3...4...5...6...7...8...9...10
Compacting texture/material tables...
Reduced 3043 texinfos to 1303
Reduced 191 texdatas to 165 (7919 bytes to 6956)
Writing E:\TF2 Mods and Maps\maps\LFCE Fixed Maps\d2_coast_10_d.bsp
MSG_FILEWRITE - Filesystem was asked to write to 'E:\TF2 Mods and Maps\maps\LFCE Fixed Maps\d2_coast_10_d.bsp', but we don't own that location. Allowing.
Wrote ZIP buffer, estimated size 8667168, actual size 8625682
3 seconds elapsed
CMaterialDict::Shutdown m_MissingList count: 1



8 threads
reading e:\tf2 mods and maps\maps\lfce fixed maps\d2_coast_10_d.bsp
reading e:\tf2 mods and maps\maps\lfce fixed maps\d2_coast_10_d.prt
1679 portalclusters
4812 numportals
0...1...2...3...4...5...6...7...8...9...10Optimized: 49047 visible clusters (1.96%)
Total clusters visible: 2506982
Average clusters visible: 1493
Building PAS...
Average clusters audible: 1673
visdatasize:709748  compressed from 725328
writing e:\tf2 mods and maps\maps\lfce fixed maps\d2_coast_10_d.bsp
MSG_FILEWRITE - Filesystem was asked to write to 'e:\tf2 mods and maps\maps\lfce fixed maps\d2_coast_10_d.bsp', but we don't own that location. Allowing.
1 second elapsed



[Reading texlights from 'lights.rad']
[50 texlights parsed from 'lights.rad']

Loading e:\tf2 mods and maps\maps\lfce fixed maps\d2_coast_10_d.bsp
11233 faces
4 degenerate faces
32439470 square feet [4671283712.00 square inches]
191 Displacements
1542083 Square Feet [222059984.00 Square Inches]
11229 patches before subdivision
11229 patches after subdivision
39 direct lights
0...1...2...3...4...5...6...7...8...9...100...1...2...3...4...5...6...7...8...9...10transfers 5266200, max 4542
transfer lists:  40.2 megs
0...1...2...3...4...5...6...7...8...9...10	Bounce #1 added RGB(18139, 18213, 13423)
0...1...2...3...4...5...6...7...8...9...10	Bounce #2 added RGB(6776, 6743, 4613)
0...1...2...3...4...5...6...7...8...9...10	Bounce #3 added RGB(791, 780, 482)
0...1...2...3...4...5...6...7...8...9...10	Bounce #4 added RGB(248, 241, 142)
0...1...2...3...4...5...6...7...8...9...10	Bounce #5 added RGB(59, 57, 34)
0...1...2...3...4...5...6...7...8...9...10	Bounce #6 added RGB(17, 17, 10)
0...1...2...3...4...5...6...7...8...9...10	Bounce #7 added RGB(5, 5, 3)
0...1...2...3...4...5...6...7...8...9...10	Bounce #8 added RGB(1, 1, 1)
0...1...2...3...4...5...6...7...8...9...10	Bounce #9 added RGB(0, 0, 0)
Build Patch/Sample Hash Table(s).....Done<0.2195 sec>
0...1...2...3...4...5...6...7...8...9...10FinalLightFace Done
Computing detail prop lighting : 0...1...2...3...4...5...6...7...8...9...10
0 of 31 (0% of) surface lights went in leaf ambient cubes.
0...1...2...3...4...5...6...7...8...9...10Writing leaf ambient...done
Ready to Finish

Object names       Objects/Maxobjs  Memory / Maxmem  Fullness 
------------       ---------------  ---------------  -------- 
models                 128/1024         6144/49152    (12.5%) 
brushes               1167/8192        14004/98304    (14.2%) 
brushsides           12014/65536       96112/524288   (18.3%) 
planes                8450/65536      169000/1310720  (12.9%) 
vertexes             15111/65536      181332/786432   (23.1%) 
nodes                 6207/65536      198624/2097152  ( 9.5%) 
texinfos              1303/12288       93816/884736   (10.6%) 
texdata                165/2048         5280/65536    ( 8.1%) 
dispinfos              191/0           33616/0        ( 0.0%) 
disp_verts            5111/0          102220/0        ( 0.0%) 
disp_tris             6688/0           13376/0        ( 0.0%) 
disp_lmsamples      388264/0          388264/0        ( 0.0%) 
faces                11233/65536      629048/3670016  (17.1%) 
hdr faces                0/65536           0/3670016  ( 0.0%) 
origfaces             3350/65536      187600/3670016  ( 5.1%) 
leaves                6336/65536      202752/2097152  ( 9.7%) 
leaffaces            12670/65536       25340/131072   (19.3%) 
leafbrushes           6181/65536       12362/131072   ( 9.4%) 
areas                   13/256           104/2048     ( 5.1%) 
surfedges            62243/512000     248972/2048000  (12.2%) 
edges                35551/256000     142204/1024000  (13.9%) 
LDR worldlights         39/8192         3432/720896   ( 0.5%) 
HDR worldlights          0/8192            0/720896   ( 0.0%) 
leafwaterdata            1/32768          12/393216   ( 0.0%) 
waterstrips            500/32768        5000/327680   ( 1.5%) 
waterverts               0/65536           0/786432   ( 0.0%) 
waterindices          8700/65536       17400/131072   (13.3%) 
cubemapsamples          98/1024         1568/16384    ( 9.6%) 
overlays                30/512         10560/180224   ( 5.9%) 
LDR lightdata         [variable]    38675624/0        ( 0.0%) 
HDR lightdata         [variable]           0/0        ( 0.0%) 
visdata               [variable]      709748/16777216 ( 4.2%) 
entdata               [variable]      263841/393216   (67.1%) 
LDR ambient table     6336/65536       25344/262144   ( 9.7%) 
HDR ambient table     6336/65536       25344/262144   ( 9.7%) 
LDR leaf ambient     22652/65536      634256/1835008  (34.6%) 
HDR leaf ambient      6336/65536      177408/1835008  ( 9.7%) 
occluders                0/0               0/0        ( 0.0%) 
occluder polygons        0/0               0/0        ( 0.0%) 
occluder vert ind        0/0               0/0        ( 0.0%) 
detail props          [variable]           1/625380   ( 0.0%) 
dtl prp lght          [variable]           1/4        (25.0%) 
HDR dtl prp lght      [variable]           1/4        (25.0%) 
static props          [variable]           1/13536    ( 0.0%) 
pakfile               [variable]     8625682/0        ( 0.0%) 
physics               [variable]      443999/4194304  (10.6%) 
physics terrain       [variable]       38517/1048576  ( 3.7%) 

Level flags = 0

Total triangle count: 26189
Writing e:\tf2 mods and maps\maps\lfce fixed maps\d2_coast_10_d.bsp
34 seconds elapsed



materialPath: D:\Steam\steamapps\common\Source SDK Base 2013 Multiplayer\tf\materials
Loading E:\TF2 Mods and Maps\maps\LFCE Fixed Maps\d2_coast_10_d.vmf
ConVarRef mat_reduceparticles doesn't point to an existing ConVar
"concrete/blendconcretegravel001a" - "materials/concrete/blendconcretegravel001a.vtf": cached version doesn't exist
"dev/dev_windowportal" - "materials/dev/dev_windowportal.vtf": cached version doesn't exist
material "misc-lfe/citadel" not found.
Material not found!: MISC-LFE/CITADEL
Could not locate GameData file tf_coop_extended.fgd
Patching WVT material: maps/d2_coast_10_d/nature/blendgrassgravel001b_wvt_patch
Patching WVT material: maps/d2_coast_10_d/concrete/blendconcretegravel001a_wvt_patch
Patching WVT material: maps/d2_coast_10_d/nature/blenddirtgrass008a_wvt_patch
Patching WVT material: maps/d2_coast_10_d/nature/blendrockdirt007d_wvt_patch
fixing up env_cubemap materials on brush sides...
0...1...2...3...4...5...6...7...8...9...100...1...2...3...4...5...6...7...8...9...10Processing areas...done (0)
Building Faces...done (1)
Chop Details...done (0)
Find Visible Detail Sides...
Merged 196 detail faces...done (0)
Merging details...done (0)
FixTjuncs...
PruneNodes...
WriteBSP...
done (0)
writing E:\TF2 Mods and Maps\maps\LFCE Fixed Maps\d2_coast_10_d.prt...Building visibility clusters...
done (0)
Creating default LDR cubemaps for env_cubemap using skybox materials:
   skybox/sky_day02_07_hdr*.vmt
 ! Run buildcubemaps in the engine to get the correct cube maps.
Creating default HDR cubemaps for env_cubemap using skybox materials:
   skybox/sky_day02_07_hdr*.vmt
 ! Run buildcubemaps in the engine to get the correct cube maps.
Finding displacement neighbors...
Found a displacement edge abutting multiple other edges.
Warning: invalid neighbor connection on displacement near (6144.00 -1024.00 896.00)
Warning: invalid neighbor connection on displacement near (6144.00 -1024.00 -256.00)
Warning: invalid neighbor connection on displacement near (5120.00 -1536.00 896.00)
Finding lightmap sample positions...
Displacement Alpha : 0...1...2...3...4...5...6...7...8...9...10
Building Physics collision data...
done (1) (443999 bytes)
Placing detail props : 0...1...2...3...4...5...6...7...8...9...10
Compacting texture/material tables...
Reduced 3043 texinfos to 1303
Reduced 191 texdatas to 165 (7919 bytes to 6956)
Writing E:\TF2 Mods and Maps\maps\LFCE Fixed Maps\d2_coast_10_d.bsp
MSG_FILEWRITE - Filesystem was asked to write to 'E:\TF2 Mods and Maps\maps\LFCE Fixed Maps\d2_coast_10_d.bsp', but we don't own that location. Allowing.
Wrote ZIP buffer, estimated size 8667168, actual size 8625682
3 seconds elapsed
CMaterialDict::Shutdown m_MissingList count: 1



8 threads
reading e:\tf2 mods and maps\maps\lfce fixed maps\d2_coast_10_d.bsp
reading e:\tf2 mods and maps\maps\lfce fixed maps\d2_coast_10_d.prt
1679 portalclusters
4812 numportals
0...1...2...3...4...5...6...7...8...9...100...1...2


materialPath: D:\Steam\steamapps\common\Source SDK Base 2013 Multiplayer\tf\materials
Loading E:\TF2 Mods and Maps\maps\LFCE Fixed Maps\d2_coast_10_d.vmf
ConVarRef mat_reduceparticles doesn't point to an existing ConVar
"concrete/blendconcretegravel001a" - "materials/concrete/blendconcretegravel001a.vtf": cached version doesn't exist
"dev/dev_windowportal" - "materials/dev/dev_windowportal.vtf": cached version doesn't exist
material "misc-lfe/citadel" not found.
Material not found!: MISC-LFE/CITADEL
Could not locate GameData file tf_coop_extended.fgd
Patching WVT material: maps/d2_coast_10_d/nature/blendgrassgravel001b_wvt_patch
Patching WVT material: maps/d2_coast_10_d/concrete/blendconcretegravel001a_wvt_patch
Patching WVT material: maps/d2_coast_10_d/nature/blenddirtgrass008a_wvt_patch
Patching WVT material: maps/d2_coast_10_d/nature/blendrockdirt007d_wvt_patch
fixing up env_cubemap materials on brush sides...
0...1...2...3...4...5...6...7...8...9...100...1...2...3...4...5...6...7...8...9...10Processing areas...done (0)
Building Faces...done (0)
Chop Details...done (0)
Find Visible Detail Sides...
Merged 196 detail faces...done (0)
Merging details...done (0)
FixTjuncs...
PruneNodes...
WriteBSP...
done (1)
writing E:\TF2 Mods and Maps\maps\LFCE Fixed Maps\d2_coast_10_d.prt...Building visibility clusters...
done (0)
Creating default LDR cubemaps for env_cubemap using skybox materials:
   skybox/sky_day02_07_hdr*.vmt
 ! Run buildcubemaps in the engine to get the correct cube maps.
Creating default HDR cubemaps for env_cubemap using skybox materials:
   skybox/sky_day02_07_hdr*.vmt
 ! Run buildcubemaps in the engine to get the correct cube maps.
Finding displacement neighbors...
Found a displacement edge abutting multiple other edges.
Warning: invalid neighbor connection on displacement near (6144.00 -1024.00 896.00)
Warning: invalid neighbor connection on displacement near (6144.00 -1024.00 -256.00)
Warning: invalid neighbor connection on displacement near (5120.00 -1536.00 896.00)
Finding lightmap sample positions...
Displacement Alpha : 0...1...2...3...4...5...6...7...8...9...10
Building Physics collision data...
done (1) (443999 bytes)
Placing detail props : 0...1...2...3...4...5...6...7...8...9...10
Compacting texture/material tables...
Reduced 3043 texinfos to 1303
Reduced 191 texdatas to 165 (7919 bytes to 6956)
Writing E:\TF2 Mods and Maps\maps\LFCE Fixed Maps\d2_coast_10_d.bsp
MSG_FILEWRITE - Filesystem was asked to write to 'E:\TF2 Mods and Maps\maps\LFCE Fixed Maps\d2_coast_10_d.bsp', but we don't own that location. Allowing.
Wrote ZIP buffer, estimated size 8667168, actual size 8625682
3 seconds elapsed
CMaterialDict::Shutdown m_MissingList count: 1



8 threads
reading e:\tf2 mods and maps\maps\lfce fixed maps\d2_coast_10_d.bsp
reading e:\tf2 mods and maps\maps\lfce fixed maps\d2_coast_10_d.prt
1330 portalclusters
3797 numportals
0...1...2...3...4...5...6...7...8...9...100...1...2.


materialPath: D:\Steam\steamapps\common\Source SDK Base 2013 Multiplayer\tf\materials
Loading E:\TF2 Mods and Maps\maps\LFCE Fixed Maps\d2_coast_10_d.vmf
ConVarRef mat_reduceparticles doesn't point to an existing ConVar
"concrete/blendconcretegravel001a" - "materials/concrete/blendconcretegravel001a.vtf": cached version doesn't exist
"dev/dev_windowportal" - "materials/dev/dev_windowportal.vtf": cached version doesn't exist
material "misc-lfe/citadel" not found.
Material not found!: MISC-LFE/CITADEL
Brush 825147: bounds out of range
Could not locate GameData file tf_coop_extended.fgd
Patching WVT material: maps/d2_coast_10_d/nature/blendgrassgravel001b_wvt_patch
Patching WVT material: maps/d2_coast_10_d/concrete/blendconcretegravel001a_wvt_patch
Patching WVT material: maps/d2_coast_10_d/nature/blenddirtgrass008a_wvt_patch
Patching WVT material: maps/d2_coast_10_d/nature/blendrockdirt007d_wvt_patch
fixing up env_cubemap materials on brush sides...
0...1...2...3...4...5...6...7...8...9...100...1...2...3...4...5...6...7...8...9...10Processing areas...done (0)
Building Faces...done (0)
Chop Details...done (0)
Find Visible Detail Sides...
Merged 196 detail faces...done (0)
Merging details...done (0)
FixTjuncs...
PruneNodes...
WriteBSP...
done (0)
writing E:\TF2 Mods and Maps\maps\LFCE Fixed Maps\d2_coast_10_d.prt...Building visibility clusters...
done (0)
Creating default LDR cubemaps for env_cubemap using skybox materials:
   skybox/sky_day02_07_hdr*.vmt
 ! Run buildcubemaps in the engine to get the correct cube maps.
Creating default HDR cubemaps for env_cubemap using skybox materials:
   skybox/sky_day02_07_hdr*.vmt
 ! Run buildcubemaps in the engine to get the correct cube maps.
Finding displacement neighbors...
Found a displacement edge abutting multiple other edges.
Warning: invalid neighbor connection on displacement near (6144.00 -1024.00 896.00)
Warning: invalid neighbor connection on displacement near (6144.00 -1024.00 -256.00)
Warning: invalid neighbor connection on displacement near (5120.00 -1536.00 896.00)
Finding lightmap sample positions...
Displacement Alpha : 0...1...2...3...4...5...6...7...8...9...10
Building Physics collision data...
done (1) (443999 bytes)
Placing detail props : 0...1...2...3...4...5...6...7...8...9...10
Compacting texture/material tables...
Reduced 3043 texinfos to 1303
Reduced 191 texdatas to 165 (7919 bytes to 6956)
Writing E:\TF2 Mods and Maps\maps\LFCE Fixed Maps\d2_coast_10_d.bsp
MSG_FILEWRITE - Filesystem was asked to write to 'E:\TF2 Mods and Maps\maps\LFCE Fixed Maps\d2_coast_10_d.bsp', but we don't own that location. Allowing.
Wrote ZIP buffer, estimated size 8667168, actual size 8625682
3 seconds elapsed
CMaterialDict::Shutdown m_MissingList count: 1



8 threads
reading e:\tf2 mods and maps\maps\lfce fixed maps\d2_coast_10_d.bsp
reading e:\tf2 mods and maps\maps\lfce fixed maps\d2_coast_10_d.prt
  75 portalclusters
 186 numportals
0...1...2...3...4...5...6...7...8...9...100...1...2...3...4...5...6...7...8...9...10Optimized: 2 visible clusters (0.04%)
Total clusters visible: 4628
Average clusters visible: 61
Building PAS...
Average clusters audible: 75
visdatasize:2106  compressed from 2400
writing e:\tf2 mods and maps\maps\lfce fixed maps\d2_coast_10_d.bsp
MSG_FILEWRITE - Filesystem was asked to write to 'e:\tf2 mods and maps\maps\lfce fixed maps\d2_coast_10_d.bsp', but we don't own that location. Allowing.
0 seconds elapsed



[Reading texlights from 'lights.rad']
[50 texlights parsed from 'lights.rad']

Loading e:\tf2 mods and maps\maps\lfce fixed maps\d2_coast_10_d.bsp
11233 faces
4 degenerate faces
32439470 square feet [4671283712.00 square inches]
191 Displacements
1542083 Square Feet [222059984.00 Square Inches]
11229 patches before subdivision
347355 patches after subdivision
49 direct lights
0...1..


materialPath: D:\Steam\steamapps\common\Source SDK Base 2013 Multiplayer\tf\materials
Loading E:\TF2 Mods and Maps\maps\LFCE Fixed Maps\d2_coast_10_d.vmf
ConVarRef mat_reduceparticles doesn't point to an existing ConVar
"concrete/blendconcretegravel001a" - "materials/concrete/blendconcretegravel001a.vtf": cached version doesn't exist
"dev/dev_windowportal" - "materials/dev/dev_windowportal.vtf": cached version doesn't exist
material "misc-lfe/citadel" not found.
Material not found!: MISC-LFE/CITADEL
Could not locate GameData file tf_coop_extended.fgd
Patching WVT material: maps/d2_coast_10_d/nature/blendgrassgravel001b_wvt_patch
Patching WVT material: maps/d2_coast_10_d/concrete/blendconcretegravel001a_wvt_patch
Patching WVT material: maps/d2_coast_10_d/nature/blenddirtgrass008a_wvt_patch
Patching WVT material: maps/d2_coast_10_d/nature/blendrockdirt007d_wvt_patch
fixing up env_cubemap materials on brush sides...
0...1...2...3...4...5...6...7...8...9...100...1...2...3...4...5...6...7...8...9...10Processing areas...done (0)
Building Faces...done (0)
Chop Details...done (0)
Find Visible Detail Sides...
Merged 196 detail faces...done (0)
Merging details...done (0)
FixTjuncs...
PruneNodes...
WriteBSP...
done (1)
writing E:\TF2 Mods and Maps\maps\LFCE Fixed Maps\d2_coast_10_d.prt...Building visibility clusters...
done (0)
Creating default LDR cubemaps for env_cubemap using skybox materials:
   skybox/sky_day02_07_hdr*.vmt
 ! Run buildcubemaps in the engine to get the correct cube maps.
Creating default HDR cubemaps for env_cubemap using skybox materials:
   skybox/sky_day02_07_hdr*.vmt
 ! Run buildcubemaps in the engine to get the correct cube maps.
Finding displacement neighbors...
Found a displacement edge abutting multiple other edges.
Warning: invalid neighbor connection on displacement near (6144.00 -1024.00 896.00)
Warning: invalid neighbor connection on displacement near (6144.00 -1024.00 -256.00)
Warning: invalid neighbor connection on displacement near (5120.00 -1536.00 896.00)
Finding lightmap sample positions...
Displacement Alpha : 0...1...2...3...4...5...6...7...8...9...10
Building Physics collision data...
done (1) (443999 bytes)
Placing detail props : 0...1...2...3...4...5...6...7...8...9...10
Compacting texture/material tables...
Reduced 3043 texinfos to 1303
Reduced 191 texdatas to 165 (7919 bytes to 6956)
Writing E:\TF2 Mods and Maps\maps\LFCE Fixed Maps\d2_coast_10_d.bsp
MSG_FILEWRITE - Filesystem was asked to write to 'E:\TF2 Mods and Maps\maps\LFCE Fixed Maps\d2_coast_10_d.bsp', but we don't own that location. Allowing.
Wrote ZIP buffer, estimated size 8667168, actual size 8625682
3 seconds elapsed
CMaterialDict::Shutdown m_MissingList count: 1



8 threads
reading e:\tf2 mods and maps\maps\lfce fixed maps\d2_coast_10_d.bsp
reading e:\tf2 mods and maps\maps\lfce fixed maps\d2_coast_10_d.prt
1441 portalclusters
4251 numportals
0...1...2...3...4...5...6...7...8...9...100...1...2


materialPath: D:\Steam\steamapps\common\Source SDK Base 2013 Multiplayer\tf\materials
Loading E:\TF2 Mods and Maps\maps\LFCE Fixed Maps\d2_coast_10_d.vmf
ConVarRef mat_reduceparticles doesn't point to an existing ConVar
"concrete/blendconcretegravel001a" - "materials/concrete/blendconcretegravel001a.vtf": cached version doesn't exist
"dev/dev_windowportal" - "materials/dev/dev_windowportal.vtf": cached version doesn't exist
material "misc-lfe/citadel" not found.
Material not found!: MISC-LFE/CITADEL
Could not locate GameData file tf_coop_extended.fgd
Patching WVT material: maps/d2_coast_10_d/nature/blendgrassgravel001b_wvt_patch
Patching WVT material: maps/d2_coast_10_d/concrete/blendconcretegravel001a_wvt_patch
Patching WVT material: maps/d2_coast_10_d/nature/blenddirtgrass008a_wvt_patch
Patching WVT material: maps/d2_coast_10_d/nature/blendrockdirt007d_wvt_patch
fixing up env_cubemap materials on brush sides...
0...1...2...3...4...5...6...7...8...9...100...1...2...3...4...5...6...7...8...9...10Processing areas...done (0)
Building Faces...done (0)
Chop Details...done (0)
Find Visible Detail Sides...
Merged 196 detail faces...done (0)
Merging details...done (0)
FixTjuncs...
PruneNodes...
WriteBSP...
done (1)
writing E:\TF2 Mods and Maps\maps\LFCE Fixed Maps\d2_coast_10_d.prt...Building visibility clusters...
done (0)
Creating default LDR cubemaps for env_cubemap using skybox materials:
   skybox/sky_day02_07_hdr*.vmt
 ! Run buildcubemaps in the engine to get the correct cube maps.
Creating default HDR cubemaps for env_cubemap using skybox materials:
   skybox/sky_day02_07_hdr*.vmt
 ! Run buildcubemaps in the engine to get the correct cube maps.
Finding displacement neighbors...
Found a displacement edge abutting multiple other edges.
Warning: invalid neighbor connection on displacement near (6144.00 -1024.00 896.00)
Warning: invalid neighbor connection on displacement near (6144.00 -1024.00 -256.00)
Warning: invalid neighbor connection on displacement near (5120.00 -1536.00 896.00)
Finding lightmap sample positions...
Displacement Alpha : 0...1...2...3...4...5...6...7...8...9...10
Building Physics collision data...
done (1) (443999 bytes)
Placing detail props : 0...1...2...3...4...5...6...7...8...9...10
Compacting texture/material tables...
Reduced 3043 texinfos to 1303
Reduced 191 texdatas to 165 (7919 bytes to 6956)
Writing E:\TF2 Mods and Maps\maps\LFCE Fixed Maps\d2_coast_10_d.bsp
MSG_FILEWRITE - Filesystem was asked to write to 'E:\TF2 Mods and Maps\maps\LFCE Fixed Maps\d2_coast_10_d.bsp', but we don't own that location. Allowing.
Wrote ZIP buffer, estimated size 8667168, actual size 8625682
3 seconds elapsed
CMaterialDict::Shutdown m_MissingList count: 1



8 threads
reading e:\tf2 mods and maps\maps\lfce fixed maps\d2_coast_10_d.bsp
reading e:\tf2 mods and maps\maps\lfce fixed maps\d2_coast_10_d.prt
 862 portalclusters
2225 numportals
0...1...2...3...4...5...6...7...8...9...100...1...2...3...4


materialPath: D:\Steam\steamapps\common\Source SDK Base 2013 Multiplayer\tf\materials
Loading E:\TF2 Mods and Maps\maps\LFCE Fixed Maps\d2_coast_10_d.vmf
ConVarRef mat_reduceparticles doesn't point to an existing ConVar
"concrete/blendconcretegravel001a" - "materials/concrete/blendconcretegravel001a.vtf": cached version doesn't exist
"dev/dev_windowportal" - "materials/dev/dev_windowportal.vtf": cached version doesn't exist
material "misc-lfe/citadel" not found.
Material not found!: MISC-LFE/CITADEL
Could not locate GameData file tf_coop_extended.fgd
Patching WVT material: maps/d2_coast_10_d/nature/blendgrassgravel001b_wvt_patch
Patching WVT material: maps/d2_coast_10_d/concrete/blendconcretegravel001a_wvt_patch
Patching WVT material: maps/d2_coast_10_d/nature/blenddirtgrass008a_wvt_patch
Patching WVT material: maps/d2_coast_10_d/nature/blendrockdirt007d_wvt_patch
fixing up env_cubemap materials on brush sides...
0...1...2...3...4...5...6...7...8...9...100...1...2...3...4...5...6...7...8...9...10Processing areas...done (0)
Building Faces...done (0)
Chop Details...done (0)
Find Visible Detail Sides...
Merged 196 detail faces...done (0)
Merging details...done (0)
FixTjuncs...
PruneNodes...
WriteBSP...
done (1)
writing E:\TF2 Mods and Maps\maps\LFCE Fixed Maps\d2_coast_10_d.prt...Building visibility clusters...
done (0)
Creating default LDR cubemaps for env_cubemap using skybox materials:
   skybox/sky_day02_07_hdr*.vmt
 ! Run buildcubemaps in the engine to get the correct cube maps.
Creating default HDR cubemaps for env_cubemap using skybox materials:
   skybox/sky_day02_07_hdr*.vmt
 ! Run buildcubemaps in the engine to get the correct cube maps.
Finding displacement neighbors...
Found a displacement edge abutting multiple other edges.
Warning: invalid neighbor connection on displacement near (6144.00 -1024.00 896.00)
Warning: invalid neighbor connection on displacement near (6144.00 -1024.00 -256.00)
Warning: invalid neighbor connection on displacement near (5120.00 -1536.00 896.00)
Finding lightmap sample positions...
Displacement Alpha : 0...1...2...3...4...5...6...7...8...9...10
Building Physics collision data...
done (1) (443999 bytes)
Placing detail props : 0...1...2...3...4...5...6...7...8...9...10
Compacting texture/material tables...
Reduced 3043 texinfos to 1303
Reduced 191 texdatas to 165 (7919 bytes to 6956)
Writing E:\TF2 Mods and Maps\maps\LFCE Fixed Maps\d2_coast_10_d.bsp
MSG_FILEWRITE - Filesystem was asked to write to 'E:\TF2 Mods and Maps\maps\LFCE Fixed Maps\d2_coast_10_d.bsp', but we don't own that location. Allowing.
Wrote ZIP buffer, estimated size 8667168, actual size 8625682
3 seconds elapsed
CMaterialDict::Shutdown m_MissingList count: 1



8 threads
reading e:\tf2 mods and maps\maps\lfce fixed maps\d2_coast_10_d.bsp
reading e:\tf2 mods and maps\maps\lfce fixed maps\d2_coast_10_d.prt
1224 portalclusters
4057 numportals
0...1...2...3...4...5...6...7...8...9...100...1...2


materialPath: D:\Steam\steamapps\common\Source SDK Base 2013 Multiplayer\tf\materials
Loading E:\TF2 Mods and Maps\maps\LFCE Fixed Maps\d2_coast_10_d.vmf
ConVarRef mat_reduceparticles doesn't point to an existing ConVar
"concrete/blendconcretegravel001a" - "materials/concrete/blendconcretegravel001a.vtf": cached version doesn't exist
"dev/dev_windowportal" - "materials/dev/dev_windowportal.vtf": cached version doesn't exist
material "misc-lfe/citadel" not found.
Material not found!: MISC-LFE/CITADEL
Could not locate GameData file tf_coop_extended.fgd
Patching WVT material: maps/d2_coast_10_d/nature/blendgrassgravel001b_wvt_patch
Patching WVT material: maps/d2_coast_10_d/concrete/blendconcretegravel001a_wvt_patch
Patching WVT material: maps/d2_coast_10_d/nature/blenddirtgrass008a_wvt_patch
Patching WVT material: maps/d2_coast_10_d/nature/blendrockdirt007d_wvt_patch
fixing up env_cubemap materials on brush sides...
0...1...2...3...4...5...6...7...8...9...100...1...2...3...4...5...6...7...8...9...10Processing areas...done (0)
Building Faces...done (0)
Chop Details...done (0)
Find Visible Detail Sides...
Merged 196 detail faces...done (0)
Merging details...done (0)
FixTjuncs...
PruneNodes...
WriteBSP...
done (0)
writing E:\TF2 Mods and Maps\maps\LFCE Fixed Maps\d2_coast_10_d.prt...Building visibility clusters...
done (0)
Creating default LDR cubemaps for env_cubemap using skybox materials:
   skybox/sky_day02_07_hdr*.vmt
 ! Run buildcubemaps in the engine to get the correct cube maps.
Creating default HDR cubemaps for env_cubemap using skybox materials:
   skybox/sky_day02_07_hdr*.vmt
 ! Run buildcubemaps in the engine to get the correct cube maps.
Finding displacement neighbors...
Found a displacement edge abutting multiple other edges.
Warning: invalid neighbor connection on displacement near (6144.00 -1024.00 896.00)
Warning: invalid neighbor connection on displacement near (6144.00 -1024.00 -256.00)
Warning: invalid neighbor connection on displacement near (5120.00 -1536.00 896.00)
Finding lightmap sample positions...
Displacement Alpha : 0...1...2...3...4...5...6...7...8...9...10
Building Physics collision data...
done (1) (443999 bytes)
Placing detail props : 0...1...2...3...4...5...6...7...8...9...10
Compacting texture/material tables...
Reduced 3043 texinfos to 1303
Reduced 191 texdatas to 165 (7919 bytes to 6956)
Writing E:\TF2 Mods and Maps\maps\LFCE Fixed Maps\d2_coast_10_d.bsp
MSG_FILEWRITE - Filesystem was asked to write to 'E:\TF2 Mods and Maps\maps\LFCE Fixed Maps\d2_coast_10_d.bsp', but we don't own that location. Allowing.
Wrote ZIP buffer, estimated size 8667168, actual size 8625682
3 seconds elapsed
CMaterialDict::Shutdown m_MissingList count: 1



8 threads
reading e:\tf2 mods and maps\maps\lfce fixed maps\d2_coast_10_d.bsp
reading e:\tf2 mods and maps\maps\lfce fixed maps\d2_coast_10_d.prt
 855 portalclusters
2935 numportals
0...1...2...3...4...5...6...7...8...9...100...1...2...3...


materialPath: D:\Steam\steamapps\common\Source SDK Base 2013 Multiplayer\tf\materials
Loading E:\TF2 Mods and Maps\maps\LFCE Fixed Maps\d2_coast_10_d.vmf
ConVarRef mat_reduceparticles doesn't point to an existing ConVar
"concrete/blendconcretegravel001a" - "materials/concrete/blendconcretegravel001a.vtf": cached version doesn't exist
"dev/dev_windowportal" - "materials/dev/dev_windowportal.vtf": cached version doesn't exist
material "misc-lfe/citadel" not found.
Material not found!: MISC-LFE/CITADEL
Could not locate GameData file tf_coop_extended.fgd
Patching WVT material: maps/d2_coast_10_d/nature/blendgrassgravel001b_wvt_patch
Patching WVT material: maps/d2_coast_10_d/concrete/blendconcretegravel001a_wvt_patch
Patching WVT material: maps/d2_coast_10_d/nature/blenddirtgrass008a_wvt_patch
Patching WVT material: maps/d2_coast_10_d/nature/blendrockdirt007d_wvt_patch
fixing up env_cubemap materials on brush sides...
0...1...2...3...4...5...6...7...8...9...100...1...2...3...4...5...6...7...8...9...10Processing areas...done (0)
Building Faces...done (0)
Chop Details...done (0)
Find Visible Detail Sides...
Merged 196 detail faces...done (0)
Merging details...done (0)
FixTjuncs...
PruneNodes...
WriteBSP...
done (1)
writing E:\TF2 Mods and Maps\maps\LFCE Fixed Maps\d2_coast_10_d.prt...Building visibility clusters...
done (0)
Creating default LDR cubemaps for env_cubemap using skybox materials:
   skybox/sky_day02_07_hdr*.vmt
 ! Run buildcubemaps in the engine to get the correct cube maps.
Creating default HDR cubemaps for env_cubemap using skybox materials:
   skybox/sky_day02_07_hdr*.vmt
 ! Run buildcubemaps in the engine to get the correct cube maps.
Finding displacement neighbors...
Found a displacement edge abutting multiple other edges.
Warning: invalid neighbor connection on displacement near (6144.00 -1024.00 896.00)
Warning: invalid neighbor connection on displacement near (6144.00 -1024.00 -256.00)
Warning: invalid neighbor connection on displacement near (5120.00 -1536.00 896.00)
Finding lightmap sample positions...
Displacement Alpha : 0...1...2...3...4...5...6...7...8...9...10
Building Physics collision data...
done (1) (443999 bytes)
Placing detail props : 0...1...2...3...4...5...6...7...8...9...10
Compacting texture/material tables...
Reduced 3043 texinfos to 1303
Reduced 191 texdatas to 165 (7919 bytes to 6956)
Writing E:\TF2 Mods and Maps\maps\LFCE Fixed Maps\d2_coast_10_d.bsp
MSG_FILEWRITE - Filesystem was asked to write to 'E:\TF2 Mods and Maps\maps\LFCE Fixed Maps\d2_coast_10_d.bsp', but we don't own that location. Allowing.
Wrote ZIP buffer, estimated size 8667168, actual size 8625682
3 seconds elapsed
CMaterialDict::Shutdown m_MissingList count: 1



8 threads
reading e:\tf2 mods and maps\maps\lfce fixed maps\d2_coast_10_d.bsp
reading e:\tf2 mods and maps\maps\lfce fixed maps\d2_coast_10_d.prt
 797 portalclusters
2837 numportals
0...1...2...3...4...5...6...7...8...9...100...1...2...3.


materialPath: D:\Steam\steamapps\common\Source SDK Base 2013 Multiplayer\tf\materials
Loading E:\TF2 Mods and Maps\maps\LFCE Fixed Maps\d2_coast_10_d.vmf
ConVarRef mat_reduceparticles doesn't point to an existing ConVar
"concrete/blendconcretegravel001a" - "materials/concrete/blendconcretegravel001a.vtf": cached version doesn't exist
"dev/dev_windowportal" - "materials/dev/dev_windowportal.vtf": cached version doesn't exist
material "misc-lfe/citadel" not found.
Material not found!: MISC-LFE/CITADEL
Could not locate GameData file tf_coop_extended.fgd
Patching WVT material: maps/d2_coast_10_d/nature/blendgrassgravel001b_wvt_patch
Patching WVT material: maps/d2_coast_10_d/concrete/blendconcretegravel001a_wvt_patch
Patching WVT material: maps/d2_coast_10_d/nature/blenddirtgrass008a_wvt_patch
Patching WVT material: maps/d2_coast_10_d/nature/blendrockdirt007d_wvt_patch
fixing up env_cubemap materials on brush sides...
0...1...2...3...4...5...6...7...8...9...100...1...2...3...4...5...6...7...8...9...10Processing areas...done (0)
Building Faces...done (0)
Chop Details...done (0)
Find Visible Detail Sides...
Merged 196 detail faces...done (1)
Merging details...done (0)
FixTjuncs...
PruneNodes...
WriteBSP...
done (0)
writing E:\TF2 Mods and Maps\maps\LFCE Fixed Maps\d2_coast_10_d.prt...Building visibility clusters...
done (0)
Creating default LDR cubemaps for env_cubemap using skybox materials:
   skybox/sky_day02_07_hdr*.vmt
 ! Run buildcubemaps in the engine to get the correct cube maps.
Creating default HDR cubemaps for env_cubemap using skybox materials:
   skybox/sky_day02_07_hdr*.vmt
 ! Run buildcubemaps in the engine to get the correct cube maps.
Finding displacement neighbors...
Found a displacement edge abutting multiple other edges.
Warning: invalid neighbor connection on displacement near (6144.00 -1024.00 896.00)
Warning: invalid neighbor connection on displacement near (6144.00 -1024.00 -256.00)
Warning: invalid neighbor connection on displacement near (5120.00 -1536.00 896.00)
Finding lightmap sample positions...
Displacement Alpha : 0...1...2...3...4...5...6...7...8...9...10
Building Physics collision data...
done (1) (443999 bytes)
Placing detail props : 0...1...2...3...4...5...6...7...8...9...10
Compacting texture/material tables...
Reduced 3043 texinfos to 1303
Reduced 191 texdatas to 165 (7919 bytes to 6956)
Writing E:\TF2 Mods and Maps\maps\LFCE Fixed Maps\d2_coast_10_d.bsp
MSG_FILEWRITE - Filesystem was asked to write to 'E:\TF2 Mods and Maps\maps\LFCE Fixed Maps\d2_coast_10_d.bsp', but we don't own that location. Allowing.
Wrote ZIP buffer, estimated size 8667168, actual size 8625682
3 seconds elapsed
CMaterialDict::Shutdown m_MissingList count: 1



8 threads
reading e:\tf2 mods and maps\maps\lfce fixed maps\d2_coast_10_d.bsp
reading e:\tf2 mods and maps\maps\lfce fixed maps\d2_coast_10_d.prt
 147 portalclusters
 763 numportals
0...1...2...3...4...5...6...7...8...9...100...1...2...3...4...5...6...7...


materialPath: D:\Steam\steamapps\common\Source SDK Base 2013 Multiplayer\tf\materials
Loading E:\TF2 Mods and Maps\maps\LFCE Fixed Maps\d2_coast_10_d.vmf
ConVarRef mat_reduceparticles doesn't point to an existing ConVar
"concrete/blendconcretegravel001a" - "materials/concrete/blendconcretegravel001a.vtf": cached version doesn't exist
"dev/dev_windowportal" - "materials/dev/dev_windowportal.vtf": cached version doesn't exist
material "misc-lfe/citadel" not found.
Material not found!: MISC-LFE/CITADEL
Brush 825219: bounds out of range
Could not locate GameData file tf_coop_extended.fgd
Patching WVT material: maps/d2_coast_10_d/nature/blendgrassgravel001b_wvt_patch
Patching WVT material: maps/d2_coast_10_d/concrete/blendconcretegravel001a_wvt_patch
Patching WVT material: maps/d2_coast_10_d/nature/blenddirtgrass008a_wvt_patch
Patching WVT material: maps/d2_coast_10_d/nature/blendrockdirt007d_wvt_patch
fixing up env_cubemap materials on brush sides...
0...1...2...3...4...5...6...7...8...9...100...1...2...3...4...5...6...7...8...9...10Processing areas...done (0)
Building Faces...done (0)
Chop Details...done (0)
Find Visible Detail Sides...
Merged 196 detail faces...done (0)
Merging details...done (0)
FixTjuncs...
PruneNodes...
WriteBSP...
done (1)
writing E:\TF2 Mods and Maps\maps\LFCE Fixed Maps\d2_coast_10_d.prt...Building visibility clusters...
done (0)
Creating default LDR cubemaps for env_cubemap using skybox materials:
   skybox/sky_day02_07_hdr*.vmt
 ! Run buildcubemaps in the engine to get the correct cube maps.
Creating default HDR cubemaps for env_cubemap using skybox materials:
   skybox/sky_day02_07_hdr*.vmt
 ! Run buildcubemaps in the engine to get the correct cube maps.
Finding displacement neighbors...
Found a displacement edge abutting multiple other edges.
Warning: invalid neighbor connection on displacement near (6144.00 -1024.00 896.00)
Warning: invalid neighbor connection on displacement near (6144.00 -1024.00 -256.00)
Warning: invalid neighbor connection on displacement near (5120.00 -1536.00 896.00)
Finding lightmap sample positions...
Displacement Alpha : 0...1...2...3...4...5...6...7...8...9...10
Building Physics collision data...
done (1) (443999 bytes)
Placing detail props : 0...1...2...3...4...5...6...7...8...9...10
Compacting texture/material tables...
Reduced 3043 texinfos to 1303
Reduced 191 texdatas to 165 (7919 bytes to 6956)
Writing E:\TF2 Mods and Maps\maps\LFCE Fixed Maps\d2_coast_10_d.bsp
MSG_FILEWRITE - Filesystem was asked to write to 'E:\TF2 Mods and Maps\maps\LFCE Fixed Maps\d2_coast_10_d.bsp', but we don't own that location. Allowing.
Wrote ZIP buffer, estimated size 8667168, actual size 8625682
3 seconds elapsed
CMaterialDict::Shutdown m_MissingList count: 1



8 threads
reading e:\tf2 mods and maps\maps\lfce fixed maps\d2_coast_10_d.bsp
reading e:\tf2 mods and maps\maps\lfce fixed maps\d2_coast_10_d.prt
   1 portalclusters
   0 numportals
0...1...2...3...4...5...6...7...8...9...100...1...2...3...4...5...6...7...8...9...10Optimized: 0 visible clusters (0.00%)
Total clusters visible: 1
Average clusters visible: 1
Building PAS...
Average clusters audible: 1
visdatasize:14  compressed from 16
writing e:\tf2 mods and maps\maps\lfce fixed maps\d2_coast_10_d.bsp
MSG_FILEWRITE - Filesystem was asked to write to 'e:\tf2 mods and maps\maps\lfce fixed maps\d2_coast_10_d.bsp', but we don't own that location. Allowing.
0 seconds elapsed



[Reading texlights from 'lights.rad']
[50 texlights parsed from 'lights.rad']

Loading e:\tf2 mods and maps\maps\lfce fixed maps\d2_coast_10_d.bsp
11233 faces
4 degenerate faces
32439470 square feet [4671283712.00 square inches]
191 Displacements
1542083 Square Feet [222059984.00 Square Inches]
11229 patches before subdivision
347355 patches after subdivision
49 direct lights
0...1...2...3...4...5...6...7...8...9...100...1...2...3...4...5...6...7...8...9...10transfers 40005968, max 4617
transfer lists: 305.2 megs
0...1...2...3...4...5...6...7...8...9...10	Bounce #1 added RGB(73486, 80212, 54783)
0...1...2...3...4...5...6...7...8...9...10	Bounce #2 added RGB(134702, 135246, 93835)
0...1...2...3...4...5...6...7...8...9...10	Bounce #3 added RGB(2495, 2870, 1681)
0...1...2...3...4...5...6...7...8...9...10	Bounce #4 added RGB(1920, 1894, 1025)
0...1...2...3...4...5...6...7...8...9...10	Bounce #5 added RGB(153, 171, 89)
0...1...2...3...4...5...6...7...8...9...10	Bounce #6 added RGB(54, 55, 26)
0...1...2...3...4...5...6...7...8...9...10	Bounce #7 added RGB(10, 11, 5)
0...1...2...3...4...5...6...7...8...9...10	Bounce #8 added RGB(3, 3, 1)
0...1...2...3...4...5...6...7...8...9...10	Bounce #9 added RGB(1, 1, 0)
Build Patch/Sample Hash Table(s).....Done<0.1984 sec>
0...1...2...3...4...5...6...7...8...9...10FinalLightFace Done
Computing detail prop lighting : 0...1...2...3...4...5...6...7...8...9...10
14 of 41 (34% of) surface lights went in leaf ambient cubes.
0...1...2...3...4...5...6...7...8...9...10Writing leaf ambient...done
Ready to Finish

Object names       Objects/Maxobjs  Memory / Maxmem  Fullness 
------------       ---------------  ---------------  -------- 
models                 128/1024         6144/49152    (12.5%) 
brushes               1169/8192        14028/98304    (14.3%) 
brushsides           12026/65536       96208/524288   (18.4%) 
planes                8472/65536      169440/1310720  (12.9%) 
vertexes             15111/65536      181332/786432   (23.1%) 
nodes                 6207/65536      198624/2097152  ( 9.5%) 
texinfos              1303/12288       93816/884736   (10.6%) 
texdata                165/2048         5280/65536    ( 8.1%) 
dispinfos              191/0           33616/0        ( 0.0%) 
disp_verts            5111/0          102220/0        ( 0.0%) 
disp_tris             6688/0           13376/0        ( 0.0%) 
disp_lmsamples      388264/0          388264/0        ( 0.0%) 
faces                11233/65536      629048/3670016  (17.1%) 
hdr faces                0/65536           0/3670016  ( 0.0%) 
origfaces             3350/65536      187600/3670016  ( 5.1%) 
leaves                6336/65536      202752/2097152  ( 9.7%) 
leaffaces            12670/65536       25340/131072   (19.3%) 
leafbrushes           6181/65536       12362/131072   ( 9.4%) 
areas                   13/256           104/2048     ( 5.1%) 
surfedges            62243/512000     248972/2048000  (12.2%) 
edges                35551/256000     142204/1024000  (13.9%) 
LDR worldlights         49/8192         4312/720896   ( 0.6%) 
HDR worldlights          0/8192            0/720896   ( 0.0%) 
leafwaterdata            1/32768          12/393216   ( 0.0%) 
waterstrips            500/32768        5000/327680   ( 1.5%) 
waterverts               0/65536           0/786432   ( 0.0%) 
waterindices          8700/65536       17400/131072   (13.3%) 
cubemapsamples          98/1024         1568/16384    ( 9.6%) 
overlays                30/512         10560/180224   ( 5.9%) 
LDR lightdata         [variable]    38675624/0        ( 0.0%) 
HDR lightdata         [variable]           0/0        ( 0.0%) 
visdata               [variable]          14/16777216 ( 0.0%) 
entdata               [variable]      263841/393216   (67.1%) 
LDR ambient table     6336/65536       25344/262144   ( 9.7%) 
HDR ambient table     6336/65536       25344/262144   ( 9.7%) 
LDR leaf ambient     22643/65536      634004/1835008  (34.6%) 
HDR leaf ambient      6336/65536      177408/1835008  ( 9.7%) 
occluders                0/0               0/0        ( 0.0%) 
occluder polygons        0/0               0/0        ( 0.0%) 
occluder vert ind        0/0               0/0        ( 0.0%) 
detail props          [variable]           1/625380   ( 0.0%) 
dtl prp lght          [variable]           1/4        (25.0%) 
HDR dtl prp lght      [variable]           1/4        (25.0%) 
static props          [variable]           1/13536    ( 0.0%) 
pakfile               [variable]     8625682/0        ( 0.0%) 
physics               [variable]      443999/4194304  (10.6%) 
physics terrain       [variable]       38517/1048576  ( 3.7%) 

Level flags = 0

Total triangle count: 26189
Writing e:\tf2 mods and maps\maps\lfce fixed maps\d2_coast_10_d.bsp
4 minutes, 27 seconds elapsed



materialPath: D:\Steam\steamapps\common\Source SDK Base 2013 Multiplayer\tf\materials
Loading E:\TF2 Mods and Maps\maps\LFCE Fixed Maps\d2_coast_10_d.vmf
ConVarRef mat_reduceparticles doesn't point to an existing ConVar
"concrete/blendconcretegravel001a" - "materials/concrete/blendconcretegravel001a.vtf": cached version doesn't exist
"dev/dev_windowportal" - "materials/dev/dev_windowportal.vtf": cached version doesn't exist
material "misc-lfe/citadel" not found.
Material not found!: MISC-LFE/CITADEL
Brush 825219: bounds out of range
Could not locate GameData file tf_coop_extended.fgd
Patching WVT material: maps/d2_coast_10_d/nature/blendgrassgravel001b_wvt_patch
Patching WVT material: maps/d2_coast_10_d/concrete/blendconcretegravel001a_wvt_patch
Patching WVT material: maps/d2_coast_10_d/nature/blenddirtgrass008a_wvt_patch
Patching WVT material: maps/d2_coast_10_d/nature/blendrockdirt007d_wvt_patch
fixing up env_cubemap materials on brush sides...
0...1...2...3...4...5...6...7...8...9...100...1...2...3...4...5...6...7...8...9...10Processing areas...done (0)
Building Faces...done (1)
Chop Details...done (0)
Find Visible Detail Sides...
Merged 196 detail faces...done (0)
Merging details...done (0)
FixTjuncs...
PruneNodes...
WriteBSP...
done (0)
writing E:\TF2 Mods and Maps\maps\LFCE Fixed Maps\d2_coast_10_d.prt...Building visibility clusters...
done (0)
Creating default LDR cubemaps for env_cubemap using skybox materials:
   skybox/sky_day02_07_hdr*.vmt
 ! Run buildcubemaps in the engine to get the correct cube maps.
Creating default HDR cubemaps for env_cubemap using skybox materials:
   skybox/sky_day02_07_hdr*.vmt
 ! Run buildcubemaps in the engine to get the correct cube maps.
Finding displacement neighbors...
Found a displacement edge abutting multiple other edges.
Warning: invalid neighbor connection on displacement near (6144.00 -1024.00 896.00)
Warning: invalid neighbor connection on displacement near (6144.00 -1024.00 -256.00)
Warning: invalid neighbor connection on displacement near (5120.00 -1536.00 896.00)
Finding lightmap sample positions...
Displacement Alpha : 0...1...2...3...4...5...6...7...8...9...10
Building Physics collision data...
done (1) (443999 bytes)
Placing detail props : 0...1...2...3...4...5...6...7...8...9...10
Compacting texture/material tables...
Reduced 3043 texinfos to 1303
Reduced 191 texdatas to 165 (7919 bytes to 6956)
Writing E:\TF2 Mods and Maps\maps\LFCE Fixed Maps\d2_coast_10_d.bsp
MSG_FILEWRITE - Filesystem was asked to write to 'E:\TF2 Mods and Maps\maps\LFCE Fixed Maps\d2_coast_10_d.bsp', but we don't own that location. Allowing.
Wrote ZIP buffer, estimated size 8667168, actual size 8625682
3 seconds elapsed
CMaterialDict::Shutdown m_MissingList count: 1



8 threads
reading e:\tf2 mods and maps\maps\lfce fixed maps\d2_coast_10_d.bsp
reading e:\tf2 mods and maps\maps\lfce fixed maps\d2_coast_10_d.prt
   3 portalclusters
  69 numportals
0...1...2...3...4...5...6...7...8...9...100...1...2...3...4...5...6...7...8...9...10Optimized: 0 visible clusters (0.00%)
Total clusters visible: 6
Average clusters visible: 2
Building PAS...
Average clusters audible: 1
visdatasize:34  compressed from 48
writing e:\tf2 mods and maps\maps\lfce fixed maps\d2_coast_10_d.bsp
MSG_FILEWRITE - Filesystem was asked to write to 'e:\tf2 mods and maps\maps\lfce fixed maps\d2_coast_10_d.bsp', but we don't own that location. Allowing.
0 seconds elapsed



[Reading texlights from 'lights.rad']
[50 texlights parsed from 'lights.rad']

Loading e:\tf2 mods and maps\maps\lfce fixed maps\d2_coast_10_d.bsp
11233 faces
4 degenerate faces
32439470 square feet [4671283712.00 square inches]
191 Displacements
1542083 Square Feet [222059984.00 Square Inches]
11229 patches before subdivision
347355 patches after subdivision
49 direct lights
0...1...2...3...4...5...6...7...8...9...100...1...2...3...4...5...6...7...8...9...10transfers 40005911, max 4617
transfer lists: 305.2 megs
0...1...2...3...4...5...6...7...8...9...10	Bounce #1 added RGB(73486, 80212, 54782)
0...1...2...3...4...5...6...7...8...9...10	Bounce #2 added RGB(134702, 135246, 93835)
0...1...2...3...4...5...6...7...8...9...10	Bounce #3 added RGB(2495, 2870, 1681)
0...1...2...3...4...5...6...7...8...9...10	Bounce #4 added RGB(1920, 1894, 1025)
0...1...2...3...4...5...6...7...8...9...10	Bounce #5 added RGB(153, 171, 89)
0...1...2...3...4...5...6...7...8...9...10	Bounce #6 added RGB(54, 55, 26)
0...1...2...3...4...5...6...7...8...9...10	Bounce #7 added RGB(10, 11, 5)
0...1...2...3...4...5...6...7...8...9...10	Bounce #8 added RGB(3, 3, 1)
0...1...2...3...4...5...6...7...8...9...10	Bounce #9 added RGB(1, 1, 0)
Build Patch/Sample Hash Table(s).....Done<0.2102 sec>
0...1...2...3...4...5...6...7...8...9...10FinalLightFace Done
Computing detail prop lighting : 0...1...2...3...4...5...6...7...8...9...10
14 of 41 (34% of) surface lights went in leaf ambient cubes.
0...1...2...3...4...5...6...7...8...9...10Writing leaf ambient...done
Ready to Finish

Object names       Objects/Maxobjs  Memory / Maxmem  Fullness 
------------       ---------------  ---------------  -------- 
models                 128/1024         6144/49152    (12.5%) 
brushes               1169/8192        14028/98304    (14.3%) 
brushsides           12026/65536       96208/524288   (18.4%) 
planes                8472/65536      169440/1310720  (12.9%) 
vertexes             15111/65536      181332/786432   (23.1%) 
nodes                 6207/65536      198624/2097152  ( 9.5%) 
texinfos              1303/12288       93816/884736   (10.6%) 
texdata                165/2048         5280/65536    ( 8.1%) 
dispinfos              191/0           33616/0        ( 0.0%) 
disp_verts            5111/0          102220/0        ( 0.0%) 
disp_tris             6688/0           13376/0        ( 0.0%) 
disp_lmsamples      388264/0          388264/0        ( 0.0%) 
faces                11233/65536      629048/3670016  (17.1%) 
hdr faces                0/65536           0/3670016  ( 0.0%) 
origfaces             3350/65536      187600/3670016  ( 5.1%) 
leaves                6336/65536      202752/2097152  ( 9.7%) 
leaffaces            12670/65536       25340/131072   (19.3%) 
leafbrushes           6181/65536       12362/131072   ( 9.4%) 
areas                   13/256           104/2048     ( 5.1%) 
surfedges            62243/512000     248972/2048000  (12.2%) 
edges                35551/256000     142204/1024000  (13.9%) 
LDR worldlights         49/8192         4312/720896   ( 0.6%) 
HDR worldlights          0/8192            0/720896   ( 0.0%) 
leafwaterdata            1/32768          12/393216   ( 0.0%) 
waterstrips            500/32768        5000/327680   ( 1.5%) 
waterverts               0/65536           0/786432   ( 0.0%) 
waterindices          8700/65536       17400/131072   (13.3%) 
cubemapsamples          98/1024         1568/16384    ( 9.6%) 
overlays                30/512         10560/180224   ( 5.9%) 
LDR lightdata         [variable]    38675624/0        ( 0.0%) 
HDR lightdata         [variable]           0/0        ( 0.0%) 
visdata               [variable]          34/16777216 ( 0.0%) 
entdata               [variable]      263841/393216   (67.1%) 
LDR ambient table     6336/65536       25344/262144   ( 9.7%) 
HDR ambient table     6336/65536       25344/262144   ( 9.7%) 
LDR leaf ambient     22644/65536      634032/1835008  (34.6%) 
HDR leaf ambient      6336/65536      177408/1835008  ( 9.7%) 
occluders                0/0               0/0        ( 0.0%) 
occluder polygons        0/0               0/0        ( 0.0%) 
occluder vert ind        0/0               0/0        ( 0.0%) 
detail props          [variable]           1/625380   ( 0.0%) 
dtl prp lght          [variable]           1/4        (25.0%) 
HDR dtl prp lght      [variable]           1/4        (25.0%) 
static props          [variable]           1/13536    ( 0.0%) 
pakfile               [variable]     8625682/0        ( 0.0%) 
physics               [variable]      443999/4194304  (10.6%) 
physics terrain       [variable]       38517/1048576  ( 3.7%) 

Level flags = 0

Total triangle count: 26189
Writing e:\tf2 mods and maps\maps\lfce fixed maps\d2_coast_10_d.bsp
1 minute, 11 seconds elapsed



materialPath: D:\Steam\steamapps\common\Source SDK Base 2013 Multiplayer\tf\materials
Loading E:\TF2 Mods and Maps\maps\LFCE Fixed Maps\d2_coast_10_d.vmf
ConVarRef mat_reduceparticles doesn't point to an existing ConVar
"concrete/blendconcretegravel001a" - "materials/concrete/blendconcretegravel001a.vtf": cached version doesn't exist
"dev/dev_windowportal" - "materials/dev/dev_windowportal.vtf": cached version doesn't exist
Brush 825219: bounds out of range
material "misc-lfe/citadel" not found.
Material not found!: MISC-LFE/CITADEL
Could not locate GameData file tf_coop_extended.fgd
Patching WVT material: maps/d2_coast_10_d/nature/blendgrassgravel001b_wvt_patch
Patching WVT material: maps/d2_coast_10_d/concrete/blendconcretegravel001a_wvt_patch
Patching WVT material: maps/d2_coast_10_d/nature/blenddirtgrass008a_wvt_patch
Patching WVT material: maps/d2_coast_10_d/nature/blendrockdirt007d_wvt_patch
fixing up env_cubemap materials on brush sides...
0...1...2...3...4...5...6...7...8...9...100...1...2...3...4...5...6...7...8...9...10Processing areas...done (0)
Building Faces...done (0)
Chop Details...done (0)
Find Visible Detail Sides...
Merged 196 detail faces...done (0)
Merging details...done (0)
FixTjuncs...
PruneNodes...
WriteBSP...
done (0)
writing E:\TF2 Mods and Maps\maps\LFCE Fixed Maps\d2_coast_10_d.prt...Building visibility clusters...
done (0)
Creating default LDR cubemaps for env_cubemap using skybox materials:
   skybox/sky_day02_07_hdr*.vmt
 ! Run buildcubemaps in the engine to get the correct cube maps.
Creating default HDR cubemaps for env_cubemap using skybox materials:
   skybox/sky_day02_07_hdr*.vmt
 ! Run buildcubemaps in the engine to get the correct cube maps.
Finding displacement neighbors...
Found a displacement edge abutting multiple other edges.
Warning: invalid neighbor connection on displacement near (6144.00 -1024.00 896.00)
Warning: invalid neighbor connection on displacement near (6144.00 -1024.00 -256.00)
Warning: invalid neighbor connection on displacement near (5120.00 -1536.00 896.00)
Finding lightmap sample positions...
Displacement Alpha : 0...1...2...3...4...5...6...7...8...9...10
Building Physics collision data...
done (1) (444103 bytes)
Placing detail props : 0...1...2...3...4...5...6...7...8...9...10
Compacting texture/material tables...
Reduced 3038 texinfos to 1297
Reduced 191 texdatas to 165 (7919 bytes to 6956)
Writing E:\TF2 Mods and Maps\maps\LFCE Fixed Maps\d2_coast_10_d.bsp
MSG_FILEWRITE - Filesystem was asked to write to 'E:\TF2 Mods and Maps\maps\LFCE Fixed Maps\d2_coast_10_d.bsp', but we don't own that location. Allowing.
Wrote ZIP buffer, estimated size 8667168, actual size 8625682
3 seconds elapsed
CMaterialDict::Shutdown m_MissingList count: 1



8 threads
reading e:\tf2 mods and maps\maps\lfce fixed maps\d2_coast_10_d.bsp
reading e:\tf2 mods and maps\maps\lfce fixed maps\d2_coast_10_d.prt
   3 portalclusters
 261 numportals
0...1...2...3...4...5...6...7...8...9...100...1...2...3...4...5...6...7...8...9...10Optimized: 0 visible clusters (0.00%)
Total clusters visible: 12
Average clusters visible: 4
Building PAS...
Average clusters audible: 3
visdatasize:34  compressed from 48
writing e:\tf2 mods and maps\maps\lfce fixed maps\d2_coast_10_d.bsp
MSG_FILEWRITE - Filesystem was asked to write to 'e:\tf2 mods and maps\maps\lfce fixed maps\d2_coast_10_d.bsp', but we don't own that location. Allowing.
0 seconds elapsed



[Reading texlights from 'lights.rad']
[50 texlights parsed from 'lights.rad']

Loading e:\tf2 mods and maps\maps\lfce fixed maps\d2_coast_10_d.bsp
11227 faces
4 degenerate faces
32539172 square feet [4685640704.00 square inches]
191 Displacements
1542083 Square Feet [222059984.00 Square Inches]
11223 patches before subdivision
347349 patches after subdivision
49 direct lights
0...1...2...3...4...5...6...7...8...9...100...1...2...3...4...5...6..


materialPath: D:\Steam\steamapps\common\Source SDK Base 2013 Multiplayer\tf\materials
Loading E:\TF2 Mods and Maps\maps\LFCE Fixed Maps\d2_coast_10_d.vmf
ConVarRef mat_reduceparticles doesn't point to an existing ConVar
"concrete/blendconcretegravel001a" - "materials/concrete/blendconcretegravel001a.vtf": cached version doesn't exist
"dev/dev_windowportal" - "materials/dev/dev_windowportal.vtf": cached version doesn't exist
Brush 825219: bounds out of range
material "misc-lfe/citadel" not found.
Material not found!: MISC-LFE/CITADEL
Could not locate GameData file tf_coop_extended.fgd
Patching WVT material: maps/d2_coast_10_d/nature/blendgrassgravel001b_wvt_patch
Patching WVT material: maps/d2_coast_10_d/concrete/blendconcretegravel001a_wvt_patch
Patching WVT material: maps/d2_coast_10_d/nature/blenddirtgrass008a_wvt_patch
Patching WVT material: maps/d2_coast_10_d/nature/blendrockdirt007d_wvt_patch
fixing up env_cubemap materials on brush sides...
0...1...2...3...4...5...6...7...8...9...100...1...2...3...4...5...6...7...8...9...10Processing areas...done (0)
Building Faces...done (1)
Chop Details...done (0)
Find Visible Detail Sides...
Merged 196 detail faces...done (0)
Merging details...done (0)
FixTjuncs...
PruneNodes...
WriteBSP...
done (0)
writing E:\TF2 Mods and Maps\maps\LFCE Fixed Maps\d2_coast_10_d.prt...Building visibility clusters...
done (0)
Creating default LDR cubemaps for env_cubemap using skybox materials:
   skybox/sky_day02_07_hdr*.vmt
 ! Run buildcubemaps in the engine to get the correct cube maps.
Creating default HDR cubemaps for env_cubemap using skybox materials:
   skybox/sky_day02_07_hdr*.vmt
 ! Run buildcubemaps in the engine to get the correct cube maps.
Finding displacement neighbors...
Found a displacement edge abutting multiple other edges.
Warning: invalid neighbor connection on displacement near (6144.00 -1024.00 896.00)
Warning: invalid neighbor connection on displacement near (6144.00 -1024.00 -256.00)
Warning: invalid neighbor connection on displacement near (5120.00 -1536.00 896.00)
Finding lightmap sample positions...
Displacement Alpha : 0...1...2...3...4...5...6...7...8...9...10
Building Physics collision data...
done (1) (444103 bytes)
Placing detail props : 0...1...2...3...4...5...6...7...8...9...10
Compacting texture/material tables...
Reduced 3038 texinfos to 1297
Reduced 191 texdatas to 165 (7919 bytes to 6956)
Writing E:\TF2 Mods and Maps\maps\LFCE Fixed Maps\d2_coast_10_d.bsp
MSG_FILEWRITE - Filesystem was asked to write to 'E:\TF2 Mods and Maps\maps\LFCE Fixed Maps\d2_coast_10_d.bsp', but we don't own that location. Allowing.
Wrote ZIP buffer, estimated size 8667168, actual size 8625682
4 seconds elapsed
CMaterialDict::Shutdown m_MissingList count: 1



8 threads
reading e:\tf2 mods and maps\maps\lfce fixed maps\d2_coast_10_d.bsp
reading e:\tf2 mods and maps\maps\lfce fixed maps\d2_coast_10_d.prt
   3 portalclusters
 261 numportals
0...1...2...3...4...5...6...7...8...9...100...1...2...3...4...5...6...7...8...9...10Optimized: 0 visible clusters (0.00%)
Total clusters visible: 12
Average clusters visible: 4
Building PAS...
Average clusters audible: 3
visdatasize:34  compressed from 48
writing e:\tf2 mods and maps\maps\lfce fixed maps\d2_coast_10_d.bsp
MSG_FILEWRITE - Filesystem was asked to write to 'e:\tf2 mods and maps\maps\lfce fixed maps\d2_coast_10_d.bsp', but we don't own that location. Allowing.
0 seconds elapsed



[Reading texlights from 'lights.rad']
[50 texlights parsed from 'lights.rad']

Loading e:\tf2 mods and maps\maps\lfce fixed maps\d2_coast_10_d.bsp
11227 faces
4 degenerate faces
32539172 square feet [4685640704.00 square inches]
191 Displacements
1542083 Square Feet [222059984.00 Square Inches]
11223 patches before subdivision
347349 patches after subdivision
49 direct lights
0...1...2...3...4...5...6...7...8...9...100...1...2...3...4...5...6...7...8...9...10transfers 40006249, max 4617
transfer lists: 305.2 megs
0...1...2...3...4...5...6...7...8...9...10	Bounce #1 added RGB(73458, 80189, 54767)
0...1...2...3...4...5...6...7...8...9...10	Bounce #2 added RGB(134702, 135245, 93835)
0...1...2...3...4...5...6...7...8...9...10	Bounce #3 added RGB(2495, 2870, 1681)
0...1...2...3...4...5...6...7...8...9...10	Bounce #4 added RGB(1920, 1894, 1025)
0...1...2...3...4...5...6...7...8...9...10	Bounce #5 added RGB(153, 171, 89)
0...1...2...3...4...5...6...7...8...9...10	Bounce #6 added RGB(54, 55, 26)
0...1...2...3...4...5...6...7...8...9...10	Bounce #7 added RGB(10, 11, 5)
0...1...2...3...4...5...6...7...8...9...10	Bounce #8 added RGB(3, 3, 1)
0...1...2...3...4...5...6...7...8...9...10	Bounce #9 added RGB(1, 1, 0)
Build Patch/Sample Hash Table(s).....Done<0.2188 sec>
0...1...2...3...4...5...6...7...8...9...10FinalLightFace Done
Computing detail prop lighting : 0...1...2...3...4...5...6...7...8...9...10
14 of 41 (34% of) surface lights went in leaf ambient cubes.
0...1...2...3...4...5...6...7...8...9...10Writing leaf ambient...done
Ready to Finish

Object names       Objects/Maxobjs  Memory / Maxmem  Fullness 
------------       ---------------  ---------------  -------- 
models                 128/1024         6144/49152    (12.5%) 
brushes               1169/8192        14028/98304    (14.3%) 
brushsides           12043/65536       96344/524288   (18.4%) 
planes                8532/65536      170640/1310720  (13.0%) 
vertexes             15103/65536      181236/786432   (23.0%) 
nodes                 6207/65536      198624/2097152  ( 9.5%) 
texinfos              1297/12288       93384/884736   (10.6%) 
texdata                165/2048         5280/65536    ( 8.1%) 
dispinfos              191/0           33616/0        ( 0.0%) 
disp_verts            5111/0          102220/0        ( 0.0%) 
disp_tris             6688/0           13376/0        ( 0.0%) 
disp_lmsamples      388264/0          388264/0        ( 0.0%) 
faces                11227/65536      628712/3670016  (17.1%) 
hdr faces                0/65536           0/3670016  ( 0.0%) 
origfaces             3344/65536      187264/3670016  ( 5.1%) 
leaves                6336/65536      202752/2097152  ( 9.7%) 
leaffaces            12664/65536       25328/131072   (19.3%) 
leafbrushes           6181/65536       12362/131072   ( 9.4%) 
areas                   13/256           104/2048     ( 5.1%) 
surfedges            62195/512000     248780/2048000  (12.1%) 
edges                35527/256000     142108/1024000  (13.9%) 
LDR worldlights         49/8192         4312/720896   ( 0.6%) 
HDR worldlights          0/8192            0/720896   ( 0.0%) 
leafwaterdata            1/32768          12/393216   ( 0.0%) 
waterstrips            500/32768        5000/327680   ( 1.5%) 
waterverts               0/65536           0/786432   ( 0.0%) 
waterindices          8700/65536       17400/131072   (13.3%) 
cubemapsamples          98/1024         1568/16384    ( 9.6%) 
overlays                30/512         10560/180224   ( 5.9%) 
LDR lightdata         [variable]    38675624/0        ( 0.0%) 
HDR lightdata         [variable]           0/0        ( 0.0%) 
visdata               [variable]          34/16777216 ( 0.0%) 
entdata               [variable]      261607/393216   (66.5%) 
LDR ambient table     6336/65536       25344/262144   ( 9.7%) 
HDR ambient table     6336/65536       25344/262144   ( 9.7%) 
LDR leaf ambient     22689/65536      635292/1835008  (34.6%) 
HDR leaf ambient      6336/65536      177408/1835008  ( 9.7%) 
occluders                0/0               0/0        ( 0.0%) 
occluder polygons        0/0               0/0        ( 0.0%) 
occluder vert ind        0/0               0/0        ( 0.0%) 
detail props          [variable]           1/625380   ( 0.0%) 
dtl prp lght          [variable]           1/4        (25.0%) 
HDR dtl prp lght      [variable]           1/4        (25.0%) 
static props          [variable]           1/13536    ( 0.0%) 
pakfile               [variable]     8625682/0        ( 0.0%) 
physics               [variable]      444103/4194304  (10.6%) 
physics terrain       [variable]       38517/1048576  ( 3.7%) 

Level flags = 0

Total triangle count: 26177
Writing e:\tf2 mods and maps\maps\lfce fixed maps\d2_coast_10_d.bsp
2 minutes, 52 seconds elapsed



materialPath: D:\Steam\steamapps\common\Source SDK Base 2013 Multiplayer\tf\materials
Loading E:\TF2 Mods and Maps\maps\LFCE Fixed Maps\d2_coast_10_d.vmf
ConVarRef mat_reduceparticles doesn't point to an existing ConVar
"concrete/blendconcretegravel001a" - "materials/concrete/blendconcretegravel001a.vtf": cached version doesn't exist
"dev/dev_windowportal" - "materials/dev/dev_windowportal.vtf": cached version doesn't exist
material "misc-lfe/citadel" not found.
Material not found!: MISC-LFE/CITADEL
Could not locate GameData file tf_coop_extended.fgd
Patching WVT material: maps/d2_coast_10_d/nature/blendgrassgravel001b_wvt_patch
Patching WVT material: maps/d2_coast_10_d/concrete/blendconcretegravel001a_wvt_patch
Patching WVT material: maps/d2_coast_10_d/nature/blenddirtgrass008a_wvt_patch
Patching WVT material: maps/d2_coast_10_d/nature/blendrockdirt007d_wvt_patch
fixing up env_cubemap materials on brush sides...
0...1...2...3...4...5...6...7...8...9...100...1...2...3...4...5...6...7...8...9...10Processing areas...done (0)
Building Faces...done (1)
Chop Details...done (0)
Find Visible Detail Sides...
Merged 196 detail faces...done (0)
Merging details...done (0)
FixTjuncs...
PruneNodes...
WriteBSP...
done (0)
writing E:\TF2 Mods and Maps\maps\LFCE Fixed Maps\d2_coast_10_d.prt...Building visibility clusters...
done (0)
Creating default LDR cubemaps for env_cubemap using skybox materials:
   skybox/sky_day02_07_hdr*.vmt
 ! Run buildcubemaps in the engine to get the correct cube maps.
Creating default HDR cubemaps for env_cubemap using skybox materials:
   skybox/sky_day02_07_hdr*.vmt
 ! Run buildcubemaps in the engine to get the correct cube maps.
Finding displacement neighbors...
Found a displacement edge abutting multiple other edges.
Warning: invalid neighbor connection on displacement near (6144.00 -1024.00 896.00)
Warning: invalid neighbor connection on displacement near (6144.00 -1024.00 -256.00)
Warning: invalid neighbor connection on displacement near (5120.00 -1536.00 896.00)
Finding lightmap sample positions...
Displacement Alpha : 0...1...2...3...4...5...6...7...8...9...10
Building Physics collision data...
done (1) (444103 bytes)
Placing detail props : 0...1...2...3...4...5...6...7...8...9...10
Compacting texture/material tables...
Reduced 3038 texinfos to 1297
Reduced 191 texdatas to 165 (7919 bytes to 6956)
Writing E:\TF2 Mods and Maps\maps\LFCE Fixed Maps\d2_coast_10_d.bsp
MSG_FILEWRITE - Filesystem was asked to write to 'E:\TF2 Mods and Maps\maps\LFCE Fixed Maps\d2_coast_10_d.bsp', but we don't own that location. Allowing.
Wrote ZIP buffer, estimated size 8667168, actual size 8625682
3 seconds elapsed
CMaterialDict::Shutdown m_MissingList count: 1



8 threads
reading e:\tf2 mods and maps\maps\lfce fixed maps\d2_coast_10_d.bsp
reading e:\tf2 mods and maps\maps\lfce fixed maps\d2_coast_10_d.prt
   2 portalclusters
   0 numportals
0...1...2...3...4...5...6...7...8...9...100...1...2...3...4...5...6...7...8...9...10Optimized: 0 visible clusters (0.00%)
Total clusters visible: 2
Average clusters visible: 1
Building PAS...
Average clusters audible: 1
visdatasize:24  compressed from 32
writing e:\tf2 mods and maps\maps\lfce fixed maps\d2_coast_10_d.bsp
MSG_FILEWRITE - Filesystem was asked to write to 'e:\tf2 mods and maps\maps\lfce fixed maps\d2_coast_10_d.bsp', but we don't own that location. Allowing.
0 seconds elapsed



[Reading texlights from 'lights.rad']
[50 texlights parsed from 'lights.rad']

Loading e:\tf2 mods and maps\maps\lfce fixed maps\d2_coast_10_d.bsp
11227 faces
4 degenerate faces
32539172 square feet [4685640704.00 square inches]
191 Displacements
1542083 Square Feet [222059984.00 Square Inches]
11223 patches before subdivision
347349 patches after subdivision
49 direct lights
0...1...2...3...4...5...6...7...8...9...100...1...2...3...4...5...6...7...8...9...10transfers 40006194, max 4617
transfer lists: 305.2 megs
0...1...2...3...4...5...6...7...8...9...10	Bounce #1 added RGB(73458, 80189, 54767)
0...1...2...3...4...5...6...7...8...9...10	Bounce #2 added RGB(134702, 135245, 93835)
0...1...2...3...4...5...6...7...8...9...10	Bounce #3 added RGB(2495, 2870, 1681)
0...1...2...3...4...5...6...7...8...9...10	Bounce #4 added RGB(1920, 1894, 1025)
0...1...2...3...4...5...6...7...8...9...10	Bounce #5 added RGB(153, 171, 89)
0...1...2...3...4...5...6...7...8...9...10	Bounce #6 added RGB(54, 55, 26)
0...1...2...3...4...5...6...7...8...9...10	Bounce #7 added RGB(10, 11, 5)
0...1...2...3...4...5...6...7...8...9...10	Bounce #8 added RGB(3, 3, 1)
0...1...2...3...4...5...6...7...8...9...10	Bounce #9 added RGB(1, 1, 0)
Build Patch/Sample Hash Table(s).....Done<0.2121 sec>
0...1...2...3...4...5...6...7...8...9...10FinalLightFace Done
Computing detail prop lighting : 0...1...2...3...4...5...6...7...8...9...10
14 of 41 (34% of) surface lights went in leaf ambient cubes.
0...1...2...3...4...5...6...7...8...9...10Writing leaf ambient...done
Ready to Finish

Object names       Objects/Maxobjs  Memory / Maxmem  Fullness 
------------       ---------------  ---------------  -------- 
models                 128/1024         6144/49152    (12.5%) 
brushes               1168/8192        14016/98304    (14.3%) 
brushsides           12037/65536       96296/524288   (18.4%) 
planes                8522/65536      170440/1310720  (13.0%) 
vertexes             15103/65536      181236/786432   (23.0%) 
nodes                 6207/65536      198624/2097152  ( 9.5%) 
texinfos              1297/12288       93384/884736   (10.6%) 
texdata                165/2048         5280/65536    ( 8.1%) 
dispinfos              191/0           33616/0        ( 0.0%) 
disp_verts            5111/0          102220/0        ( 0.0%) 
disp_tris             6688/0           13376/0        ( 0.0%) 
disp_lmsamples      388264/0          388264/0        ( 0.0%) 
faces                11227/65536      628712/3670016  (17.1%) 
hdr faces                0/65536           0/3670016  ( 0.0%) 
origfaces             3344/65536      187264/3670016  ( 5.1%) 
leaves                6336/65536      202752/2097152  ( 9.7%) 
leaffaces            12664/65536       25328/131072   (19.3%) 
leafbrushes           6181/65536       12362/131072   ( 9.4%) 
areas                   13/256           104/2048     ( 5.1%) 
surfedges            62195/512000     248780/2048000  (12.1%) 
edges                35527/256000     142108/1024000  (13.9%) 
LDR worldlights         49/8192         4312/720896   ( 0.6%) 
HDR worldlights          0/8192            0/720896   ( 0.0%) 
leafwaterdata            1/32768          12/393216   ( 0.0%) 
waterstrips            500/32768        5000/327680   ( 1.5%) 
waterverts               0/65536           0/786432   ( 0.0%) 
waterindices          8700/65536       17400/131072   (13.3%) 
cubemapsamples          98/1024         1568/16384    ( 9.6%) 
overlays                30/512         10560/180224   ( 5.9%) 
LDR lightdata         [variable]    38675624/0        ( 0.0%) 
HDR lightdata         [variable]           0/0        ( 0.0%) 
visdata               [variable]          24/16777216 ( 0.0%) 
entdata               [variable]      262397/393216   (66.7%) 
LDR ambient table     6336/65536       25344/262144   ( 9.7%) 
HDR ambient table     6336/65536       25344/262144   ( 9.7%) 
LDR leaf ambient     22689/65536      635292/1835008  (34.6%) 
HDR leaf ambient      6336/65536      177408/1835008  ( 9.7%) 
occluders                0/0               0/0        ( 0.0%) 
occluder polygons        0/0               0/0        ( 0.0%) 
occluder vert ind        0/0               0/0        ( 0.0%) 
detail props          [variable]           1/625380   ( 0.0%) 
dtl prp lght          [variable]           1/4        (25.0%) 
HDR dtl prp lght      [variable]           1/4        (25.0%) 
static props          [variable]           1/13536    ( 0.0%) 
pakfile               [variable]     8625682/0        ( 0.0%) 
physics               [variable]      444103/4194304  (10.6%) 
physics terrain       [variable]       38517/1048576  ( 3.7%) 

Level flags = 0

Total triangle count: 26177
Writing e:\tf2 mods and maps\maps\lfce fixed maps\d2_coast_10_d.bsp
1 minute, 27 seconds elapsed
