PRT1
13
31
4 0 4 (2088 -3516 -920 ) (2088 -3792 -920 ) (2048 -3792 -920 ) (2048 -3516 -920 ) 
4 0 3 (2088 -3504 -920 ) (2448 -3504 -920 ) (2448 -3792 -920 ) (2088 -3792 -920 ) 
4 0 2 (2448 -3504 -920 ) (2576 -3504 -920 ) (2576 -3784 -920 ) (2448 -3784 -920 ) 
4 0 1 (2576 -3504 -920 ) (3040 -3504 -920 ) (3040 -3792 -920 ) (2576 -3792 -920 ) 
4 0 9 (2860 -3872 -922 ) (2576 -3872 -922 ) (2576 -3792 -922 ) (2860 -3792 -922 ) 
4 0 10 (2448 -3872 -922 ) (2048 -3872 -922 ) (2048 -3792 -922 ) (2448 -3792 -922 ) 
4 0 11 (2048 -3516 -922 ) (2048 -3776 -922 ) (2020 -3776 -922 ) (2020 -3516 -922 ) 
4 0 12 (2020 -3776 -922 ) (1648 -3776 -922 ) (1648 -3504 -922 ) (2020 -3504 -922 ) 
4 0 11 (2048 -3776 -922 ) (2048 -3872 -922 ) (2020 -3872 -922 ) (2020 -3776 -922 ) 
4 0 12 (2020 -3872 -922 ) (1648 -3872 -922 ) (1648 -3776 -922 ) (2020 -3776 -922 ) 
4 1 5 (3040 -3792 -922 ) (2576 -3792 -922 ) (2576 -3504 -922 ) (3040 -3504 -922 ) 
4 1 0 (2576 -3792 -922 ) (2860 -3792 -922 ) (2860 -3792 -920 ) (2576 -3792 -920 ) 
4 1 2 (2576 -3784 -920 ) (2576 -3504 -920 ) (2576 -3504 -922 ) (2576 -3784 -922 ) 
4 2 6 (2448 -3784 -922 ) (2448 -3504 -922 ) (2576 -3504 -922 ) (2576 -3784 -922 ) 
4 2 3 (2448 -3784 -920 ) (2448 -3504 -920 ) (2448 -3504 -922 ) (2448 -3784 -922 ) 
4 3 7 (2448 -3792 -922 ) (2088 -3792 -922 ) (2088 -3504 -922 ) (2448 -3504 -922 ) 
4 3 0 (2088 -3792 -922 ) (2448 -3792 -922 ) (2448 -3792 -920 ) (2088 -3792 -920 ) 
4 3 4 (2088 -3792 -922 ) (2088 -3792 -920 ) (2088 -3516 -920 ) (2088 -3516 -922 ) 
4 4 0 (2048 -3776 -922 ) (2048 -3792 -922 ) (2048 -3792 -920 ) (2048 -3776 -920 ) 
4 4 0 (2048 -3516 -922 ) (2048 -3776 -922 ) (2048 -3776 -920 ) (2048 -3516 -920 ) 
4 4 8 (2088 -3792 -922 ) (2048 -3792 -922 ) (2048 -3516 -922 ) (2088 -3516 -922 ) 
4 4 0 (2048 -3792 -922 ) (2088 -3792 -922 ) (2088 -3792 -920 ) (2048 -3792 -920 ) 
4 5 9 (2576 -3792 -936 ) (2860 -3792 -936 ) (2860 -3792 -922 ) (2576 -3792 -922 ) 
4 5 6 (2576 -3504 -922 ) (2576 -3504 -936 ) (2576 -3784 -936 ) (2576 -3784 -922 ) 
4 6 7 (2448 -3504 -922 ) (2448 -3504 -936 ) (2448 -3784 -936 ) (2448 -3784 -922 ) 
4 7 10 (2088 -3792 -936 ) (2448 -3792 -936 ) (2448 -3792 -922 ) (2088 -3792 -922 ) 
4 7 8 (2088 -3516 -936 ) (2088 -3792 -936 ) (2088 -3792 -922 ) (2088 -3516 -922 ) 
4 8 11 (2048 -3792 -922 ) (2048 -3516 -922 ) (2048 -3516 -936 ) (2048 -3792 -936 ) 
4 8 10 (2048 -3792 -936 ) (2088 -3792 -936 ) (2088 -3792 -922 ) (2048 -3792 -922 ) 
4 10 11 (2048 -3872 -922 ) (2048 -3792 -922 ) (2048 -3792 -936 ) (2048 -3872 -936 ) 
4 11 12 (2020 -3516 -936 ) (2020 -3872 -936 ) (2020 -3872 -922 ) (2020 -3516 -922 ) 
