


materialPath: D:\Steam\steamapps\common\Source SDK Base 2013 Multiplayer\tf\materials
Loading E:\TF2 Mods and Maps\maps\LFCE Fixed Maps\d2_prison_07_d.vmf
ConVarRef mat_reduceparticles doesn't point to an existing ConVar
Could not locate GameData file tf_coop_extended.fgd
fixing up env_cubemap materials on brush sides...
0...1...2...3...4...5...6...7...8...9...100...1...2...3...4...5...6...7...8...9...10Processing areas...done (0)
Building Faces...done (0)
Chop Details...done (0)
Find Visible Detail Sides...
Merged 362 detail faces...done (0)
Merging details...done (0)
FixTjuncs...
PruneNodes...
WriteBSP...
done (0)
writing E:\TF2 Mods and Maps\maps\LFCE Fixed Maps\d2_prison_07_d.prt...Building visibility clusters...
done (0)
Creating default LDR cubemaps for env_cubemap using skybox materials:
   skybox/sky_day02_09_hdr*.vmt
 ! Run buildcubemaps in the engine to get the correct cube maps.
Creating default HDR cubemaps for env_cubemap using skybox materials:
   skybox/sky_day02_09_hdr*.vmt
 ! Run buildcubemaps in the engine to get the correct cube maps.
Finding displacement neighbors...
Finding lightmap sample positions...
Displacement Alpha : 0...1...2...3...4...5...6...7...8...9...10
Building Physics collision data...
done (1) (994923 bytes)
Placing detail props : 0...1...2...3...4...5...6...7...8...9...10
Compacting texture/material tables...
Reduced 2619 texinfos to 1666
Reduced 185 texdatas to 144 (8003 bytes to 6267)
Writing E:\TF2 Mods and Maps\maps\LFCE Fixed Maps\d2_prison_07_d.bsp
MSG_FILEWRITE - Filesystem was asked to write to 'E:\TF2 Mods and Maps\maps\LFCE Fixed Maps\d2_prison_07_d.bsp', but we don't own that location. Allowing.
Wrote ZIP buffer, estimated size 6577977, actual size 6543191
2 seconds elapsed



8 threads
reading e:\tf2 mods and maps\maps\lfce fixed maps\d2_prison_07_d.bsp
reading e:\tf2 mods and maps\maps\lfce fixed maps\d2_prison_07_d.prt
  13 portalclusters
  31 numportals
0...1...2...3...4...5...6...7...8...9...100...1...2...3...4...5...6...7...8...9...10Optimized: 0 visible clusters (0.00%)
Total clusters visible: 168
Average clusters visible: 12
Building PAS...
Average clusters audible: 13
visdatasize:160  compressed from 208
writing e:\tf2 mods and maps\maps\lfce fixed maps\d2_prison_07_d.bsp
MSG_FILEWRITE - Filesystem was asked to write to 'e:\tf2 mods and maps\maps\lfce fixed maps\d2_prison_07_d.bsp', but we don't own that location. Allowing.
0 seconds elapsed



[Reading texlights from 'lights.rad']
[50 texlights parsed from 'lights.rad']

Loading e:\tf2 mods and maps\maps\lfce fixed maps\d2_prison_07_d.bsp
8665 faces
2 degenerate faces
520879 square feet [75006688.00 square inches]
0 Displacements
0 Square Feet [0.00 Square Inches]
8663 patches before subdivision
105113 patches after subdivision
76 direct lights
0...1...2...3...4...5...6...7...8...9...100...1...2...3...4...5...6...7...8...9...10transfers 12832792, max 677
transfer lists:  97.9 megs
0...1...2...3...4...5...6...7...8...9...10	Bounce #1 added RGB(194369, 314330, 254857)
0...1...2...3...4...5...6...7...8...9...10	Bounce #2 added RGB(59236, 82812, 52121)
0...1...2...3...4...5...6...7...8...9...10	Bounce #3 added RGB(14234, 17003, 8208)
0...1...2...3...4...5...6...7...8...9...10	Bounce #4 added RGB(4346, 4567, 1681)
0...1...2...3...4...5...6...7...8...9...10	Bounce #5 added RGB(1317, 1218, 337)
0...1...2...3...4...5...6...7...8...9...10	Bounce #6 added RGB(429, 352, 73)
0...1...2...3...4...5...6...7...8...9...10	Bounce #7 added RGB(142, 103, 16)
0...1...2...3...4...5...6...7...8...9...10	Bounce #8 added RGB(48, 32, 4)
0...1...2...3...4...5...6...7...8...9...10	Bounce #9 added RGB(17, 10, 1)
0...1...2...3...4...5...6...7...8...9...10	Bounce #10 added RGB(6, 3, 0)
0...1...2...3...4...5...6...7...8...9...10	Bounce #11 added RGB(2, 1, 0)
0...1...2...3...4...5...6...7...8...9...10	Bounce #12 added RGB(1, 0, 0)
Build Patch/Sample Hash Table(s).....Done<0.0175 sec>
0...1...2...3...4...5...6...7...8...9...10FinalLightFace Done
0 of 0 (0% of) surface lights went in leaf ambient cubes.
0...1...2...3...4...5...6...7...8...9...10Writing leaf ambient...done
Ready to Finish

Object names       Objects/Maxobjs  Memory / Maxmem  Fullness 
------------       ---------------  ---------------  -------- 
models                 122/1024         5856/49152    (11.9%) 
brushes               2628/8192        31536/98304    (32.1%) 
brushsides           17980/65536      143840/524288   (27.4%) 
planes                7586/65536      151720/1310720  (11.6%) 
vertexes             16052/65536      192624/786432   (24.5%) 
nodes                 3304/65536      105728/2097152  ( 5.0%) 
texinfos              1666/12288      119952/884736   (13.6%) 
texdata                144/2048         4608/65536    ( 7.0%) 
dispinfos                0/0               0/0        ( 0.0%) 
disp_verts               0/0               0/0        ( 0.0%) 
disp_tris                0/0               0/0        ( 0.0%) 
disp_lmsamples           0/0               0/0        ( 0.0%) 
faces                 8665/65536      485240/3670016  (13.2%) 
hdr faces                0/65536           0/3670016  ( 0.0%) 
origfaces             6812/65536      381472/3670016  (10.4%) 
leaves                3427/65536      109664/2097152  ( 5.2%) 
leaffaces            12757/65536       25514/131072   (19.5%) 
leafbrushes           4888/65536        9776/131072   ( 7.5%) 
areas                    9/256            72/2048     ( 3.5%) 
surfedges            71711/512000     286844/2048000  (14.0%) 
edges                46458/256000     185832/1024000  (18.1%) 
LDR worldlights         73/8192         6424/720896   ( 0.9%) 
HDR worldlights          0/8192            0/720896   ( 0.0%) 
leafwaterdata            1/32768          12/393216   ( 0.0%) 
waterstrips           1129/32768       11290/327680   ( 3.4%) 
waterverts               0/65536           0/786432   ( 0.0%) 
waterindices         24033/65536       48066/131072   (36.7%) 
cubemapsamples          74/1024         1184/16384    ( 7.2%) 
overlays                20/512          7040/180224   ( 3.9%) 
LDR lightdata         [variable]     7783976/0        ( 0.0%) 
HDR lightdata         [variable]           0/0        ( 0.0%) 
visdata               [variable]         160/16777216 ( 0.0%) 
entdata               [variable]      292937/393216   (74.5%) 
LDR ambient table     3427/65536       13708/262144   ( 5.2%) 
HDR ambient table     3427/65536       13708/262144   ( 5.2%) 
LDR leaf ambient     11448/65536      320544/1835008  (17.5%) 
HDR leaf ambient      3427/65536       95956/1835008  ( 5.2%) 
occluders                0/0               0/0        ( 0.0%) 
occluder polygons        0/0               0/0        ( 0.0%) 
occluder vert ind        0/0               0/0        ( 0.0%) 
detail props          [variable]           1/12       ( 8.3%) 
static props          [variable]           1/54106    ( 0.0%) 
pakfile               [variable]     6543191/0        ( 0.0%) 
physics               [variable]      994923/4194304  (23.7%) 
physics terrain       [variable]           2/1048576  ( 0.0%) 

Level flags = 0

Total triangle count: 27048
Writing e:\tf2 mods and maps\maps\lfce fixed maps\d2_prison_07_d.bsp
1 minute, 26 seconds elapsed



materialPath: D:\Steam\steamapps\common\Source SDK Base 2013 Multiplayer\tf\materials
Loading E:\TF2 Mods and Maps\maps\LFCE Fixed Maps\d2_prison_07_d.vmf
ConVarRef mat_reduceparticles doesn't point to an existing ConVar
Could not locate GameData file tf_coop_extended.fgd
fixing up env_cubemap materials on brush sides...
0...1...2...3...4...5...6...7...8...9...100...1...2...3...4...5...6...7...8...9...10Processing areas...done (0)
Building Faces...done (0)
Chop Details...done (0)
Find Visible Detail Sides...
Merged 362 detail faces...done (0)
Merging details...done (0)
FixTjuncs...
PruneNodes...
WriteBSP...
done (0)
writing E:\TF2 Mods and Maps\maps\LFCE Fixed Maps\d2_prison_07_d.prt...Building visibility clusters...
done (0)
Creating default LDR cubemaps for env_cubemap using skybox materials:
   skybox/sky_day02_09_hdr*.vmt
 ! Run buildcubemaps in the engine to get the correct cube maps.
Creating default HDR cubemaps for env_cubemap using skybox materials:
   skybox/sky_day02_09_hdr*.vmt
 ! Run buildcubemaps in the engine to get the correct cube maps.
Finding displacement neighbors...
Finding lightmap sample positions...
Displacement Alpha : 0...1...2...3...4...5...6...7...8...9...10
Building Physics collision data...
done (1) (994923 bytes)
Placing detail props : 0...1...2...3...4...5...6...7...8...9...10
Compacting texture/material tables...
Reduced 2619 texinfos to 1666
Reduced 185 texdatas to 144 (8003 bytes to 6267)
Writing E:\TF2 Mods and Maps\maps\LFCE Fixed Maps\d2_prison_07_d.bsp
MSG_FILEWRITE - Filesystem was asked to write to 'E:\TF2 Mods and Maps\maps\LFCE Fixed Maps\d2_prison_07_d.bsp', but we don't own that location. Allowing.
Wrote ZIP buffer, estimated size 6577977, actual size 6543191
2 seconds elapsed



8 threads
reading e:\tf2 mods and maps\maps\lfce fixed maps\d2_prison_07_d.bsp
reading e:\tf2 mods and maps\maps\lfce fixed maps\d2_prison_07_d.prt
  13 portalclusters
  31 numportals
0...1...2...3...4...5...6...7...8...9...100...1...2...3...4...5...6...7...8...9...10Optimized: 0 visible clusters (0.00%)
Total clusters visible: 168
Average clusters visible: 12
Building PAS...
Average clusters audible: 13
visdatasize:160  compressed from 208
writing e:\tf2 mods and maps\maps\lfce fixed maps\d2_prison_07_d.bsp
MSG_FILEWRITE - Filesystem was asked to write to 'e:\tf2 mods and maps\maps\lfce fixed maps\d2_prison_07_d.bsp', but we don't own that location. Allowing.
0 seconds elapsed



[Reading texlights from 'lights.rad']
[50 texlights parsed from 'lights.rad']

Loading e:\tf2 mods and maps\maps\lfce fixed maps\d2_prison_07_d.bsp
8665 faces
2 degenerate faces
520879 square feet [75006688.00 square inches]
0 Displacements
0 Square Feet [0.00 Square Inches]
8663 patches before subdivision
105113 patches after subdivision
76 direct lights
0...1...2...3...4...5...6...7...8...9...100...1...2...3...4...5...6...7...8...9...10transfers 12832792, max 677
transfer lists:  97.9 megs
0...1...2...3...4...5...6...7...8...9...10	Bounce #1 added RGB(194369, 314329, 254857)
0...1...2...3...4...5...6...7...8...9...10	Bounce #2 added RGB(59236, 82812, 52121)
0...1...2...3...4...5...6...7...8...9...10	Bounce #3 added RGB(14234, 17003, 8208)
0...1...2...3...4...5...6...7...8...9...10	Bounce #4 added RGB(4346, 4567, 1681)
0...1...2...3...4...5...6...7...8...9...10	Bounce #5 added RGB(1317, 1218, 337)
0...1...2...3...4...5...6...7...8...9...10	Bounce #6 added RGB(429, 352, 73)
0...1...2...3...4...5...6...7...8...9...10	Bounce #7 added RGB(142, 103, 16)
0...1...2...3...4...5...6...7...8...9...10	Bounce #8 added RGB(48, 32, 4)
0...1...2...3...4...5...6...7...8...9...10	Bounce #9 added RGB(17, 10, 1)
0...1...2...3...4...5...6...7...8...9...10	Bounce #10 added RGB(6, 3, 0)
0...1...2...3...4...5...6...7...8...9...10	Bounce #11 added RGB(2, 1, 0)
0...1...2...3...4...5...6...7...8...9...10	Bounce #12 added RGB(1, 0, 0)
Build Patch/Sample Hash Table(s).....Done<0.0180 sec>
0...1...2...3...4...5...6...7...8...9...10FinalLightFace Done
0 of 0 (0% of) surface lights went in leaf ambient cubes.
0...1...2...3...4...5...6...7...8...9...10Writing leaf ambient...done
Ready to Finish

Object names       Objects/Maxobjs  Memory / Maxmem  Fullness 
------------       ---------------  ---------------  -------- 
models                 122/1024         5856/49152    (11.9%) 
brushes               2628/8192        31536/98304    (32.1%) 
brushsides           17980/65536      143840/524288   (27.4%) 
planes                7586/65536      151720/1310720  (11.6%) 
vertexes             16052/65536      192624/786432   (24.5%) 
nodes                 3304/65536      105728/2097152  ( 5.0%) 
texinfos              1666/12288      119952/884736   (13.6%) 
texdata                144/2048         4608/65536    ( 7.0%) 
dispinfos                0/0               0/0        ( 0.0%) 
disp_verts               0/0               0/0        ( 0.0%) 
disp_tris                0/0               0/0        ( 0.0%) 
disp_lmsamples           0/0               0/0        ( 0.0%) 
faces                 8665/65536      485240/3670016  (13.2%) 
hdr faces                0/65536           0/3670016  ( 0.0%) 
origfaces             6812/65536      381472/3670016  (10.4%) 
leaves                3427/65536      109664/2097152  ( 5.2%) 
leaffaces            12757/65536       25514/131072   (19.5%) 
leafbrushes           4888/65536        9776/131072   ( 7.5%) 
areas                    9/256            72/2048     ( 3.5%) 
surfedges            71711/512000     286844/2048000  (14.0%) 
edges                46458/256000     185832/1024000  (18.1%) 
LDR worldlights         73/8192         6424/720896   ( 0.9%) 
HDR worldlights          0/8192            0/720896   ( 0.0%) 
leafwaterdata            1/32768          12/393216   ( 0.0%) 
waterstrips           1129/32768       11290/327680   ( 3.4%) 
waterverts               0/65536           0/786432   ( 0.0%) 
waterindices         24033/65536       48066/131072   (36.7%) 
cubemapsamples          74/1024         1184/16384    ( 7.2%) 
overlays                20/512          7040/180224   ( 3.9%) 
LDR lightdata         [variable]     7783976/0        ( 0.0%) 
HDR lightdata         [variable]           0/0        ( 0.0%) 
visdata               [variable]         160/16777216 ( 0.0%) 
entdata               [variable]      292957/393216   (74.5%) 
LDR ambient table     3427/65536       13708/262144   ( 5.2%) 
HDR ambient table     3427/65536       13708/262144   ( 5.2%) 
LDR leaf ambient     11448/65536      320544/1835008  (17.5%) 
HDR leaf ambient      3427/65536       95956/1835008  ( 5.2%) 
occluders                0/0               0/0        ( 0.0%) 
occluder polygons        0/0               0/0        ( 0.0%) 
occluder vert ind        0/0               0/0        ( 0.0%) 
detail props          [variable]           1/12       ( 8.3%) 
static props          [variable]           1/54106    ( 0.0%) 
pakfile               [variable]     6543191/0        ( 0.0%) 
physics               [variable]      994923/4194304  (23.7%) 
physics terrain       [variable]           2/1048576  ( 0.0%) 

Level flags = 0

Total triangle count: 27048
Writing e:\tf2 mods and maps\maps\lfce fixed maps\d2_prison_07_d.bsp
1 minute, 22 seconds elapsed



materialPath: D:\Steam\steamapps\common\Source SDK Base 2013 Multiplayer\tf\materials
Loading E:\TF2 Mods and Maps\maps\LFCE Fixed Maps\d2_prison_07_d.vmf
ConVarRef mat_reduceparticles doesn't point to an existing ConVar
Could not locate GameData file tf_coop_extended.fgd
fixing up env_cubemap materials on brush sides...
0...1...2...3...4...5...6...7...8...9...100...1...2...3...4...5...6...7...8...9...10Processing areas...done (0)
Building Faces...done (0)
Chop Details...done (0)
Find Visible Detail Sides...
Merged 362 detail faces...done (0)
Merging details...done (0)
FixTjuncs...
PruneNodes...
WriteBSP...
done (0)
writing E:\TF2 Mods and Maps\maps\LFCE Fixed Maps\d2_prison_07_d.prt...Building visibility clusters...
done (0)
Creating default LDR cubemaps for env_cubemap using skybox materials:
   skybox/sky_day02_09_hdr*.vmt
 ! Run buildcubemaps in the engine to get the correct cube maps.
Creating default HDR cubemaps for env_cubemap using skybox materials:
   skybox/sky_day02_09_hdr*.vmt
 ! Run buildcubemaps in the engine to get the correct cube maps.
Finding displacement neighbors...
Finding lightmap sample positions...
Displacement Alpha : 0...1...2...3...4...5...6...7...8...9...10
Building Physics collision data...
done (1) (995477 bytes)
Placing detail props : 0...1...2...3...4...5...6...7...8...9...10
Compacting texture/material tables...
Reduced 2622 texinfos to 1666
Reduced 185 texdatas to 144 (8003 bytes to 6267)
Writing E:\TF2 Mods and Maps\maps\LFCE Fixed Maps\d2_prison_07_d.bsp
MSG_FILEWRITE - Filesystem was asked to write to 'E:\TF2 Mods and Maps\maps\LFCE Fixed Maps\d2_prison_07_d.bsp', but we don't own that location. Allowing.
Wrote ZIP buffer, estimated size 6577977, actual size 6543191
2 seconds elapsed



8 threads
reading e:\tf2 mods and maps\maps\lfce fixed maps\d2_prison_07_d.bsp
reading e:\tf2 mods and maps\maps\lfce fixed maps\d2_prison_07_d.prt
  13 portalclusters
  31 numportals
0...1...2...3...4...5...6...7...8...9...100...1...2...3...4...5...6...7...8...9...10Optimized: 0 visible clusters (0.00%)
Total clusters visible: 168
Average clusters visible: 12
Building PAS...
Average clusters audible: 13
visdatasize:160  compressed from 208
writing e:\tf2 mods and maps\maps\lfce fixed maps\d2_prison_07_d.bsp
MSG_FILEWRITE - Filesystem was asked to write to 'e:\tf2 mods and maps\maps\lfce fixed maps\d2_prison_07_d.bsp', but we don't own that location. Allowing.
0 seconds elapsed



[Reading texlights from 'lights.rad']
[50 texlights parsed from 'lights.rad']

Loading e:\tf2 mods and maps\maps\lfce fixed maps\d2_prison_07_d.bsp
8665 faces
2 degenerate faces
520879 square feet [75006688.00 square inches]
0 Displacements
0 Square Feet [0.00 Square Inches]
8663 patches before subdivision
105113 patches after subdivision
76 direct lights
0...1...2...3...4...5...6...7...8...9...100...1...2...3...4...5...6...7...8...9...10transfers 12832792, max 677
transfer lists:  97.9 megs
0...1...2...3...4...5...6...7...8...9...10	Bounce #1 added RGB(194365, 314319, 254846)
0...1...2...3...4...5...6...7...8...9...10	Bounce #2 added RGB(59235, 82811, 52120)
0...1...2...3...4...5...6...7...8...9...10	Bounce #3 added RGB(14234, 17003, 8207)
0...1...2...3...4...5...6...7...8...9...10	Bounce #4 added RGB(4346, 4567, 1681)
0...1...2...3...4...5...6...7...8...9...10	Bounce #5 added RGB(1317, 1218, 337)
0...1...2...3...4...5...6...7...8...9...10	Bounce #6 added RGB(429, 352, 73)
0...1...2...3...4...5...6...7...8...9...10	Bounce #7 added RGB(142, 103, 16)
0...1...2...3...4...5...6...7...8...9...10	Bounce #8 added RGB(48, 32, 4)
0...1...2...3...4...5...6...7...8...9...10	Bounce #9 added RGB(17, 10, 1)
0...1...2...3...4...5...6...7...8...9...10	Bounce #10 added RGB(6, 3, 0)
0...1...2...3...4...5...6...7...8...9...10	Bounce #11 added RGB(2, 1, 0)
0...1...2...3...4...5...6...7...8...9...10	Bounce #12 added RGB(1, 0, 0)
Build Patch/Sample Hash Table(s).....Done<0.0175 sec>
0...1...2...3...4...5...6...7...8...9...10FinalLightFace Done
0 of 0 (0% of) surface lights went in leaf ambient cubes.
0...1...2...3...4...5...6...7...8...9...10Writing leaf ambient...done
Ready to Finish

Object names       Objects/Maxobjs  Memory / Maxmem  Fullness 
------------       ---------------  ---------------  -------- 
models                 123/1024         5904/49152    (12.0%) 
brushes               2629/8192        31548/98304    (32.1%) 
brushsides           17986/65536      143888/524288   (27.4%) 
planes                7610/65536      152200/1310720  (11.6%) 
vertexes             16052/65536      192624/786432   (24.5%) 
nodes                 3310/65536      105920/2097152  ( 5.1%) 
texinfos              1666/12288      119952/884736   (13.6%) 
texdata                144/2048         4608/65536    ( 7.0%) 
dispinfos                0/0               0/0        ( 0.0%) 
disp_verts               0/0               0/0        ( 0.0%) 
disp_tris                0/0               0/0        ( 0.0%) 
disp_lmsamples           0/0               0/0        ( 0.0%) 
faces                 8665/65536      485240/3670016  (13.2%) 
hdr faces                0/65536           0/3670016  ( 0.0%) 
origfaces             6812/65536      381472/3670016  (10.4%) 
leaves                3434/65536      109888/2097152  ( 5.2%) 
leaffaces            12757/65536       25514/131072   (19.5%) 
leafbrushes           4889/65536        9778/131072   ( 7.5%) 
areas                    9/256            72/2048     ( 3.5%) 
surfedges            71711/512000     286844/2048000  (14.0%) 
edges                46458/256000     185832/1024000  (18.1%) 
LDR worldlights         73/8192         6424/720896   ( 0.9%) 
HDR worldlights          0/8192            0/720896   ( 0.0%) 
leafwaterdata            1/32768          12/393216   ( 0.0%) 
waterstrips           1129/32768       11290/327680   ( 3.4%) 
waterverts               0/65536           0/786432   ( 0.0%) 
waterindices         24033/65536       48066/131072   (36.7%) 
cubemapsamples          74/1024         1184/16384    ( 7.2%) 
overlays                20/512          7040/180224   ( 3.9%) 
LDR lightdata         [variable]     7783976/0        ( 0.0%) 
HDR lightdata         [variable]           0/0        ( 0.0%) 
visdata               [variable]         160/16777216 ( 0.0%) 
entdata               [variable]      295963/393216   (75.3%) 
LDR ambient table     3434/65536       13736/262144   ( 5.2%) 
HDR ambient table     3434/65536       13736/262144   ( 5.2%) 
LDR leaf ambient     11455/65536      320740/1835008  (17.5%) 
HDR leaf ambient      3434/65536       96152/1835008  ( 5.2%) 
occluders                0/0               0/0        ( 0.0%) 
occluder polygons        0/0               0/0        ( 0.0%) 
occluder vert ind        0/0               0/0        ( 0.0%) 
detail props          [variable]           1/12       ( 8.3%) 
static props          [variable]           1/54106    ( 0.0%) 
pakfile               [variable]     6543191/0        ( 0.0%) 
physics               [variable]      995477/4194304  (23.7%) 
physics terrain       [variable]           2/1048576  ( 0.0%) 

Level flags = 0

Total triangle count: 27048
Writing e:\tf2 mods and maps\maps\lfce fixed maps\d2_prison_07_d.bsp
1 minute, 20 seconds elapsed



materialPath: D:\Steam\steamapps\common\Source SDK Base 2013 Multiplayer\tf\materials
Loading E:\TF2 Mods and Maps\maps\LFCE Fixed Maps\d2_prison_07_d.vmf
ConVarRef mat_reduceparticles doesn't point to an existing ConVar
Could not locate GameData file tf_coop_extended.fgd
fixing up env_cubemap materials on brush sides...
0...1...2...3...4...5...6...7...8...9...100...1...2...3...4...5...6...7...8...9...10Processing areas...done (0)
Building Faces...done (0)
Chop Details...done (0)
Find Visible Detail Sides...
Merged 362 detail faces...done (0)
Merging details...done (0)
FixTjuncs...
PruneNodes...
WriteBSP...
done (0)
writing E:\TF2 Mods and Maps\maps\LFCE Fixed Maps\d2_prison_07_d.prt...Building visibility clusters...
done (0)
Creating default LDR cubemaps for env_cubemap using skybox materials:
   skybox/sky_day02_09_hdr*.vmt
 ! Run buildcubemaps in the engine to get the correct cube maps.
Creating default HDR cubemaps for env_cubemap using skybox materials:
   skybox/sky_day02_09_hdr*.vmt
 ! Run buildcubemaps in the engine to get the correct cube maps.
Finding displacement neighbors...
Finding lightmap sample positions...
Displacement Alpha : 0...1...2...3...4...5...6...7...8...9...10
Building Physics collision data...
done (1) (994840 bytes)
Placing detail props : 0...1...2...3...4...5...6...7...8...9...10
Compacting texture/material tables...
Reduced 2619 texinfos to 1664
Reduced 182 texdatas to 142 (7923 bytes to 6230)
Writing E:\TF2 Mods and Maps\maps\LFCE Fixed Maps\d2_prison_07_d.bsp
MSG_FILEWRITE - Filesystem was asked to write to 'E:\TF2 Mods and Maps\maps\LFCE Fixed Maps\d2_prison_07_d.bsp', but we don't own that location. Allowing.
Wrote ZIP buffer, estimated size 6577555, actual size 6542903
3 seconds elapsed



8 threads
reading e:\tf2 mods and maps\maps\lfce fixed maps\d2_prison_07_d.bsp
reading e:\tf2 mods and maps\maps\lfce fixed maps\d2_prison_07_d.prt
   5 portalclusters
  12 numportals
0...1...2...3...4...5...6...7...8...9...100...1...2...3...4...5...6...7...8...9...10Optimized: 0 visible clusters (0.00%)
Total clusters visible: 26
Average clusters visible: 5
Building PAS...
Average clusters audible: 5
visdatasize:54  compressed from 80
writing e:\tf2 mods and maps\maps\lfce fixed maps\d2_prison_07_d.bsp
MSG_FILEWRITE - Filesystem was asked to write to 'e:\tf2 mods and maps\maps\lfce fixed maps\d2_prison_07_d.bsp', but we don't own that location. Allowing.
0 seconds elapsed



[Reading texlights from 'lights.rad']
[50 texlights parsed from 'lights.rad']

Loading e:\tf2 mods and maps\maps\lfce fixed maps\d2_prison_07_d.bsp
8620 faces
2 degenerate faces
514132 square feet [74035136.00 square inches]
0 Displacements
0 Square Feet [0.00 Square Inches]
8618 patches before subdivision
105864 patches after subdivision
76 direct lights
0...1...2...3...4...5...6...7...8...9...100...1...2...3...4...5...6...7...8...9...10transfers 12897923, max 677
transfer lists:  98.4 megs
0...1...2...3...4...5...6...7...8...9...10	Bounce #1 added RGB(196003, 318137, 258199)
0...1...2...3...4...5...6...7...8...9...10	Bounce #2 added RGB(58941, 81997, 51123)
0...1...2...3...4...5...6...7...8...9...10	Bounce #3 added RGB(14157, 16817, 8031)
0...1...2...3...4...5...6...7...8...9...10	Bounce #4 added RGB(4323, 4515, 1641)
0...1...2...3...4...5...6...7...8...9...10	Bounce #5 added RGB(1313, 1209, 332)
0...1...2...3...4...5...6...7...8...9...10	Bounce #6 added RGB(428, 350, 72)
0...1...2...3...4...5...6...7...8...9...10	Bounce #7 added RGB(142, 103, 16)
0...1...2...3...4...5...6...7...8...9...10	Bounce #8 added RGB(48, 31, 4)
0...1...2...3...4...5...6...7...8...9...10	Bounce #9 added RGB(17, 10, 1)
0...1...2...3...4...5...6...7...8...9...10	Bounce #10 added RGB(6, 3, 0)
0...1...2...3...4...5...6...7...8...9...10	Bounce #11 added RGB(2, 1, 0)
0...1...2...3...4...5...6...7...8...9...10	Bounce #12 added RGB(1, 0, 0)
Build Patch/Sample Hash Table(s).....Done<0.0184 sec>
0...1...2...3...4...5...6...7...8...9...10FinalLightFace Done
0 of 0 (0% of) surface lights went in leaf ambient cubes.
0...1...2...3...4...5...6...7...8...9...10Writing leaf ambient...done
Ready to Finish

Object names       Objects/Maxobjs  Memory / Maxmem  Fullness 
------------       ---------------  ---------------  -------- 
models                 123/1024         5904/49152    (12.0%) 
brushes               2628/8192        31536/98304    (32.1%) 
brushsides           17980/65536      143840/524288   (27.4%) 
planes                7610/65536      152200/1310720  (11.6%) 
vertexes             16015/65536      192180/786432   (24.4%) 
nodes                 3287/65536      105184/2097152  ( 5.0%) 
texinfos              1664/12288      119808/884736   (13.5%) 
texdata                142/2048         4544/65536    ( 6.9%) 
dispinfos                0/0               0/0        ( 0.0%) 
disp_verts               0/0               0/0        ( 0.0%) 
disp_tris                0/0               0/0        ( 0.0%) 
disp_lmsamples           0/0               0/0        ( 0.0%) 
faces                 8620/65536      482720/3670016  (13.2%) 
hdr faces                0/65536           0/3670016  ( 0.0%) 
origfaces             6811/65536      381416/3670016  (10.4%) 
leaves                3411/65536      109152/2097152  ( 5.2%) 
leaffaces            12652/65536       25304/131072   (19.3%) 
leafbrushes           4832/65536        9664/131072   ( 7.4%) 
areas                    9/256            72/2048     ( 3.5%) 
surfedges            71476/512000     285904/2048000  (14.0%) 
edges                46336/256000     185344/1024000  (18.1%) 
LDR worldlights         73/8192         6424/720896   ( 0.9%) 
HDR worldlights          0/8192            0/720896   ( 0.0%) 
leafwaterdata            0/32768           0/393216   ( 0.0%) 
waterstrips           1118/32768       11180/327680   ( 3.4%) 
waterverts               0/65536           0/786432   ( 0.0%) 
waterindices         23859/65536       47718/131072   (36.4%) 
cubemapsamples          74/1024         1184/16384    ( 7.2%) 
overlays                20/512          7040/180224   ( 3.9%) 
LDR lightdata         [variable]     7763492/0        ( 0.0%) 
HDR lightdata         [variable]           0/0        ( 0.0%) 
visdata               [variable]          54/16777216 ( 0.0%) 
entdata               [variable]      295963/393216   (75.3%) 
LDR ambient table     3411/65536       13644/262144   ( 5.2%) 
HDR ambient table     3411/65536       13644/262144   ( 5.2%) 
LDR leaf ambient     11345/65536      317660/1835008  (17.3%) 
HDR leaf ambient      3411/65536       95508/1835008  ( 5.2%) 
occluders                0/0               0/0        ( 0.0%) 
occluder polygons        0/0               0/0        ( 0.0%) 
occluder vert ind        0/0               0/0        ( 0.0%) 
detail props          [variable]           1/12       ( 8.3%) 
static props          [variable]           1/54112    ( 0.0%) 
pakfile               [variable]     6542903/0        ( 0.0%) 
physics               [variable]      994840/4194304  (23.7%) 
physics terrain       [variable]           2/1048576  ( 0.0%) 

Level flags = 0

Total triangle count: 26906
Writing e:\tf2 mods and maps\maps\lfce fixed maps\d2_prison_07_d.bsp
1 minute, 22 seconds elapsed



materialPath: D:\Steam\steamapps\common\Source SDK Base 2013 Multiplayer\tf\materials
Loading E:\TF2 Mods and Maps\maps\LFCE Fixed Maps\d2_prison_07_d.vmf
ConVarRef mat_reduceparticles doesn't point to an existing ConVar
Could not locate GameData file tf_coop_extended.fgd
fixing up env_cubemap materials on brush sides...
0...1...2...3...4...5...6...7...8...9...100...1...2...3...4...5...6...7...8...9...10Processing areas...done (0)
Building Faces...done (0)
Chop Details...done (0)
Find Visible Detail Sides...
Merged 362 detail faces...done (0)
Merging details...done (0)
FixTjuncs...
PruneNodes...
WriteBSP...
done (0)
writing E:\TF2 Mods and Maps\maps\LFCE Fixed Maps\d2_prison_07_d.prt...Building visibility clusters...
done (0)
Creating default LDR cubemaps for env_cubemap using skybox materials:
   skybox/sky_day02_09_hdr*.vmt
 ! Run buildcubemaps in the engine to get the correct cube maps.
Creating default HDR cubemaps for env_cubemap using skybox materials:
   skybox/sky_day02_09_hdr*.vmt
 ! Run buildcubemaps in the engine to get the correct cube maps.
Finding displacement neighbors...
Finding lightmap sample positions...
Displacement Alpha : 0...1...2...3...4...5...6...7...8...9...10
Building Physics collision data...
done (1) (1008530 bytes)
Placing detail props : 0...1...2...3...4...5...6...7...8...9...10
Compacting texture/material tables...
Reduced 2702 texinfos to 1689
Reduced 183 texdatas to 143 (7939 bytes to 6246)
Writing E:\TF2 Mods and Maps\maps\LFCE Fixed Maps\d2_prison_07_d.bsp
MSG_FILEWRITE - Filesystem was asked to write to 'E:\TF2 Mods and Maps\maps\LFCE Fixed Maps\d2_prison_07_d.bsp', but we don't own that location. Allowing.
Wrote ZIP buffer, estimated size 6577555, actual size 6542903
3 seconds elapsed



8 threads
reading e:\tf2 mods and maps\maps\lfce fixed maps\d2_prison_07_d.bsp
reading e:\tf2 mods and maps\maps\lfce fixed maps\d2_prison_07_d.prt
   5 portalclusters
  12 numportals
0...1...2...3...4...5...6...7...8...9...100...1...2...3...4...5...6...7...8...9...10Optimized: 0 visible clusters (0.00%)
Total clusters visible: 26
Average clusters visible: 5
Building PAS...
Average clusters audible: 5
visdatasize:54  compressed from 80
writing e:\tf2 mods and maps\maps\lfce fixed maps\d2_prison_07_d.bsp
MSG_FILEWRITE - Filesystem was asked to write to 'e:\tf2 mods and maps\maps\lfce fixed maps\d2_prison_07_d.bsp', but we don't own that location. Allowing.
0 seconds elapsed



[Reading texlights from 'lights.rad']
[50 texlights parsed from 'lights.rad']

Loading e:\tf2 mods and maps\maps\lfce fixed maps\d2_prison_07_d.bsp
8645 faces
2 degenerate faces
515228 square feet [74192904.00 square inches]
0 Displacements
0 Square Feet [0.00 Square Inches]
8643 patches before subdivision
105891 patches after subdivision
102 direct lights
0...1...2...3...4...5...6...7...8...9...100...1...2...3...4...5...6...7...8...9...10transfers 12901514, max 677
transfer lists:  98.4 megs
0...1...2...3...4...5...6...7...8...9...10	Bounce #1 added RGB(221453, 359458, 295452)
0...1...2...3...4...5...6...7...8...9...10	Bounce #2 added RGB(68278, 95298, 60136)
0...1...2...3...4...5...6...7...8...9...10	Bounce #3 added RGB(17541, 21075, 10192)
0...1...2...3...4...5...6...7...8...9...10	Bounce #4 added RGB(5554, 5870, 2156)
0...1...2...3...4...5...6...7...8...9...10	Bounce #5 added RGB(1765, 1645, 456)
0...1...2...3...4...5...6...7...8...9...10	Bounce #6 added RGB(595, 490, 102)
0...1...2...3...4...5...6...7...8...9...10	Bounce #7 added RGB(204, 149, 23)
0...1...2...3...4...5...6...7...8...9...10	Bounce #8 added RGB(72, 46, 5)
0...1...2...3...4...5...6...7...8...9...10	Bounce #9 added RGB(26, 15, 1)
0...1...2...3...4...5...6...7...8...9...10	Bounce #10 added RGB(9, 5, 0)
0...1...2...3...4...5...6...7...8...9...10	Bounce #11 added RGB(3, 2, 0)
0...1...2...3...4...5...6...7...8...9...10	Bounce #12 added RGB(1, 1, 0)
0...1...2...3...4...5...6...7...8...9...10	Bounce #13 added RGB(0, 0, 0)
Build Patch/Sample Hash Table(s).....Done<0.0176 sec>
0...1...2...3...4...5...6...7...8...9...10FinalLightFace Done
0 of 26 (0% of) surface lights went in leaf ambient cubes.
0...1...2...3...4...5...6...7...8...9...10Writing leaf ambient...done
Ready to Finish

Object names       Objects/Maxobjs  Memory / Maxmem  Fullness 
------------       ---------------  ---------------  -------- 
models                 148/1024         7104/49152    (14.5%) 
brushes               2653/8192        31836/98304    (32.4%) 
brushsides           18130/65536      145040/524288   (27.7%) 
planes                7676/65536      153520/1310720  (11.7%) 
vertexes             16215/65536      194580/786432   (24.7%) 
nodes                 3437/65536      109984/2097152  ( 5.2%) 
texinfos              1689/12288      121608/884736   (13.7%) 
texdata                143/2048         4576/65536    ( 7.0%) 
dispinfos                0/0               0/0        ( 0.0%) 
disp_verts               0/0               0/0        ( 0.0%) 
disp_tris                0/0               0/0        ( 0.0%) 
disp_lmsamples           0/0               0/0        ( 0.0%) 
faces                 8645/65536      484120/3670016  (13.2%) 
hdr faces                0/65536           0/3670016  ( 0.0%) 
origfaces             6836/65536      382816/3670016  (10.4%) 
leaves                3586/65536      114752/2097152  ( 5.5%) 
leaffaces            12677/65536       25354/131072   (19.3%) 
leafbrushes           4857/65536        9714/131072   ( 7.4%) 
areas                    9/256            72/2048     ( 3.5%) 
surfedges            71676/512000     286704/2048000  (14.0%) 
edges                46536/256000     186144/1024000  (18.2%) 
LDR worldlights         99/8192         8712/720896   ( 1.2%) 
HDR worldlights          0/8192            0/720896   ( 0.0%) 
leafwaterdata            0/32768           0/393216   ( 0.0%) 
waterstrips           1118/32768       11180/327680   ( 3.4%) 
waterverts               0/65536           0/786432   ( 0.0%) 
waterindices         23859/65536       47718/131072   (36.4%) 
cubemapsamples          74/1024         1184/16384    ( 7.2%) 
overlays                20/512          7040/180224   ( 3.9%) 
LDR lightdata         [variable]     7763492/0        ( 0.0%) 
HDR lightdata         [variable]           0/0        ( 0.0%) 
visdata               [variable]          54/16777216 ( 0.0%) 
entdata               [variable]      301631/393216   (76.7%) 
LDR ambient table     3586/65536       14344/262144   ( 5.5%) 
HDR ambient table     3586/65536       14344/262144   ( 5.5%) 
LDR leaf ambient     11784/65536      329952/1835008  (18.0%) 
HDR leaf ambient      3586/65536      100408/1835008  ( 5.5%) 
occluders                0/0               0/0        ( 0.0%) 
occluder polygons        0/0               0/0        ( 0.0%) 
occluder vert ind        0/0               0/0        ( 0.0%) 
detail props          [variable]           1/12       ( 8.3%) 
static props          [variable]           1/54112    ( 0.0%) 
pakfile               [variable]     6542903/0        ( 0.0%) 
physics               [variable]     1008530/4194304  (24.0%) 
physics terrain       [variable]           2/1048576  ( 0.0%) 

Level flags = 0

Total triangle count: 26956
Writing e:\tf2 mods and maps\maps\lfce fixed maps\d2_prison_07_d.bsp
1 minute, 30 seconds elapsed



materialPath: D:\Steam\steamapps\common\Source SDK Base 2013 Multiplayer\tf\materials
Loading E:\TF2 Mods and Maps\maps\LFCE Fixed Maps\d2_prison_07_d.vmf
ConVarRef mat_reduceparticles doesn't point to an existing ConVar
Could not locate GameData file tf_coop_extended.fgd
fixing up env_cubemap materials on brush sides...
0...1...2...3...4...5...6...7...8...9...100...1...2...3...4...5...6...7...8...9...10Processing areas...done (0)
Building Faces...done (0)
Chop Details...done (0)
Find Visible Detail Sides...
Merged 354 detail faces...done (0)
Merging details...done (0)
FixTjuncs...
PruneNodes...
WriteBSP...
done (0)
writing E:\TF2 Mods and Maps\maps\LFCE Fixed Maps\d2_prison_07_d.prt...Building visibility clusters...
done (0)
Creating default LDR cubemaps for env_cubemap using skybox materials:
   skybox/sky_day02_09_hdr*.vmt
 ! Run buildcubemaps in the engine to get the correct cube maps.
Creating default HDR cubemaps for env_cubemap using skybox materials:
   skybox/sky_day02_09_hdr*.vmt
 ! Run buildcubemaps in the engine to get the correct cube maps.
Finding displacement neighbors...
Finding lightmap sample positions...
Displacement Alpha : 0...1...2...3...4...5...6...7...8...9...10
Building Physics collision data...
done (1) (1011423 bytes)
Placing detail props : 0...1...2...3...4...5...6...7...8...9...10
Compacting texture/material tables...
Reduced 2723 texinfos to 1692
Reduced 188 texdatas to 146 (8164 bytes to 6356)
Writing E:\TF2 Mods and Maps\maps\LFCE Fixed Maps\d2_prison_07_d.bsp
MSG_FILEWRITE - Filesystem was asked to write to 'E:\TF2 Mods and Maps\maps\LFCE Fixed Maps\d2_prison_07_d.bsp', but we don't own that location. Allowing.
Wrote ZIP buffer, estimated size 6578641, actual size 6543721
3 seconds elapsed



8 threads
reading e:\tf2 mods and maps\maps\lfce fixed maps\d2_prison_07_d.bsp
reading e:\tf2 mods and maps\maps\lfce fixed maps\d2_prison_07_d.prt
  13 portalclusters
  31 numportals
0...1...2...3...4...5...6...7...8...9...100...1...2...3...4...5...6...7...8...9...10Optimized: 0 visible clusters (0.00%)
Total clusters visible: 168
Average clusters visible: 12
Building PAS...
Average clusters audible: 13
visdatasize:160  compressed from 208
writing e:\tf2 mods and maps\maps\lfce fixed maps\d2_prison_07_d.bsp
MSG_FILEWRITE - Filesystem was asked to write to 'e:\tf2 mods and maps\maps\lfce fixed maps\d2_prison_07_d.bsp', but we don't own that location. Allowing.
0 seconds elapsed



[Reading texlights from 'lights.rad']
[50 texlights parsed from 'lights.rad']

Loading e:\tf2 mods and maps\maps\lfce fixed maps\d2_prison_07_d.bsp
8686 faces
2 degenerate faces
522179 square feet [75193912.00 square inches]
0 Displacements
0 Square Feet [0.00 Square Inches]
8684 patches before subdivision
105402 patches after subdivision
102 direct lights
0...1...2...3...4...5...6...7...8...9...100...1...2...3...4...5...6...7...8...9...10transfers 12849557, max 680
transfer lists:  98.0 megs
0...1...2...3...4...5...6...7...8...9...10	Bounce #1 added RGB(219910, 356030, 292438)
0...1...2...3...4...5...6...7...8...9...10	Bounce #2 added RGB(68564, 96181, 61206)
0...1...2...3...4...5...6...7...8...9...10	Bounce #3 added RGB(17618, 21275, 10379)
0...1...2...3...4...5...6...7...8...9...10	Bounce #4 added RGB(5577, 5924, 2198)
0...1...2...3...4...5...6...7...8...9...10	Bounce #5 added RGB(1769, 1654, 462)
0...1...2...3...4...5...6...7...8...9...10	Bounce #6 added RGB(595, 492, 103)
0...1...2...3...4...5...6...7...8...9...10	Bounce #7 added RGB(204, 149, 23)
0...1...2...3...4...5...6...7...8...9...10	Bounce #8 added RGB(72, 46, 5)
0...1...2...3...4...5...6...7...8...9...10	Bounce #9 added RGB(26, 15, 1)
0...1...2...3...4...5...6...7...8...9...10	Bounce #10 added RGB(9, 5, 0)
0...1...2...3...4...5...6...7...8...9...10	Bounce #11 added RGB(3, 2, 0)
0...1...2...3...4...5...6...7...8...9...10	Bounce #12 added RGB(1, 1, 0)
0...1...2...3...4...5...6...7...8...9...10	Bounce #13 added RGB(0, 0, 0)
Build Patch/Sample Hash Table(s).....Done<0.0170 sec>
0...1...2...3...4...5...6...7...8...9...10FinalLightFace Done
0 of 26 (0% of) surface lights went in leaf ambient cubes.
0...1...2...3...4...5...6...7...8...9...10Writing leaf ambient...done
Ready to Finish

Object names       Objects/Maxobjs  Memory / Maxmem  Fullness 
------------       ---------------  ---------------  -------- 
models                 148/1024         7104/49152    (14.5%) 
brushes               2663/8192        31956/98304    (32.5%) 
brushsides           18217/65536      145736/524288   (27.8%) 
planes                7750/65536      155000/1310720  (11.8%) 
vertexes             16243/65536      194916/786432   (24.8%) 
nodes                 3450/65536      110400/2097152  ( 5.3%) 
texinfos              1692/12288      121824/884736   (13.8%) 
texdata                146/2048         4672/65536    ( 7.1%) 
dispinfos                0/0               0/0        ( 0.0%) 
disp_verts               0/0               0/0        ( 0.0%) 
disp_tris                0/0               0/0        ( 0.0%) 
disp_lmsamples           0/0               0/0        ( 0.0%) 
faces                 8686/65536      486416/3670016  (13.3%) 
hdr faces                0/65536           0/3670016  ( 0.0%) 
origfaces             6838/65536      382928/3670016  (10.4%) 
leaves                3599/65536      115168/2097152  ( 5.5%) 
leaffaces            12754/65536       25508/131072   (19.5%) 
leafbrushes           4927/65536        9854/131072   ( 7.5%) 
areas                    9/256            72/2048     ( 3.5%) 
surfedges            71891/512000     287564/2048000  (14.0%) 
edges                46647/256000     186588/1024000  (18.2%) 
LDR worldlights         99/8192         8712/720896   ( 1.2%) 
HDR worldlights          0/8192            0/720896   ( 0.0%) 
leafwaterdata            1/32768          12/393216   ( 0.0%) 
waterstrips           1125/32768       11250/327680   ( 3.4%) 
waterverts               0/65536           0/786432   ( 0.0%) 
waterindices         24000/65536       48000/131072   (36.6%) 
cubemapsamples          74/1024         1184/16384    ( 7.2%) 
overlays                20/512          7040/180224   ( 3.9%) 
LDR lightdata         [variable]     7780768/0        ( 0.0%) 
HDR lightdata         [variable]           0/0        ( 0.0%) 
visdata               [variable]         160/16777216 ( 0.0%) 
entdata               [variable]      307895/393216   (78.3%) 
LDR ambient table     3599/65536       14396/262144   ( 5.5%) 
HDR ambient table     3599/65536       14396/262144   ( 5.5%) 
LDR leaf ambient     11843/65536      331604/1835008  (18.1%) 
HDR leaf ambient      3599/65536      100772/1835008  ( 5.5%) 
occluders                0/0               0/0        ( 0.0%) 
occluder polygons        0/0               0/0        ( 0.0%) 
occluder vert ind        0/0               0/0        ( 0.0%) 
detail props          [variable]           1/12       ( 8.3%) 
static props          [variable]           1/54118    ( 0.0%) 
pakfile               [variable]     6543721/0        ( 0.0%) 
physics               [variable]     1011423/4194304  (24.1%) 
physics terrain       [variable]           2/1048576  ( 0.0%) 

Level flags = 0

Total triangle count: 27081
Writing e:\tf2 mods and maps\maps\lfce fixed maps\d2_prison_07_d.bsp
1 minute, 30 seconds elapsed



materialPath: D:\Steam\steamapps\common\Source SDK Base 2013 Multiplayer\tf\materials
Loading E:\TF2 Mods and Maps\maps\LFCE Fixed Maps\d2_prison_07_d.vmf
ConVarRef mat_reduceparticles doesn't point to an existing ConVar
Could not locate GameData file tf_coop_extended.fgd
fixing up env_cubemap materials on brush sides...
0...1...2...3...4...5...6...7...8...9...100...1...2...3...4...5...6...7...8...9...10Processing areas...done (0)
Building Faces...done (0)
Chop Details...done (0)
Find Visible Detail Sides...
Merged 354 detail faces...done (0)
Merging details...done (0)
FixTjuncs...
PruneNodes...
WriteBSP...
done (0)
writing E:\TF2 Mods and Maps\maps\LFCE Fixed Maps\d2_prison_07_d.prt...Building visibility clusters...
done (0)
Creating default LDR cubemaps for env_cubemap using skybox materials:
   skybox/sky_day02_09_hdr*.vmt
 ! Run buildcubemaps in the engine to get the correct cube maps.
Creating default HDR cubemaps for env_cubemap using skybox materials:
   skybox/sky_day02_09_hdr*.vmt
 ! Run buildcubemaps in the engine to get the correct cube maps.
Finding displacement neighbors...
Finding lightmap sample positions...
Displacement Alpha : 0...1...2...3...4...5...6...7...8...9...10
Building Physics collision data...
done (1) (1010870 bytes)
Placing detail props : 0...1...2...3...4...5...6...7...8...9...10
Compacting texture/material tables...
Reduced 2707 texinfos to 1687
Reduced 188 texdatas to 146 (8164 bytes to 6356)
Writing E:\TF2 Mods and Maps\maps\LFCE Fixed Maps\d2_prison_07_d.bsp
MSG_FILEWRITE - Filesystem was asked to write to 'E:\TF2 Mods and Maps\maps\LFCE Fixed Maps\d2_prison_07_d.bsp', but we don't own that location. Allowing.
Wrote ZIP buffer, estimated size 6578641, actual size 6543721
3 seconds elapsed



8 threads
reading e:\tf2 mods and maps\maps\lfce fixed maps\d2_prison_07_d.bsp
reading e:\tf2 mods and maps\maps\lfce fixed maps\d2_prison_07_d.prt
  13 portalclusters
  31 numportals
0...1...2...3...4...5...6...7...8...9...100...1...2...3...4...5...6...7...8...9...10Optimized: 0 visible clusters (0.00%)
Total clusters visible: 168
Average clusters visible: 12
Building PAS...
Average clusters audible: 13
visdatasize:160  compressed from 208
writing e:\tf2 mods and maps\maps\lfce fixed maps\d2_prison_07_d.bsp
MSG_FILEWRITE - Filesystem was asked to write to 'e:\tf2 mods and maps\maps\lfce fixed maps\d2_prison_07_d.bsp', but we don't own that location. Allowing.
0 seconds elapsed



[Reading texlights from 'lights.rad']
[50 texlights parsed from 'lights.rad']

Loading e:\tf2 mods and maps\maps\lfce fixed maps\d2_prison_07_d.bsp
8680 faces
2 degenerate faces
522023 square feet [75171384.00 square inches]
0 Displacements
0 Square Feet [0.00 Square Inches]
8678 patches before subdivision
105396 patches after subdivision
102 direct lights
0...1...2...3...4...5...6...7...


materialPath: D:\Steam\steamapps\common\Source SDK Base 2013 Multiplayer\tf\materials
Loading E:\TF2 Mods and Maps\maps\LFCE Fixed Maps\d2_prison_07_d.vmf
ConVarRef mat_reduceparticles doesn't point to an existing ConVar
Could not locate GameData file tf_coop_extended.fgd
fixing up env_cubemap materials on brush sides...
0...1...2...3...4...5...6...7...8...9...100...1...2...3...4...5...6...7...8...9...10Processing areas...done (0)
Building Faces...done (0)
Chop Details...done (0)
Find Visible Detail Sides...
Merged 354 detail faces...done (0)
Merging details...done (0)
FixTjuncs...
PruneNodes...
WriteBSP...
done (0)
writing E:\TF2 Mods and Maps\maps\LFCE Fixed Maps\d2_prison_07_d.prt...Building visibility clusters...
done (0)
Creating default LDR cubemaps for env_cubemap using skybox materials:
   skybox/sky_day02_09_hdr*.vmt
 ! Run buildcubemaps in the engine to get the correct cube maps.
Creating default HDR cubemaps for env_cubemap using skybox materials:
   skybox/sky_day02_09_hdr*.vmt
 ! Run buildcubemaps in the engine to get the correct cube maps.
Finding displacement neighbors...
Finding lightmap sample positions...
Displacement Alpha : 0...1...2...3...4...5...6...7...8...9...10
Building Physics collision data...
done (1) (1010870 bytes)
Placing detail props : 0...1...2...3...4...5...6...7...8...9...10
Compacting texture/material tables...
Reduced 2707 texinfos to 1687
Reduced 188 texdatas to 146 (8164 bytes to 6356)
Writing E:\TF2 Mods and Maps\maps\LFCE Fixed Maps\d2_prison_07_d.bsp
MSG_FILEWRITE - Filesystem was asked to write to 'E:\TF2 Mods and Maps\maps\LFCE Fixed Maps\d2_prison_07_d.bsp', but we don't own that location. Allowing.
Wrote ZIP buffer, estimated size 6578641, actual size 6543721
3 seconds elapsed



8 threads
reading e:\tf2 mods and maps\maps\lfce fixed maps\d2_prison_07_d.bsp
reading e:\tf2 mods and maps\maps\lfce fixed maps\d2_prison_07_d.prt
  13 portalclusters
  31 numportals
0...1...2...3...4...5...6...7...8...9...100...1...2...3...4...5...6...7...8...9...10Optimized: 0 visible clusters (0.00%)
Total clusters visible: 168
Average clusters visible: 12
Building PAS...
Average clusters audible: 13
visdatasize:160  compressed from 208
writing e:\tf2 mods and maps\maps\lfce fixed maps\d2_prison_07_d.bsp
MSG_FILEWRITE - Filesystem was asked to write to 'e:\tf2 mods and maps\maps\lfce fixed maps\d2_prison_07_d.bsp', but we don't own that location. Allowing.
0 seconds elapsed



[Reading texlights from 'lights.rad']
[50 texlights parsed from 'lights.rad']

Loading e:\tf2 mods and maps\maps\lfce fixed maps\d2_prison_07_d.bsp
8680 faces
2 degenerate faces
522023 square feet [75171384.00 square inches]
0 Displacements
0 Square Feet [0.00 Square Inches]
8678 patches before subdivision
105396 patches after subdivision
102 direct lights
0...1...2...3...4...5...6...7...8...9...100...1...2...3...4...5...6...7...8...9


materialPath: D:\Steam\steamapps\common\Source SDK Base 2013 Multiplayer\tf\materials
Loading E:\TF2 Mods and Maps\maps\LFCE Fixed Maps\d2_prison_07_d.vmf
ConVarRef mat_reduceparticles doesn't point to an existing ConVar
Could not locate GameData file tf_coop_extended.fgd
fixing up env_cubemap materials on brush sides...
0...1...2...3...4...5...6...7...8...9...100...1...2...3...4...5...6...7...8...9...10Processing areas...done (0)
Building Faces...done (0)
Chop Details...done (0)
Find Visible Detail Sides...
Merged 354 detail faces...done (0)
Merging details...done (0)
FixTjuncs...
PruneNodes...
WriteBSP...
done (0)
writing E:\TF2 Mods and Maps\maps\LFCE Fixed Maps\d2_prison_07_d.prt...Building visibility clusters...
done (0)
Creating default LDR cubemaps for env_cubemap using skybox materials:
   skybox/sky_day02_09_hdr*.vmt
 ! Run buildcubemaps in the engine to get the correct cube maps.
Creating default HDR cubemaps for env_cubemap using skybox materials:
   skybox/sky_day02_09_hdr*.vmt
 ! Run buildcubemaps in the engine to get the correct cube maps.
Finding displacement neighbors...
Finding lightmap sample positions...
Displacement Alpha : 0...1...2...3...4...5...6...7...8...9...10
Building Physics collision data...
done (1) (1010870 bytes)
Placing detail props : 0...1...2...3...4...5...6...7...8...9...10
Compacting texture/material tables...
Reduced 2707 texinfos to 1687
Reduced 188 texdatas to 146 (8164 bytes to 6356)
Writing E:\TF2 Mods and Maps\maps\LFCE Fixed Maps\d2_prison_07_d.bsp
MSG_FILEWRITE - Filesystem was asked to write to 'E:\TF2 Mods and Maps\maps\LFCE Fixed Maps\d2_prison_07_d.bsp', but we don't own that location. Allowing.
Wrote ZIP buffer, estimated size 6578641, actual size 6543721
3 seconds elapsed



8 threads
reading e:\tf2 mods and maps\maps\lfce fixed maps\d2_prison_07_d.bsp
reading e:\tf2 mods and maps\maps\lfce fixed maps\d2_prison_07_d.prt
  13 portalclusters
  31 numportals
0...1...2...3...4...5...6...7...8...9...100...1...2...3...4...5...6...7...8...9...10Optimized: 0 visible clusters (0.00%)
Total clusters visible: 168
Average clusters visible: 12
Building PAS...
Average clusters audible: 13
visdatasize:160  compressed from 208
writing e:\tf2 mods and maps\maps\lfce fixed maps\d2_prison_07_d.bsp
MSG_FILEWRITE - Filesystem was asked to write to 'e:\tf2 mods and maps\maps\lfce fixed maps\d2_prison_07_d.bsp', but we don't own that location. Allowing.
0 seconds elapsed



[Reading texlights from 'lights.rad']
[50 texlights parsed from 'lights.rad']

Loading e:\tf2 mods and maps\maps\lfce fixed maps\d2_prison_07_d.bsp
8680 faces
2 degenerate faces
522023 square feet [75171384.00 square inches]
0 Displacements
0 Square Feet [0.00 Square Inches]
8678 patches before subdivision
105396 patches after subdivision
102 direct lights
0...1...2...3...4...5...6....10..7transfers 12849557, max 680
.transfer lists:  98.0 megs
..0...1...2...3...4...5...6...7...8...9...108.	Bounce #1 added RGB(219916, 356043, 292449)
.0...1...2...3...4...5...6...7...8...9...10.9.	Bounce #2 added RGB(68568, 96187, 61210)
..0...1...2...3...4...5...6...7...8...9...10	Bounce #3 added RGB(17619, 21276, 10380)
0...1...2...3...4...5...6...7...8...9...10	Bounce #4 added RGB(5577, 5925, 2198)
0...1...2...3...4...5...6...7...8...9...1010	Bounce #5 added RGB(1769, 1654, 462)
0...1...02...3...4...5....6.1...2...3.....4...5...6...7...8.7..9....8.10..9	Bounce #6 added RGB(596, 492, 103)
0...1...2...3...4...5...6...7...8...9...10	Bounce #7 added RGB(204, 149, 23)
0...1...2...3...4...5...6...7...8...9...10	Bounce #8 added RGB(72, 46, 5)
0...1...2...3...4...5...6...7...8...9...10	Bounce #9 added RGB(26, 15, 1)
0...1...2...3...4...5...6...7...8...9...10	Bounce #10 added RGB(9, 5, 0)
0...1...2...3...4...5...6...7...8...9...10	Bounce #11 added RGB(3, 2, 0)
0...1...2...3...4...5...6...7...8...9...10	Bounce #12 added RGB(1, 1, 0)
0...1...2...3...4...5...6...7...8...9...10	Bounce #13 added RGB(0, 0, 0)
Build Patch/Sample Hash Table(s).....Done<0.0195 sec>
0...1...2...3...4...5...6...7...8...9...10FinalLightFace Done
0 of 26 (0% of) surface lights went in leaf ambient cubes.
0...1...2...3...4...5...6...7...8...9...10Writing leaf ambient...done
Ready to Finish

Object names       Objects/Maxobjs  Memory / Maxmem  Fullness 
------------       ---------------  ---------------  -------- 
models                 147/1024         7056/49152    (14.4%) 
brushes               2662/8192        31944/98304    (32.5%) 
brushsides           18211/65536      145688/524288   (27.8%) 
planes                7732/65536      154640/1310720  (11.8%) 
vertexes             16235/65536      194820/786432   (24.8%) 
nodes                 3444/65536      110208/2097152  ( 5.3%) 
texinfos              1687/12288      121464/884736   (13.7%) 
texdata                146/2048         4672/65536    ( 7.1%) 
dispinfos                0/0               0/0        ( 0.0%) 
disp_verts               0/0               0/0        ( 0.0%) 
disp_tris                0/0               0/0        ( 0.0%) 
disp_lmsamples           0/0               0/0        ( 0.0%) 
faces                 8680/65536      486080/3670016  (13.2%) 
hdr faces                0/65536           0/3670016  ( 0.0%) 
origfaces             6832/65536      382592/3670016  (10.4%) 
leaves                3592/65536      114944/2097152  ( 5.5%) 
leaffaces            12748/65536       25496/131072   (19.5%) 
leafbrushes           4926/65536        9852/131072   ( 7.5%) 
areas                    9/256            72/2048     ( 3.5%) 
surfedges            71843/512000     287372/2048000  (14.0%) 
edges                46623/256000     186492/1024000  (18.2%) 
LDR worldlights         99/8192         8712/720896   ( 1.2%) 
HDR worldlights          0/8192            0/720896   ( 0.0%) 
leafwaterdata            1/32768          12/393216   ( 0.0%) 
waterstrips           1125/32768       11250/327680   ( 3.4%) 
waterverts               0/65536           0/786432   ( 0.0%) 
waterindices         24000/65536       48000/131072   (36.6%) 
cubemapsamples          74/1024         1184/16384    ( 7.2%) 
overlays                20/512          7040/180224   ( 3.9%) 
LDR lightdata         [variable]     7780768/0        ( 0.0%) 
HDR lightdata         [variable]           0/0        ( 0.0%) 
visdata               [variable]         160/16777216 ( 0.0%) 
entdata               [variable]      305152/393216   (77.6%) 
LDR ambient table     3592/65536       14368/262144   ( 5.5%) 
HDR ambient table     3592/65536       14368/262144   ( 5.5%) 
LDR leaf ambient     11837/65536      331436/1835008  (18.1%) 
HDR leaf ambient      3592/65536      100576/1835008  ( 5.5%) 
occluders                0/0               0/0        ( 0.0%) 
occluder polygons        0/0               0/0        ( 0.0%) 
occluder vert ind        0/0               0/0        ( 0.0%) 
detail props          [variable]           1/12       ( 8.3%) 
static props          [variable]           1/54118    ( 0.0%) 
pakfile               [variable]     6543721/0        ( 0.0%) 
physics               [variable]     1010870/4194304  (24.1%) 
physics terrain       [variable]           2/1048576  ( 0.0%) 

Level flags = 0

Total triangle count: 27069
Writing e:\tf2 mods and maps\maps\lfce fixed maps\d2_prison_07_d.bsp
1 minute, 41 seconds elapsed
...10transfers 12849557, max 680
transfer lists:  98.0 megs
0...1...2...3...4...5...6...7...8...9...10	Bounce #1 added RGB(219912, 356035, 292442)
0...1...2...3...4...5...6...7...8...9...10	Bounce #2 added RGB(68564, 96182, 61207)
0...1...2...3...4...5...6...7...8...9...10	Bounce #3 added RGB(17619, 21275, 10379)
0...1...2...3...4...5...6...7...8...9...10	Bounce #4 added RGB(5577, 5924, 2198)
0...1...2...3...4...5...6...7...8...9...10	Bounce #5 added RGB(1769, 1654, 462)
0...1...2...3...4...5...6...7...8...9...10	Bounce #6 added RGB(595, 492, 103)
0...1...2...3...4...5...6...7...8...9...10	Bounce #7 added RGB(204, 149, 23)
0...1...2...3...4...5...6...7...8...9...10	Bounce #8 added RGB(72, 46, 5)
0...1...2...3...4...5...6...7...8...9...10	Bounce #9 added RGB(26, 15, 1)
0...1...2...3...4...5...6...7...8...9...10	Bounce #10 added RGB(9, 5, 0)
0...1...2...3...4...5...6...7...8...9...10	Bounce #11 added RGB(3, 2, 0)
0...1...2...3...4...5...6...7...8...9...10	Bounce #12 added RGB(1, 1, 0)
0...1...2...3...4...5...6...7...8...9...10	Bounce #13 added RGB(0, 0, 0)
Build Patch/Sample Hash Table(s).....Done<0.0169 sec>
0...1...2...3...4...5...6...7...8...9...10FinalLightFace Done
0 of 26 (0% of) surface lights went in leaf ambient cubes.
0...1...2...3...4...5...6...7...8...9...10Writing leaf ambient...done
Ready to Finish

Object names       Objects/Maxobjs  Memory / Maxmem  Fullness 
------------       ---------------  ---------------  -------- 
models                 147/1024         7056/49152    (14.4%) 
brushes               2662/8192        31944/98304    (32.5%) 
brushsides           18211/65536      145688/524288   (27.8%) 
planes                7732/65536      154640/1310720  (11.8%) 
vertexes             16235/65536      194820/786432   (24.8%) 
nodes                 3444/65536      110208/2097152  ( 5.3%) 
texinfos              1687/12288      121464/884736   (13.7%) 
texdata                146/2048         4672/65536    ( 7.1%) 
dispinfos                0/0               0/0        ( 0.0%) 
disp_verts               0/0               0/0        ( 0.0%) 
disp_tris                0/0               0/0        ( 0.0%) 
disp_lmsamples           0/0               0/0        ( 0.0%) 
faces                 8680/65536      486080/3670016  (13.2%) 
hdr faces                0/65536           0/3670016  ( 0.0%) 
origfaces             6832/65536      382592/3670016  (10.4%) 
leaves                3592/65536      114944/2097152  ( 5.5%) 
leaffaces            12748/65536       25496/131072   (19.5%) 
leafbrushes           4926/65536        9852/131072   ( 7.5%) 
areas                    9/256            72/2048     ( 3.5%) 
surfedges            71843/512000     287372/2048000  (14.0%) 
edges                46623/256000     186492/1024000  (18.2%) 
LDR worldlights         99/8192         8712/720896   ( 1.2%) 
HDR worldlights          0/8192            0/720896   ( 0.0%) 
leafwaterdata            1/32768          12/393216   ( 0.0%) 
waterstrips           1125/32768       11250/327680   ( 3.4%) 
waterverts               0/65536           0/786432   ( 0.0%) 
waterindices         24000/65536       48000/131072   (36.6%) 
cubemapsamples          74/1024         1184/16384    ( 7.2%) 
overlays                20/512          7040/180224   ( 3.9%) 
LDR lightdata         [variable]     7780768/0        ( 0.0%) 
HDR lightdata         [variable]           0/0        ( 0.0%) 
visdata               [variable]         160/16777216 ( 0.0%) 
entdata               [variable]      305152/393216   (77.6%) 
LDR ambient table     3592/65536       14368/262144   ( 5.5%) 
HDR ambient table     3592/65536       14368/262144   ( 5.5%) 
LDR leaf ambient     11837/65536      331436/1835008  (18.1%) 
HDR leaf ambient      3592/65536      100576/1835008  ( 5.5%) 
occluders                0/0               0/0        ( 0.0%) 
occluder polygons        0/0               0/0        ( 0.0%) 
occluder vert ind        0/0               0/0        ( 0.0%) 
detail props          [variable]           1/12       ( 8.3%) 
static props          [variable]           1/54118    ( 0.0%) 
pakfile               [variable]     6543721/0        ( 0.0%) 
physics               [variable]     1010870/4194304  (24.1%) 
physics terrain       [variable]           2/1048576  ( 0.0%) 

Level flags = 0

Total triangle count: 27069
Writing e:\tf2 mods and maps\maps\lfce fixed maps\d2_prison_07_d.bsp
1 minute, 27 seconds elapsed



materialPath: D:\Steam\steamapps\common\Source SDK Base 2013 Multiplayer\tf\materials
Loading E:\TF2 Mods and Maps\maps\LFCE Fixed Maps\d2_prison_07_d.vmf
ConVarRef mat_reduceparticles doesn't point to an existing ConVar
Could not locate GameData file tf_coop_extended.fgd
fixing up env_cubemap materials on brush sides...
0...1...2...3...4...5...6...7...8...9...100...1...2...3...4...5...6...7...8...9...10Processing areas...done (0)
Building Faces...done (1)
Chop Details...done (0)
Find Visible Detail Sides...
Merged 354 detail faces...done (0)
Merging details...done (0)
FixTjuncs...
PruneNodes...
WriteBSP...
done (0)
writing E:\TF2 Mods and Maps\maps\LFCE Fixed Maps\d2_prison_07_d.prt...Building visibility clusters...
done (0)
Creating default LDR cubemaps for env_cubemap using skybox materials:
   skybox/sky_day02_09_hdr*.vmt
 ! Run buildcubemaps in the engine to get the correct cube maps.
Creating default HDR cubemaps for env_cubemap using skybox materials:
   skybox/sky_day02_09_hdr*.vmt
 ! Run buildcubemaps in the engine to get the correct cube maps.
Finding displacement neighbors...
Finding lightmap sample positions...
Displacement Alpha : 0...1...2...3...4...5...6...7...8...9...10
Building Physics collision data...
done (1) (1010870 bytes)
Placing detail props : 0...1...2...3...4...5...6...7...8...9...10
Compacting texture/material tables...
Reduced 2707 texinfos to 1687
Reduced 188 texdatas to 146 (8164 bytes to 6356)
Writing E:\TF2 Mods and Maps\maps\LFCE Fixed Maps\d2_prison_07_d.bsp
MSG_FILEWRITE - Filesystem was asked to write to 'E:\TF2 Mods and Maps\maps\LFCE Fixed Maps\d2_prison_07_d.bsp', but we don't own that location. Allowing.
Wrote ZIP buffer, estimated size 6578641, actual size 6543721
2 seconds elapsed



8 threads
reading e:\tf2 mods and maps\maps\lfce fixed maps\d2_prison_07_d.bsp
reading e:\tf2 mods and maps\maps\lfce fixed maps\d2_prison_07_d.prt
  13 portalclusters
  31 numportals
0...1...2...3...4...5...6...7...8...9...100...1...2...3...4...5...6...7...8...9...10Optimized: 0 visible clusters (0.00%)
Total clusters visible: 168
Average clusters visible: 12
Building PAS...
Average clusters audible: 13
visdatasize:160  compressed from 208
writing e:\tf2 mods and maps\maps\lfce fixed maps\d2_prison_07_d.bsp
MSG_FILEWRITE - Filesystem was asked to write to 'e:\tf2 mods and maps\maps\lfce fixed maps\d2_prison_07_d.bsp', but we don't own that location. Allowing.
0 seconds elapsed



[Reading texlights from 'lights.rad']
[50 texlights parsed from 'lights.rad']

Loading e:\tf2 mods and maps\maps\lfce fixed maps\d2_prison_07_d.bsp
8680 faces
2 degenerate faces
522023 square feet [75171384.00 square inches]
0 Displacements
0 Square Feet [0.00 Square Inches]
8678 patches before subdivision
105396 patches after subdivision
102 direct lights
0...1...2...3...4...5...6...7...8...9...100...1...2...3...4...5...6...7...8...9...10transfers 12849557, max 680
transfer lists:  98.0 megs
0...1...2...3...4...5...6...7...8...9...10	Bounce #1 added RGB(219923, 356060, 292465)
0...1...2...3...4...5...6...7...8...9...10	Bounce #2 added RGB(68570, 96192, 61214)
0...1...2...3...4...5...6...7...8...9...10	Bounce #3 added RGB(17620, 21277, 10380)
0...1...2...3...4...5...6...7...8...9...10	Bounce #4 added RGB(5577, 5925, 2198)
0...1...2...3...4...5...6...7...8...9...10	Bounce #5 added RGB(1770, 1654, 462)
0...1...2...3...4...5...6...7...8...9...10	Bounce #6 added RGB(596, 492, 103)
0...1...2...3...4...5...6...7...8...9...10	Bounce #7 added RGB(204, 149, 23)
0...1...2...3...4...5...6...7...8...9...10	Bounce #8 added RGB(72, 46, 5)
0...1...2...3...4...5...6...7...8...9...10	Bounce #9 added RGB(26, 15, 1)
0...1...2...3...4...5...6...7...8...9...10	Bounce #10 added RGB(9, 5, 0)
0...1...2...3...4...5...6...7...8...9...10	Bounce #11 added RGB(3, 2, 0)
0...1...2...3...4...5...6...7...8...9...10	Bounce #12 added RGB(1, 1, 0)
0...1...2...3...4...5...6...7...8...9...10	Bounce #13 added RGB(0, 0, 0)
Build Patch/Sample Hash Table(s).....Done<0.0182 sec>
0...1...2...3...4...5...6...7...8...9...10FinalLightFace Done
0 of 26 (0% of) surface lights went in leaf ambient cubes.
0...1...2...3...4...5...6...7...8...9...10Writing leaf ambient...done
Ready to Finish

Object names       Objects/Maxobjs  Memory / Maxmem  Fullness 
------------       ---------------  ---------------  -------- 
models                 147/1024         7056/49152    (14.4%) 
brushes               2662/8192        31944/98304    (32.5%) 
brushsides           18211/65536      145688/524288   (27.8%) 
planes                7732/65536      154640/1310720  (11.8%) 
vertexes             16235/65536      194820/786432   (24.8%) 
nodes                 3444/65536      110208/2097152  ( 5.3%) 
texinfos              1687/12288      121464/884736   (13.7%) 
texdata                146/2048         4672/65536    ( 7.1%) 
dispinfos                0/0               0/0        ( 0.0%) 
disp_verts               0/0               0/0        ( 0.0%) 
disp_tris                0/0               0/0        ( 0.0%) 
disp_lmsamples           0/0               0/0        ( 0.0%) 
faces                 8680/65536      486080/3670016  (13.2%) 
hdr faces                0/65536           0/3670016  ( 0.0%) 
origfaces             6832/65536      382592/3670016  (10.4%) 
leaves                3592/65536      114944/2097152  ( 5.5%) 
leaffaces            12748/65536       25496/131072   (19.5%) 
leafbrushes           4926/65536        9852/131072   ( 7.5%) 
areas                    9/256            72/2048     ( 3.5%) 
surfedges            71843/512000     287372/2048000  (14.0%) 
edges                46623/256000     186492/1024000  (18.2%) 
LDR worldlights         99/8192         8712/720896   ( 1.2%) 
HDR worldlights          0/8192            0/720896   ( 0.0%) 
leafwaterdata            1/32768          12/393216   ( 0.0%) 
waterstrips           1125/32768       11250/327680   ( 3.4%) 
waterverts               0/65536           0/786432   ( 0.0%) 
waterindices         24000/65536       48000/131072   (36.6%) 
cubemapsamples          74/1024         1184/16384    ( 7.2%) 
overlays                20/512          7040/180224   ( 3.9%) 
LDR lightdata         [variable]     7780768/0        ( 0.0%) 
HDR lightdata         [variable]           0/0        ( 0.0%) 
visdata               [variable]         160/16777216 ( 0.0%) 
entdata               [variable]      305346/393216   (77.7%) 
LDR ambient table     3592/65536       14368/262144   ( 5.5%) 
HDR ambient table     3592/65536       14368/262144   ( 5.5%) 
LDR leaf ambient     11837/65536      331436/1835008  (18.1%) 
HDR leaf ambient      3592/65536      100576/1835008  ( 5.5%) 
occluders                0/0               0/0        ( 0.0%) 
occluder polygons        0/0               0/0        ( 0.0%) 
occluder vert ind        0/0               0/0        ( 0.0%) 
detail props          [variable]           1/12       ( 8.3%) 
static props          [variable]           1/54118    ( 0.0%) 
pakfile               [variable]     6543721/0        ( 0.0%) 
physics               [variable]     1010870/4194304  (24.1%) 
physics terrain       [variable]           2/1048576  ( 0.0%) 

Level flags = 0

Total triangle count: 27069
Writing e:\tf2 mods and maps\maps\lfce fixed maps\d2_prison_07_d.bsp
1 minute, 23 seconds elapsed



materialPath: D:\Steam\steamapps\common\Source SDK Base 2013 Multiplayer\tf\materials
Loading e:\tf2 mods and maps\maps\lfce fixed maps\d2_prison_07_d.vmf
ConVarRef mat_reduceparticles doesn't point to an existing ConVar
Could not locate GameData file tf_coop_extended.fgd
fixing up env_cubemap materials on brush sides...
0...1...2...3...4...5...6...7...8...9...100...1...2...3...4...5...6...7...8...9...10Processing areas...done (0)
Building Faces...done (0)
Chop Details...done (0)
Find Visible Detail Sides...
Merged 354 detail faces...done (0)
Merging details...done (0)
FixTjuncs...
PruneNodes...
WriteBSP...
done (0)
writing e:\tf2 mods and maps\maps\lfce fixed maps\d2_prison_07_d.prt...Building visibility clusters...
done (0)
Creating default LDR cubemaps for env_cubemap using skybox materials:
   skybox/sky_day02_09_hdr*.vmt
 ! Run buildcubemaps in the engine to get the correct cube maps.
Creating default HDR cubemaps for env_cubemap using skybox materials:
   skybox/sky_day02_09_hdr*.vmt
 ! Run buildcubemaps in the engine to get the correct cube maps.
Finding displacement neighbors...
Finding lightmap sample positions...
Displacement Alpha : 0...1...2...3...4...5...6...7...8...9...10
Building Physics collision data...
done (1) (1010870 bytes)
Placing detail props : 0...1...2...3...4...5...6...7...8...9...10
Compacting texture/material tables...
Reduced 2707 texinfos to 1687
Reduced 188 texdatas to 146 (8164 bytes to 6356)
Writing e:\tf2 mods and maps\maps\lfce fixed maps\d2_prison_07_d.bsp
MSG_FILEWRITE - Filesystem was asked to write to 'e:\tf2 mods and maps\maps\lfce fixed maps\d2_prison_07_d.bsp', but we don't own that location. Allowing.
Wrote ZIP buffer, estimated size 6578641, actual size 6543721
2 seconds elapsed



8 threads
reading e:\tf2 mods and maps\maps\lfce fixed maps\d2_prison_07_d.bsp
reading e:\tf2 mods and maps\maps\lfce fixed maps\d2_prison_07_d.prt
  13 portalclusters
  31 numportals
0...1...2...3...4...5...6...7...8...9...100...1...2...3...4...5...6...7...8...9...10Optimized: 0 visible clusters (0.00%)
Total clusters visible: 168
Average clusters visible: 12
Building PAS...
Average clusters audible: 13
visdatasize:160  compressed from 208
writing e:\tf2 mods and maps\maps\lfce fixed maps\d2_prison_07_d.bsp
MSG_FILEWRITE - Filesystem was asked to write to 'e:\tf2 mods and maps\maps\lfce fixed maps\d2_prison_07_d.bsp', but we don't own that location. Allowing.
0 seconds elapsed



[Reading texlights from 'lights.rad']
[50 texlights parsed from 'lights.rad']

Loading e:\tf2 mods and maps\maps\lfce fixed maps\d2_prison_07_d.bsp
8680 faces
2 degenerate faces
522023 square feet [75171384.00 square inches]
0 Displacements
0 Square Feet [0.00 Square Inches]
8678 patches before subdivision
105396 patches after subdivision
102 direct lights
0...1...2...3...4...5...6...7...8...9...100...1...2...3...4...5...6...7...8...9...10transfers 12849557, max 680
transfer lists:  98.0 megs
0...1...2...3...4...5...6...7...8...9...10	Bounce #1 added RGB(219912, 356103, 292440)
0...1...2...3...4...5...6...7...8...9...10	Bounce #2 added RGB(68555, 96180, 61191)
0...1...2...3...4...5...6...7...8...9...10	Bounce #3 added RGB(17612, 21269, 10373)
0...1...2...3...4...5...6...7...8...9...10	Bounce #4 added RGB(5574, 5922, 2196)
0...1...2...3...4...5...6...7...8...9...10	Bounce #5 added RGB(1768, 1653, 461)
0...1...2...3...4...5...6...7...8...9...10	Bounce #6 added RGB(595, 491, 103)
0...1...2...3...4...5...6...7...8...9...10	Bounce #7 added RGB(204, 149, 23)
0...1...2...3...4...5...6...7...8...9...10	Bounce #8 added RGB(71, 46, 5)
0...1...2...3...4...5...6...7...8...9...10	Bounce #9 added RGB(25, 15, 1)
0...1...2...3...4...5...6...7...8...9...10	Bounce #10 added RGB(9, 5, 0)
0...1...2...3...4...5...6...7...8...9...10	Bounce #11 added RGB(3, 2, 0)
0...1...2...3...4...5...6...7...8...9...10	Bounce #12 added RGB(1, 1, 0)
0...1...2...3...4...5...6...7...8...9...10	Bounce #13 added RGB(0, 0, 0)
Build Patch/Sample Hash Table(s).....Done<0.0163 sec>
0...1...2...3...4...5...6...7...8...9...10FinalLightFace Done
0 of 26 (0% of) surface lights went in leaf ambient cubes.
0...1...2...3...4...5...6...7...8...9...10Writing leaf ambient...done
Ready to Finish

Object names       Objects/Maxobjs  Memory / Maxmem  Fullness 
------------       ---------------  ---------------  -------- 
models                 147/1024         7056/49152    (14.4%) 
brushes               2662/8192        31944/98304    (32.5%) 
brushsides           18211/65536      145688/524288   (27.8%) 
planes                7732/65536      154640/1310720  (11.8%) 
vertexes             16235/65536      194820/786432   (24.8%) 
nodes                 3444/65536      110208/2097152  ( 5.3%) 
texinfos              1687/12288      121464/884736   (13.7%) 
texdata                146/2048         4672/65536    ( 7.1%) 
dispinfos                0/0               0/0        ( 0.0%) 
disp_verts               0/0               0/0        ( 0.0%) 
disp_tris                0/0               0/0        ( 0.0%) 
disp_lmsamples           0/0               0/0        ( 0.0%) 
faces                 8680/65536      486080/3670016  (13.2%) 
hdr faces                0/65536           0/3670016  ( 0.0%) 
origfaces             6832/65536      382592/3670016  (10.4%) 
leaves                3592/65536      114944/2097152  ( 5.5%) 
leaffaces            12748/65536       25496/131072   (19.5%) 
leafbrushes           4926/65536        9852/131072   ( 7.5%) 
areas                    9/256            72/2048     ( 3.5%) 
surfedges            71843/512000     287372/2048000  (14.0%) 
edges                46623/256000     186492/1024000  (18.2%) 
LDR worldlights         99/8192         8712/720896   ( 1.2%) 
HDR worldlights          0/8192            0/720896   ( 0.0%) 
leafwaterdata            1/32768          12/393216   ( 0.0%) 
waterstrips           1125/32768       11250/327680   ( 3.4%) 
waterverts               0/65536           0/786432   ( 0.0%) 
waterindices         24000/65536       48000/131072   (36.6%) 
cubemapsamples          74/1024         1184/16384    ( 7.2%) 
overlays                20/512          7040/180224   ( 3.9%) 
LDR lightdata         [variable]     7780768/0        ( 0.0%) 
HDR lightdata         [variable]           0/0        ( 0.0%) 
visdata               [variable]         160/16777216 ( 0.0%) 
entdata               [variable]      305346/393216   (77.7%) 
LDR ambient table     3592/65536       14368/262144   ( 5.5%) 
HDR ambient table     3592/65536       14368/262144   ( 5.5%) 
LDR leaf ambient     11833/65536      331324/1835008  (18.1%) 
HDR leaf ambient      3592/65536      100576/1835008  ( 5.5%) 
occluders                0/0               0/0        ( 0.0%) 
occluder polygons        0/0               0/0        ( 0.0%) 
occluder vert ind        0/0               0/0        ( 0.0%) 
detail props          [variable]           1/12       ( 8.3%) 
static props          [variable]           1/54118    ( 0.0%) 
pakfile               [variable]     6543721/0        ( 0.0%) 
physics               [variable]     1010870/4194304  (24.1%) 
physics terrain       [variable]           2/1048576  ( 0.0%) 

Level flags = 0

Total triangle count: 27069
Writing e:\tf2 mods and maps\maps\lfce fixed maps\d2_prison_07_d.bsp
4 minutes, 1 second elapsed



[Reading texlights from 'lights.rad']
[50 texlights parsed from 'lights.rad']

Loading e:\tf2 mods and maps\maps\lfce fixed maps\d2_prison_07_d.bsp
8680 faces
2 degenerate faces
522023 square feet [75171384.00 square inches]
0 Displacements
0 Square Feet [0.00 Square Inches]
8678 patches before subdivision
105396 patches after subdivision
102 direct lights
0...1...2...3...4...5...6...7...8...9...100...1...2...3...4...5...6...7...8...9...10transfers 12849557, max 680
transfer lists:  98.0 megs
0...1...2...3...4...5...6...7...8...9...10	Bounce #1 added RGB(103658, 167421, 136824)
0...1...2...3...4...5...6...7...8...9...10	Bounce #2 added RGB(31925, 44651, 28286)
0...1...2...3...4...5...6...7...8...9...10	Bounce #3 added RGB(7962, 9556, 4644)
0...1...2...3...4...5...6...7...8...9...10	Bounce #4 added RGB(2480, 2619, 970)
0...1...2...3...4...5...6...7...8...9...10	Bounce #5 added RGB(772, 717, 200)
0...1...2...3...4...5...6...7...8...9...10	Bounce #6 added RGB(256, 211, 44)
0...1...2...3...4...5...6...7...8...9...10	Bounce #7 added RGB(86, 63, 10)
0...1...2...3...4...5...6...7...8...9...10	Bounce #8 added RGB(30, 19, 2)
0...1...2...3...4...5...6...7...8...9...10	Bounce #9 added RGB(11, 6, 1)
0...1...2...3...4...5...6...7...8...9...10	Bounce #10 added RGB(4, 2, 0)
0...1...2...3...4...5...6...7...8...9...10	Bounce #11 added RGB(1, 1, 0)
0...1...2...3...4...5...6...7...8...9...10	Bounce #12 added RGB(1, 0, 0)
Build Patch/Sample Hash Table(s).....Done<0.0198 sec>
0...1...2...3...4...5...6...7...8...9...10FinalLightFace Done
13 of 26 (50% of) surface lights went in leaf ambient cubes.
0...1...2...3...4...5...6...7...8...9...10Writing leaf ambient...done
Ready to Finish

Object names       Objects/Maxobjs  Memory / Maxmem  Fullness 
------------       ---------------  ---------------  -------- 
models                 147/1024         7056/49152    (14.4%) 
brushes               2662/8192        31944/98304    (32.5%) 
brushsides           18211/65536      145688/524288   (27.8%) 
planes                7732/65536      154640/1310720  (11.8%) 
vertexes             16235/65536      194820/786432   (24.8%) 
nodes                 3444/65536      110208/2097152  ( 5.3%) 
texinfos              1687/12288      121464/884736   (13.7%) 
texdata                146/2048         4672/65536    ( 7.1%) 
dispinfos                0/0               0/0        ( 0.0%) 
disp_verts               0/0               0/0        ( 0.0%) 
disp_tris                0/0               0/0        ( 0.0%) 
disp_lmsamples           0/0               0/0        ( 0.0%) 
faces                 8680/65536      486080/3670016  (13.2%) 
hdr faces             8680/65536      486080/3670016  (13.2%) 
origfaces             6832/65536      382592/3670016  (10.4%) 
leaves                3592/65536      114944/2097152  ( 5.5%) 
leaffaces            12748/65536       25496/131072   (19.5%) 
leafbrushes           4926/65536        9852/131072   ( 7.5%) 
areas                    9/256            72/2048     ( 3.5%) 
surfedges            71843/512000     287372/2048000  (14.0%) 
edges                46623/256000     186492/1024000  (18.2%) 
LDR worldlights         99/8192         8712/720896   ( 1.2%) 
HDR worldlights         99/8192         8712/720896   ( 1.2%) 
leafwaterdata            1/32768          12/393216   ( 0.0%) 
waterstrips           1125/32768       11250/327680   ( 3.4%) 
waterverts               0/65536           0/786432   ( 0.0%) 
waterindices         24000/65536       48000/131072   (36.6%) 
cubemapsamples          74/1024         1184/16384    ( 7.2%) 
overlays                20/512          7040/180224   ( 3.9%) 
LDR lightdata         [variable]     7780768/0        ( 0.0%) 
HDR lightdata         [variable]     7780768/0        ( 0.0%) 
visdata               [variable]         160/16777216 ( 0.0%) 
entdata               [variable]      305346/393216   (77.7%) 
LDR ambient table     3592/65536       14368/262144   ( 5.5%) 
HDR ambient table     3592/65536       14368/262144   ( 5.5%) 
LDR leaf ambient     11833/65536      331324/1835008  (18.1%) 
HDR leaf ambient     10817/65536      302876/1835008  (16.5%) 
occluders                0/0               0/0        ( 0.0%) 
occluder polygons        0/0               0/0        ( 0.0%) 
occluder vert ind        0/0               0/0        ( 0.0%) 
detail props          [variable]           1/12       ( 8.3%) 
static props          [variable]           1/54118    ( 0.0%) 
pakfile               [variable]     6543721/0        ( 0.0%) 
physics               [variable]     1010870/4194304  (24.1%) 
physics terrain       [variable]           2/1048576  ( 0.0%) 

Level flags = 0

Total triangle count: 27069
Writing e:\tf2 mods and maps\maps\lfce fixed maps\d2_prison_07_d.bsp
3 minutes, 42 seconds elapsed
