PRT1
94
257
4 1 4 (-8066 2562 8 ) (-8066 2562 190 ) (-8066 2622 190 ) (-8066 2622 8 ) 
4 1 3 (-8066 2562 190 ) (-8066 2562 192 ) (-8066 2622 192 ) (-8066 2622 190 ) 
4 1 5 (-8066 2562 0 ) (-8066 2562 8 ) (-8066 2622 8 ) (-8066 2622 0 ) 
4 1 2 (-8066 2622 192 ) (-8066 2880 192 ) (-8066 2880 0 ) (-8066 2622 0 ) 
4 1 7 (-8066 2562 0 ) (-7872 2562 0 ) (-7872 2562 192 ) (-8066 2562 192 ) 
4 2 4 (-8070 2622 190 ) (-8070 2622 8 ) (-8066 2622 8 ) (-8066 2622 190 ) 
4 2 3 (-8070 2622 192 ) (-8070 2622 190 ) (-8066 2622 190 ) (-8066 2622 192 ) 
4 2 5 (-8070 2622 8 ) (-8070 2622 0 ) (-8066 2622 0 ) (-8066 2622 8 ) 
4 2 6 (-8070 2622 192 ) (-8070 2880 192 ) (-8070 2880 0 ) (-8070 2622 0 ) 
4 3 7 (-8066 2562 190 ) (-8066 2562 192 ) (-8070 2562 192 ) (-8070 2562 190 ) 
4 3 6 (-8070 2562 190 ) (-8070 2562 192 ) (-8070 2622 192 ) (-8070 2622 190 ) 
4 3 4 (-8070 2562 190 ) (-8070 2622 190 ) (-8066 2622 190 ) (-8066 2562 190 ) 
4 4 5 (-8070 2562 8 ) (-8070 2622 8 ) (-8066 2622 8 ) (-8066 2562 8 ) 
4 4 7 (-8066 2562 8 ) (-8066 2562 190 ) (-8070 2562 190 ) (-8070 2562 8 ) 
4 4 6 (-8070 2562 8 ) (-8070 2562 190 ) (-8070 2622 190 ) (-8070 2622 8 ) 
4 5 6 (-8070 2562 0 ) (-8070 2562 8 ) (-8070 2622 8 ) (-8070 2622 0 ) 
4 5 7 (-8070 2562 0 ) (-8066 2562 0 ) (-8066 2562 8 ) (-8070 2562 8 ) 
4 6 42 (-8192 2562 192 ) (-8192 2880 192 ) (-8192 2880 0 ) (-8192 2562 0 ) 
4 6 7 (-8192 2562 0 ) (-8070 2562 0 ) (-8070 2562 192 ) (-8192 2562 192 ) 
4 7 42 (-8192 2560 192 ) (-8192 2562 192 ) (-8192 2562 0 ) (-8192 2560 0 ) 
4 7 10 (-8070 2560 0 ) (-8066 2560 0 ) (-8066 2560 192 ) (-8070 2560 192 ) 
4 7 9 (-8066 2560 0 ) (-8064 2560 0 ) (-8064 2560 192 ) (-8066 2560 192 ) 
4 7 14 (-8192 2560 0 ) (-8070 2560 0 ) (-8070 2560 192 ) (-8192 2560 192 ) 
4 7 8 (-8064 2560 0 ) (-7872 2560 0 ) (-7872 2560 192 ) (-8064 2560 192 ) 
4 8 49 (-7808 2048 192 ) (-8064 2048 192 ) (-8064 2048 0 ) (-7808 2048 0 ) 
4 8 34 (-8064 2178 0 ) (-8064 2114 0 ) (-8064 2114 192 ) (-8064 2178 192 ) 
4 8 40 (-8064 2114 0 ) (-8064 2112 0 ) (-8064 2112 192 ) (-8064 2114 192 ) 
4 8 28 (-8064 2240 0 ) (-8064 2178 0 ) (-8064 2178 192 ) (-8064 2240 192 ) 
4 8 27 (-8064 2370 0 ) (-8064 2368 0 ) (-8064 2368 192 ) (-8064 2370 192 ) 
4 8 21 (-8064 2434 0 ) (-8064 2370 0 ) (-8064 2370 192 ) (-8064 2434 192 ) 
4 8 15 (-8064 2498 0 ) (-8064 2434 0 ) (-8064 2434 192 ) (-8064 2498 192 ) 
4 8 9 (-8064 2560 192 ) (-8064 2560 0 ) (-8064 2498 0 ) (-8064 2498 192 ) 
4 9 15 (-8066 2498 0 ) (-8064 2498 0 ) (-8064 2498 192 ) (-8066 2498 192 ) 
4 9 12 (-8066 2498 8 ) (-8066 2498 190 ) (-8066 2558 190 ) (-8066 2558 8 ) 
4 9 11 (-8066 2498 190 ) (-8066 2498 192 ) (-8066 2558 192 ) (-8066 2558 190 ) 
4 9 13 (-8066 2558 0 ) (-8066 2498 0 ) (-8066 2498 8 ) (-8066 2558 8 ) 
4 9 10 (-8066 2560 192 ) (-8066 2560 0 ) (-8066 2558 0 ) (-8066 2558 192 ) 
4 10 12 (-8070 2558 190 ) (-8070 2558 8 ) (-8066 2558 8 ) (-8066 2558 190 ) 
4 10 11 (-8070 2558 192 ) (-8070 2558 190 ) (-8066 2558 190 ) (-8066 2558 192 ) 
4 10 13 (-8070 2558 8 ) (-8070 2558 0 ) (-8066 2558 0 ) (-8066 2558 8 ) 
4 10 14 (-8070 2560 192 ) (-8070 2560 0 ) (-8070 2558 0 ) (-8070 2558 192 ) 
4 11 16 (-8066 2498 190 ) (-8066 2498 192 ) (-8070 2498 192 ) (-8070 2498 190 ) 
4 11 14 (-8070 2498 190 ) (-8070 2498 192 ) (-8070 2558 192 ) (-8070 2558 190 ) 
4 11 12 (-8070 2498 190 ) (-8070 2558 190 ) (-8066 2558 190 ) (-8066 2498 190 ) 
4 12 16 (-8066 2498 8 ) (-8066 2498 190 ) (-8070 2498 190 ) (-8070 2498 8 ) 
4 12 13 (-8070 2498 8 ) (-8070 2558 8 ) (-8066 2558 8 ) (-8066 2498 8 ) 
4 12 14 (-8070 2498 8 ) (-8070 2498 190 ) (-8070 2558 190 ) (-8070 2558 8 ) 
4 13 16 (-8070 2498 0 ) (-8066 2498 0 ) (-8066 2498 8 ) (-8070 2498 8 ) 
4 13 14 (-8070 2558 0 ) (-8070 2498 0 ) (-8070 2498 8 ) (-8070 2558 8 ) 
4 14 42 (-8192 2498 192 ) (-8192 2560 192 ) (-8192 2560 0 ) (-8192 2498 0 ) 
4 14 20 (-8192 2498 0 ) (-8070 2498 0 ) (-8070 2498 192 ) (-8192 2498 192 ) 
4 15 21 (-8066 2434 0 ) (-8064 2434 0 ) (-8064 2434 192 ) (-8066 2434 192 ) 
4 15 18 (-8066 2434 8 ) (-8066 2434 190 ) (-8066 2494 190 ) (-8066 2494 8 ) 
4 15 17 (-8066 2434 190 ) (-8066 2434 192 ) (-8066 2494 192 ) (-8066 2494 190 ) 
4 15 19 (-8066 2494 0 ) (-8066 2434 0 ) (-8066 2434 8 ) (-8066 2494 8 ) 
4 15 16 (-8066 2498 192 ) (-8066 2498 0 ) (-8066 2494 0 ) (-8066 2494 192 ) 
4 16 18 (-8070 2494 190 ) (-8070 2494 8 ) (-8066 2494 8 ) (-8066 2494 190 ) 
4 16 17 (-8070 2494 192 ) (-8070 2494 190 ) (-8066 2494 190 ) (-8066 2494 192 ) 
4 16 19 (-8070 2494 8 ) (-8070 2494 0 ) (-8066 2494 0 ) (-8066 2494 8 ) 
4 16 20 (-8070 2498 192 ) (-8070 2498 0 ) (-8070 2494 0 ) (-8070 2494 192 ) 
4 17 22 (-8066 2434 190 ) (-8066 2434 192 ) (-8070 2434 192 ) (-8070 2434 190 ) 
4 17 20 (-8070 2434 190 ) (-8070 2434 192 ) (-8070 2494 192 ) (-8070 2494 190 ) 
4 17 18 (-8070 2434 190 ) (-8070 2494 190 ) (-8066 2494 190 ) (-8066 2434 190 ) 
4 18 22 (-8066 2434 8 ) (-8066 2434 190 ) (-8070 2434 190 ) (-8070 2434 8 ) 
4 18 19 (-8070 2434 8 ) (-8070 2494 8 ) (-8066 2494 8 ) (-8066 2434 8 ) 
4 18 20 (-8070 2434 8 ) (-8070 2434 190 ) (-8070 2494 190 ) (-8070 2494 8 ) 
4 19 22 (-8070 2434 0 ) (-8066 2434 0 ) (-8066 2434 8 ) (-8070 2434 8 ) 
4 19 20 (-8070 2494 0 ) (-8070 2434 0 ) (-8070 2434 8 ) (-8070 2494 8 ) 
4 20 42 (-8192 2434 192 ) (-8192 2498 192 ) (-8192 2498 0 ) (-8192 2434 0 ) 
4 20 26 (-8192 2434 0 ) (-8070 2434 0 ) (-8070 2434 192 ) (-8192 2434 192 ) 
4 21 27 (-8066 2370 0 ) (-8064 2370 0 ) (-8064 2370 192 ) (-8066 2370 192 ) 
4 21 24 (-8066 2370 8 ) (-8066 2370 190 ) (-8066 2430 190 ) (-8066 2430 8 ) 
4 21 23 (-8066 2370 190 ) (-8066 2370 192 ) (-8066 2430 192 ) (-8066 2430 190 ) 
4 21 25 (-8066 2430 0 ) (-8066 2370 0 ) (-8066 2370 8 ) (-8066 2430 8 ) 
4 21 22 (-8066 2434 192 ) (-8066 2434 0 ) (-8066 2430 0 ) (-8066 2430 192 ) 
4 22 24 (-8070 2430 190 ) (-8070 2430 8 ) (-8066 2430 8 ) (-8066 2430 190 ) 
4 22 23 (-8070 2430 192 ) (-8070 2430 190 ) (-8066 2430 190 ) (-8066 2430 192 ) 
4 22 25 (-8070 2430 8 ) (-8070 2430 0 ) (-8066 2430 0 ) (-8066 2430 8 ) 
4 22 26 (-8070 2434 192 ) (-8070 2434 0 ) (-8070 2430 0 ) (-8070 2430 192 ) 
4 23 27 (-8066 2370 190 ) (-8066 2370 192 ) (-8070 2370 192 ) (-8070 2370 190 ) 
4 23 26 (-8070 2370 190 ) (-8070 2370 192 ) (-8070 2430 192 ) (-8070 2430 190 ) 
4 23 24 (-8070 2370 190 ) (-8070 2430 190 ) (-8066 2430 190 ) (-8066 2370 190 ) 
4 24 27 (-8066 2370 8 ) (-8066 2370 190 ) (-8070 2370 190 ) (-8070 2370 8 ) 
4 24 25 (-8070 2370 8 ) (-8070 2430 8 ) (-8066 2430 8 ) (-8066 2370 8 ) 
4 24 26 (-8070 2370 8 ) (-8070 2370 190 ) (-8070 2430 190 ) (-8070 2430 8 ) 
4 25 27 (-8070 2370 0 ) (-8066 2370 0 ) (-8066 2370 8 ) (-8070 2370 8 ) 
4 25 26 (-8070 2430 0 ) (-8070 2370 0 ) (-8070 2370 8 ) (-8070 2430 8 ) 
4 26 42 (-8192 2370 192 ) (-8192 2434 192 ) (-8192 2434 0 ) (-8192 2370 0 ) 
4 26 27 (-8072 2370 0 ) (-8070 2370 0 ) (-8070 2370 192 ) (-8072 2370 192 ) 
4 26 41 (-8192 2370 0 ) (-8072 2370 0 ) (-8072 2370 192 ) (-8192 2370 192 ) 
4 27 41 (-8072 2370 192 ) (-8072 2370 0 ) (-8072 2368 0 ) (-8072 2368 192 ) 
4 28 34 (-8066 2178 0 ) (-8064 2178 0 ) (-8064 2178 192 ) (-8066 2178 192 ) 
4 28 31 (-8066 2178 8 ) (-8066 2178 190 ) (-8066 2238 190 ) (-8066 2238 8 ) 
4 28 30 (-8066 2178 190 ) (-8066 2178 192 ) (-8066 2238 192 ) (-8066 2238 190 ) 
4 28 32 (-8066 2238 0 ) (-8066 2178 0 ) (-8066 2178 8 ) (-8066 2238 8 ) 
4 28 29 (-8066 2240 192 ) (-8066 2240 0 ) (-8066 2238 0 ) (-8066 2238 192 ) 
4 29 31 (-8070 2238 190 ) (-8070 2238 8 ) (-8066 2238 8 ) (-8066 2238 190 ) 
4 29 30 (-8070 2238 192 ) (-8070 2238 190 ) (-8066 2238 190 ) (-8066 2238 192 ) 
4 29 32 (-8070 2238 8 ) (-8070 2238 0 ) (-8066 2238 0 ) (-8066 2238 8 ) 
4 29 33 (-8070 2240 192 ) (-8070 2240 0 ) (-8070 2238 0 ) (-8070 2238 192 ) 
4 30 35 (-8066 2178 190 ) (-8066 2178 192 ) (-8070 2178 192 ) (-8070 2178 190 ) 
4 30 33 (-8070 2178 190 ) (-8070 2178 192 ) (-8070 2238 192 ) (-8070 2238 190 ) 
4 30 31 (-8070 2178 190 ) (-8070 2238 190 ) (-8066 2238 190 ) (-8066 2178 190 ) 
4 31 35 (-8066 2178 8 ) (-8066 2178 190 ) (-8070 2178 190 ) (-8070 2178 8 ) 
4 31 32 (-8070 2178 8 ) (-8070 2238 8 ) (-8066 2238 8 ) (-8066 2178 8 ) 
4 31 33 (-8070 2178 8 ) (-8070 2178 190 ) (-8070 2238 190 ) (-8070 2238 8 ) 
4 32 35 (-8070 2178 0 ) (-8066 2178 0 ) (-8066 2178 8 ) (-8070 2178 8 ) 
4 32 33 (-8070 2238 0 ) (-8070 2178 0 ) (-8070 2178 8 ) (-8070 2238 8 ) 
4 33 39 (-8072 2178 192 ) (-8072 2178 0 ) (-8070 2178 0 ) (-8070 2178 192 ) 
4 33 41 (-8072 2240 0 ) (-8072 2178 0 ) (-8072 2178 192 ) (-8072 2240 192 ) 
4 34 37 (-8066 2114 8 ) (-8066 2114 190 ) (-8066 2174 190 ) (-8066 2174 8 ) 
4 34 36 (-8066 2114 190 ) (-8066 2114 192 ) (-8066 2174 192 ) (-8066 2174 190 ) 
4 34 38 (-8066 2174 0 ) (-8066 2114 0 ) (-8066 2114 8 ) (-8066 2174 8 ) 
4 34 35 (-8066 2178 192 ) (-8066 2178 0 ) (-8066 2174 0 ) (-8066 2174 192 ) 
4 34 40 (-8066 2114 0 ) (-8064 2114 0 ) (-8064 2114 192 ) (-8066 2114 192 ) 
4 35 37 (-8070 2174 190 ) (-8070 2174 8 ) (-8066 2174 8 ) (-8066 2174 190 ) 
4 35 36 (-8070 2174 192 ) (-8070 2174 190 ) (-8066 2174 190 ) (-8066 2174 192 ) 
4 35 38 (-8070 2174 8 ) (-8070 2174 0 ) (-8066 2174 0 ) (-8066 2174 8 ) 
4 35 39 (-8070 2178 192 ) (-8070 2178 0 ) (-8070 2174 0 ) (-8070 2174 192 ) 
4 36 40 (-8066 2114 190 ) (-8066 2114 192 ) (-8070 2114 192 ) (-8070 2114 190 ) 
4 36 39 (-8070 2114 190 ) (-8070 2114 192 ) (-8070 2174 192 ) (-8070 2174 190 ) 
4 36 37 (-8070 2114 190 ) (-8070 2174 190 ) (-8066 2174 190 ) (-8066 2114 190 ) 
4 37 38 (-8070 2114 8 ) (-8070 2174 8 ) (-8066 2174 8 ) (-8066 2114 8 ) 
4 37 40 (-8066 2114 8 ) (-8066 2114 190 ) (-8070 2114 190 ) (-8070 2114 8 ) 
4 37 39 (-8070 2114 8 ) (-8070 2114 190 ) (-8070 2174 190 ) (-8070 2174 8 ) 
4 38 39 (-8070 2174 0 ) (-8070 2114 0 ) (-8070 2114 8 ) (-8070 2174 8 ) 
4 38 40 (-8070 2114 0 ) (-8066 2114 0 ) (-8066 2114 8 ) (-8070 2114 8 ) 
4 39 40 (-8072 2114 192 ) (-8072 2114 0 ) (-8070 2114 0 ) (-8070 2114 192 ) 
4 39 41 (-8072 2178 0 ) (-8072 2114 0 ) (-8072 2114 192 ) (-8072 2178 192 ) 
4 40 41 (-8072 2114 0 ) (-8072 2112 0 ) (-8072 2112 192 ) (-8072 2114 192 ) 
4 41 76 (-8072 2048 192 ) (-8192 2048 192 ) (-8192 2048 0 ) (-8072 2048 0 ) 
4 41 42 (-8192 2048 0 ) (-8192 2048 192 ) (-8192 2370 192 ) (-8192 2370 0 ) 
4 42 81 (-8192 2048 0 ) (-8192 2048 192 ) (-8240 2048 192 ) (-8240 2048 0 ) 
4 42 45 (-8240 2360 192 ) (-8240 2424 192 ) (-8240 2424 0 ) (-8240 2360 0 ) 
4 42 46 (-8240 2048 192 ) (-8240 2328 192 ) (-8240 2328 0 ) (-8240 2048 0 ) 
4 42 44 (-8240 2456 192 ) (-8240 2584 192 ) (-8240 2584 0 ) (-8240 2456 0 ) 
4 42 43 (-8240 2616 192 ) (-8240 2880 192 ) (-8240 2880 0 ) (-8240 2616 0 ) 
4 43 47 (-8256 2616 192 ) (-8256 2880 192 ) (-8256 2880 0 ) (-8256 2616 0 ) 
4 44 47 (-8256 2456 192 ) (-8256 2584 192 ) (-8256 2584 0 ) (-8256 2456 0 ) 
4 45 47 (-8256 2360 192 ) (-8256 2424 192 ) (-8256 2424 0 ) (-8256 2360 0 ) 
4 46 81 (-8240 2048 192 ) (-8256 2048 192 ) (-8256 2048 0 ) (-8240 2048 0 ) 
4 46 47 (-8256 2048 192 ) (-8256 2328 192 ) (-8256 2328 0 ) (-8256 2048 0 ) 
4 47 81 (-8256 2048 192 ) (-8512 2048 192 ) (-8512 2048 0 ) (-8256 2048 0 ) 
4 48 80 (-8192 1152 192 ) (-8192 1024 192 ) (-8192 1024 896 ) (-8192 1152 896 ) 
4 48 79 (-7680 1024 896 ) (-8192 1024 896 ) (-8192 1024 192 ) (-7680 1024 192 ) 
4 48 78 (-8192 1024 192 ) (-8192 1152 192 ) (-7680 1152 192 ) (-7680 1024 192 ) 
4 49 69 (-8064 1666 0 ) (-8064 1602 0 ) (-8064 1602 192 ) (-8064 1666 192 ) 
4 49 75 (-8064 1602 0 ) (-8064 1408 0 ) (-8064 1408 192 ) (-8064 1602 192 ) 
4 49 63 (-8064 1728 0 ) (-8064 1666 0 ) (-8064 1666 192 ) (-8064 1728 192 ) 
4 49 56 (-8064 1922 0 ) (-8064 1858 0 ) (-8064 1858 192 ) (-8064 1922 192 ) 
4 49 62 (-8064 1858 0 ) (-8064 1856 0 ) (-8064 1856 192 ) (-8064 1858 192 ) 
4 49 50 (-8064 1984 0 ) (-8064 1922 0 ) (-8064 1922 192 ) (-8064 1984 192 ) 
4 50 56 (-8066 1922 0 ) (-8064 1922 0 ) (-8064 1922 192 ) (-8066 1922 192 ) 
4 50 53 (-8066 1922 8 ) (-8066 1922 190 ) (-8066 1982 190 ) (-8066 1982 8 ) 
4 50 52 (-8066 1922 190 ) (-8066 1922 192 ) (-8066 1982 192 ) (-8066 1982 190 ) 
4 50 54 (-8066 1982 0 ) (-8066 1922 0 ) (-8066 1922 8 ) (-8066 1982 8 ) 
4 50 51 (-8066 1984 192 ) (-8066 1984 0 ) (-8066 1982 0 ) (-8066 1982 192 ) 
4 51 53 (-8070 1982 190 ) (-8070 1982 8 ) (-8066 1982 8 ) (-8066 1982 190 ) 
4 51 52 (-8070 1982 192 ) (-8070 1982 190 ) (-8066 1982 190 ) (-8066 1982 192 ) 
4 51 54 (-8070 1982 8 ) (-8070 1982 0 ) (-8066 1982 0 ) (-8066 1982 8 ) 
4 51 55 (-8070 1984 192 ) (-8070 1984 0 ) (-8070 1982 0 ) (-8070 1982 192 ) 
4 52 57 (-8066 1922 190 ) (-8066 1922 192 ) (-8070 1922 192 ) (-8070 1922 190 ) 
4 52 55 (-8070 1922 190 ) (-8070 1922 192 ) (-8070 1982 192 ) (-8070 1982 190 ) 
4 52 53 (-8070 1922 190 ) (-8070 1982 190 ) (-8066 1982 190 ) (-8066 1922 190 ) 
4 53 57 (-8066 1922 8 ) (-8066 1922 190 ) (-8070 1922 190 ) (-8070 1922 8 ) 
4 53 54 (-8070 1922 8 ) (-8070 1982 8 ) (-8066 1982 8 ) (-8066 1922 8 ) 
4 53 55 (-8070 1922 8 ) (-8070 1922 190 ) (-8070 1982 190 ) (-8070 1982 8 ) 
4 54 57 (-8070 1922 0 ) (-8066 1922 0 ) (-8066 1922 8 ) (-8070 1922 8 ) 
4 54 55 (-8070 1982 0 ) (-8070 1922 0 ) (-8070 1922 8 ) (-8070 1982 8 ) 
4 55 76 (-8072 1984 0 ) (-8072 1922 0 ) (-8072 1922 192 ) (-8072 1984 192 ) 
4 55 61 (-8072 1922 192 ) (-8072 1922 0 ) (-8070 1922 0 ) (-8070 1922 192 ) 
4 56 59 (-8066 1858 8 ) (-8066 1858 190 ) (-8066 1918 190 ) (-8066 1918 8 ) 
4 56 58 (-8066 1858 190 ) (-8066 1858 192 ) (-8066 1918 192 ) (-8066 1918 190 ) 
4 56 60 (-8066 1918 0 ) (-8066 1858 0 ) (-8066 1858 8 ) (-8066 1918 8 ) 
4 56 57 (-8066 1922 192 ) (-8066 1922 0 ) (-8066 1918 0 ) (-8066 1918 192 ) 
4 56 62 (-8066 1858 0 ) (-8064 1858 0 ) (-8064 1858 192 ) (-8066 1858 192 ) 
4 57 59 (-8070 1918 190 ) (-8070 1918 8 ) (-8066 1918 8 ) (-8066 1918 190 ) 
4 57 58 (-8070 1918 192 ) (-8070 1918 190 ) (-8066 1918 190 ) (-8066 1918 192 ) 
4 57 60 (-8070 1918 8 ) (-8070 1918 0 ) (-8066 1918 0 ) (-8066 1918 8 ) 
4 57 61 (-8070 1922 192 ) (-8070 1922 0 ) (-8070 1918 0 ) (-8070 1918 192 ) 
4 58 62 (-8066 1858 190 ) (-8066 1858 192 ) (-8070 1858 192 ) (-8070 1858 190 ) 
4 58 61 (-8070 1858 190 ) (-8070 1858 192 ) (-8070 1918 192 ) (-8070 1918 190 ) 
4 58 59 (-8070 1858 190 ) (-8070 1918 190 ) (-8066 1918 190 ) (-8066 1858 190 ) 
4 59 60 (-8070 1858 8 ) (-8070 1918 8 ) (-8066 1918 8 ) (-8066 1858 8 ) 
4 59 62 (-8066 1858 8 ) (-8066 1858 190 ) (-8070 1858 190 ) (-8070 1858 8 ) 
4 59 61 (-8070 1858 8 ) (-8070 1858 190 ) (-8070 1918 190 ) (-8070 1918 8 ) 
4 60 61 (-8070 1918 0 ) (-8070 1858 0 ) (-8070 1858 8 ) (-8070 1918 8 ) 
4 60 62 (-8070 1858 0 ) (-8066 1858 0 ) (-8066 1858 8 ) (-8070 1858 8 ) 
4 61 76 (-8072 1922 0 ) (-8072 1858 0 ) (-8072 1858 192 ) (-8072 1922 192 ) 
4 61 62 (-8072 1858 192 ) (-8072 1858 0 ) (-8070 1858 0 ) (-8070 1858 192 ) 
4 62 76 (-8072 1858 0 ) (-8072 1856 0 ) (-8072 1856 192 ) (-8072 1858 192 ) 
4 63 69 (-8066 1666 0 ) (-8064 1666 0 ) (-8064 1666 192 ) (-8066 1666 192 ) 
4 63 66 (-8066 1666 8 ) (-8066 1666 190 ) (-8066 1726 190 ) (-8066 1726 8 ) 
4 63 65 (-8066 1666 190 ) (-8066 1666 192 ) (-8066 1726 192 ) (-8066 1726 190 ) 
4 63 67 (-8066 1726 0 ) (-8066 1666 0 ) (-8066 1666 8 ) (-8066 1726 8 ) 
4 63 64 (-8066 1728 192 ) (-8066 1728 0 ) (-8066 1726 0 ) (-8066 1726 192 ) 
4 64 66 (-8070 1726 190 ) (-8070 1726 8 ) (-8066 1726 8 ) (-8066 1726 190 ) 
4 64 65 (-8070 1726 192 ) (-8070 1726 190 ) (-8066 1726 190 ) (-8066 1726 192 ) 
4 64 67 (-8070 1726 8 ) (-8070 1726 0 ) (-8066 1726 0 ) (-8066 1726 8 ) 
4 64 68 (-8070 1728 192 ) (-8070 1728 0 ) (-8070 1726 0 ) (-8070 1726 192 ) 
4 65 70 (-8066 1666 190 ) (-8066 1666 192 ) (-8070 1666 192 ) (-8070 1666 190 ) 
4 65 68 (-8070 1666 190 ) (-8070 1666 192 ) (-8070 1726 192 ) (-8070 1726 190 ) 
4 65 66 (-8070 1666 190 ) (-8070 1726 190 ) (-8066 1726 190 ) (-8066 1666 190 ) 
4 66 70 (-8066 1666 8 ) (-8066 1666 190 ) (-8070 1666 190 ) (-8070 1666 8 ) 
4 66 67 (-8070 1666 8 ) (-8070 1726 8 ) (-8066 1726 8 ) (-8066 1666 8 ) 
4 66 68 (-8070 1666 8 ) (-8070 1666 190 ) (-8070 1726 190 ) (-8070 1726 8 ) 
4 67 70 (-8070 1666 0 ) (-8066 1666 0 ) (-8066 1666 8 ) (-8070 1666 8 ) 
4 67 68 (-8070 1726 0 ) (-8070 1666 0 ) (-8070 1666 8 ) (-8070 1726 8 ) 
4 68 77 (-8072 1728 0 ) (-8072 1666 0 ) (-8072 1666 192 ) (-8072 1728 192 ) 
4 68 74 (-8072 1666 192 ) (-8072 1666 0 ) (-8070 1666 0 ) (-8070 1666 192 ) 
4 69 72 (-8066 1602 8 ) (-8066 1602 190 ) (-8066 1662 190 ) (-8066 1662 8 ) 
4 69 71 (-8066 1602 190 ) (-8066 1602 192 ) (-8066 1662 192 ) (-8066 1662 190 ) 
4 69 73 (-8066 1662 0 ) (-8066 1602 0 ) (-8066 1602 8 ) (-8066 1662 8 ) 
4 69 70 (-8066 1666 192 ) (-8066 1666 0 ) (-8066 1662 0 ) (-8066 1662 192 ) 
4 69 75 (-8066 1602 0 ) (-8064 1602 0 ) (-8064 1602 192 ) (-8066 1602 192 ) 
4 70 72 (-8070 1662 190 ) (-8070 1662 8 ) (-8066 1662 8 ) (-8066 1662 190 ) 
4 70 71 (-8070 1662 192 ) (-8070 1662 190 ) (-8066 1662 190 ) (-8066 1662 192 ) 
4 70 73 (-8070 1662 8 ) (-8070 1662 0 ) (-8066 1662 0 ) (-8066 1662 8 ) 
4 70 74 (-8070 1666 192 ) (-8070 1666 0 ) (-8070 1662 0 ) (-8070 1662 192 ) 
4 71 75 (-8066 1602 190 ) (-8066 1602 192 ) (-8070 1602 192 ) (-8070 1602 190 ) 
4 71 74 (-8070 1602 190 ) (-8070 1602 192 ) (-8070 1662 192 ) (-8070 1662 190 ) 
4 71 72 (-8070 1602 190 ) (-8070 1662 190 ) (-8066 1662 190 ) (-8066 1602 190 ) 
4 72 73 (-8070 1602 8 ) (-8070 1662 8 ) (-8066 1662 8 ) (-8066 1602 8 ) 
4 72 75 (-8066 1602 8 ) (-8066 1602 190 ) (-8070 1602 190 ) (-8070 1602 8 ) 
4 72 74 (-8070 1602 8 ) (-8070 1602 190 ) (-8070 1662 190 ) (-8070 1662 8 ) 
4 73 74 (-8070 1662 0 ) (-8070 1602 0 ) (-8070 1602 8 ) (-8070 1662 8 ) 
4 73 75 (-8070 1602 0 ) (-8066 1602 0 ) (-8066 1602 8 ) (-8070 1602 8 ) 
4 74 77 (-8072 1666 0 ) (-8072 1602 0 ) (-8072 1602 192 ) (-8072 1666 192 ) 
4 74 75 (-8072 1602 192 ) (-8072 1602 0 ) (-8070 1602 0 ) (-8070 1602 192 ) 
4 75 77 (-8072 1602 0 ) (-8072 1408 0 ) (-8072 1408 192 ) (-8072 1602 192 ) 
4 76 81 (-8192 2048 192 ) (-8192 2048 0 ) (-8192 1792 0 ) (-8192 1792 192 ) 
4 77 82 (-8192 1784 0 ) (-8192 1408 0 ) (-8192 1408 192 ) (-8192 1784 192 ) 
4 78 83 (-8192 1152 0 ) (-8192 1024 0 ) (-8192 1024 192 ) (-8192 1152 192 ) 
4 78 79 (-7680 1024 192 ) (-8192 1024 192 ) (-8192 1024 0 ) (-7680 1024 0 ) 
4 79 92 (-8192 256 0 ) (-8192 256 896 ) (-8192 1024 896 ) (-8192 1024 0 ) 
4 80 92 (-8192 1024 192 ) (-8192 1024 896 ) (-8512 1024 896 ) (-8512 1024 192 ) 
4 80 84 (-8512 1152 192 ) (-8512 1024 192 ) (-8512 1024 896 ) (-8512 1152 896 ) 
4 80 83 (-8192 1024 192 ) (-8512 1024 192 ) (-8512 1152 192 ) (-8192 1152 192 ) 
4 83 92 (-8192 1024 0 ) (-8192 1024 192 ) (-8512 1024 192 ) (-8512 1024 0 ) 
4 83 84 (-8512 1152 0 ) (-8512 1024 0 ) (-8512 1024 192 ) (-8512 1152 192 ) 
4 84 92 (-8960 1024 896 ) (-8960 1024 0 ) (-8512 1024 0 ) (-8512 1024 896 ) 
4 85 89 (-9664 1836 30 ) (-9664 1920 30 ) (-9410 1920 30 ) (-9410 1836 30 ) 
4 85 88 (-9408 1920 30 ) (-9368 1920 30 ) (-9368 1836 30 ) (-9408 1836 30 ) 
4 85 87 (-9366 1920 30 ) (-9216 1920 30 ) (-9216 1836 30 ) (-9366 1836 30 ) 
4 85 86 (-9664 1920 30 ) (-9664 2048 30 ) (-9216 2048 30 ) (-9216 1920 30 ) 
4 85 90 (-9216 1536 30 ) (-9664 1536 30 ) (-9664 1836 30 ) (-9216 1836 30 ) 
4 86 91 (-9664 1920 28 ) (-9664 2048 28 ) (-9216 2048 28 ) (-9216 1920 28 ) 
4 86 89 (-9664 1920 28 ) (-9410 1920 28 ) (-9410 1920 30 ) (-9664 1920 30 ) 
4 86 88 (-9408 1920 28 ) (-9368 1920 28 ) (-9368 1920 30 ) (-9408 1920 30 ) 
4 86 87 (-9366 1920 28 ) (-9216 1920 28 ) (-9216 1920 30 ) (-9366 1920 30 ) 
4 87 91 (-9366 1920 28 ) (-9216 1920 28 ) (-9216 1836 28 ) (-9366 1836 28 ) 
4 87 90 (-9366 1836 28 ) (-9216 1836 28 ) (-9216 1836 30 ) (-9366 1836 30 ) 
4 88 91 (-9408 1920 28 ) (-9368 1920 28 ) (-9368 1836 28 ) (-9408 1836 28 ) 
4 88 90 (-9408 1836 28 ) (-9368 1836 28 ) (-9368 1836 30 ) (-9408 1836 30 ) 
4 89 91 (-9664 1836 28 ) (-9664 1920 28 ) (-9410 1920 28 ) (-9410 1836 28 ) 
4 89 90 (-9664 1836 28 ) (-9410 1836 28 ) (-9410 1836 30 ) (-9664 1836 30 ) 
4 90 91 (-9216 1536 28 ) (-9664 1536 28 ) (-9664 1836 28 ) (-9216 1836 28 ) 
