


materialPath: D:\Steam\steamapps\common\Source SDK Base 2013 Multiplayer\tf\materials
Loading E:\TF2 Mods and Maps\maps\LFCE Fixed Maps\d3_c17_08_d.vmf
ConVarRef mat_reduceparticles doesn't point to an existing ConVar
Could not locate GameData file tf_coop_extended.fgd
Patching WVT material: maps/d3_c17_08_d/nature/blendsandrock004a_wvt_patch
Patching WVT material: maps/d3_c17_08_d/nature/blenddirtdirt001a_wvt_patch
Patching WVT material: maps/d3_c17_08_d/nature/blenddirtmud003a_wvt_patch
fixing up env_cubemap materials on brush sides...
0...1...2...3...4...5...6...7...8...9...100...1...2...3...4...5...6...7...8...9...10Processing areas...done (0)
Building Faces...done (0)
Chop Details...done (0)
Find Visible Detail Sides...
Merged 444 detail faces...done (0)
Merging details...done (1)
FixTjuncs...
PruneNodes...
WriteBSP...
done (0)
writing E:\TF2 Mods and Maps\maps\LFCE Fixed Maps\d3_c17_08_d.prt...Building visibility clusters...
done (0)
Creating default LDR cubemaps for env_cubemap using skybox materials:
   skybox/sky_day03_04_hdr*.vmt
 ! Run buildcubemaps in the engine to get the correct cube maps.
Creating default HDR cubemaps for env_cubemap using skybox materials:
   skybox/sky_day03_04_hdr*.vmt
 ! Run buildcubemaps in the engine to get the correct cube maps.
Finding displacement neighbors...
Finding lightmap sample positions...
Displacement Alpha : 0...1...2...3...4...5...6...7...8...9...10
Building Physics collision data...
done (0) (814120 bytes)
Placing detail props : 0...1...2...3...4...5...6...7...8...9...10
Compacting texture/material tables...
Reduced 3334 texinfos to 2398
Reduced 213 texdatas to 184 (7623 bytes to 6588)
Writing E:\TF2 Mods and Maps\maps\LFCE Fixed Maps\d3_c17_08_d.bsp
MSG_FILEWRITE - Filesystem was asked to write to 'E:\TF2 Mods and Maps\maps\LFCE Fixed Maps\d3_c17_08_d.bsp', but we don't own that location. Allowing.
Wrote ZIP buffer, estimated size 4914097, actual size 4887351
2 seconds elapsed



8 threads
reading e:\tf2 mods and maps\maps\lfce fixed maps\d3_c17_08_d.bsp
reading e:\tf2 mods and maps\maps\lfce fixed maps\d3_c17_08_d.prt
1051 portalclusters
2897 numportals
0...1...2...3...4...5...6...7...8...9...10Optimized: 44347 visible clusters (8.78%)
Total clusters visible: 504984
Average clusters visible: 480
Building PAS...
Average clusters audible: 793
visdatasize:214368  compressed from 285872
writing e:\tf2 mods and maps\maps\lfce fixed maps\d3_c17_08_d.bsp
MSG_FILEWRITE - Filesystem was asked to write to 'e:\tf2 mods and maps\maps\lfce fixed maps\d3_c17_08_d.bsp', but we don't own that location. Allowing.
0 seconds elapsed



[Reading texlights from 'lights.rad']
[50 texlights parsed from 'lights.rad']

Loading e:\tf2 mods and maps\maps\lfce fixed maps\d3_c17_08_d.bsp
8768 faces
2 degenerate faces
454940 square feet [65511392.00 square inches]
144 Displacements
15417 Square Feet [2220089.00 Square Inches]
8766 patches before subdivision
8766 patches after subdivision
182 direct lights
0...1...2...3...4...5...6...7...8...9...100...1...2...3...4...5...6...7...8...9...10transfers 1334925, max 916
transfer lists:  10.2 megs
0...1...2...3...4...5...6...7...8...9...10	Bounce #1 added RGB(63871, 81267, 74210)
0...1...2...3...4...5...6...7...8...9...10	Bounce #2 added RGB(9305, 11123, 8946)
0...1...2...3...4...5...6...7...8...9...10	Bounce #3 added RGB(1655, 1857, 1326)
0...1...2...3...4...5...6...7...8...9...10	Bounce #4 added RGB(300, 312, 195)
0...1...2...3...4...5...6...7...8...9...10	Bounce #5 added RGB(59, 56, 31)
0...1...2...3...4...5...6...7...8...9...10	Bounce #6 added RGB(12, 10, 5)
0...1...2...3...4...5...6...7...8...9...10	Bounce #7 added RGB(3, 2, 1)
0...1...2...3...4...5...6...7...8...9...10	Bounce #8 added RGB(1, 0, 0)
Build Patch/Sample Hash Table(s).....Done<0.0141 sec>
0...1...2...3...4...5...6...7...8...9...10FinalLightFace Done
Computing detail prop lighting : 0...1...2...3...4...5...6...7...8...9...10
11 of 84 (13% of) surface lights went in leaf ambient cubes.
0...1...2...3...4...5...6...7...8...9...10Writing leaf ambient...done
Ready to Finish

Object names       Objects/Maxobjs  Memory / Maxmem  Fullness 
------------       ---------------  ---------------  -------- 
models                 103/1024         4944/49152    (10.1%) 
brushes               2082/8192        24984/98304    (25.4%) 
brushsides           14705/65536      117640/524288   (22.4%) 
planes                7940/65536      158800/1310720  (12.1%) 
vertexes             14766/65536      177192/786432   (22.5%) 
nodes                 3586/65536      114752/2097152  ( 5.5%) 
texinfos              2398/12288      172656/884736   (19.5%) 
texdata                184/2048         5888/65536    ( 9.0%) 
dispinfos              144/0           25344/0        ( 0.0%) 
disp_verts            3936/0           78720/0        ( 0.0%) 
disp_tris             5184/0           10368/0        ( 0.0%) 
disp_lmsamples       54708/0           54708/0        ( 0.0%) 
faces                 8768/65536      491008/3670016  (13.4%) 
hdr faces                0/65536           0/3670016  ( 0.0%) 
origfaces             6194/65536      346864/3670016  ( 9.5%) 
leaves                3690/65536      118080/2097152  ( 5.6%) 
leaffaces            10484/65536       20968/131072   (16.0%) 
leafbrushes           4366/65536        8732/131072   ( 6.7%) 
areas                    3/256            24/2048     ( 1.2%) 
surfedges            68373/512000     273492/2048000  (13.4%) 
edges                41678/256000     166712/1024000  (16.3%) 
LDR worldlights        182/8192        16016/720896   ( 2.2%) 
HDR worldlights          0/8192            0/720896   ( 0.0%) 
leafwaterdata            1/32768          12/393216   ( 0.0%) 
waterstrips            797/32768        7970/327680   ( 2.4%) 
waterverts               0/65536           0/786432   ( 0.0%) 
waterindices         16446/65536       32892/131072   (25.1%) 
cubemapsamples          55/1024          880/16384    ( 5.4%) 
overlays                 0/512             0/180224   ( 0.0%) 
LDR lightdata         [variable]     3596604/0        ( 0.0%) 
HDR lightdata         [variable]           0/0        ( 0.0%) 
visdata               [variable]      214368/16777216 ( 1.3%) 
entdata               [variable]      310497/393216   (79.0%) 
LDR ambient table     3690/65536       14760/262144   ( 5.6%) 
HDR ambient table     3690/65536       14760/262144   ( 5.6%) 
LDR leaf ambient     13276/65536      371728/1835008  (20.3%) 
HDR leaf ambient      3690/65536      103320/1835008  ( 5.6%) 
occluders                0/0               0/0        ( 0.0%) 
occluder polygons        0/0               0/0        ( 0.0%) 
occluder vert ind        0/0               0/0        ( 0.0%) 
detail props          [variable]           1/19556    ( 0.0%) 
dtl prp lght          [variable]           1/4        (25.0%) 
HDR dtl prp lght      [variable]           1/4        (25.0%) 
static props          [variable]           1/74044    ( 0.0%) 
pakfile               [variable]     4887351/0        ( 0.0%) 
physics               [variable]      814120/4194304  (19.4%) 
physics terrain       [variable]       25092/1048576  ( 2.4%) 

Level flags = 0

Total triangle count: 25843
Writing e:\tf2 mods and maps\maps\lfce fixed maps\d3_c17_08_d.bsp
33 seconds elapsed



[Reading texlights from 'lights.rad']
[50 texlights parsed from 'lights.rad']

Loading e:\tf2 mods and maps\maps\lfce fixed maps\d3_c17_08_d.bsp
8768 faces
2 degenerate faces
454940 square feet [65511392.00 square inches]
144 Displacements
15417 Square Feet [2220089.00 Square Inches]
8766 patches before subdivision
8766 patches after subdivision
182 direct lights
0...1...2...3...4...5...6...7...8...9...100...1...2...3...4...5...6...7...8...9...10transfers 1334925, max 916
transfer lists:  10.2 megs
0...1...2...3...4...5...6...7...8...9...10	Bounce #1 added RGB(33031, 41750, 38008)
0...1...2...3...4...5...6...7...8...9...10	Bounce #2 added RGB(4823, 5725, 4590)
0...1...2...3...4...5...6...7...8...9...10	Bounce #3 added RGB(856, 955, 681)
0...1...2...3...4...5...6...7...8...9...10	Bounce #4 added RGB(155, 160, 100)
0...1...2...3...4...5...6...7...8...9...10	Bounce #5 added RGB(31, 29, 16)
0...1...2...3...4...5...6...7...8...9...10	Bounce #6 added RGB(6, 5, 3)
0...1...2...3...4...5...6...7...8...9...10	Bounce #7 added RGB(1, 1, 0)
0...1...2...3...4...5...6...7...8...9...10	Bounce #8 added RGB(0, 0, 0)
Build Patch/Sample Hash Table(s).....Done<0.0139 sec>
0...1...2...3...4...5...6...7...8...9...10FinalLightFace Done
Computing detail prop lighting : 0...1...2...3...4...5...6...7...8...9...10
16 of 84 (19% of) surface lights went in leaf ambient cubes.
0...1...2...3...4...5...6...7...8...9...10Writing leaf ambient...done
Ready to Finish

Object names       Objects/Maxobjs  Memory / Maxmem  Fullness 
------------       ---------------  ---------------  -------- 
models                 103/1024         4944/49152    (10.1%) 
brushes               2082/8192        24984/98304    (25.4%) 
brushsides           14705/65536      117640/524288   (22.4%) 
planes                7940/65536      158800/1310720  (12.1%) 
vertexes             14766/65536      177192/786432   (22.5%) 
nodes                 3586/65536      114752/2097152  ( 5.5%) 
texinfos              2398/12288      172656/884736   (19.5%) 
texdata                184/2048         5888/65536    ( 9.0%) 
dispinfos              144/0           25344/0        ( 0.0%) 
disp_verts            3936/0           78720/0        ( 0.0%) 
disp_tris             5184/0           10368/0        ( 0.0%) 
disp_lmsamples       54708/0           54708/0        ( 0.0%) 
faces                 8768/65536      491008/3670016  (13.4%) 
hdr faces             8768/65536      491008/3670016  (13.4%) 
origfaces             6194/65536      346864/3670016  ( 9.5%) 
leaves                3690/65536      118080/2097152  ( 5.6%) 
leaffaces            10484/65536       20968/131072   (16.0%) 
leafbrushes           4366/65536        8732/131072   ( 6.7%) 
areas                    3/256            24/2048     ( 1.2%) 
surfedges            68373/512000     273492/2048000  (13.4%) 
edges                41678/256000     166712/1024000  (16.3%) 
LDR worldlights        182/8192        16016/720896   ( 2.2%) 
HDR worldlights        182/8192        16016/720896   ( 2.2%) 
leafwaterdata            1/32768          12/393216   ( 0.0%) 
waterstrips            797/32768        7970/327680   ( 2.4%) 
waterverts               0/65536           0/786432   ( 0.0%) 
waterindices         16446/65536       32892/131072   (25.1%) 
cubemapsamples          55/1024          880/16384    ( 5.4%) 
overlays                 0/512             0/180224   ( 0.0%) 
LDR lightdata         [variable]     3596604/0        ( 0.0%) 
HDR lightdata         [variable]     3596604/0        ( 0.0%) 
visdata               [variable]      214368/16777216 ( 1.3%) 
entdata               [variable]      310497/393216   (79.0%) 
LDR ambient table     3690/65536       14760/262144   ( 5.6%) 
HDR ambient table     3690/65536       14760/262144   ( 5.6%) 
LDR leaf ambient     13276/65536      371728/1835008  (20.3%) 
HDR leaf ambient     13083/65536      366324/1835008  (20.0%) 
occluders                0/0               0/0        ( 0.0%) 
occluder polygons        0/0               0/0        ( 0.0%) 
occluder vert ind        0/0               0/0        ( 0.0%) 
detail props          [variable]           1/19556    ( 0.0%) 
dtl prp lght          [variable]           1/4        (25.0%) 
HDR dtl prp lght      [variable]           1/4        (25.0%) 
static props          [variable]           1/74044    ( 0.0%) 
pakfile               [variable]     4887351/0        ( 0.0%) 
physics               [variable]      814120/4194304  (19.4%) 
physics terrain       [variable]       25092/1048576  ( 2.4%) 

Level flags = 0

Total triangle count: 25843
Writing e:\tf2 mods and maps\maps\lfce fixed maps\d3_c17_08_d.bsp
35 seconds elapsed



materialPath: D:\Steam\steamapps\common\Source SDK Base 2013 Multiplayer\tf\materials
Loading E:\TF2 Mods and Maps\maps\LFCE Fixed Maps\d3_c17_08_d.vmf
ConVarRef mat_reduceparticles doesn't point to an existing ConVar
Could not locate GameData file tf_coop_extended.fgd
Patching WVT material: maps/d3_c17_08_d/nature/blendsandrock004a_wvt_patch
Patching WVT material: maps/d3_c17_08_d/nature/blenddirtdirt001a_wvt_patch
Patching WVT material: maps/d3_c17_08_d/nature/blenddirtmud003a_wvt_patch
fixing up env_cubemap materials on brush sides...
0...1...2...3...4...5...6...7...8...9...100...1...2...3...4...5...6...7...8...9...10Processing areas...done (0)
Building Faces...done (0)
Chop Details...done (0)
Find Visible Detail Sides...
Merged 444 detail faces...done (0)
Merging details...done (0)
FixTjuncs...
PruneNodes...
WriteBSP...
done (1)
writing E:\TF2 Mods and Maps\maps\LFCE Fixed Maps\d3_c17_08_d.prt...Building visibility clusters...
done (0)
Creating default LDR cubemaps for env_cubemap using skybox materials:
   skybox/sky_day03_04_hdr*.vmt
 ! Run buildcubemaps in the engine to get the correct cube maps.
Creating default HDR cubemaps for env_cubemap using skybox materials:
   skybox/sky_day03_04_hdr*.vmt
 ! Run buildcubemaps in the engine to get the correct cube maps.
Finding displacement neighbors...
Finding lightmap sample positions...
Displacement Alpha : 0...1...2...3...4...5...6...7...8...9...10
Building Physics collision data...
done (0) (814120 bytes)
Placing detail props : 0...1...2...3...4...5...6...7...8...9...10
Compacting texture/material tables...
Reduced 3338 texinfos to 2398
Reduced 213 texdatas to 184 (7623 bytes to 6588)
Writing E:\TF2 Mods and Maps\maps\LFCE Fixed Maps\d3_c17_08_d.bsp
MSG_FILEWRITE - Filesystem was asked to write to 'E:\TF2 Mods and Maps\maps\LFCE Fixed Maps\d3_c17_08_d.bsp', but we don't own that location. Allowing.
Wrote ZIP buffer, estimated size 4914097, actual size 4887351
2 seconds elapsed



8 threads
reading e:\tf2 mods and maps\maps\lfce fixed maps\d3_c17_08_d.bsp
reading e:\tf2 mods and maps\maps\lfce fixed maps\d3_c17_08_d.prt
1058 portalclusters
2943 numportals
0...1...2...3...4...5...6...7...8...9...10Optimized: 45710 visible clusters (9.01%)
Total clusters visible: 507428
Average clusters visible: 479
Building PAS...
Average clusters audible: 795
visdatasize:216805  compressed from 287776
writing e:\tf2 mods and maps\maps\lfce fixed maps\d3_c17_08_d.bsp
MSG_FILEWRITE - Filesystem was asked to write to 'e:\tf2 mods and maps\maps\lfce fixed maps\d3_c17_08_d.bsp', but we don't own that location. Allowing.
0 seconds elapsed



[Reading texlights from 'lights.rad']
[50 texlights parsed from 'lights.rad']

Loading e:\tf2 mods and maps\maps\lfce fixed maps\d3_c17_08_d.bsp
8769 faces
2 degenerate faces
454940 square feet [65511392.00 square inches]
144 Displacements
15417 Square Feet [2220089.00 Square Inches]
8767 patches before subdivision
8767 patches after subdivision
182 direct lights
0...1...2...3...4...5...6...7...8...9...100...1...2...3...4...5...6...7...8...9...10transfers 1334552, max 916
transfer lists:  10.2 megs
0...1...2...3...4...5...6...7...8...9...10	Bounce #1 added RGB(63851, 81235, 74177)
0...1...2...3...4...5...6...7...8...9...10	Bounce #2 added RGB(9292, 11105, 8933)
0...1...2...3...4...5...6...7...8...9...10	Bounce #3 added RGB(1651, 1852, 1323)
0...1...2...3...4...5...6...7...8...9...10	Bounce #4 added RGB(300, 311, 195)
0...1...2...3...4...5...6...7...8...9...10	Bounce #5 added RGB(59, 56, 31)
0...1...2...3...4...5...6...7...8...9...10	Bounce #6 added RGB(12, 10, 5)
0...1...2...3...4...5...6...7...8...9...10	Bounce #7 added RGB(3, 2, 1)
0...1...2...3...4...5...6...7...8...9...10	Bounce #8 added RGB(1, 0, 0)
Build Patch/Sample Hash Table(s).....Done<0.0148 sec>
0...1...2...3...4...5...6...7...8...9...10FinalLightFace Done
Computing detail prop lighting : 0...1...2...3...4...5...6...7...8...9...10
11 of 84 (13% of) surface lights went in leaf ambient cubes.
0...1...2...3...4...5...6...7...8...9...10Writing leaf ambient...done
Ready to Finish

Object names       Objects/Maxobjs  Memory / Maxmem  Fullness 
------------       ---------------  ---------------  -------- 
models                 103/1024         4944/49152    (10.1%) 
brushes               2084/8192        25008/98304    (25.4%) 
brushsides           14716/65536      117728/524288   (22.5%) 
planes                7952/65536      159040/1310720  (12.1%) 
vertexes             14771/65536      177252/786432   (22.5%) 
nodes                 3593/65536      114976/2097152  ( 5.5%) 
texinfos              2398/12288      172656/884736   (19.5%) 
texdata                184/2048         5888/65536    ( 9.0%) 
dispinfos              144/0           25344/0        ( 0.0%) 
disp_verts            3936/0           78720/0        ( 0.0%) 
disp_tris             5184/0           10368/0        ( 0.0%) 
disp_lmsamples       54708/0           54708/0        ( 0.0%) 
faces                 8769/65536      491064/3670016  (13.4%) 
hdr faces                0/65536           0/3670016  ( 0.0%) 
origfaces             6194/65536      346864/3670016  ( 9.5%) 
leaves                3697/65536      118304/2097152  ( 5.6%) 
leaffaces            10480/65536       20960/131072   (16.0%) 
leafbrushes           4370/65536        8740/131072   ( 6.7%) 
areas                    3/256            24/2048     ( 1.2%) 
surfedges            68409/512000     273636/2048000  (13.4%) 
edges                41703/256000     166812/1024000  (16.3%) 
LDR worldlights        182/8192        16016/720896   ( 2.2%) 
HDR worldlights          0/8192            0/720896   ( 0.0%) 
leafwaterdata            1/32768          12/393216   ( 0.0%) 
waterstrips            805/32768        8050/327680   ( 2.5%) 
waterverts               0/65536           0/786432   ( 0.0%) 
waterindices         16623/65536       33246/131072   (25.4%) 
cubemapsamples          55/1024          880/16384    ( 5.4%) 
overlays                 0/512             0/180224   ( 0.0%) 
LDR lightdata         [variable]     3594128/0        ( 0.0%) 
HDR lightdata         [variable]           0/0        ( 0.0%) 
visdata               [variable]      216805/16777216 ( 1.3%) 
entdata               [variable]      312501/393216   (79.5%) 
LDR ambient table     3697/65536       14788/262144   ( 5.6%) 
HDR ambient table     3697/65536       14788/262144   ( 5.6%) 
LDR leaf ambient     13347/65536      373716/1835008  (20.4%) 
HDR leaf ambient      3697/65536      103516/1835008  ( 5.6%) 
occluders                0/0               0/0        ( 0.0%) 
occluder polygons        0/0               0/0        ( 0.0%) 
occluder vert ind        0/0               0/0        ( 0.0%) 
detail props          [variable]           1/19556    ( 0.0%) 
dtl prp lght          [variable]           1/4        (25.0%) 
HDR dtl prp lght      [variable]           1/4        (25.0%) 
static props          [variable]           1/74046    ( 0.0%) 
pakfile               [variable]     4887351/0        ( 0.0%) 
physics               [variable]      814120/4194304  (19.4%) 
physics terrain       [variable]       25092/1048576  ( 2.4%) 

Level flags = 0

Total triangle count: 25877
Writing e:\tf2 mods and maps\maps\lfce fixed maps\d3_c17_08_d.bsp
38 seconds elapsed



[Reading texlights from 'lights.rad']
[50 texlights parsed from 'lights.rad']

Loading e:\tf2 mods and maps\maps\lfce fixed maps\d3_c17_08_d.bsp
8769 faces
2 degenerate faces
454940 square feet [65511392.00 square inches]
144 Displacements
15417 Square Feet [2220089.00 Square Inches]
8767 patches before subdivision
8767 patches after subdivision
182 direct lights
0...1...2...3...4...5...6...7...8...9...100...1...2...3...4...5...6...7...8...9...10transfers 1334552, max 916
transfer lists:  10.2 megs
0...1...2...3...4...5...6...7...8...9...10	Bounce #1 added RGB(33020, 41733, 37991)
0...1...2...3...4...5...6...7...8...9...10	Bounce #2 added RGB(4817, 5716, 4584)
0...1...2...3...4...5...6...7...8...9...10	Bounce #3 added RGB(855, 952, 679)
0...1...2...3...4...5...6...7...8...9...10	Bounce #4 added RGB(155, 160, 100)
0...1...2...3...4...5...6...7...8...9...10	Bounce #5 added RGB(30, 29, 16)
0...1...2...3...4...5...6...7...8...9...10	Bounce #6 added RGB(6, 5, 3)
0...1...2...3...4...5...6...7...8...9...10	Bounce #7 added RGB(1, 1, 0)
0...1...2...3...4...5...6...7...8...9...10	Bounce #8 added RGB(0, 0, 0)
Build Patch/Sample Hash Table(s).....Done<0.0151 sec>
0...1...2...3...4...5...6...7...8...9...10FinalLightFace Done
Computing detail prop lighting : 0...1...2...3...4...5...6...7...8...9...10
16 of 84 (19% of) surface lights went in leaf ambient cubes.
0...1...2...3...4...5...6...7...8...9...10Writing leaf ambient...done
Ready to Finish

Object names       Objects/Maxobjs  Memory / Maxmem  Fullness 
------------       ---------------  ---------------  -------- 
models                 103/1024         4944/49152    (10.1%) 
brushes               2084/8192        25008/98304    (25.4%) 
brushsides           14716/65536      117728/524288   (22.5%) 
planes                7952/65536      159040/1310720  (12.1%) 
vertexes             14771/65536      177252/786432   (22.5%) 
nodes                 3593/65536      114976/2097152  ( 5.5%) 
texinfos              2398/12288      172656/884736   (19.5%) 
texdata                184/2048         5888/65536    ( 9.0%) 
dispinfos              144/0           25344/0        ( 0.0%) 
disp_verts            3936/0           78720/0        ( 0.0%) 
disp_tris             5184/0           10368/0        ( 0.0%) 
disp_lmsamples       54708/0           54708/0        ( 0.0%) 
faces                 8769/65536      491064/3670016  (13.4%) 
hdr faces             8769/65536      491064/3670016  (13.4%) 
origfaces             6194/65536      346864/3670016  ( 9.5%) 
leaves                3697/65536      118304/2097152  ( 5.6%) 
leaffaces            10480/65536       20960/131072   (16.0%) 
leafbrushes           4370/65536        8740/131072   ( 6.7%) 
areas                    3/256            24/2048     ( 1.2%) 
surfedges            68409/512000     273636/2048000  (13.4%) 
edges                41703/256000     166812/1024000  (16.3%) 
LDR worldlights        182/8192        16016/720896   ( 2.2%) 
HDR worldlights        182/8192        16016/720896   ( 2.2%) 
leafwaterdata            1/32768          12/393216   ( 0.0%) 
waterstrips            805/32768        8050/327680   ( 2.5%) 
waterverts               0/65536           0/786432   ( 0.0%) 
waterindices         16623/65536       33246/131072   (25.4%) 
cubemapsamples          55/1024          880/16384    ( 5.4%) 
overlays                 0/512             0/180224   ( 0.0%) 
LDR lightdata         [variable]     3594128/0        ( 0.0%) 
HDR lightdata         [variable]     3594128/0        ( 0.0%) 
visdata               [variable]      216805/16777216 ( 1.3%) 
entdata               [variable]      312501/393216   (79.5%) 
LDR ambient table     3697/65536       14788/262144   ( 5.6%) 
HDR ambient table     3697/65536       14788/262144   ( 5.6%) 
LDR leaf ambient     13347/65536      373716/1835008  (20.4%) 
HDR leaf ambient     13154/65536      368312/1835008  (20.1%) 
occluders                0/0               0/0        ( 0.0%) 
occluder polygons        0/0               0/0        ( 0.0%) 
occluder vert ind        0/0               0/0        ( 0.0%) 
detail props          [variable]           1/19556    ( 0.0%) 
dtl prp lght          [variable]           1/4        (25.0%) 
HDR dtl prp lght      [variable]           1/4        (25.0%) 
static props          [variable]           1/74046    ( 0.0%) 
pakfile               [variable]     4887351/0        ( 0.0%) 
physics               [variable]      814120/4194304  (19.4%) 
physics terrain       [variable]       25092/1048576  ( 2.4%) 

Level flags = 0

Total triangle count: 25877
Writing e:\tf2 mods and maps\maps\lfce fixed maps\d3_c17_08_d.bsp
33 seconds elapsed



materialPath: D:\Steam\steamapps\common\Source SDK Base 2013 Multiplayer\tf\materials
Loading E:\TF2 Mods and Maps\maps\LFCE Fixed Maps\d3_c17_08_d.vmf
ConVarRef mat_reduceparticles doesn't point to an existing ConVar
Could not locate GameData file tf_coop_extended.fgd
Patching WVT material: maps/d3_c17_08_d/nature/blendsandrock004a_wvt_patch
Patching WVT material: maps/d3_c17_08_d/nature/blenddirtdirt001a_wvt_patch
Patching WVT material: maps/d3_c17_08_d/nature/blenddirtmud003a_wvt_patch
fixing up env_cubemap materials on brush sides...
0...1...2...3...4...5...6...7...8...9...100...1...2...3...4...5...6...7...8...9...10Processing areas...done (0)
Building Faces...done (0)
Chop Details...done (0)
Find Visible Detail Sides...
Merged 444 detail faces...done (0)
Merging details...done (1)
FixTjuncs...
PruneNodes...
WriteBSP...
done (0)
writing E:\TF2 Mods and Maps\maps\LFCE Fixed Maps\d3_c17_08_d.prt...Building visibility clusters...
done (0)
Creating default LDR cubemaps for env_cubemap using skybox materials:
   skybox/sky_day03_04_hdr*.vmt
 ! Run buildcubemaps in the engine to get the correct cube maps.
Creating default HDR cubemaps for env_cubemap using skybox materials:
   skybox/sky_day03_04_hdr*.vmt
 ! Run buildcubemaps in the engine to get the correct cube maps.
Finding displacement neighbors...
Finding lightmap sample positions...
Displacement Alpha : 0...1...2...3...4...5...6...7...8...9...10
Building Physics collision data...
done (0) (814120 bytes)
Placing detail props : 0...1...2...3...4...5...6...7...8...9...10
Compacting texture/material tables...
Reduced 3338 texinfos to 2398
Reduced 213 texdatas to 184 (7623 bytes to 6588)
Writing E:\TF2 Mods and Maps\maps\LFCE Fixed Maps\d3_c17_08_d.bsp
MSG_FILEWRITE - Filesystem was asked to write to 'E:\TF2 Mods and Maps\maps\LFCE Fixed Maps\d3_c17_08_d.bsp', but we don't own that location. Allowing.
Wrote ZIP buffer, estimated size 4914097, actual size 4887351
2 seconds elapsed



8 threads
reading e:\tf2 mods and maps\maps\lfce fixed maps\d3_c17_08_d.bsp
reading e:\tf2 mods and maps\maps\lfce fixed maps\d3_c17_08_d.prt
1058 portalclusters
2943 numportals
0...1...2...3...4...5...6...7...8...9...10Optimized: 45710 visible clusters (9.01%)
Total clusters visible: 507428
Average clusters visible: 479
Building PAS...
Average clusters audible: 795
visdatasize:216805  compressed from 287776
writing e:\tf2 mods and maps\maps\lfce fixed maps\d3_c17_08_d.bsp
MSG_FILEWRITE - Filesystem was asked to write to 'e:\tf2 mods and maps\maps\lfce fixed maps\d3_c17_08_d.bsp', but we don't own that location. Allowing.
0 seconds elapsed



[Reading texlights from 'lights.rad']
[50 texlights parsed from 'lights.rad']

Loading e:\tf2 mods and maps\maps\lfce fixed maps\d3_c17_08_d.bsp
8769 faces
2 degenerate faces
454940 square feet [65511392.00 square inches]
144 Displacements
15417 Square Feet [2220089.00 Square Inches]
8767 patches before subdivision
8767 patches after subdivision
182 direct lights
0...1...2...3...4...5...6...7...8...9...100...1...2...3...4...5...6...7...8...9...10transfers 1334552, max 916
transfer lists:  10.2 megs
0...1...2...3...4...5...6...7...8...9...10	Bounce #1 added RGB(63851, 81235, 74177)
0...1...2...3...4...5...6...7...8...9...10	Bounce #2 added RGB(9292, 11105, 8933)
0...1...2...3...4...5...6...7...8...9...10	Bounce #3 added RGB(1651, 1852, 1323)
0...1...2...3...4...5...6...7...8...9...10	Bounce #4 added RGB(300, 311, 195)
0...1...2...3...4...5...6...7...8...9...10	Bounce #5 added RGB(59, 56, 31)
0...1...2...3...4...5...6...7...8...9...10	Bounce #6 added RGB(12, 10, 5)
0...1...2...3...4...5...6...7...8...9...10	Bounce #7 added RGB(3, 2, 1)
0...1...2...3...4...5...6...7...8...9...10	Bounce #8 added RGB(1, 0, 0)
Build Patch/Sample Hash Table(s).....Done<0.0143 sec>
0...1...2...3...4...5...6...7...8...9...10FinalLightFace Done
Computing detail prop lighting : 0...1...2...3...4...5...6...7...8...9...10
11 of 84 (13% of) surface lights went in leaf ambient cubes.
0...1...2...3...4...5...6...7...8...9...10Writing leaf ambient...done
Ready to Finish

Object names       Objects/Maxobjs  Memory / Maxmem  Fullness 
------------       ---------------  ---------------  -------- 
models                 103/1024         4944/49152    (10.1%) 
brushes               2084/8192        25008/98304    (25.4%) 
brushsides           14716/65536      117728/524288   (22.5%) 
planes                7950/65536      159000/1310720  (12.1%) 
vertexes             14771/65536      177252/786432   (22.5%) 
nodes                 3593/65536      114976/2097152  ( 5.5%) 
texinfos              2398/12288      172656/884736   (19.5%) 
texdata                184/2048         5888/65536    ( 9.0%) 
dispinfos              144/0           25344/0        ( 0.0%) 
disp_verts            3936/0           78720/0        ( 0.0%) 
disp_tris             5184/0           10368/0        ( 0.0%) 
disp_lmsamples       54708/0           54708/0        ( 0.0%) 
faces                 8769/65536      491064/3670016  (13.4%) 
hdr faces                0/65536           0/3670016  ( 0.0%) 
origfaces             6194/65536      346864/3670016  ( 9.5%) 
leaves                3697/65536      118304/2097152  ( 5.6%) 
leaffaces            10480/65536       20960/131072   (16.0%) 
leafbrushes           4370/65536        8740/131072   ( 6.7%) 
areas                    3/256            24/2048     ( 1.2%) 
surfedges            68409/512000     273636/2048000  (13.4%) 
edges                41703/256000     166812/1024000  (16.3%) 
LDR worldlights        182/8192        16016/720896   ( 2.2%) 
HDR worldlights          0/8192            0/720896   ( 0.0%) 
leafwaterdata            1/32768          12/393216   ( 0.0%) 
waterstrips            805/32768        8050/327680   ( 2.5%) 
waterverts               0/65536           0/786432   ( 0.0%) 
waterindices         16623/65536       33246/131072   (25.4%) 
cubemapsamples          55/1024          880/16384    ( 5.4%) 
overlays                 0/512             0/180224   ( 0.0%) 
LDR lightdata         [variable]     3594128/0        ( 0.0%) 
HDR lightdata         [variable]           0/0        ( 0.0%) 
visdata               [variable]      216805/16777216 ( 1.3%) 
entdata               [variable]      313342/393216   (79.7%) 
LDR ambient table     3697/65536       14788/262144   ( 5.6%) 
HDR ambient table     3697/65536       14788/262144   ( 5.6%) 
LDR leaf ambient     13347/65536      373716/1835008  (20.4%) 
HDR leaf ambient      3697/65536      103516/1835008  ( 5.6%) 
occluders                0/0               0/0        ( 0.0%) 
occluder polygons        0/0               0/0        ( 0.0%) 
occluder vert ind        0/0               0/0        ( 0.0%) 
detail props          [variable]           1/19556    ( 0.0%) 
dtl prp lght          [variable]           1/4        (25.0%) 
HDR dtl prp lght      [variable]           1/4        (25.0%) 
static props          [variable]           1/74046    ( 0.0%) 
pakfile               [variable]     4887351/0        ( 0.0%) 
physics               [variable]      814120/4194304  (19.4%) 
physics terrain       [variable]       25092/1048576  ( 2.4%) 

Level flags = 0

Total triangle count: 25877
Writing e:\tf2 mods and maps\maps\lfce fixed maps\d3_c17_08_d.bsp
34 seconds elapsed



[Reading texlights from 'lights.rad']
[50 texlights parsed from 'lights.rad']

Loading e:\tf2 mods and maps\maps\lfce fixed maps\d3_c17_08_d.bsp
8769 faces
2 degenerate faces
454940 square feet [65511392.00 square inches]
144 Displacements
15417 Square Feet [2220089.00 Square Inches]
8767 patches before subdivision
8767 patches after subdivision
182 direct lights
0...1...2...3...4...5...6...7...8...9...100...1...2...3...4...5...6...7...8...9...10transfers 1334552, max 916
transfer lists:  10.2 megs
0...1...2...3...4...5...6...7...8...9...10	Bounce #1 added RGB(33020, 41733, 37991)
0...1...2...3...4...5...6...7...8...9...10	Bounce #2 added RGB(4817, 5716, 4584)
0...1...2...3...4...5...6...7...8...9...10	Bounce #3 added RGB(855, 952, 679)
0...1...2...3...4...5...6...7...8...9...10	Bounce #4 added RGB(155, 160, 100)
0...1...2...3...4...5...6...7...8...9...10	Bounce #5 added RGB(30, 29, 16)
0...1...2...3...4...5...6...7...8...9...10	Bounce #6 added RGB(6, 5, 3)
0...1...2...3...4...5...6...7...8...9...10	Bounce #7 added RGB(1, 1, 0)
0...1...2...3...4...5...6...7...8...9...10	Bounce #8 added RGB(0, 0, 0)
Build Patch/Sample Hash Table(s).....Done<0.0144 sec>
0...1...2...3...4...5...6...7...8...9...10FinalLightFace Done
Computing detail prop lighting : 0...1...2...3...4...5...6...7...8...9...10
16 of 84 (19% of) surface lights went in leaf ambient cubes.
0...1...2...3...4...5...6...7...8...9...10Writing leaf ambient...done
Ready to Finish

Object names       Objects/Maxobjs  Memory / Maxmem  Fullness 
------------       ---------------  ---------------  -------- 
models                 103/1024         4944/49152    (10.1%) 
brushes               2084/8192        25008/98304    (25.4%) 
brushsides           14716/65536      117728/524288   (22.5%) 
planes                7950/65536      159000/1310720  (12.1%) 
vertexes             14771/65536      177252/786432   (22.5%) 
nodes                 3593/65536      114976/2097152  ( 5.5%) 
texinfos              2398/12288      172656/884736   (19.5%) 
texdata                184/2048         5888/65536    ( 9.0%) 
dispinfos              144/0           25344/0        ( 0.0%) 
disp_verts            3936/0           78720/0        ( 0.0%) 
disp_tris             5184/0           10368/0        ( 0.0%) 
disp_lmsamples       54708/0           54708/0        ( 0.0%) 
faces                 8769/65536      491064/3670016  (13.4%) 
hdr faces             8769/65536      491064/3670016  (13.4%) 
origfaces             6194/65536      346864/3670016  ( 9.5%) 
leaves                3697/65536      118304/2097152  ( 5.6%) 
leaffaces            10480/65536       20960/131072   (16.0%) 
leafbrushes           4370/65536        8740/131072   ( 6.7%) 
areas                    3/256            24/2048     ( 1.2%) 
surfedges            68409/512000     273636/2048000  (13.4%) 
edges                41703/256000     166812/1024000  (16.3%) 
LDR worldlights        182/8192        16016/720896   ( 2.2%) 
HDR worldlights        182/8192        16016/720896   ( 2.2%) 
leafwaterdata            1/32768          12/393216   ( 0.0%) 
waterstrips            805/32768        8050/327680   ( 2.5%) 
waterverts               0/65536           0/786432   ( 0.0%) 
waterindices         16623/65536       33246/131072   (25.4%) 
cubemapsamples          55/1024          880/16384    ( 5.4%) 
overlays                 0/512             0/180224   ( 0.0%) 
LDR lightdata         [variable]     3594128/0        ( 0.0%) 
HDR lightdata         [variable]     3594128/0        ( 0.0%) 
visdata               [variable]      216805/16777216 ( 1.3%) 
entdata               [variable]      313342/393216   (79.7%) 
LDR ambient table     3697/65536       14788/262144   ( 5.6%) 
HDR ambient table     3697/65536       14788/262144   ( 5.6%) 
LDR leaf ambient     13347/65536      373716/1835008  (20.4%) 
HDR leaf ambient     13154/65536      368312/1835008  (20.1%) 
occluders                0/0               0/0        ( 0.0%) 
occluder polygons        0/0               0/0        ( 0.0%) 
occluder vert ind        0/0               0/0        ( 0.0%) 
detail props          [variable]           1/19556    ( 0.0%) 
dtl prp lght          [variable]           1/4        (25.0%) 
HDR dtl prp lght      [variable]           1/4        (25.0%) 
static props          [variable]           1/74046    ( 0.0%) 
pakfile               [variable]     4887351/0        ( 0.0%) 
physics               [variable]      814120/4194304  (19.4%) 
physics terrain       [variable]       25092/1048576  ( 2.4%) 

Level flags = 0

Total triangle count: 25877
Writing e:\tf2 mods and maps\maps\lfce fixed maps\d3_c17_08_d.bsp
36 seconds elapsed



materialPath: D:\Steam\steamapps\common\Source SDK Base 2013 Multiplayer\tf\materials
Loading E:\TF2 Mods and Maps\maps\LFCE Fixed Maps\d3_c17_08_d.vmf
ConVarRef mat_reduceparticles doesn't point to an existing ConVar
Could not locate GameData file tf_coop_extended.fgd
Patching WVT material: maps/d3_c17_08_d/nature/blendsandrock004a_wvt_patch
Patching WVT material: maps/d3_c17_08_d/nature/blenddirtdirt001a_wvt_patch
Patching WVT material: maps/d3_c17_08_d/nature/blenddirtmud003a_wvt_patch
fixing up env_cubemap materials on brush sides...
0...1...2...3...4...5...6...7...8...9...100...1...2...3...4...5...6...7...8...9...10Processing areas...done (0)
Building Faces...done (0)
Chop Details...done (0)
Find Visible Detail Sides...
Merged 444 detail faces...done (0)
Merging details...done (1)
FixTjuncs...
PruneNodes...
WriteBSP...
done (0)
writing E:\TF2 Mods and Maps\maps\LFCE Fixed Maps\d3_c17_08_d.prt...Building visibility clusters...
done (0)
bmodel 2360 has no head node (class 'color_correction_volume', targetname '')


materialPath: D:\Steam\steamapps\common\Source SDK Base 2013 Multiplayer\tf\materials
Loading E:\TF2 Mods and Maps\maps\LFCE Fixed Maps\d3_c17_08_d.vmf
ConVarRef mat_reduceparticles doesn't point to an existing ConVar
Could not locate GameData file tf_coop_extended.fgd
Patching WVT material: maps/d3_c17_08_d/nature/blendsandrock004a_wvt_patch
Patching WVT material: maps/d3_c17_08_d/nature/blenddirtdirt001a_wvt_patch
Patching WVT material: maps/d3_c17_08_d/nature/blenddirtmud003a_wvt_patch
fixing up env_cubemap materials on brush sides...
0...1...2...3...4...5...6...7...8...9...100...1...2...3...4...5...6...7...8...9...10Processing areas...done (0)
Building Faces...done (0)
Chop Details...done (0)
Find Visible Detail Sides...
Merged 444 detail faces...done (0)
Merging details...done (0)
FixTjuncs...
PruneNodes...
WriteBSP...
done (1)
writing E:\TF2 Mods and Maps\maps\LFCE Fixed Maps\d3_c17_08_d.prt...Building visibility clusters...
done (0)
Creating default LDR cubemaps for env_cubemap using skybox materials:
   skybox/sky_day03_04_hdr*.vmt
 ! Run buildcubemaps in the engine to get the correct cube maps.
Creating default HDR cubemaps for env_cubemap using skybox materials:
   skybox/sky_day03_04_hdr*.vmt
 ! Run buildcubemaps in the engine to get the correct cube maps.
Finding displacement neighbors...
Finding lightmap sample positions...
Displacement Alpha : 0...1...2...3...4...5...6...7...8...9...10
Building Physics collision data...
done (0) (814675 bytes)
Placing detail props : 0...1...2...3...4...5...6...7...8...9...10
Compacting texture/material tables...
Reduced 3342 texinfos to 2401
Reduced 213 texdatas to 184 (7623 bytes to 6588)
Writing E:\TF2 Mods and Maps\maps\LFCE Fixed Maps\d3_c17_08_d.bsp
MSG_FILEWRITE - Filesystem was asked to write to 'E:\TF2 Mods and Maps\maps\LFCE Fixed Maps\d3_c17_08_d.bsp', but we don't own that location. Allowing.
Wrote ZIP buffer, estimated size 4914097, actual size 4887351
2 seconds elapsed



8 threads
reading e:\tf2 mods and maps\maps\lfce fixed maps\d3_c17_08_d.bsp
reading e:\tf2 mods and maps\maps\lfce fixed maps\d3_c17_08_d.prt
1057 portalclusters
2925 numportals
0...1...2...3...4...5...6...7...8...9...100...1...2...3...4...5...6...7...8...9...10Optimized: 563 visible clusters (0.23%)
Total clusters visible: 249694
Average clusters visible: 236
Building PAS...
Average clusters audible: 417
visdatasize:139597  compressed from 287504
writing e:\tf2 mods and maps\maps\lfce fixed maps\d3_c17_08_d.bsp
MSG_FILEWRITE - Filesystem was asked to write to 'e:\tf2 mods and maps\maps\lfce fixed maps\d3_c17_08_d.bsp', but we don't own that location. Allowing.
55 seconds elapsed



[Reading texlights from 'lights.rad']
[50 texlights parsed from 'lights.rad']

Loading e:\tf2 mods and maps\maps\lfce fixed maps\d3_c17_08_d.bsp
8773 faces
2 degenerate faces
456712 square feet [65766552.00 square inches]
144 Displacements
15417 Square Feet [2220089.00 Square Inches]
8771 patches before subdivision
81835 patches after subdivision
1343 direct lights
0...1...2...3...4...5...6...7...8...9...100...1...2...3...4...5...6...7...8...9...10transfers 11027900, max 1194
transfer lists:  84.1 megs
0...1...2...3...4...5...6...7...8...9...10	Bounce #1 added RGB(489161, 655176, 622052)
0...1...2...3...4...5...6...7...8...9...10	Bounce #2 added RGB(81187, 103614, 88908)
0...1...2...3...4...5...6...7...8...9...10	Bounce #3 added RGB(15945, 19331, 15049)
0...1...2...3...4...5...6...7...8...9...10	Bounce #4 added RGB(3283, 3753, 2649)
0...1...2...3...4...5...6...7...8...9...10	Bounce #5 added RGB(712, 764, 488)
0...1...2...3...4...5...6...7...8...9...10	Bounce #6 added RGB(160, 160, 93)
0...1...2...3...4...5...6...7...8...9...10	Bounce #7 added RGB(37, 35, 18)
0...1...2...3...4...5...6...7...8...9...10	Bounce #8 added RGB(9, 8, 4)
0...1...2...3...4...5...6...7...8...9...10	Bounce #9 added RGB(2, 2, 1)
0...1...2...3...4...5...6...7...8...9...10	Bounce #10 added RGB(1, 0, 0)
Build Patch/Sample Hash Table(s).....Done<0.0145 sec>
0...1...2...3...4...5...6...7...8...9...10FinalLightFace Done
Computing detail prop lighting : 0...1...2...3...4...5...6...7...8...9...10
752 of 1245 (60% of) surface lights went in leaf ambient cubes.
0...1...2...3...4...5...6...7...8...9...10Writing leaf ambient...done
Ready to Finish

Object names       Objects/Maxobjs  Memory / Maxmem  Fullness 
------------       ---------------  ---------------  -------- 
models                 104/1024         4992/49152    (10.2%) 
brushes               2085/8192        25020/98304    (25.5%) 
brushsides           14722/65536      117776/524288   (22.5%) 
planes                7960/65536      159200/1310720  (12.1%) 
vertexes             14776/65536      177312/786432   (22.5%) 
nodes                 3595/65536      115040/2097152  ( 5.5%) 
texinfos              2401/12288      172872/884736   (19.5%) 
texdata                184/2048         5888/65536    ( 9.0%) 
dispinfos              144/0           25344/0        ( 0.0%) 
disp_verts            3936/0           78720/0        ( 0.0%) 
disp_tris             5184/0           10368/0        ( 0.0%) 
disp_lmsamples       54708/0           54708/0        ( 0.0%) 
faces                 8773/65536      491288/3670016  (13.4%) 
hdr faces                0/65536           0/3670016  ( 0.0%) 
origfaces             6200/65536      347200/3670016  ( 9.5%) 
leaves                3700/65536      118400/2097152  ( 5.6%) 
leaffaces            10465/65536       20930/131072   (16.0%) 
leafbrushes           4357/65536        8714/131072   ( 6.6%) 
areas                    3/256            24/2048     ( 1.2%) 
surfedges            68433/512000     273732/2048000  (13.4%) 
edges                41714/256000     166856/1024000  (16.3%) 
LDR worldlights       1343/8192       118184/720896   (16.4%) 
HDR worldlights          0/8192            0/720896   ( 0.0%) 
leafwaterdata            1/32768          12/393216   ( 0.0%) 
waterstrips            803/32768        8030/327680   ( 2.5%) 
waterverts               0/65536           0/786432   ( 0.0%) 
waterindices         16572/65536       33144/131072   (25.3%) 
cubemapsamples          55/1024          880/16384    ( 5.4%) 
overlays                 0/512             0/180224   ( 0.0%) 
LDR lightdata         [variable]     3594152/0        ( 0.0%) 
HDR lightdata         [variable]           0/0        ( 0.0%) 
visdata               [variable]      139597/16777216 ( 0.8%) 
entdata               [variable]      314282/393216   (79.9%) 
LDR ambient table     3700/65536       14800/262144   ( 5.6%) 
HDR ambient table     3700/65536       14800/262144   ( 5.6%) 
LDR leaf ambient     13366/65536      374248/1835008  (20.4%) 
HDR leaf ambient      3700/65536      103600/1835008  ( 5.6%) 
occluders                0/0               0/0        ( 0.0%) 
occluder polygons        0/0               0/0        ( 0.0%) 
occluder vert ind        0/0               0/0        ( 0.0%) 
detail props          [variable]           1/19556    ( 0.0%) 
dtl prp lght          [variable]           1/4        (25.0%) 
HDR dtl prp lght      [variable]           1/4        (25.0%) 
static props          [variable]           1/74042    ( 0.0%) 
pakfile               [variable]     4887351/0        ( 0.0%) 
physics               [variable]      814675/4194304  (19.4%) 
physics terrain       [variable]       25092/1048576  ( 2.4%) 

Level flags = 0

Total triangle count: 25869
Writing e:\tf2 mods and maps\maps\lfce fixed maps\d3_c17_08_d.bsp
2 minutes, 3 seconds elapsed



[Reading texlights from 'lights.rad']
[50 texlights parsed from 'lights.rad']

Loading e:\tf2 mods and maps\maps\lfce fixed maps\d3_c17_08_d.bsp
8773 faces
2 degenerate faces
456712 square feet [65766552.00 square inches]
144 Displacements
15417 Square Feet [2220089.00 Square Inches]
8771 patches before subdivision
81835 patches after subdivision
1343 direct lights
0...1...2...3...4...5...6...7...8...9...100...1...2...3...4...5...6...7...8...9...10transfers 11027900, max 1194
transfer lists:  84.1 megs
0...1...2...3...4...5...6...7...8...9...10	Bounce #1 added RGB(246835, 329062, 311691)
0...1...2...3...4...5...6...7...8...9...10	Bounce #2 added RGB(40932, 51999, 44519)
0...1...2...3...4...5...6...7...8...9...10	Bounce #3 added RGB(8031, 9695, 7531)
0...1...2...3...4...5...6...7...8...9...10	Bounce #4 added RGB(1652, 1881, 1325)
0...1...2...3...4...5...6...7...8...9...10	Bounce #5 added RGB(358, 383, 244)
0...1...2...3...4...5...6...7...8...9...10	Bounce #6 added RGB(80, 80, 46)
0...1...2...3...4...5...6...7...8...9...10	Bounce #7 added RGB(19, 17, 9)
0...1...2...3...4...5...6...7...8...9...10	Bounce #8 added RGB(4, 4, 2)
0...1...2...3...4...5...6...7...8...9...10	Bounce #9 added RGB(1, 1, 0)
0...1...2...3...4...5...6...7...8...9...10	Bounce #10 added RGB(0, 0, 0)
Build Patch/Sample Hash Table(s).....Done<0.0164 sec>
0...1...2...3...4...5...6...7...8...9...10FinalLightFace Done
Computing detail prop lighting : 0...1...2...3...4...5...6...7...8...9...10
821 of 1245 (65% of) surface lights went in leaf ambient cubes.
0...1...2...3...4...5...6...7...8...9...10Writing leaf ambient...done
Ready to Finish

Object names       Objects/Maxobjs  Memory / Maxmem  Fullness 
------------       ---------------  ---------------  -------- 
models                 104/1024         4992/49152    (10.2%) 
brushes               2085/8192        25020/98304    (25.5%) 
brushsides           14722/65536      117776/524288   (22.5%) 
planes                7960/65536      159200/1310720  (12.1%) 
vertexes             14776/65536      177312/786432   (22.5%) 
nodes                 3595/65536      115040/2097152  ( 5.5%) 
texinfos              2401/12288      172872/884736   (19.5%) 
texdata                184/2048         5888/65536    ( 9.0%) 
dispinfos              144/0           25344/0        ( 0.0%) 
disp_verts            3936/0           78720/0        ( 0.0%) 
disp_tris             5184/0           10368/0        ( 0.0%) 
disp_lmsamples       54708/0           54708/0        ( 0.0%) 
faces                 8773/65536      491288/3670016  (13.4%) 
hdr faces             8773/65536      491288/3670016  (13.4%) 
origfaces             6200/65536      347200/3670016  ( 9.5%) 
leaves                3700/65536      118400/2097152  ( 5.6%) 
leaffaces            10465/65536       20930/131072   (16.0%) 
leafbrushes           4357/65536        8714/131072   ( 6.6%) 
areas                    3/256            24/2048     ( 1.2%) 
surfedges            68433/512000     273732/2048000  (13.4%) 
edges                41714/256000     166856/1024000  (16.3%) 
LDR worldlights       1343/8192       118184/720896   (16.4%) 
HDR worldlights       1343/8192       118184/720896   (16.4%) 
leafwaterdata            1/32768          12/393216   ( 0.0%) 
waterstrips            803/32768        8030/327680   ( 2.5%) 
waterverts               0/65536           0/786432   ( 0.0%) 
waterindices         16572/65536       33144/131072   (25.3%) 
cubemapsamples          55/1024          880/16384    ( 5.4%) 
overlays                 0/512             0/180224   ( 0.0%) 
LDR lightdata         [variable]     3594152/0        ( 0.0%) 
HDR lightdata         [variable]     3594152/0        ( 0.0%) 
visdata               [variable]      139597/16777216 ( 0.8%) 
entdata               [variable]      314282/393216   (79.9%) 
LDR ambient table     3700/65536       14800/262144   ( 5.6%) 
HDR ambient table     3700/65536       14800/262144   ( 5.6%) 
LDR leaf ambient     13366/65536      374248/1835008  (20.4%) 
HDR leaf ambient     13363/65536      374164/1835008  (20.4%) 
occluders                0/0               0/0        ( 0.0%) 
occluder polygons        0/0               0/0        ( 0.0%) 
occluder vert ind        0/0               0/0        ( 0.0%) 
detail props          [variable]           1/19556    ( 0.0%) 
dtl prp lght          [variable]           1/4        (25.0%) 
HDR dtl prp lght      [variable]           1/4        (25.0%) 
static props          [variable]           1/74042    ( 0.0%) 
pakfile               [variable]     4887351/0        ( 0.0%) 
physics               [variable]      814675/4194304  (19.4%) 
physics terrain       [variable]       25092/1048576  ( 2.4%) 

Level flags = 0

Total triangle count: 25869
Writing e:\tf2 mods and maps\maps\lfce fixed maps\d3_c17_08_d.bsp
1 minute, 46 seconds elapsed



materialPath: D:\Steam\steamapps\common\Source SDK Base 2013 Multiplayer\tf\materials
Loading E:\TF2 Mods and Maps\maps\LFCE Fixed Maps\d3_c17_08_d.vmf
ConVarRef mat_reduceparticles doesn't point to an existing ConVar
Could not locate GameData file tf_coop_extended.fgd
Patching WVT material: maps/d3_c17_08_d/nature/blendsandrock004a_wvt_patch
Patching WVT material: maps/d3_c17_08_d/nature/blenddirtdirt001a_wvt_patch
Patching WVT material: maps/d3_c17_08_d/nature/blenddirtmud003a_wvt_patch
fixing up env_cubemap materials on brush sides...
0...1...2...3...4...5...6...7...8...9...100...1...2...3...4...5...6...7...8...9...10Processing areas...done (0)
Building Faces...done (0)
Chop Details...done (0)
Find Visible Detail Sides...
Merged 444 detail faces...done (0)
Merging details...done (1)
FixTjuncs...
PruneNodes...
WriteBSP...
done (0)
writing E:\TF2 Mods and Maps\maps\LFCE Fixed Maps\d3_c17_08_d.prt...Building visibility clusters...
done (0)
Creating default LDR cubemaps for env_cubemap using skybox materials:
   skybox/sky_day03_04_hdr*.vmt
 ! Run buildcubemaps in the engine to get the correct cube maps.
Creating default HDR cubemaps for env_cubemap using skybox materials:
   skybox/sky_day03_04_hdr*.vmt
 ! Run buildcubemaps in the engine to get the correct cube maps.
Finding displacement neighbors...
Finding lightmap sample positions...
Displacement Alpha : 0...1...2...3...4...5...6...7...8...9...10
Building Physics collision data...
done (0) (814675 bytes)
Placing detail props : 0...1...2...3...4...5...6...7...8...9...10
Compacting texture/material tables...
Reduced 3339 texinfos to 2401
Reduced 213 texdatas to 184 (7623 bytes to 6588)
Writing E:\TF2 Mods and Maps\maps\LFCE Fixed Maps\d3_c17_08_d.bsp
MSG_FILEWRITE - Filesystem was asked to write to 'E:\TF2 Mods and Maps\maps\LFCE Fixed Maps\d3_c17_08_d.bsp', but we don't own that location. Allowing.
Wrote ZIP buffer, estimated size 4914097, actual size 4887351
2 seconds elapsed



8 threads
reading e:\tf2 mods and maps\maps\lfce fixed maps\d3_c17_08_d.bsp
reading e:\tf2 mods and maps\maps\lfce fixed maps\d3_c17_08_d.prt
1058 portalclusters
2943 numportals
0...1...2...3...4...5...6...7...8...9...100...1...2...3...4...5...6...7...8...9...10Optimized: 563 visible clusters (0.23%)
Total clusters visible: 249899
Average clusters visible: 236
Building PAS...
Average clusters audible: 417
visdatasize:139733  compressed from 287776
writing e:\tf2 mods and maps\maps\lfce fixed maps\d3_c17_08_d.bsp
MSG_FILEWRITE - Filesystem was asked to write to 'e:\tf2 mods and maps\maps\lfce fixed maps\d3_c17_08_d.bsp', but we don't own that location. Allowing.
59 seconds elapsed



[Reading texlights from 'lights.rad']
[50 texlights parsed from 'lights.rad']

Loading e:\tf2 mods and maps\maps\lfce fixed maps\d3_c17_08_d.bsp
8775 faces
2 degenerate faces
456712 square feet [65766552.00 square inches]
144 Displacements
15417 Square Feet [2220089.00 Square Inches]
8773 patches before subdivision
81835 patches after subdivision
1343 direct lights
0...1...2...3...4...5...6...7...8...9...100...1...2...3...4...5...6...7...8...9...10transfers 11029106, max 1194
transfer lists:  84.1 megs
0...1...2...3...4...5...6...7...8...9...10	Bounce #1 added RGB(489169, 655186, 622058)
0...1...2...3...4...5...6...7...8...9...10	Bounce #2 added RGB(81206, 103644, 88931)
0...1...2...3...4...5...6...7...8...9...10	Bounce #3 added RGB(15949, 19338, 15053)
0...1...2...3...4...5...6...7...8...9...10	Bounce #4 added RGB(3284, 3755, 2650)
0...1...2...3...4...5...6...7...8...9...10	Bounce #5 added RGB(712, 764, 489)
0...1...2...3...4...5...6...7...8...9...10	Bounce #6 added RGB(160, 160, 93)
0...1...2...3...4...5...6...7...8...9...10	Bounce #7 added RGB(37, 35, 18)
0...1...2...3...4...5...6...7...8...9...10	Bounce #8 added RGB(9, 8, 4)
0...1...2...3...4...5...6...7...8...9...10	Bounce #9 added RGB(2, 2, 1)
0...1...2...3...4...5...6...7...8...9...10	Bounce #10 added RGB(1, 0, 0)
Build Patch/Sample Hash Table(s).....Done<0.0140 sec>
0...1...2...3...4...5...6...7...8...9...10FinalLightFace Done
Computing detail prop lighting : 0...1...2...3...4...5...6...7...8...9...10
752 of 1245 (60% of) surface lights went in leaf ambient cubes.
0...1...2...3...4...5...6...7...8...9...10Writing leaf ambient...done
Ready to Finish

Object names       Objects/Maxobjs  Memory / Maxmem  Fullness 
------------       ---------------  ---------------  -------- 
models                 104/1024         4992/49152    (10.2%) 
brushes               2084/8192        25008/98304    (25.4%) 
brushsides           14716/65536      117728/524288   (22.5%) 
planes                7952/65536      159040/1310720  (12.1%) 
vertexes             14779/65536      177348/786432   (22.6%) 
nodes                 3599/65536      115168/2097152  ( 5.5%) 
texinfos              2401/12288      172872/884736   (19.5%) 
texdata                184/2048         5888/65536    ( 9.0%) 
dispinfos              144/0           25344/0        ( 0.0%) 
disp_verts            3936/0           78720/0        ( 0.0%) 
disp_tris             5184/0           10368/0        ( 0.0%) 
disp_lmsamples       54708/0           54708/0        ( 0.0%) 
faces                 8775/65536      491400/3670016  (13.4%) 
hdr faces                0/65536           0/3670016  ( 0.0%) 
origfaces             6200/65536      347200/3670016  ( 9.5%) 
leaves                3704/65536      118528/2097152  ( 5.7%) 
leaffaces            10486/65536       20972/131072   (16.0%) 
leafbrushes           4369/65536        8738/131072   ( 6.7%) 
areas                    3/256            24/2048     ( 1.2%) 
surfedges            68457/512000     273828/2048000  (13.4%) 
edges                41727/256000     166908/1024000  (16.3%) 
LDR worldlights       1343/8192       118184/720896   (16.4%) 
HDR worldlights          0/8192            0/720896   ( 0.0%) 
leafwaterdata            1/32768          12/393216   ( 0.0%) 
waterstrips            805/32768        8050/327680   ( 2.5%) 
waterverts               0/65536           0/786432   ( 0.0%) 
waterindices         16623/65536       33246/131072   (25.4%) 
cubemapsamples          55/1024          880/16384    ( 5.4%) 
overlays                 0/512             0/180224   ( 0.0%) 
LDR lightdata         [variable]     3594128/0        ( 0.0%) 
HDR lightdata         [variable]           0/0        ( 0.0%) 
visdata               [variable]      139733/16777216 ( 0.8%) 
entdata               [variable]      313510/393216   (79.7%) 
LDR ambient table     3704/65536       14816/262144   ( 5.7%) 
HDR ambient table     3704/65536       14816/262144   ( 5.7%) 
LDR leaf ambient     13373/65536      374444/1835008  (20.4%) 
HDR leaf ambient      3704/65536      103712/1835008  ( 5.7%) 
occluders                0/0               0/0        ( 0.0%) 
occluder polygons        0/0               0/0        ( 0.0%) 
occluder vert ind        0/0               0/0        ( 0.0%) 
detail props          [variable]           1/19556    ( 0.0%) 
dtl prp lght          [variable]           1/4        (25.0%) 
HDR dtl prp lght      [variable]           1/4        (25.0%) 
static props          [variable]           1/74046    ( 0.0%) 
pakfile               [variable]     4887351/0        ( 0.0%) 
physics               [variable]      814675/4194304  (19.4%) 
physics terrain       [variable]       25092/1048576  ( 2.4%) 

Level flags = 0

Total triangle count: 25889
Writing e:\tf2 mods and maps\maps\lfce fixed maps\d3_c17_08_d.bsp
2 minutes, 5 seconds elapsed



[Reading texlights from 'lights.rad']
[50 texlights parsed from 'lights.rad']

Loading e:\tf2 mods and maps\maps\lfce fixed maps\d3_c17_08_d.bsp
8775 faces
2 degenerate faces
456712 square feet [65766552.00 square inches]
144 Displacements
15417 Square Feet [2220089.00 Square Inches]
8773 patches before subdivision
81835 patches after subdivision
1343 direct lights
0...1...2...3...4...5...6...7...8...9...100...1...2...3...4...5...6...7...8...9...10transfers 11029106, max 1194
transfer lists:  84.1 megs
0...1...2...3...4...5...6...7...8...9...10	Bounce #1 added RGB(246839, 329066, 311694)
0...1...2...3...4...5...6...7...8...9...10	Bounce #2 added RGB(40941, 52014, 44530)
0...1...2...3...4...5...6...7...8...9...10	Bounce #3 added RGB(8033, 9698, 7533)
0...1...2...3...4...5...6...7...8...9...10	Bounce #4 added RGB(1653, 1882, 1326)
0...1...2...3...4...5...6...7...8...9...10	Bounce #5 added RGB(358, 383, 244)
0...1...2...3...4...5...6...7...8...9...10	Bounce #6 added RGB(80, 80, 46)
0...1...2...3...4...5...6...7...8...9...10	Bounce #7 added RGB(19, 17, 9)
0...1...2...3...4...5...6...7...8...9...10	Bounce #8 added RGB(4, 4, 2)
0...1...2...3...4...5...6...7...8...9...10	Bounce #9 added RGB(1, 1, 0)
0...1...2...3...4...5...6...7...8...9...10	Bounce #10 added RGB(0, 0, 0)
Build Patch/Sample Hash Table(s).....Done<0.0150 sec>
0...1...2...3...4...5...6...7...8...9...10FinalLightFace Done
Computing detail prop lighting : 0...1...2...3...4...5...6...7...8...9...10
821 of 1245 (65% of) surface lights went in leaf ambient cubes.
0...1...2...3...4...5...6...7...8...9...10Writing leaf ambient...done
Ready to Finish

Object names       Objects/Maxobjs  Memory / Maxmem  Fullness 
------------       ---------------  ---------------  -------- 
models                 104/1024         4992/49152    (10.2%) 
brushes               2084/8192        25008/98304    (25.4%) 
brushsides           14716/65536      117728/524288   (22.5%) 
planes                7952/65536      159040/1310720  (12.1%) 
vertexes             14779/65536      177348/786432   (22.6%) 
nodes                 3599/65536      115168/2097152  ( 5.5%) 
texinfos              2401/12288      172872/884736   (19.5%) 
texdata                184/2048         5888/65536    ( 9.0%) 
dispinfos              144/0           25344/0        ( 0.0%) 
disp_verts            3936/0           78720/0        ( 0.0%) 
disp_tris             5184/0           10368/0        ( 0.0%) 
disp_lmsamples       54708/0           54708/0        ( 0.0%) 
faces                 8775/65536      491400/3670016  (13.4%) 
hdr faces             8775/65536      491400/3670016  (13.4%) 
origfaces             6200/65536      347200/3670016  ( 9.5%) 
leaves                3704/65536      118528/2097152  ( 5.7%) 
leaffaces            10486/65536       20972/131072   (16.0%) 
leafbrushes           4369/65536        8738/131072   ( 6.7%) 
areas                    3/256            24/2048     ( 1.2%) 
surfedges            68457/512000     273828/2048000  (13.4%) 
edges                41727/256000     166908/1024000  (16.3%) 
LDR worldlights       1343/8192       118184/720896   (16.4%) 
HDR worldlights       1343/8192       118184/720896   (16.4%) 
leafwaterdata            1/32768          12/393216   ( 0.0%) 
waterstrips            805/32768        8050/327680   ( 2.5%) 
waterverts               0/65536           0/786432   ( 0.0%) 
waterindices         16623/65536       33246/131072   (25.4%) 
cubemapsamples          55/1024          880/16384    ( 5.4%) 
overlays                 0/512             0/180224   ( 0.0%) 
LDR lightdata         [variable]     3594128/0        ( 0.0%) 
HDR lightdata         [variable]     3594128/0        ( 0.0%) 
visdata               [variable]      139733/16777216 ( 0.8%) 
entdata               [variable]      313510/393216   (79.7%) 
LDR ambient table     3704/65536       14816/262144   ( 5.7%) 
HDR ambient table     3704/65536       14816/262144   ( 5.7%) 
LDR leaf ambient     13373/65536      374444/1835008  (20.4%) 
HDR leaf ambient     13372/65536      374416/1835008  (20.4%) 
occluders                0/0               0/0        ( 0.0%) 
occluder polygons        0/0               0/0        ( 0.0%) 
occluder vert ind        0/0               0/0        ( 0.0%) 
detail props          [variable]           1/19556    ( 0.0%) 
dtl prp lght          [variable]           1/4        (25.0%) 
HDR dtl prp lght      [variable]           1/4        (25.0%) 
static props          [variable]           1/74046    ( 0.0%) 
pakfile               [variable]     4887351/0        ( 0.0%) 
physics               [variable]      814675/4194304  (19.4%) 
physics terrain       [variable]       25092/1048576  ( 2.4%) 

Level flags = 0

Total triangle count: 25889
Writing e:\tf2 mods and maps\maps\lfce fixed maps\d3_c17_08_d.bsp
2 minutes, 5 seconds elapsed
