PRT1
181
502
4 0 15 (0 3072 2067 ) (0 3072 2195 ) (0 3467 2195 ) (0 3467 2067 ) 
4 0 7 (92.555710 3072 2067 ) (92.555710 3072 2195 ) (0 3072 2195 ) (0 3072 2067 ) 
4 1 6 (2048 2618 -120.286003 ) (2048 2048 -120.286003 ) (2048 2048 1784.290039 ) (2048 2618 1784.290039 ) 
4 1 3 (2433 2048 1784.290039 ) (2048 2048 1784.290039 ) (2048 2048 -120.286003 ) (2433 2048 -120.286003 ) 
4 1 2 (2554 2048 1784.290039 ) (2433 2048 1784.290039 ) (2433 2048 -120.286003 ) (2554 2048 -120.286003 ) 
4 2 28 (2433 1024 -120.286003 ) (2554 1024 -120.286003 ) (2554 1024 1784.290039 ) (2433 1024 1784.290039 ) 
4 2 4 (2433 1024 -48 ) (2433 1024 1784.290039 ) (2433 1600 1784.290039 ) (2433 1600 -48 ) 
4 2 5 (2433 1600 -120.286003 ) (2433 1024 -120.286003 ) (2433 1024 -64 ) (2433 1600 -64 ) 
4 2 3 (2433 2048 -120.286003 ) (2433 1600 -120.286003 ) (2433 1600 1784.290039 ) (2433 2048 1784.290039 ) 
4 3 11 (2048 2048 -64 ) (2048 2048 -120.286003 ) (2048 1600 -120.286003 ) (2048 1600 -64 ) 
4 3 9 (2048 1600 1784.290039 ) (2048 2048 1784.290039 ) (2048 2048 -64 ) (2048 1600 -64 ) 
4 3 4 (2433 1600 -48 ) (2433 1600 1784.290039 ) (2048 1600 1784.290039 ) (2048 1600 -48 ) 
4 3 5 (2048 1600 -120.286003 ) (2433 1600 -120.286003 ) (2433 1600 -64 ) (2048 1600 -64 ) 
4 4 29 (2048 1024 1784.290039 ) (2048 1024 -48 ) (2433 1024 -48 ) (2433 1024 1784.290039 ) 
4 4 10 (2048 1024 -48 ) (2048 1024 1784.290039 ) (2048 1600 1784.290039 ) (2048 1600 -48 ) 
4 5 30 (2048 1024 -64 ) (2048 1024 -120.286003 ) (2433 1024 -120.286003 ) (2433 1024 -64 ) 
4 5 11 (2048 1024 -120.286003 ) (2048 1024 -64 ) (2048 1600 -64 ) (2048 1600 -120.286003 ) 
4 6 11 (2048 2048 -120.286003 ) (2048 2048 -64 ) (1024 2048 -64 ) (1024 2048 -120.286003 ) 
4 6 9 (2048 2048 -64 ) (2048 2048 1784.290039 ) (1024 2048 1784.290039 ) (1024 2048 -64 ) 
4 6 8 (1024 2618 -120.286003 ) (1024 2048 -120.286003 ) (1024 2048 1784.290039 ) (1024 2618 1784.290039 ) 
4 7 16 (0 2827 2067 ) (0 2827 2195 ) (0 3072 2195 ) (0 3072 2067 ) 
4 8 17 (0 2048 -120.286003 ) (0 2048 1784.290039 ) (0 2618 1784.290039 ) (0 2618 -120.286003 ) 
4 8 14 (1024 2048 -120.286003 ) (1024 2048 -64 ) (0 2048 -64 ) (0 2048 -120.286003 ) 
4 8 12 (1024 2048 -64 ) (1024 2048 1784.290039 ) (0 2048 1784.290039 ) (0 2048 -64 ) 
4 9 12 (1024 2048 1784.290039 ) (1024 2048 -64 ) (1024 1600 -64 ) (1024 1600 1784.290039 ) 
4 9 11 (1024 1600 -64 ) (1024 2048 -64 ) (2048 2048 -64 ) (2048 1600 -64 ) 
4 9 10 (2048 1600 -48 ) (2048 1600 1784.290039 ) (1024 1600 1784.290039 ) (1024 1600 -48 ) 
4 10 36 (1342 1024 1702 ) (1024 1024 1702 ) (1024 1024 -48 ) (1342 1024 -48 ) 
4 10 35 (2048 1024 -48 ) (2048 1024 1702 ) (1342 1024 1702 ) (1342 1024 -48 ) 
4 10 34 (2048 1024 1702 ) (2048 1024 1784.290039 ) (1024 1024 1784.290039 ) (1024 1024 1702 ) 
4 10 13 (1024 1024 -48 ) (1024 1024 1784.290039 ) (1024 1600 1784.290039 ) (1024 1600 -48 ) 
4 11 42 (2048 1024 -120.286003 ) (2048 1024 -64 ) (1024 1024 -64 ) (1024 1024 -120.286003 ) 
4 11 14 (1024 2048 -64 ) (1024 2048 -120.286003 ) (1024 1024 -120.286003 ) (1024 1024 -64 ) 
4 12 20 (0 2048 -48 ) (0 2048 -64 ) (0 1600 -64 ) (0 1600 -48 ) 
4 12 19 (0 1600 1784.290039 ) (0 2048 1784.290039 ) (0 2048 -48 ) (0 1600 -48 ) 
4 12 14 (0 1600 -64 ) (0 2048 -64 ) (1024 2048 -64 ) (1024 1600 -64 ) 
4 12 13 (1024 1600 -48 ) (1024 1600 1784.290039 ) (0 1600 1784.290039 ) (0 1600 -48 ) 
4 13 47 (1024 1024 -48 ) (1024 1024 -44 ) (0 1024 -44 ) (0 1024 -48 ) 
4 13 43 (1024 1024 -44 ) (1024 1024 1784.290039 ) (0 1024 1784.290039 ) (0 1024 -44 ) 
4 13 19 (0 1024 -48 ) (0 1024 1784.290039 ) (0 1600 1784.290039 ) (0 1600 -48 ) 
4 14 60 (1024 1024 -120.286003 ) (1024 1024 -64 ) (0 1024 -64 ) (0 1024 -120.286003 ) 
4 14 21 (0 1024 -120.286003 ) (0 1024 -64 ) (0 2048 -64 ) (0 2048 -120.286003 ) 
4 15 16 (0 3072 2067 ) (0 3072 2195 ) (-99.444298 3072 2195 ) (-99.444298 3072 2067 ) 
4 17 21 (0 2048 -120.286003 ) (0 2048 -64 ) (-1024 2048 -64 ) (-1024 2048 -120.286003 ) 
4 17 20 (0 2048 -64 ) (0 2048 -48 ) (-1024 2048 -48 ) (-1024 2048 -64 ) 
4 17 19 (0 2048 -48 ) (0 2048 1784.290039 ) (-1024 2048 1784.290039 ) (-1024 2048 -48 ) 
4 17 18 (-1024 2048 -120.286003 ) (-1024 2048 1784.290039 ) (-1024 2618 1784.290039 ) (-1024 2618 -120.286003 ) 
4 18 26 (-2048 2618 -120.286003 ) (-2048 2048 -120.286003 ) (-2048 2048 1784.290039 ) (-2048 2618 1784.290039 ) 
4 18 25 (-1024 2048 -120.286003 ) (-1024 2048 -64 ) (-2048 2048 -64 ) (-2048 2048 -120.286003 ) 
4 18 22 (-1024 2048 -64 ) (-1024 2048 1784.290039 ) (-1516 2048 1784.290039 ) (-1516 2048 -64 ) 
4 18 24 (-1516 2048 1784.290039 ) (-2048 2048 1784.290039 ) (-2048 2048 -64 ) (-1516 2048 -64 ) 
4 19 114 (-288 1024 1784.290039 ) (-1024 1024 1784.290039 ) (-1024 1024 -48 ) (-288 1024 -48 ) 
4 19 102 (0 1024 -48 ) (0 1024 -44 ) (-288 1024 -44 ) (-288 1024 -48 ) 
4 19 98 (0 1024 -44 ) (0 1024 1784.290039 ) (-288 1024 1784.290039 ) (-288 1024 -44 ) 
4 19 23 (-1024 1600 -48 ) (-1024 1024 -48 ) (-1024 1024 1784.290039 ) (-1024 1600 1784.290039 ) 
4 19 22 (-1024 2048 1784.290039 ) (-1024 2048 -48 ) (-1024 1600 -48 ) (-1024 1600 1784.290039 ) 
4 19 20 (-1024 1600 -48 ) (-1024 2048 -48 ) (0 2048 -48 ) (0 1600 -48 ) 
4 20 22 (-1024 2048 -48 ) (-1024 2048 -64 ) (-1024 1600 -64 ) (-1024 1600 -48 ) 
4 20 21 (-1024 2048 -64 ) (0 2048 -64 ) (0 1600 -64 ) (-1024 1600 -64 ) 
4 21 134 (0 1024 -120.286003 ) (0 1024 -64 ) (-1024 1024 -64 ) (-1024 1024 -120.286003 ) 
4 21 25 (-1024 2048 -64 ) (-1024 2048 -120.286003 ) (-1024 1024 -120.286003 ) (-1024 1024 -64 ) 
4 22 25 (-1024 2048 -64 ) (-1024 1600 -64 ) (-1516 1600 -64 ) (-1516 2048 -64 ) 
4 22 23 (-1516 1600 1784.290039 ) (-1516 1600 -48 ) (-1024 1600 -48 ) (-1024 1600 1784.290039 ) 
4 22 24 (-1516 2048 -64 ) (-1516 1600 -64 ) (-1516 1600 1784.290039 ) (-1516 2048 1784.290039 ) 
4 23 135 (-1024 1024 -48 ) (-1024 1024 1784.290039 ) (-1516 1024 1784.290039 ) (-1516 1024 -48 ) 
4 23 24 (-1516 1024 -48 ) (-1516 1024 1784.290039 ) (-1516 1600 1784.290039 ) (-1516 1600 -48 ) 
4 24 136 (-1516 1024 1784.290039 ) (-2048 1024 1784.290039 ) (-2048 1024 -64 ) (-1516 1024 -64 ) 
4 24 27 (-2048 1024 -64 ) (-2048 1024 1784.290039 ) (-2048 2048 1784.290039 ) (-2048 2048 -64 ) 
4 24 25 (-1516 1024 -64 ) (-2048 1024 -64 ) (-2048 2048 -64 ) (-1516 2048 -64 ) 
4 25 137 (-1024 1024 -120.286003 ) (-1024 1024 -64 ) (-2048 1024 -64 ) (-2048 1024 -120.286003 ) 
4 25 27 (-2048 1024 -120.286003 ) (-2048 1024 -64 ) (-2048 2048 -64 ) (-2048 2048 -120.286003 ) 
4 26 27 (-2048 2048 -120.286003 ) (-2048 2048 1784.290039 ) (-2554 2048 1784.290039 ) (-2554 2048 -120.286003 ) 
4 27 165 (-2048 1024 -120.286003 ) (-2048 1024 1784.290039 ) (-2554 1024 1784.290039 ) (-2554 1024 -120.286003 ) 
4 28 31 (2433 0 -120.286003 ) (2554 0 -120.286003 ) (2554 0 1784.290039 ) (2433 0 1784.290039 ) 
4 28 29 (2433 0 -48 ) (2433 0 1784.290039 ) (2433 1024 1784.290039 ) (2433 1024 -48 ) 
4 28 30 (2433 1024 -120.286003 ) (2433 0 -120.286003 ) (2433 0 -64 ) (2433 1024 -64 ) 
4 29 38 (2048 848 -48 ) (2048 0 -48 ) (2048 0 1702 ) (2048 848 1702 ) 
4 29 35 (2048 1024 1702 ) (2048 1024 -48 ) (2048 848 -48 ) (2048 848 1702 ) 
4 29 34 (2048 1024 1784.290039 ) (2048 1024 1702 ) (2048 0 1702 ) (2048 0 1784.290039 ) 
4 29 32 (2048 0 1784.290039 ) (2048 0 -48 ) (2433 0 -48 ) (2433 0 1784.290039 ) 
4 30 42 (2048 1024 -64 ) (2048 1024 -120.286003 ) (2048 0 -120.286003 ) (2048 0 -64 ) 
4 30 33 (2048 0 -64 ) (2048 0 -120.286003 ) (2433 0 -120.286003 ) (2433 0 -64 ) 
4 31 81 (2433 -1024 -120.286003 ) (2554 -1024 -120.286003 ) (2554 -1024 1784.290039 ) (2433 -1024 1784.290039 ) 
4 31 32 (2433 -1024 -48 ) (2433 -1024 1784.290039 ) (2433 0 1784.290039 ) (2433 0 -48 ) 
4 31 33 (2433 0 -120.286003 ) (2433 -1024 -120.286003 ) (2433 -1024 -64 ) (2433 0 -64 ) 
4 32 82 (2048 -1024 1784.290039 ) (2048 -1024 -48 ) (2433 -1024 -48 ) (2433 -1024 1784.290039 ) 
4 32 62 (2048 -1024 -48 ) (2048 -1024 1702 ) (2048 0 1702 ) (2048 0 -48 ) 
4 32 61 (2048 -1024 1702 ) (2048 -1024 1784.290039 ) (2048 0 1784.290039 ) (2048 0 1702 ) 
4 33 83 (2048 -1024 -64 ) (2048 -1024 -120.286003 ) (2433 -1024 -120.286003 ) (2433 -1024 -64 ) 
4 33 75 (2048 -1024 -120.286003 ) (2048 -1024 -64 ) (2048 0 -64 ) (2048 0 -120.286003 ) 
4 34 61 (2048 0 1702 ) (2048 0 1784.290039 ) (1024 0 1784.290039 ) (1024 0 1702 ) 
4 34 44 (1024 850 1702 ) (1024 848 1702 ) (1024 848 1784.290039 ) (1024 850 1784.290039 ) 
4 34 43 (1024 1024 1784.290039 ) (1024 1024 1702 ) (1024 850 1702 ) (1024 850 1784.290039 ) 
4 34 46 (1024 848 1702 ) (1024 0 1702 ) (1024 0 1784.290039 ) (1024 848 1784.290039 ) 
4 34 40 (1344 0 1702 ) (1327 0 1702 ) (1327 843 1702 ) (1344 843 1702 ) 
4 34 39 (1327 843 1702 ) (1327 848 1702 ) (1344 848 1702 ) (1344 843 1702 ) 
4 34 38 (2048 0 1702 ) (1344 0 1702 ) (1344 848 1702 ) (2048 848 1702 ) 
4 34 41 (1327 0 1702 ) (1024 0 1702 ) (1024 848 1702 ) (1327 848 1702 ) 
4 34 37 (1024 848 1702 ) (1024 850 1702 ) (1342 850 1702 ) (1342 848 1702 ) 
4 34 36 (1024 850 1702 ) (1024 1024 1702 ) (1342 1024 1702 ) (1342 850 1702 ) 
4 34 35 (1342 1024 1702 ) (2048 1024 1702 ) (2048 848 1702 ) (1342 848 1702 ) 
4 35 39 (1342 848 -48 ) (1344 848 -48 ) (1344 848 1702 ) (1342 848 1702 ) 
4 35 38 (1344 848 -48 ) (2048 848 -48 ) (2048 848 1702 ) (1344 848 1702 ) 
4 35 37 (1342 850 -48 ) (1342 848 -48 ) (1342 848 1702 ) (1342 850 1702 ) 
4 35 36 (1342 1024 -48 ) (1342 850 -48 ) (1342 850 1702 ) (1342 1024 1702 ) 
4 36 47 (1024 1024 -44 ) (1024 1024 -48 ) (1024 850 -48 ) (1024 850 -44 ) 
4 36 43 (1024 1024 1702 ) (1024 1024 -44 ) (1024 850 -44 ) (1024 850 1702 ) 
4 36 37 (1024 850 -48 ) (1342 850 -48 ) (1342 850 1702 ) (1024 850 1702 ) 
4 37 48 (1024 850 -48 ) (1024 848 -48 ) (1024 848 -44 ) (1024 850 -44 ) 
4 37 45 (1024 848 -44 ) (1024 848 1702 ) (1024 850 1702 ) (1024 850 -44 ) 
4 37 39 (1327 848 -48 ) (1342 848 -48 ) (1342 848 1702 ) (1327 848 1702 ) 
4 37 41 (1024 848 -48 ) (1327 848 -48 ) (1327 848 1702 ) (1024 848 1702 ) 
4 38 62 (2048 0 -48 ) (2048 0 1702 ) (1344 0 1702 ) (1344 0 -48 ) 
4 38 40 (1344 843 -48 ) (1344 0 -48 ) (1344 0 1702 ) (1344 843 1702 ) 
4 38 39 (1344 848 1702 ) (1344 848 -48 ) (1344 843 -48 ) (1344 843 1702 ) 
4 39 41 (1327 848 1702 ) (1327 848 -48 ) (1327 843 -48 ) (1327 843 1702 ) 
4 39 40 (1327 843 1702 ) (1327 843 -48 ) (1344 843 -48 ) (1344 843 1702 ) 
4 40 63 (1344 0 1702 ) (1327 0 1702 ) (1327 0 -48 ) (1344 0 -48 ) 
4 40 41 (1327 843 -48 ) (1327 0 -48 ) (1327 0 1702 ) (1327 843 1702 ) 
4 41 64 (1327 0 1702 ) (1313 0 1702 ) (1313 0 -48 ) (1327 0 -48 ) 
4 41 70 (1313 0 1702 ) (1024 0 1702 ) (1024 0 -48 ) (1313 0 -48 ) 
4 41 50 (1024 832 -48 ) (1024 0 -48 ) (1024 0 -44 ) (1024 832 -44 ) 
4 41 49 (1024 848 -48 ) (1024 832 -48 ) (1024 832 -44 ) (1024 848 -44 ) 
4 41 46 (1024 0 -44 ) (1024 0 1702 ) (1024 848 1702 ) (1024 848 -44 ) 
4 42 75 (2048 0 -120.286003 ) (2048 0 -64 ) (1024 0 -64 ) (1024 0 -120.286003 ) 
4 42 60 (1024 1024 -64 ) (1024 1024 -120.286003 ) (1024 0 -120.286003 ) (1024 0 -64 ) 
4 43 98 (0 1024 1784.290039 ) (0 1024 -44 ) (0 850 -44 ) (0 850 1784.290039 ) 
4 43 47 (0 850 -44 ) (0 1024 -44 ) (1024 1024 -44 ) (1024 850 -44 ) 
4 43 45 (0 850 -44 ) (1024 850 -44 ) (1024 850 1702 ) (0 850 1702 ) 
4 43 44 (1024 850 1702 ) (1024 850 1784.290039 ) (0 850 1784.290039 ) (0 850 1702 ) 
4 44 99 (0 848 1702 ) (0 848 1784.290039 ) (0 850 1784.290039 ) (0 850 1702 ) 
4 44 46 (1024 848 1702 ) (1024 848 1784.290039 ) (0 848 1784.290039 ) (0 848 1702 ) 
4 44 45 (1024 848 1702 ) (0 848 1702 ) (0 850 1702 ) (1024 850 1702 ) 
4 45 100 (0 850 -44 ) (0 848 -44 ) (0 848 1702 ) (0 850 1702 ) 
4 45 48 (0 848 -44 ) (0 850 -44 ) (1024 850 -44 ) (1024 848 -44 ) 
4 45 46 (0 848 -44 ) (1024 848 -44 ) (1024 848 1702 ) (0 848 1702 ) 
4 46 101 (0 848 -44 ) (0 0 -44 ) (0 0 1784.290039 ) (0 848 1784.290039 ) 
4 46 76 (1024 0 -44 ) (1024 0 1784.290039 ) (0 0 1784.290039 ) (0 0 -44 ) 
3 46 58 (232 824 -44 ) (237.176468 820.117615 -44 ) (238 816 -44 ) 
3 46 57 (231.952438 503.936584 -44 ) (228.117676 498.823578 -44 ) (224.050537 498.010132 -44 ) 
3 46 56 (214 832 -44 ) (221.333313 832 -44 ) (224 830 -44 ) 
3 46 55 (240 522 -44 ) (240 514.666626 -44 ) (238 512 -44 ) 
3 46 54 (237.176468 820.117615 -44 ) (240 818 -44 ) (240 806 -44 ) 
3 46 53 (228.117676 498.823578 -44 ) (226 496 -44 ) (214 496 -44 ) 
3 46 52 (221.333313 832 -44 ) (240 832 -44 ) (240 818 -44 ) 
3 46 51 (240 514.666626 -44 ) (240 496 -44 ) (226 496 -44 ) 
4 46 59 (240 0 -44 ) (0 0 -44 ) (0 496 -44 ) (240 496 -44 ) 
4 46 50 (1024 0 -44 ) (240 0 -44 ) (240 832 -44 ) (1024 832 -44 ) 
4 46 49 (0 832 -44 ) (0 848 -44 ) (1024 848 -44 ) (1024 832 -44 ) 
4 47 102 (0 1024 -44 ) (0 1024 -48 ) (0 850 -48 ) (0 850 -44 ) 
4 47 48 (0 850 -48 ) (1024 850 -48 ) (1024 850 -44 ) (0 850 -44 ) 
4 48 103 (0 850 -48 ) (0 848 -48 ) (0 848 -44 ) (0 850 -44 ) 
4 48 49 (0 848 -48 ) (1024 848 -48 ) (1024 848 -44 ) (0 848 -44 ) 
4 49 104 (0 848 -48 ) (0 832 -48 ) (0 832 -44 ) (0 848 -44 ) 
4 49 56 (214 832 -48 ) (221.333313 832 -48 ) (221.333313 832 -44 ) (214 832 -44 ) 
4 49 52 (221.333313 832 -48 ) (240 832 -48 ) (240 832 -44 ) (221.333313 832 -44 ) 
4 49 50 (240 832 -48 ) (1024 832 -48 ) (1024 832 -44 ) (240 832 -44 ) 
4 50 76 (1024 0 -48 ) (1024 0 -44 ) (240 0 -44 ) (240 0 -48 ) 
4 50 55 (240 522 -48 ) (240 514.666626 -48 ) (240 514.666687 -44 ) (240 522 -44 ) 
4 50 54 (240 818 -48 ) (240 806 -48 ) (240 806 -44 ) (240 818 -44 ) 
4 50 52 (240 832 -44 ) (240 832 -48 ) (240 818 -48 ) (240 818 -44 ) 
4 50 51 (240 514.666626 -48 ) (240 496 -48 ) (240 496 -44 ) (240 514.666687 -44 ) 
4 50 59 (240 496 -48 ) (240 0 -48 ) (240 0 -44 ) (240 496 -44 ) 
4 51 57 (232.005478 504.004150 -48 ) (228.120148 498.824066 -48 ) (228.120148 498.824066 -44 ) (231.957870 503.940674 -44 ) 
4 51 55 (240 514.662781 -44 ) (240 514.662781 -48 ) (237.998993 511.994934 -48 ) (237.998993 511.994934 -44 ) 
4 51 53 (228.120148 498.824066 -48 ) (226.001953 496 -48 ) (226.001953 496 -44 ) (228.120148 498.824066 -44 ) 
4 51 59 (226 496 -48 ) (240 496 -48 ) (240 496 -44 ) (226 496 -44 ) 
4 52 58 (232.004944 823.993347 -48 ) (237.177170 820.114197 -48 ) (237.177170 820.114197 -44 ) (232.004944 823.993347 -44 ) 
4 52 56 (221.329422 832 -44 ) (221.329422 832 -48 ) (223.994614 830.001099 -48 ) (223.994614 830.001099 -44 ) 
4 52 54 (237.177170 820.114197 -48 ) (240 817.997070 -48 ) (240 817.997070 -44 ) (237.177170 820.114197 -44 ) 
4 53 57 (228.117401 498.823853 -44 ) (228.117401 498.823853 -48 ) (224 498 -48 ) (224.051208 498.010620 -44 ) 
4 53 59 (214 496 -48 ) (226 496 -48 ) (226 496 -44 ) (214 496 -44 ) 
4 54 58 (237.176727 820.117310 -44 ) (237.176727 820.117310 -48 ) (238 816 -48 ) (238 816 -44 ) 
4 59 113 (0 496 -48 ) (0 0 -48 ) (0 0 -44 ) (0 496 -44 ) 
4 59 76 (240 0 -44 ) (0 0 -44 ) (0 0 -48 ) (240 0 -48 ) 
4 60 134 (0 1024 -64 ) (0 1024 -120.286003 ) (0 0 -120.286003 ) (0 0 -64 ) 
4 60 80 (1024 0 -120.286003 ) (1024 0 -64 ) (0 0 -64 ) (0 0 -120.286003 ) 
4 61 88 (2048 -1024 1702 ) (2048 -1024 1784.290039 ) (1024 -1024 1784.290039 ) (1024 -1024 1702 ) 
4 61 77 (1024 -728 1702 ) (1024 -730 1702 ) (1024 -730 1784.290039 ) (1024 -728 1784.290039 ) 
4 61 76 (1024 0 1784.290039 ) (1024 0 1702 ) (1024 -728 1702 ) (1024 -728 1784.290039 ) 
4 61 79 (1024 -730 1702 ) (1024 -1024 1702 ) (1024 -1024 1784.290039 ) (1024 -730 1784.290039 ) 
4 61 73 (1327 -732 1702 ) (1024 -732 1702 ) (1024 -730 1702 ) (1327 -730 1702 ) 
4 61 72 (1024 -730 1702 ) (1024 -728 1702 ) (1327 -728 1702 ) (1327 -730 1702 ) 
4 61 71 (1344 -728 1702 ) (1344 -732 1702 ) (1327 -732 1702 ) (1327 -728 1702 ) 
4 61 69 (1327 -728 1702 ) (1313 -728 1702 ) (1313 -707 1702 ) (1327 -707 1702 ) 
4 61 68 (1344 -707 1702 ) (1344 -728 1702 ) (1327 -728 1702 ) (1327 -707 1702 ) 
4 61 66 (1339 -707 1702 ) (1327 -707 1702 ) (1327 -591 1702 ) (1339 -591 1702 ) 
4 61 65 (1344 -591 1702 ) (1344 -707 1702 ) (1339 -707 1702 ) (1339 -591 1702 ) 
4 61 67 (1327 -707 1702 ) (1313 -707 1702 ) (1313 -591 1702 ) (1327 -591 1702 ) 
4 61 64 (1313 0 1702 ) (1327 0 1702 ) (1327 -591 1702 ) (1313 -591 1702 ) 
4 61 63 (1327 0 1702 ) (1344 0 1702 ) (1344 -591 1702 ) (1327 -591 1702 ) 
4 61 70 (1024 0 1702 ) (1313 0 1702 ) (1313 -728 1702 ) (1024 -728 1702 ) 
4 61 74 (1344 -732 1702 ) (1344 -1024 1702 ) (1024 -1024 1702 ) (1024 -732 1702 ) 
4 61 62 (1344 0 1702 ) (2048 0 1702 ) (2048 -1024 1702 ) (1344 -1024 1702 ) 
4 62 88 (2048 -1024 -48 ) (2048 -1024 1702 ) (1344 -1024 1702 ) (1344 -1024 -48 ) 
4 62 71 (1344 -728 -48 ) (1344 -732 -48 ) (1344 -732 1702 ) (1344 -728 1702 ) 
4 62 68 (1344 -707 -48 ) (1344 -728 -48 ) (1344 -728 1702 ) (1344 -707 1702 ) 
4 62 65 (1344 -591 -48 ) (1344 -707 -48 ) (1344 -707 1702 ) (1344 -591 1702 ) 
4 62 63 (1344 0 -48 ) (1344 -591 -48 ) (1344 -591 1702 ) (1344 0 1702 ) 
4 62 74 (1344 -732 -48 ) (1344 -1024 -48 ) (1344 -1024 1702 ) (1344 -732 1702 ) 
4 63 66 (1327 -591 -48 ) (1339 -591 -48 ) (1339 -591 1702 ) (1327 -591 1702 ) 
4 63 65 (1339 -591 -48 ) (1344 -591 -48 ) (1344 -591 1702 ) (1339 -591 1702 ) 
4 63 64 (1327 0 -48 ) (1327 -591 -48 ) (1327 -591 1702 ) (1327 0 1702 ) 
4 64 67 (1313 -591 1702 ) (1313 -591 -48 ) (1327 -591 -48 ) (1327 -591 1702 ) 
4 64 70 (1313 0 -48 ) (1313 -591 -48 ) (1313 -591 1702 ) (1313 0 1702 ) 
4 65 68 (1339 -707 -48 ) (1344 -707 -48 ) (1344 -707 1702 ) (1339 -707 1702 ) 
4 65 66 (1339 -591 1702 ) (1339 -591 -48 ) (1339 -707 -48 ) (1339 -707 1702 ) 
4 66 68 (1327 -707 -48 ) (1339 -707 -48 ) (1339 -707 1702 ) (1327 -707 1702 ) 
4 66 67 (1327 -591 1702 ) (1327 -591 -48 ) (1327 -707 -48 ) (1327 -707 1702 ) 
4 67 69 (1313 -707 1702 ) (1313 -707 -48 ) (1327 -707 -48 ) (1327 -707 1702 ) 
4 67 70 (1313 -591 -48 ) (1313 -707 -48 ) (1313 -707 1702 ) (1313 -591 1702 ) 
4 68 71 (1327 -728 -48 ) (1344 -728 -48 ) (1344 -728 1702 ) (1327 -728 1702 ) 
4 68 69 (1327 -707 1702 ) (1327 -707 -48 ) (1327 -728 -48 ) (1327 -728 1702 ) 
4 69 72 (1313 -728 -48 ) (1327 -728 -48 ) (1327 -728 1702 ) (1313 -728 1702 ) 
4 69 70 (1313 -707 -48 ) (1313 -728 -48 ) (1313 -728 1702 ) (1313 -707 1702 ) 
4 70 76 (1024 0 1702 ) (1024 0 -48 ) (1024 -728 -48 ) (1024 -728 1702 ) 
4 70 72 (1024 -728 -48 ) (1313 -728 -48 ) (1313 -728 1702 ) (1024 -728 1702 ) 
4 71 73 (1327 -730 -48 ) (1327 -732 -48 ) (1327 -732 1702 ) (1327 -730 1702 ) 
4 71 72 (1327 -728 1702 ) (1327 -728 -48 ) (1327 -730 -48 ) (1327 -730 1702 ) 
4 71 74 (1327 -732 -48 ) (1344 -732 -48 ) (1344 -732 1702 ) (1327 -732 1702 ) 
4 72 78 (1024 -728 -48 ) (1024 -730 -48 ) (1024 -730 1702 ) (1024 -728 1702 ) 
4 72 73 (1024 -730 -48 ) (1327 -730 -48 ) (1327 -730 1702 ) (1024 -730 1702 ) 
4 73 79 (1024 -730 -48 ) (1024 -732 -48 ) (1024 -732 1702 ) (1024 -730 1702 ) 
4 73 74 (1024 -732 -48 ) (1327 -732 -48 ) (1327 -732 1702 ) (1024 -732 1702 ) 
4 74 88 (1344 -1024 1702 ) (1024 -1024 1702 ) (1024 -1024 -48 ) (1344 -1024 -48 ) 
4 74 79 (1024 -732 -48 ) (1024 -1024 -48 ) (1024 -1024 1702 ) (1024 -732 1702 ) 
4 75 89 (2048 -1024 -120.286003 ) (2048 -1024 -64 ) (1024 -1024 -64 ) (1024 -1024 -120.286003 ) 
4 75 80 (1024 0 -64 ) (1024 0 -120.286003 ) (1024 -1024 -120.286003 ) (1024 -1024 -64 ) 
4 76 142 (0 0 -46 ) (0 0 -48 ) (0 -728 -48 ) (0 -728 -46 ) 
4 76 138 (0 -728 1784.290039 ) (0 0 1784.290039 ) (0 0 -46 ) (0 -728 -46 ) 
4 76 78 (0 -728 -48 ) (1024 -728 -48 ) (1024 -728 1702 ) (0 -728 1702 ) 
4 76 77 (1024 -728 1702 ) (1024 -728 1784.290039 ) (0 -728 1784.290039 ) (0 -728 1702 ) 
4 77 139 (0 -730 1784.290039 ) (0 -728 1784.290039 ) (0 -728 1702 ) (0 -730 1702 ) 
4 77 79 (1024 -730 1702 ) (1024 -730 1784.290039 ) (0 -730 1784.290039 ) (0 -730 1702 ) 
4 77 78 (1024 -730 1702 ) (0 -730 1702 ) (0 -728 1702 ) (1024 -728 1702 ) 
4 78 143 (0 -728 -46 ) (0 -728 -48 ) (0 -730 -48 ) (0 -730 -46 ) 
4 78 140 (0 -728 1702 ) (0 -728 -46 ) (0 -730 -46 ) (0 -730 1702 ) 
4 78 79 (0 -730 -48 ) (1024 -730 -48 ) (1024 -730 1702 ) (0 -730 1702 ) 
4 79 144 (0 -730 -46 ) (0 -730 -48 ) (0 -736 -48 ) (0 -736 -46 ) 
4 79 141 (0 -736 1784.290039 ) (0 -730 1784.290039 ) (0 -730 -46 ) (0 -736 -46 ) 
4 79 160 (0 -1024 -48 ) (0 -1024 1784.290039 ) (0 -736 1784.290039 ) (0 -736 -48 ) 
4 79 90 (1024 -1024 -48 ) (1024 -1024 1784.290039 ) (0 -1024 1784.290039 ) (0 -1024 -48 ) 
4 80 161 (0 -1024 -120.286003 ) (0 -1024 -64 ) (0 0 -64 ) (0 0 -120.286003 ) 
4 80 91 (1024 -1024 -120.286003 ) (1024 -1024 -64 ) (0 -1024 -64 ) (0 -1024 -120.286003 ) 
4 81 84 (2433 -2048 -120.286003 ) (2554 -2048 -120.286003 ) (2554 -2048 1784.290039 ) (2433 -2048 1784.290039 ) 
4 81 82 (2433 -2048 -48 ) (2433 -2048 1784.290039 ) (2433 -1024 1784.290039 ) (2433 -1024 -48 ) 
4 81 83 (2433 -1024 -120.286003 ) (2433 -2048 -120.286003 ) (2433 -2048 -64 ) (2433 -1024 -64 ) 
4 82 88 (2048 -1024 1784.290039 ) (2048 -1024 -48 ) (2048 -2048 -48 ) (2048 -2048 1784.290039 ) 
4 82 85 (2048 -2048 1784.290039 ) (2048 -2048 -48 ) (2433 -2048 -48 ) (2433 -2048 1784.290039 ) 
4 83 89 (2048 -1024 -64 ) (2048 -1024 -120.286003 ) (2048 -2048 -120.286003 ) (2048 -2048 -64 ) 
4 83 86 (2048 -2048 -64 ) (2048 -2048 -120.286003 ) (2433 -2048 -120.286003 ) (2433 -2048 -64 ) 
4 84 87 (2433 -2250 -120.286003 ) (2554 -2250 -120.286003 ) (2554 -2250 1784.290039 ) (2433 -2250 1784.290039 ) 
4 84 85 (2433 -2250 -48 ) (2433 -2250 1784.290039 ) (2433 -2048 1784.290039 ) (2433 -2048 -48 ) 
4 84 86 (2433 -2048 -120.286003 ) (2433 -2250 -120.286003 ) (2433 -2250 -64 ) (2433 -2048 -64 ) 
4 85 92 (2048 -2250 1784.290039 ) (2048 -2048 1784.290039 ) (2048 -2048 -48 ) (2048 -2250 -48 ) 
4 85 87 (2433 -2250 -48 ) (2433 -2250 1784.290039 ) (2048 -2250 1784.290039 ) (2048 -2250 -48 ) 
4 86 93 (2048 -2048 -64 ) (2048 -2048 -120.286003 ) (2048 -2250 -120.286003 ) (2048 -2250 -64 ) 
4 86 87 (2048 -2250 -120.286003 ) (2433 -2250 -120.286003 ) (2433 -2250 -64 ) (2048 -2250 -64 ) 
4 87 94 (2048 -2490 1784.290039 ) (2048 -2250 1784.290039 ) (2048 -2250 -120.286003 ) (2048 -2490 -120.286003 ) 
4 88 92 (2048 -2048 -48 ) (2048 -2048 1784.290039 ) (1024 -2048 1784.290039 ) (1024 -2048 -48 ) 
4 88 90 (1024 -1024 1784.290039 ) (1024 -1024 -48 ) (1024 -2048 -48 ) (1024 -2048 1784.290039 ) 
4 89 93 (2048 -2048 -120.286003 ) (2048 -2048 -64 ) (1024 -2048 -64 ) (1024 -2048 -120.286003 ) 
4 89 91 (1024 -1024 -64 ) (1024 -1024 -120.286003 ) (1024 -2048 -120.286003 ) (1024 -2048 -64 ) 
4 90 167 (0 -2048 -48 ) (0 -2048 1784.290039 ) (0 -1024 1784.290039 ) (0 -1024 -48 ) 
4 90 95 (1024 -2048 -48 ) (1024 -2048 1784.290039 ) (0 -2048 1784.290039 ) (0 -2048 -48 ) 
4 91 169 (0 -2048 -120.286003 ) (0 -2048 -64 ) (0 -1024 -64 ) (0 -1024 -120.286003 ) 
4 91 96 (1024 -2048 -120.286003 ) (1024 -2048 -64 ) (0 -2048 -64 ) (0 -2048 -120.286003 ) 
4 92 95 (1024 -2048 1784.290039 ) (1024 -2048 -48 ) (1024 -2250 -48 ) (1024 -2250 1784.290039 ) 
4 92 94 (2048 -2250 -48 ) (2048 -2250 1784.290039 ) (1024 -2250 1784.290039 ) (1024 -2250 -48 ) 
4 93 96 (1024 -2048 -64 ) (1024 -2048 -120.286003 ) (1024 -2250 -120.286003 ) (1024 -2250 -64 ) 
4 93 94 (1024 -2250 -120.286003 ) (2048 -2250 -120.286003 ) (2048 -2250 -64 ) (1024 -2250 -64 ) 
4 94 97 (1024 -2250 -120.286003 ) (1024 -2490 -120.286003 ) (1024 -2490 1784.290039 ) (1024 -2250 1784.290039 ) 
4 95 174 (0 -2048 1784.290039 ) (0 -2048 -48 ) (0 -2250 -48 ) (0 -2250 1784.290039 ) 
4 95 97 (1024 -2250 -48 ) (1024 -2250 1784.290039 ) (0 -2250 1784.290039 ) (0 -2250 -48 ) 
4 96 175 (0 -2048 -64 ) (0 -2048 -120.286003 ) (0 -2250 -120.286003 ) (0 -2250 -64 ) 
4 96 97 (0 -2250 -120.286003 ) (1024 -2250 -120.286003 ) (1024 -2250 -64 ) (0 -2250 -64 ) 
4 97 176 (0 -2250 -120.286003 ) (0 -2490 -120.286003 ) (0 -2490 1784.290039 ) (0 -2250 1784.290039 ) 
4 98 115 (-288 850 1784.290039 ) (-288 868 1784.290039 ) (-288 868 -44 ) (-288 850 -44 ) 
4 98 114 (-288 868 1784.290039 ) (-288 1024 1784.290039 ) (-288 1024 -44 ) (-288 868 -44 ) 
4 98 102 (-288 850 -44 ) (-288 1024 -44 ) (0 1024 -44 ) (0 850 -44 ) 
4 98 100 (-288 850 1702 ) (-288 850 -44 ) (0 850 -44 ) (0 850 1702 ) 
4 98 99 (-288 850 1784.290039 ) (-288 850 1702 ) (0 850 1702 ) (0 850 1784.290039 ) 
4 99 116 (-288 848 1784.290039 ) (-288 850 1784.290039 ) (-288 850 1702 ) (-288 848 1702 ) 
4 99 101 (-288 848 1784.290039 ) (-288 848 1702 ) (0 848 1702 ) (0 848 1784.290039 ) 
4 99 100 (0 848 1702 ) (-288 848 1702 ) (-288 850 1702 ) (0 850 1702 ) 
4 100 117 (-288 850 1702 ) (-288 850 -44 ) (-288 848 -44 ) (-288 848 1702 ) 
4 100 103 (-288 848 -44 ) (-288 850 -44 ) (0 850 -44 ) (0 848 -44 ) 
4 100 101 (-288 848 1702 ) (-288 848 -44 ) (0 848 -44 ) (0 848 1702 ) 
4 101 138 (0 0 -44 ) (0 0 1784.290039 ) (-288 0 1784.290039 ) (-288 0 -44 ) 
4 101 118 (-288 0 -44 ) (-288 0 1784.290039 ) (-288 848 1784.290039 ) (-288 848 -44 ) 
3 101 112 (-272 498 -44 ) (-276.133636 498.826752 -44 ) (-280.018890 504.014191 -44 ) 
3 101 111 (-272 830 -44 ) (-269.333252 832 -44 ) (-262 832 -44 ) 
3 101 110 (-288 514.670288 -44 ) (-288 522 -44 ) (-286 512 -44 ) 
3 101 109 (-280 824 -44 ) (-274 832 -44 ) (-269.333252 832 -44 ) 
3 101 108 (-262 496 -44 ) (-274.016479 496 -44 ) (-276.133636 498.826752 -44 ) 
3 101 107 (-288 806 -44 ) (-288 813.333313 -44 ) (-286 816 -44 ) 
3 101 106 (-288 496 -44 ) (-288 514.670288 -44 ) (-274.016479 496 -44 ) 
3 101 105 (-288 813.333313 -44 ) (-288 832 -44 ) (-274 832 -44 ) 
4 101 113 (-288 0 -44 ) (-288 496 -44 ) (0 496 -44 ) (0 0 -44 ) 
4 101 104 (-288 832 -44 ) (-288 848 -44 ) (0 848 -44 ) (0 832 -44 ) 
4 102 119 (-288 868 -48 ) (-288 850 -48 ) (-288 850 -46 ) (-288 868 -46 ) 
4 102 115 (-288 850 -46 ) (-288 850 -44 ) (-288 868 -44 ) (-288 868 -46 ) 
4 102 114 (-288 1024 -48 ) (-288 868 -48 ) (-288 868 -44 ) (-288 1024 -44 ) 
4 102 103 (0 850 -44 ) (-288 850 -44 ) (-288 850 -48 ) (0 850 -48 ) 
4 103 120 (-288 850 -48 ) (-288 848 -48 ) (-288 848 -46 ) (-288 850 -46 ) 
4 103 117 (-288 848 -46 ) (-288 848 -44 ) (-288 850 -44 ) (-288 850 -46 ) 
4 103 104 (0 848 -44 ) (-288 848 -44 ) (-288 848 -48 ) (0 848 -48 ) 
4 104 121 (-288 848 -48 ) (-288 832 -48 ) (-288 832 -46 ) (-288 848 -46 ) 
4 104 118 (-288 832 -46 ) (-288 832 -44 ) (-288 848 -44 ) (-288 848 -46 ) 
4 104 111 (-262 832 -44 ) (-269.333252 832 -44 ) (-269.333252 832 -48 ) (-262 832 -48 ) 
4 104 109 (-269.333252 832 -44 ) (-274 832 -44 ) (-274 832 -48 ) (-269.333252 832 -48 ) 
4 104 105 (-274 832 -44 ) (-288 832 -44 ) (-288 832 -48 ) (-274 832 -48 ) 
4 105 121 (-288 832 -48 ) (-288 813.333313 -48 ) (-288 813.333313 -46 ) (-288 832 -46 ) 
4 105 118 (-288 813.333313 -46 ) (-288 813.333313 -44 ) (-288 832 -44 ) (-288 832 -46 ) 
4 105 109 (-273.996094 832 -48 ) (-273.996094 832 -44 ) (-279.991180 824.006592 -44 ) (-279.991180 824.006592 -48 ) 
4 105 107 (-286.001434 815.992920 -44 ) (-288 813.328125 -44 ) (-288 813.328125 -48 ) (-286.001434 815.992920 -48 ) 
4 106 121 (-288 514.670288 -48 ) (-288 496 -48 ) (-288 496 -46 ) (-288 514.670288 -46 ) 
4 106 118 (-288 496 -46 ) (-288 496 -44 ) (-288 514.670288 -44 ) (-288 514.670288 -46 ) 
4 106 112 (-276.132111 498.826477 -48 ) (-280.015869 504.011902 -48 ) (-280.015869 504.011902 -44 ) (-276.132111 498.826477 -44 ) 
4 106 110 (-286 512.002380 -48 ) (-288 514.672058 -48 ) (-288 514.672058 -44 ) (-286 512.002380 -44 ) 
4 106 108 (-274.015167 496 -44 ) (-274.015167 496 -48 ) (-276.132111 498.826477 -48 ) (-276.132111 498.826477 -44 ) 
4 106 113 (-274.016479 496 -44 ) (-288 496 -44 ) (-288 496 -48 ) (-274.016479 496 -48 ) 
4 107 121 (-288 813.333313 -48 ) (-288 806 -48 ) (-288 806 -46 ) (-288 813.333313 -46 ) 
4 107 118 (-288 806 -46 ) (-288 806 -44 ) (-288 813.333313 -44 ) (-288 813.333313 -46 ) 
4 108 112 (-272 498 -48 ) (-276.133392 498.827148 -48 ) (-276.133392 498.827148 -44 ) (-272 498 -44 ) 
4 108 113 (-262 496 -44 ) (-274.016479 496 -44 ) (-274.016479 496 -48 ) (-262 496 -48 ) 
4 109 111 (-272 830 -48 ) (-269.333984 832 -48 ) (-269.333984 832 -44 ) (-272 830 -44 ) 
4 110 121 (-288 522 -48 ) (-288 514.670288 -48 ) (-288 514.670288 -46 ) (-288 522 -46 ) 
4 110 118 (-288 514.670288 -46 ) (-288 514.670288 -44 ) (-288 522 -44 ) (-288 522 -46 ) 
4 113 142 (0 0 -48 ) (0 0 -46 ) (-288 0 -46 ) (-288 0 -48 ) 
4 113 138 (0 0 -46 ) (0 0 -44 ) (-288 0 -44 ) (-288 0 -46 ) 
4 113 122 (-288 324 -48 ) (-288 0 -48 ) (-288 0 -46 ) (-288 324 -46 ) 
4 113 121 (-288 496 -48 ) (-288 324 -48 ) (-288 324 -46 ) (-288 496 -46 ) 
4 113 118 (-288 0 -46 ) (-288 0 -44 ) (-288 496 -44 ) (-288 496 -46 ) 
4 114 135 (-1024 1024 1784.290039 ) (-1024 1024 -48 ) (-1024 868 -48 ) (-1024 868 1784.290039 ) 
4 114 128 (-860 868 -48 ) (-836 868 -48 ) (-836 868 1702 ) (-860 868 1702 ) 
4 114 130 (-1024 868 -48 ) (-860 868 -48 ) (-860 868 1702 ) (-1024 868 1702 ) 
4 114 125 (-836 868 -48 ) (-732 868 -48 ) (-732 868 1702 ) (-836 868 1702 ) 
4 114 124 (-732 868 1702 ) (-732 868 1784.290039 ) (-1024 868 1784.290039 ) (-1024 868 1702 ) 
4 114 119 (-724 868 -48 ) (-288 868 -48 ) (-288 868 -46 ) (-724 868 -46 ) 
4 114 115 (-288 868 -46 ) (-288 868 1784.290039 ) (-732 868 1784.290039 ) (-732 868 -46 ) 
4 115 125 (-732 868 1702 ) (-732 868 -46 ) (-732 850 -46 ) (-732 850 1702 ) 
4 115 124 (-732 868 1784.290039 ) (-732 868 1702 ) (-732 850 1702 ) (-732 850 1784.290039 ) 
4 115 119 (-724 868 -46 ) (-288 868 -46 ) (-288 850 -46 ) (-724 850 -46 ) 
4 115 117 (-732 850 1702 ) (-732 850 -46 ) (-288 850 -46 ) (-288 850 1702 ) 
4 115 116 (-732 850 1784.290039 ) (-732 850 1702 ) (-288 850 1702 ) (-288 850 1784.290039 ) 
4 116 124 (-732 848 1702 ) (-732 848 1784.290039 ) (-732 850 1784.290039 ) (-732 850 1702 ) 
4 116 118 (-732 848 1784.290039 ) (-732 848 1702 ) (-288 848 1702 ) (-288 848 1784.290039 ) 
4 116 117 (-288 848 1702 ) (-732 848 1702 ) (-732 850 1702 ) (-288 850 1702 ) 
4 117 126 (-732 850 -46 ) (-732 848 -46 ) (-732 848 1702 ) (-732 850 1702 ) 
4 117 120 (-724 850 -46 ) (-288 850 -46 ) (-288 848 -46 ) (-724 848 -46 ) 
4 117 118 (-732 848 1702 ) (-732 848 -46 ) (-288 848 -46 ) (-288 848 1702 ) 
4 118 145 (-472 0 1784.290039 ) (-732 0 1784.290039 ) (-732 0 -46 ) (-472 0 -46 ) 
4 118 138 (-288 0 1784.290039 ) (-472 0 1784.290039 ) (-472 0 -46 ) (-288 0 -46 ) 
4 118 127 (-732 848 -46 ) (-732 0 -46 ) (-732 0 1702 ) (-732 848 1702 ) 
4 118 124 (-732 0 1702 ) (-732 0 1784.290039 ) (-732 848 1784.290039 ) (-732 848 1702 ) 
4 118 123 (-724 324 -46 ) (-472 324 -46 ) (-472 0 -46 ) (-724 0 -46 ) 
4 118 122 (-464 324 -46 ) (-288 324 -46 ) (-288 0 -46 ) (-464 0 -46 ) 
4 118 121 (-724 848 -46 ) (-288 848 -46 ) (-288 324 -46 ) (-724 324 -46 ) 
4 119 120 (-724 850 -46 ) (-724 850 -48 ) (-288 850 -48 ) (-288 850 -46 ) 
4 120 121 (-724 848 -46 ) (-724 848 -48 ) (-288 848 -48 ) (-288 848 -46 ) 
4 121 123 (-472 324 -46 ) (-724 324 -46 ) (-724 324 -48 ) (-472 324 -48 ) 
4 121 122 (-288 324 -48 ) (-288 324 -46 ) (-464 324 -46 ) (-464 324 -48 ) 
4 122 142 (-464 0 -48 ) (-288 0 -48 ) (-288 0 -46 ) (-464 0 -46 ) 
4 123 149 (-724 0 -48 ) (-472 0 -48 ) (-472 0 -46 ) (-724 0 -46 ) 
4 124 156 (-858 0 1784.290039 ) (-860 0 1784.290039 ) (-860 0 1702 ) (-858 0 1702 ) 
4 124 159 (-860 0 1784.290039 ) (-1024 0 1784.290039 ) (-1024 0 1702 ) (-860 0 1702 ) 
4 124 152 (-732 0 1784.290039 ) (-858 0 1784.290039 ) (-858 0 1702 ) (-732 0 1702 ) 
4 124 135 (-1024 0 1702 ) (-1024 0 1784.290039 ) (-1024 868 1784.290039 ) (-1024 868 1702 ) 
4 124 132 (-860 624 1702 ) (-858 624 1702 ) (-858 0 1702 ) (-860 0 1702 ) 
4 124 131 (-858 624 1702 ) (-836 624 1702 ) (-836 0 1702 ) (-858 0 1702 ) 
4 124 133 (-1024 0 1702 ) (-1024 624 1702 ) (-860 624 1702 ) (-860 0 1702 ) 
4 124 129 (-836 858 1702 ) (-836 624 1702 ) (-860 624 1702 ) (-860 858 1702 ) 
4 124 128 (-860 868 1702 ) (-836 868 1702 ) (-836 858 1702 ) (-860 858 1702 ) 
4 124 130 (-1024 624 1702 ) (-1024 868 1702 ) (-860 868 1702 ) (-860 624 1702 ) 
4 124 126 (-732 850 1702 ) (-732 848 1702 ) (-836 848 1702 ) (-836 850 1702 ) 
4 124 125 (-836 868 1702 ) (-732 868 1702 ) (-732 850 1702 ) (-836 850 1702 ) 
4 124 127 (-732 848 1702 ) (-732 0 1702 ) (-836 0 1702 ) (-836 848 1702 ) 
4 125 129 (-836 850 1702 ) (-836 858 1702 ) (-836 858 -48 ) (-836 850 -48 ) 
4 125 128 (-836 858 1702 ) (-836 868 1702 ) (-836 868 -48 ) (-836 858 -48 ) 
4 125 126 (-836 850 1702 ) (-836 850 -48 ) (-732 850 -48 ) (-732 850 1702 ) 
4 126 129 (-836 848 1702 ) (-836 850 1702 ) (-836 850 -48 ) (-836 848 -48 ) 
4 126 127 (-836 848 1702 ) (-836 848 -48 ) (-732 848 -48 ) (-732 848 1702 ) 
4 127 152 (-836 0 -48 ) (-732 0 -48 ) (-732 0 1702 ) (-836 0 1702 ) 
4 127 131 (-836 0 1702 ) (-836 624 1702 ) (-836 624 -48 ) (-836 0 -48 ) 
4 127 129 (-836 624 1702 ) (-836 848 1702 ) (-836 848 -48 ) (-836 624 -48 ) 
4 128 130 (-860 858 1702 ) (-860 868 1702 ) (-860 868 -48 ) (-860 858 -48 ) 
4 128 129 (-860 858 1702 ) (-860 858 -48 ) (-836 858 -48 ) (-836 858 1702 ) 
4 129 132 (-860 624 -48 ) (-858 624 -48 ) (-858 624 1702 ) (-860 624 1702 ) 
4 129 131 (-858 624 -48 ) (-836 624 -48 ) (-836 624 1702 ) (-858 624 1702 ) 
4 129 130 (-860 624 -48 ) (-860 624 1702 ) (-860 858 1702 ) (-860 858 -48 ) 
4 130 135 (-1024 868 -48 ) (-1024 624 -48 ) (-1024 624 1702 ) (-1024 868 1702 ) 
4 130 133 (-1024 624 -48 ) (-860 624 -48 ) (-860 624 1702 ) (-1024 624 1702 ) 
4 131 152 (-858 0 -48 ) (-836 0 -48 ) (-836 0 1702 ) (-858 0 1702 ) 
4 131 132 (-858 624 1702 ) (-858 624 -48 ) (-858 0 -48 ) (-858 0 1702 ) 
4 132 157 (-860 0 -48 ) (-858 0 -48 ) (-858 0 1702 ) (-860 0 1702 ) 
4 132 133 (-860 624 1702 ) (-860 624 -48 ) (-860 0 -48 ) (-860 0 1702 ) 
4 133 159 (-1024 0 1702 ) (-1024 0 -48 ) (-860 0 -48 ) (-860 0 1702 ) 
4 133 135 (-1024 624 -48 ) (-1024 0 -48 ) (-1024 0 1702 ) (-1024 624 1702 ) 
4 134 161 (0 0 -120.286003 ) (0 0 -64 ) (-1024 0 -64 ) (-1024 0 -120.286003 ) 
4 134 137 (-1024 1024 -64 ) (-1024 1024 -120.286003 ) (-1024 0 -120.286003 ) (-1024 0 -64 ) 
4 135 162 (-1024 0 -48 ) (-1024 0 1784.290039 ) (-1516 0 1784.290039 ) (-1516 0 -48 ) 
4 135 136 (-1516 0 -48 ) (-1516 0 1784.290039 ) (-1516 1024 1784.290039 ) (-1516 1024 -48 ) 
4 136 165 (-2048 1024 1784.290039 ) (-2048 1024 -64 ) (-2048 0 -64 ) (-2048 0 1784.290039 ) 
4 136 163 (-1516 0 1784.290039 ) (-2048 0 1784.290039 ) (-2048 0 -64 ) (-1516 0 -64 ) 
4 136 137 (-2048 1024 -64 ) (-1516 1024 -64 ) (-1516 0 -64 ) (-2048 0 -64 ) 
4 137 165 (-2048 1024 -64 ) (-2048 1024 -120.286003 ) (-2048 0 -120.286003 ) (-2048 0 -64 ) 
4 137 164 (-1024 0 -120.286003 ) (-1024 0 -64 ) (-2048 0 -64 ) (-2048 0 -120.286003 ) 
4 138 145 (-472 -728 1784.290039 ) (-472 0 1784.290039 ) (-472 0 -46 ) (-472 -728 -46 ) 
4 138 142 (-464 0 -46 ) (0 0 -46 ) (0 -728 -46 ) (-464 -728 -46 ) 
4 138 140 (-472 -728 1702 ) (-472 -728 -46 ) (0 -728 -46 ) (0 -728 1702 ) 
4 138 139 (-472 -728 1784.290039 ) (-472 -728 1702 ) (0 -728 1702 ) (0 -728 1784.290039 ) 
4 139 146 (-472 -730 1784.290039 ) (-472 -728 1784.290039 ) (-472 -728 1702 ) (-472 -730 1702 ) 
4 139 141 (-472 -730 1784.290039 ) (-472 -730 1702 ) (0 -730 1702 ) (0 -730 1784.290039 ) 
4 139 140 (0 -730 1702 ) (-472 -730 1702 ) (-472 -728 1702 ) (0 -728 1702 ) 
4 140 147 (-472 -728 1702 ) (-472 -728 -46 ) (-472 -730 -46 ) (-472 -730 1702 ) 
4 140 143 (-464 -728 -46 ) (0 -728 -46 ) (0 -730 -46 ) (-464 -730 -46 ) 
4 140 141 (-472 -730 1702 ) (-472 -730 -46 ) (0 -730 -46 ) (0 -730 1702 ) 
4 141 148 (-472 -736 -46 ) (-472 -736 1784.290039 ) (-472 -730 1784.290039 ) (-472 -730 -46 ) 
4 141 144 (0 -736 -46 ) (-464 -736 -46 ) (-464 -730 -46 ) (0 -730 -46 ) 
4 141 160 (0 -736 -46 ) (0 -736 1784.290039 ) (-472 -736 1784.290039 ) (-472 -736 -46 ) 
4 142 143 (-464 -728 -46 ) (-464 -728 -48 ) (0 -728 -48 ) (0 -728 -46 ) 
4 143 144 (-464 -730 -46 ) (-464 -730 -48 ) (0 -730 -48 ) (0 -730 -46 ) 
4 144 160 (-464 -736 -48 ) (0 -736 -48 ) (0 -736 -46 ) (-464 -736 -46 ) 
4 145 152 (-732 -728 1784.290039 ) (-732 0 1784.290039 ) (-732 0 -46 ) (-732 -728 -46 ) 
4 145 149 (-724 0 -46 ) (-472 0 -46 ) (-472 -728 -46 ) (-724 -728 -46 ) 
4 145 147 (-732 -728 1702 ) (-732 -728 -46 ) (-472 -728 -46 ) (-472 -728 1702 ) 
4 145 146 (-732 -728 1784.290039 ) (-732 -728 1702 ) (-472 -728 1702 ) (-472 -728 1784.290039 ) 
4 146 153 (-732 -730 1784.290039 ) (-732 -728 1784.290039 ) (-732 -728 1702 ) (-732 -730 1702 ) 
4 146 148 (-732 -730 1784.290039 ) (-732 -730 1702 ) (-472 -730 1702 ) (-472 -730 1784.290039 ) 
4 146 147 (-472 -730 1702 ) (-732 -730 1702 ) (-732 -728 1702 ) (-472 -728 1702 ) 
4 147 154 (-732 -728 1702 ) (-732 -728 -46 ) (-732 -730 -46 ) (-732 -730 1702 ) 
4 147 150 (-724 -728 -46 ) (-472 -728 -46 ) (-472 -730 -46 ) (-724 -730 -46 ) 
4 147 148 (-732 -730 1702 ) (-732 -730 -46 ) (-472 -730 -46 ) (-472 -730 1702 ) 
4 148 155 (-732 -736 -46 ) (-732 -736 1784.290039 ) (-732 -730 1784.290039 ) (-732 -730 -46 ) 
4 148 151 (-724 -730 -46 ) (-472 -730 -46 ) (-472 -736 -46 ) (-724 -736 -46 ) 
4 148 160 (-472 -736 -46 ) (-472 -736 1784.290039 ) (-732 -736 1784.290039 ) (-732 -736 -46 ) 
4 149 150 (-724 -728 -46 ) (-724 -728 -48 ) (-472 -728 -48 ) (-472 -728 -46 ) 
4 150 151 (-724 -730 -46 ) (-724 -730 -48 ) (-472 -730 -48 ) (-472 -730 -46 ) 
4 151 160 (-724 -736 -48 ) (-472 -736 -48 ) (-472 -736 -46 ) (-724 -736 -46 ) 
4 152 157 (-858 0 -48 ) (-858 -728 -48 ) (-858 -728 1702 ) (-858 0 1702 ) 
4 152 156 (-858 -728 1702 ) (-858 -728 1784.290039 ) (-858 0 1784.290039 ) (-858 0 1702 ) 
4 152 154 (-858 -728 1702 ) (-858 -728 -48 ) (-732 -728 -48 ) (-732 -728 1702 ) 
4 152 153 (-858 -728 1784.290039 ) (-858 -728 1702 ) (-732 -728 1702 ) (-732 -728 1784.290039 ) 
4 153 156 (-858 -730 1702 ) (-858 -730 1784.290039 ) (-858 -728 1784.290039 ) (-858 -728 1702 ) 
4 153 155 (-858 -730 1784.290039 ) (-858 -730 1702 ) (-732 -730 1702 ) (-732 -730 1784.290039 ) 
4 153 154 (-732 -730 1702 ) (-858 -730 1702 ) (-858 -728 1702 ) (-732 -728 1702 ) 
4 154 157 (-858 -728 -48 ) (-858 -730 -48 ) (-858 -730 1702 ) (-858 -728 1702 ) 
4 154 155 (-858 -730 1702 ) (-858 -730 -48 ) (-732 -730 -48 ) (-732 -730 1702 ) 
4 155 158 (-858 -730 -48 ) (-858 -736 -48 ) (-858 -736 1784.290039 ) (-858 -730 1784.290039 ) 
4 155 160 (-858 -736 -48 ) (-732 -736 -48 ) (-732 -736 1784.290039 ) (-858 -736 1784.290039 ) 
4 156 158 (-860 -730 1784.290039 ) (-860 -730 1702 ) (-858 -730 1702 ) (-858 -730 1784.290039 ) 
4 156 159 (-860 -730 1702 ) (-860 -730 1784.290039 ) (-860 0 1784.290039 ) (-860 0 1702 ) 
4 156 157 (-858 -730 1702 ) (-860 -730 1702 ) (-860 0 1702 ) (-858 0 1702 ) 
4 157 158 (-860 -730 1702 ) (-860 -730 -48 ) (-858 -730 -48 ) (-858 -730 1702 ) 
4 157 159 (-860 0 -48 ) (-860 -730 -48 ) (-860 -730 1702 ) (-860 0 1702 ) 
4 158 159 (-860 -730 -48 ) (-860 -736 -48 ) (-860 -736 1784.290039 ) (-860 -730 1784.290039 ) 
4 158 160 (-860 -736 -48 ) (-858 -736 -48 ) (-858 -736 1784.290039 ) (-860 -736 1784.290039 ) 
4 159 162 (-1024 0 1784.290039 ) (-1024 0 -48 ) (-1024 -736 -48 ) (-1024 -736 1784.290039 ) 
4 159 160 (-1024 -736 -48 ) (-860 -736 -48 ) (-860 -736 1784.290039 ) (-1024 -736 1784.290039 ) 
4 160 167 (0 -1024 -48 ) (0 -1024 1784.290039 ) (-1024 -1024 1784.290039 ) (-1024 -1024 -48 ) 
4 160 162 (-1024 -736 -48 ) (-1024 -1024 -48 ) (-1024 -1024 1784.290039 ) (-1024 -736 1784.290039 ) 
4 161 169 (0 -1024 -120.286003 ) (0 -1024 -64 ) (-1024 -1024 -64 ) (-1024 -1024 -120.286003 ) 
4 161 164 (-1024 0 -64 ) (-1024 0 -120.286003 ) (-1024 -1024 -120.286003 ) (-1024 -1024 -64 ) 
4 162 170 (-1024 -1024 -48 ) (-1024 -1024 1784.290039 ) (-1516 -1024 1784.290039 ) (-1516 -1024 -48 ) 
4 162 163 (-1516 -1024 -48 ) (-1516 -1024 1784.290039 ) (-1516 0 1784.290039 ) (-1516 0 -48 ) 
4 163 172 (-1516 -1024 1784.290039 ) (-2048 -1024 1784.290039 ) (-2048 -1024 -64 ) (-1516 -1024 -64 ) 
4 163 166 (-2048 -1024 -64 ) (-2048 -1024 1784.290039 ) (-2048 0 1784.290039 ) (-2048 0 -64 ) 
4 163 164 (-1516 -1024 -64 ) (-2048 -1024 -64 ) (-2048 0 -64 ) (-1516 0 -64 ) 
4 164 173 (-1024 -1024 -120.286003 ) (-1024 -1024 -64 ) (-2048 -1024 -64 ) (-2048 -1024 -120.286003 ) 
4 164 166 (-2048 -1024 -120.286003 ) (-2048 -1024 -64 ) (-2048 0 -64 ) (-2048 0 -120.286003 ) 
4 165 166 (-2048 0 -120.286003 ) (-2048 0 1784.290039 ) (-2554 0 1784.290039 ) (-2554 0 -120.286003 ) 
4 166 179 (-2048 -1024 -120.286003 ) (-2048 -1024 1784.290039 ) (-2554 -1024 1784.290039 ) (-2554 -1024 -120.286003 ) 
4 167 174 (0 -2048 -48 ) (0 -2048 1784.290039 ) (-468 -2048 1784.290039 ) (-468 -2048 -48 ) 
4 167 177 (-468 -2048 1784.290039 ) (-1024 -2048 1784.290039 ) (-1024 -2048 -48 ) (-468 -2048 -48 ) 
4 167 170 (-1024 -1024 1784.290039 ) (-1024 -1024 -48 ) (-1024 -1472 -48 ) (-1024 -1472 1784.290039 ) 
4 167 171 (-1024 -1472 -48 ) (-1024 -2048 -48 ) (-1024 -2048 1784.290039 ) (-1024 -1472 1784.290039 ) 
4 167 168 (-1024 -2048 -48 ) (-1024 -1472 -48 ) (-468 -1472 -48 ) (-468 -2048 -48 ) 
4 168 177 (-468 -2048 -48 ) (-1024 -2048 -48 ) (-1024 -2048 -64 ) (-468 -2048 -64 ) 
4 168 171 (-1024 -1472 -64 ) (-1024 -2048 -64 ) (-1024 -2048 -48 ) (-1024 -1472 -48 ) 
4 168 169 (-468 -2048 -64 ) (-1024 -2048 -64 ) (-1024 -1472 -64 ) (-468 -1472 -64 ) 
4 169 175 (0 -2048 -120.286003 ) (0 -2048 -64 ) (-468 -2048 -64 ) (-468 -2048 -120.286003 ) 
4 169 177 (-468 -2048 -64 ) (-1024 -2048 -64 ) (-1024 -2048 -120.286003 ) (-468 -2048 -120.286003 ) 
4 169 173 (-1024 -1024 -64 ) (-1024 -1024 -120.286003 ) (-1024 -2048 -120.286003 ) (-1024 -2048 -64 ) 
4 170 171 (-1516 -1472 1784.290039 ) (-1516 -1472 -48 ) (-1024 -1472 -48 ) (-1024 -1472 1784.290039 ) 
4 170 172 (-1516 -1472 -48 ) (-1516 -1472 1784.290039 ) (-1516 -1024 1784.290039 ) (-1516 -1024 -48 ) 
4 171 178 (-1024 -2048 -64 ) (-1024 -2048 1784.290039 ) (-1516 -2048 1784.290039 ) (-1516 -2048 -64 ) 
4 171 173 (-1024 -1472 -64 ) (-1024 -2048 -64 ) (-1516 -2048 -64 ) (-1516 -1472 -64 ) 
4 171 172 (-1516 -1472 -64 ) (-1516 -2048 -64 ) (-1516 -2048 1784.290039 ) (-1516 -1472 1784.290039 ) 
4 172 179 (-2048 -1024 1784.290039 ) (-2048 -1024 -64 ) (-2048 -2048 -64 ) (-2048 -2048 1784.290039 ) 
4 172 178 (-1516 -2048 1784.290039 ) (-2048 -2048 1784.290039 ) (-2048 -2048 -64 ) (-1516 -2048 -64 ) 
4 172 173 (-2048 -1024 -64 ) (-1516 -1024 -64 ) (-1516 -2048 -64 ) (-2048 -2048 -64 ) 
4 173 179 (-2048 -1024 -64 ) (-2048 -1024 -120.286003 ) (-2048 -2048 -120.286003 ) (-2048 -2048 -64 ) 
4 173 178 (-1024 -2048 -120.286003 ) (-1024 -2048 -64 ) (-2048 -2048 -64 ) (-2048 -2048 -120.286003 ) 
4 174 177 (-468 -2250 -48 ) (-468 -2250 1784.290039 ) (-468 -2048 1784.290039 ) (-468 -2048 -48 ) 
4 174 176 (-468 -2250 1784.290039 ) (-468 -2250 -48 ) (0 -2250 -48 ) (0 -2250 1784.290039 ) 
4 175 176 (-468 -2250 -64 ) (-468 -2250 -120.286003 ) (0 -2250 -120.286003 ) (0 -2250 -64 ) 
4 175 177 (-468 -2048 -120.286003 ) (-468 -2250 -120.286003 ) (-468 -2250 -64 ) (-468 -2048 -64 ) 
4 176 177 (-468 -2250 -120.286003 ) (-468 -2490 -120.286003 ) (-468 -2490 1784.290039 ) (-468 -2250 1784.290039 ) 
4 177 178 (-1024 -2048 1784.290039 ) (-1024 -2048 -120.286003 ) (-1024 -2490 -120.286003 ) (-1024 -2490 1784.290039 ) 
4 178 180 (-2048 -2048 1784.290039 ) (-2048 -2048 -120.286003 ) (-2048 -2490 -120.286003 ) (-2048 -2490 1784.290039 ) 
4 179 180 (-2048 -2048 -120.286003 ) (-2048 -2048 1784.290039 ) (-2554 -2048 1784.290039 ) (-2554 -2048 -120.286003 ) 
