PRT1
353
1036
4 0 2 (1184 1024 0 ) (1184 1024 1536 ) (1024 1024 1536 ) (1024 1024 0 ) 
4 0 1 (1024 1024 0 ) (1024 1024 1536 ) (1024 1232 1536 ) (1024 1232 0 ) 
4 1 23 (0 1024 0 ) (0 1024 272 ) (0 1232 272 ) (0 1232 0 ) 
4 1 19 (0 1024 272 ) (0 1024 480 ) (0 1232 480 ) (0 1232 272 ) 
4 1 18 (0 1024 480 ) (0 1024 1536 ) (0 1232 1536 ) (0 1232 480 ) 
4 1 3 (0 1024 1536 ) (0 1024 0 ) (1024 1024 0 ) (1024 1024 1536 ) 
4 2 6 (1024 0 1536 ) (1024 0 0 ) (1184 0 0 ) (1184 0 1536 ) 
4 2 3 (1024 1024 1536 ) (1024 1024 0 ) (1024 0 0 ) (1024 0 1536 ) 
4 3 25 (0 0 0 ) (0 0 1536 ) (0 1024 1536 ) (0 1024 0 ) 
4 3 9 (384 0 48 ) (0 0 48 ) (0 0 0 ) (384 0 0 ) 
4 3 8 (1024 0 0 ) (1024 0 48 ) (384 0 48 ) (384 0 0 ) 
4 3 7 (1024 0 48 ) (1024 0 1536 ) (0 0 1536 ) (0 0 48 ) 
4 4 5 (2048 -512 736 ) (2048 -512 864 ) (2048 -256 864 ) (2048 -256 736 ) 
4 6 11 (1024 -1024 1536 ) (1024 -1024 0 ) (1184 -1024 0 ) (1184 -1024 1536 ) 
4 6 8 (1024 -1024 0 ) (1024 -1024 48 ) (1024 0 48 ) (1024 0 0 ) 
4 6 7 (1024 -1024 48 ) (1024 -1024 1536 ) (1024 0 1536 ) (1024 0 48 ) 
4 7 121 (0 -1024 48 ) (0 -1024 64 ) (0 -16 64 ) (0 -16 48 ) 
4 7 120 (0 -16 64 ) (0 0 64 ) (0 0 48 ) (0 -16 48 ) 
4 7 69 (0 -1024 64 ) (0 -1024 224 ) (0 0 224 ) (0 0 64 ) 
4 7 54 (0 -1024 224 ) (0 -1024 240 ) (0 -128 240 ) (0 -128 224 ) 
4 7 49 (0 -128 240 ) (0 0 240 ) (0 0 224 ) (0 -128 224 ) 
4 7 33 (0 -1024 240 ) (0 -1024 400 ) (0 -144 400 ) (0 -144 240 ) 
4 7 31 (0 -144 400 ) (0 -128 400 ) (0 -128 240 ) (0 -144 240 ) 
4 7 30 (0 -128 400 ) (0 0 400 ) (0 0 240 ) (0 -128 240 ) 
4 7 29 (0 -1024 400 ) (0 -1024 1536 ) (0 0 1536 ) (0 0 400 ) 
4 7 12 (0 -1024 1536 ) (0 -1024 48 ) (1024 -1024 48 ) (1024 -1024 1536 ) 
4 7 10 (384 -688 48 ) (384 -1024 48 ) (0 -1024 48 ) (0 -688 48 ) 
4 7 9 (0 0 48 ) (384 0 48 ) (384 -688 48 ) (0 -688 48 ) 
4 7 8 (384 0 48 ) (1024 0 48 ) (1024 -1024 48 ) (384 -1024 48 ) 
4 8 13 (384 -1024 0 ) (1024 -1024 0 ) (1024 -1024 48 ) (384 -1024 48 ) 
4 8 10 (384 -688 0 ) (384 -1024 0 ) (384 -1024 48 ) (384 -688 48 ) 
4 8 9 (384 0 0 ) (384 -688 0 ) (384 -688 48 ) (384 0 48 ) 
4 9 123 (0 -688 48 ) (0 -16 48 ) (0 -16 0 ) (0 -688 0 ) 
4 9 122 (0 -16 48 ) (0 0 48 ) (0 0 0 ) (0 -16 0 ) 
4 9 10 (0 -688 0 ) (384 -688 0 ) (384 -688 48 ) (0 -688 48 ) 
4 10 124 (0 -1024 0 ) (0 -1024 48 ) (0 -688 48 ) (0 -688 0 ) 
4 10 14 (0 -1024 48 ) (0 -1024 0 ) (384 -1024 0 ) (384 -1024 48 ) 
4 11 16 (1024 -2048 1536 ) (1024 -2048 0 ) (1184 -2048 0 ) (1184 -2048 1536 ) 
4 11 13 (1024 -1024 48 ) (1024 -1024 0 ) (1024 -2048 0 ) (1024 -2048 48 ) 
4 11 12 (1024 -1024 1536 ) (1024 -1024 48 ) (1024 -2048 48 ) (1024 -2048 1536 ) 
4 12 276 (0 -2048 48 ) (0 -2048 64 ) (0 -1152 64 ) (0 -1152 48 ) 
4 12 275 (0 -1136 59.171001 ) (0 -1136 48 ) (0 -1152 48 ) (0 -1152 59.171001 ) 
4 12 273 (0 -1152 64 ) (0 -1136 64 ) (0 -1136 59.171001 ) (0 -1152 59.171001 ) 
4 12 272 (0 -1136 64 ) (0 -1024 64 ) (0 -1024 48 ) (0 -1136 48 ) 
4 12 249 (0 -2048 64 ) (0 -2048 224 ) (0 -1408 224 ) (0 -1408 64 ) 
4 12 244 (0 -1408 224 ) (0 -1152 224 ) (0 -1152 64 ) (0 -1408 64 ) 
4 12 241 (0 -1152 224 ) (0 -1136 224 ) (0 -1136 64 ) (0 -1152 64 ) 
4 12 236 (0 -1136 224 ) (0 -1056 224 ) (0 -1056 64 ) (0 -1136 64 ) 
4 12 234 (0 -1056 224 ) (0 -1040 224 ) (0 -1040 64 ) (0 -1056 64 ) 
4 12 232 (0 -1040 224 ) (0 -1024 224 ) (0 -1024 64 ) (0 -1040 64 ) 
4 12 208 (0 -2048 224 ) (0 -2048 400 ) (0 -1408 400 ) (0 -1408 224 ) 
4 12 207 (0 -1408 400 ) (0 -1392 400 ) (0 -1392 224 ) (0 -1408 224 ) 
4 12 206 (0 -2048 400 ) (0 -2048 1536 ) (0 -1392 1536 ) (0 -1392 400 ) 
4 12 203 (0 -1056 224 ) (0 -1392 224 ) (0 -1392 240 ) (0 -1056 240 ) 
4 12 202 (0 -1024 240 ) (0 -1024 224 ) (0 -1056 224 ) (0 -1056 240 ) 
4 12 175 (0 -1136 400 ) (0 -1136 240 ) (0 -1392 240 ) (0 -1392 400 ) 
4 12 174 (0 -1392 1536 ) (0 -1136 1536 ) (0 -1136 400 ) (0 -1392 400 ) 
4 12 165 (0 -1024 400 ) (0 -1024 240 ) (0 -1136 240 ) (0 -1136 400 ) 
4 12 164 (0 -1136 1536 ) (0 -1024 1536 ) (0 -1024 400 ) (0 -1136 400 ) 
4 12 17 (0 -2048 1536 ) (0 -2048 48 ) (1024 -2048 48 ) (1024 -2048 1536 ) 
4 12 15 (384 -2048 48 ) (0 -2048 48 ) (0 -1488 48 ) (384 -1488 48 ) 
4 12 14 (0 -1488 48 ) (0 -1024 48 ) (384 -1024 48 ) (384 -1488 48 ) 
4 12 13 (1024 -1024 48 ) (1024 -2048 48 ) (384 -2048 48 ) (384 -1024 48 ) 
4 13 17 (384 -2048 0 ) (1024 -2048 0 ) (1024 -2048 48 ) (384 -2048 48 ) 
4 13 15 (384 -1488 0 ) (384 -2048 0 ) (384 -2048 48 ) (384 -1488 48 ) 
4 13 14 (384 -1024 0 ) (384 -1488 0 ) (384 -1488 48 ) (384 -1024 48 ) 
4 14 278 (0 -1488 48 ) (0 -1024 48 ) (0 -1024 0 ) (0 -1488 0 ) 
4 14 15 (0 -1488 0 ) (384 -1488 0 ) (384 -1488 48 ) (0 -1488 48 ) 
4 15 279 (0 -2048 0 ) (0 -2048 48 ) (0 -1488 48 ) (0 -1488 0 ) 
4 15 17 (0 -2048 48 ) (0 -2048 0 ) (384 -2048 0 ) (384 -2048 48 ) 
4 16 17 (1024 -2048 1536 ) (1024 -2048 0 ) (1024 -2272 0 ) (1024 -2272 1536 ) 
4 17 347 (0 -2272 0 ) (0 -2272 64 ) (0 -2048 64 ) (0 -2048 0 ) 
4 17 346 (0 -2272 64 ) (0 -2272 1536 ) (0 -2112 1536 ) (0 -2112 64 ) 
4 17 339 (0 -2048 400 ) (0 -2048 64 ) (0 -2112 64 ) (0 -2112 400 ) 
4 17 338 (0 -2112 1536 ) (0 -2048 1536 ) (0 -2048 400 ) (0 -2112 400 ) 
4 18 25 (0 1024 480 ) (0 1024 1536 ) (-1024 1024 1536 ) (-1024 1024 480 ) 
4 18 24 (-1024 1232 480 ) (-1024 1024 480 ) (-1024 1024 1536 ) (-1024 1232 1536 ) 
4 18 22 (-1024 1024 480 ) (-1024 1232 480 ) (-496 1232 480 ) (-496 1024 480 ) 
4 18 21 (-496 1232 480 ) (-176 1232 480 ) (-176 1024 480 ) (-496 1024 480 ) 
4 18 19 (-176 1232 480 ) (0 1232 480 ) (0 1024 480 ) (-176 1024 480 ) 
4 19 25 (0 1024 272 ) (0 1024 480 ) (-176 1024 480 ) (-176 1024 272 ) 
4 19 23 (0 1024 272 ) (-176 1024 272 ) (-176 1232 272 ) (0 1232 272 ) 
4 19 21 (-176 1232 272 ) (-176 1024 272 ) (-176 1024 480 ) (-176 1232 480 ) 
4 21 25 (-176 1024 480 ) (-496 1024 480 ) (-496 1024 272 ) (-176 1024 272 ) 
4 21 23 (-176 1024 272 ) (-496 1024 272 ) (-496 1232 272 ) (-176 1232 272 ) 
4 21 22 (-496 1232 272 ) (-496 1024 272 ) (-496 1024 480 ) (-496 1232 480 ) 
4 22 25 (-496 1024 480 ) (-1024 1024 480 ) (-1024 1024 272 ) (-496 1024 272 ) 
4 22 24 (-1024 1232 272 ) (-1024 1024 272 ) (-1024 1024 480 ) (-1024 1232 480 ) 
4 22 23 (-496 1024 272 ) (-1024 1024 272 ) (-1024 1232 272 ) (-496 1232 272 ) 
4 23 25 (0 1024 0 ) (0 1024 272 ) (-1024 1024 272 ) (-1024 1024 0 ) 
4 23 24 (-1024 1024 0 ) (-1024 1024 272 ) (-1024 1232 272 ) (-1024 1232 0 ) 
4 24 27 (-2048 1024 0 ) (-2048 1024 1536 ) (-2048 1232 1536 ) (-2048 1232 0 ) 
4 24 26 (-2048 1024 1536 ) (-2048 1024 0 ) (-1024 1024 0 ) (-1024 1024 1536 ) 
4 25 122 (0 0 0 ) (0 0 48 ) (-1024 0 48 ) (-1024 0 0 ) 
4 25 120 (0 0 48 ) (0 0 64 ) (-1024 0 64 ) (-1024 0 48 ) 
4 25 104 (-1008 0 224 ) (-1024 0 224 ) (-1024 0 64 ) (-1008 0 64 ) 
4 25 102 (-848 0 224 ) (-1008 0 224 ) (-1008 0 64 ) (-848 0 64 ) 
4 25 100 (-848 0 80 ) (-848 0 64 ) (-832 0 64 ) (-832 0 80 ) 
4 25 96 (-832 0 224 ) (-848 0 224 ) (-848 0 80 ) (-832 0 80 ) 
4 25 79 (-368 0 224 ) (-448 0 224 ) (-448 0 64 ) (-368 0 64 ) 
4 25 78 (-352 0 224 ) (-368 0 224 ) (-368 0 64 ) (-352 0 64 ) 
4 25 81 (-448 0 224 ) (-832 0 224 ) (-832 0 64 ) (-448 0 64 ) 
4 25 75 (-352 0 115.585999 ) (-352 0 64 ) (-336 0 64 ) (-336 0 115.585999 ) 
4 25 73 (-336 0 224 ) (-352 0 224 ) (-352 0 115.585999 ) (-336 0 115.585999 ) 
4 25 70 (-272 0 224 ) (-336 0 224 ) (-336 0 64 ) (-272 0 64 ) 
4 25 69 (0 0 64 ) (0 0 224 ) (-272 0 224 ) (-272 0 64 ) 
4 25 65 (-1024 0 240 ) (-1024 0 224 ) (-848 0 224 ) (-848 0 240 ) 
4 25 61 (-1024 0 274 ) (-1024 0 240 ) (-848 0 240 ) (-848 0 274 ) 
4 25 59 (-1024 0 276 ) (-1024 0 274 ) (-848 0 274 ) (-848 0 276 ) 
4 25 58 (-848 0 1536 ) (-1024 0 1536 ) (-1024 0 276 ) (-848 0 276 ) 
4 25 57 (-832 0 240 ) (-848 0 240 ) (-848 0 224 ) (-832 0 224 ) 
4 25 55 (-704 0 240 ) (-832 0 240 ) (-832 0 224 ) (-704 0 224 ) 
4 25 49 (0 0 224 ) (0 0 240 ) (-704 0 240 ) (-704 0 224 ) 
4 25 46 (-832 0 400 ) (-848 0 400 ) (-848 0 240 ) (-832 0 240 ) 
4 25 30 (0 0 240 ) (0 0 400 ) (-832 0 400 ) (-832 0 240 ) 
4 25 29 (0 0 400 ) (0 0 1536 ) (-848 0 1536 ) (-848 0 400 ) 
4 25 26 (-1024 1024 1536 ) (-1024 1024 0 ) (-1024 0 0 ) (-1024 0 1536 ) 
4 26 161 (-1328 0 0 ) (-1312 0 0 ) (-1312 0 208 ) (-1328 0 208 ) 
4 26 163 (-2048 0 208 ) (-2048 0 0 ) (-1328 0 0 ) (-1328 0 208 ) 
4 26 159 (-1328 0 208 ) (-1312 0 208 ) (-1312 0 384 ) (-1328 0 384 ) 
4 26 160 (-2048 0 384 ) (-2048 0 208 ) (-1328 0 208 ) (-1328 0 384 ) 
4 26 156 (-1312 0 1536 ) (-1328 0 1536 ) (-1328 0 384 ) (-1312 0 384 ) 
4 26 158 (-1328 0 1536 ) (-2048 0 1536 ) (-2048 0 384 ) (-1328 0 384 ) 
4 26 155 (-1312 0 48 ) (-1312 0 0 ) (-1104 0 0 ) (-1104 0 48 ) 
4 26 154 (-1312 0 80 ) (-1312 0 48 ) (-1104 0 48 ) (-1104 0 80 ) 
4 26 149 (-1312 0 352 ) (-1312 0 80 ) (-1120 0 80 ) (-1120 0 352 ) 
4 26 145 (-1120 0 80 ) (-1104 0 80 ) (-1104 0 352 ) (-1120 0 352 ) 
4 26 143 (-1312 0 384 ) (-1312 0 352 ) (-1120 0 352 ) (-1120 0 384 ) 
4 26 142 (-1120 0 352 ) (-1104 0 352 ) (-1104 0 384 ) (-1120 0 384 ) 
4 26 140 (-1104 0 1536 ) (-1312 0 1536 ) (-1312 0 384 ) (-1104 0 384 ) 
4 26 138 (-1024 0 0 ) (-1024 0 48 ) (-1040 0 48 ) (-1040 0 0 ) 
4 26 139 (-1040 0 48 ) (-1104 0 48 ) (-1104 0 0 ) (-1040 0 0 ) 
4 26 135 (-1024 0 48 ) (-1024 0 80 ) (-1104 0 80 ) (-1104 0 48 ) 
4 26 130 (-1024 0 80 ) (-1024 0 208 ) (-1104 0 208 ) (-1104 0 80 ) 
4 26 128 (-1024 0 208 ) (-1024 0 384 ) (-1104 0 384 ) (-1104 0 208 ) 
4 26 126 (-1024 0 384 ) (-1024 0 1536 ) (-1104 0 1536 ) (-1104 0 384 ) 
4 26 28 (-2048 0 0 ) (-2048 0 1536 ) (-2048 1024 1536 ) (-2048 1024 0 ) 
4 27 28 (-2048 1024 0 ) (-2048 1024 1536 ) (-2816 1024 1536 ) (-2816 1024 0 ) 
4 28 350 (-2048 0 0 ) (-2048 0 1536 ) (-2816 0 1536 ) (-2816 0 0 ) 
4 29 198 (-832 -1024 1536 ) (-848 -1024 1536 ) (-848 -1024 400 ) (-832 -1024 400 ) 
4 29 197 (-672 -1024 1536 ) (-832 -1024 1536 ) (-832 -1024 400 ) (-672 -1024 400 ) 
4 29 193 (-592 -1024 1536 ) (-672 -1024 1536 ) (-672 -1024 400 ) (-592 -1024 400 ) 
4 29 166 (-352 -1024 1536 ) (-592 -1024 1536 ) (-592 -1024 400 ) (-352 -1024 400 ) 
4 29 164 (0 -1024 400 ) (0 -1024 1536 ) (-352 -1024 1536 ) (-352 -1024 400 ) 
4 29 66 (-848 -288 400 ) (-848 -1024 400 ) (-848 -1024 1536 ) (-848 -288 1536 ) 
4 29 58 (-848 0 1536 ) (-848 0 400 ) (-848 -288 400 ) (-848 -288 1536 ) 
4 29 46 (-848 -128 400 ) (-848 0 400 ) (-832 0 400 ) (-832 -128 400 ) 
4 29 37 (-704 -1024 400 ) (-832 -1024 400 ) (-832 -144 400 ) (-704 -144 400 ) 
4 29 35 (-352 -1024 400 ) (-704 -1024 400 ) (-704 -144 400 ) (-352 -144 400 ) 
4 29 33 (0 -1024 400 ) (-336 -1024 400 ) (-336 -144 400 ) (0 -144 400 ) 
4 29 31 (-336 -128 400 ) (0 -128 400 ) (0 -144 400 ) (-336 -144 400 ) 
4 29 30 (-832 -128 400 ) (-832 0 400 ) (0 0 400 ) (0 -128 400 ) 
4 30 55 (-832 0 240 ) (-704 0 240 ) (-704 -128 240 ) (-832 -128 240 ) 
4 30 49 (-704 0 240 ) (0 0 240 ) (0 -128 240 ) (-704 -128 240 ) 
4 30 46 (-832 0 240 ) (-832 -128 240 ) (-832 -128 400 ) (-832 0 400 ) 
4 30 32 (-704 -128 291.585999 ) (-704 -128 355.586029 ) (-784 -128 355.586029 ) (-784 -128 291.585999 ) 
4 30 31 (-336 -128 240 ) (0 -128 240 ) (0 -128 400 ) (-336 -128 400 ) 
4 31 54 (0 -128 240 ) (0 -144 240 ) (-64 -144 240 ) (-48 -128 240 ) 
4 31 50 (-64 -144 240 ) (-336 -144 240 ) (-336 -128 240 ) (-48 -128 240 ) 
4 31 33 (-336 -144 240 ) (0 -144 240 ) (0 -144 400 ) (-336 -144 400 ) 
4 32 38 (-704 -144 291.585999 ) (-704 -144 355.586029 ) (-784 -144 355.586029 ) (-784 -144 291.585999 ) 
4 33 165 (0 -1024 240 ) (0 -1024 400 ) (-336 -1024 400 ) (-336 -1024 240 ) 
5 33 54 (0 -144 240 ) (0 -1024 240 ) (-336 -1024 240 ) (-336 -416 240 ) (-64 -144 240 ) 
3 33 50 (-336 -416 240 ) (-336 -144 240 ) (-64 -144 240 ) 
4 33 34 (-336 -192 291.585999 ) (-336 -272 291.585999 ) (-336 -272 355.586029 ) (-336 -192 355.586029 ) 
4 34 35 (-352 -192 291.585999 ) (-352 -272 291.585999 ) (-352 -272 355.586029 ) (-352 -192 355.586029 ) 
4 35 199 (-704 -1024 256 ) (-688 -1024 240 ) (-672 -1024 240 ) (-672 -1024 256 ) 
4 35 197 (-672 -1024 400 ) (-704 -1024 400 ) (-704 -1024 256 ) (-672 -1024 256 ) 
4 35 194 (-672 -1024 360 ) (-672 -1024 240 ) (-592 -1024 240 ) (-592 -1024 360 ) 
4 35 193 (-592 -1024 400 ) (-672 -1024 400 ) (-672 -1024 360 ) (-592 -1024 360 ) 
4 35 172 (-592 -1024 288 ) (-592 -1024 240 ) (-352 -1024 240 ) (-352 -1024 288 ) 
4 35 169 (-592 -1024 336 ) (-592 -1024 288 ) (-352 -1024 288 ) (-352 -1024 336 ) 
4 35 166 (-352 -1024 400 ) (-592 -1024 400 ) (-592 -1024 336 ) (-352 -1024 336 ) 
3 35 53 (-560 -528 240 ) (-549.894714 -477.473694 240 ) (-544 -480 240 ) 
3 35 52 (-588.799988 -460.800018 240 ) (-656 -472 240 ) (-600 -456 240 ) 
6 35 51 (-688 -768 240 ) (-688 -477.333344 240 ) (-588.799988 -460.800018 240 ) (-549.894714 -477.473694 240 ) (-575.996704 -607.983765 240 ) (-608.005310 -688.005310 240 ) 
4 35 45 (-704 -936 256 ) (-704 -1024 256 ) (-704 -1024 360 ) (-704 -936 360 ) 
3 35 44 (-704 -912 256 ) (-704 -936 256 ) (-704 -936 265.777802 ) 
5 35 43 (-704 -256 256 ) (-704 -912 256 ) (-704 -936 265.777802 ) (-704 -936 360 ) (-704 -256 360 ) 
4 35 42 (-704 -248 256 ) (-704 -256 256 ) (-704 -256 360 ) (-704 -248 360 ) 
4 35 40 (-704 -184 256 ) (-704 -248 256 ) (-704 -248 360 ) (-704 -184 360 ) 
4 35 38 (-704 -144 360 ) (-704 -144 256 ) (-704 -184 256 ) (-704 -184 360 ) 
4 35 37 (-704 -144 400 ) (-704 -144 360 ) (-704 -1024 360 ) (-704 -1024 400 ) 
4 35 36 (-704 -912 256 ) (-704 -144 256 ) (-688 -144 240 ) (-688 -872.727234 240 ) 
4 36 51 (-704 -784 240 ) (-704 -480 240 ) (-688 -477.333374 240 ) (-688 -768 240 ) 
4 36 43 (-704 -256 240 ) (-704 -872.727234 240 ) (-704 -912 256 ) (-704 -256 256 ) 
4 36 42 (-704 -248 240 ) (-704 -256 240 ) (-704 -256 256 ) (-704 -248 256 ) 
4 36 40 (-704 -184 240 ) (-704 -248 240 ) (-704 -248 256 ) (-704 -184 256 ) 
4 36 38 (-704 -144 256 ) (-704 -144 240 ) (-704 -184 240 ) (-704 -184 256 ) 
4 37 197 (-704 -1024 400 ) (-832 -1024 400 ) (-832 -1024 360 ) (-704 -1024 360 ) 
4 37 48 (-832 -296 368 ) (-832 -296 360 ) (-832 -376 360 ) (-832 -376 368 ) 
4 37 45 (-832 -1024 360 ) (-832 -936 360 ) (-704 -936 360 ) (-704 -1024 360 ) 
4 37 43 (-832 -936 360 ) (-832 -256 360 ) (-704 -256 360 ) (-704 -936 360 ) 
4 37 42 (-816 -248 360 ) (-704 -248 360 ) (-704 -256 360 ) (-816 -256 360 ) 
4 37 40 (-816 -184 360 ) (-704 -184 360 ) (-704 -248 360 ) (-816 -248 360 ) 
4 37 39 (-832 -176 360 ) (-832 -144 360 ) (-816 -144 360 ) (-816 -176 360 ) 
4 37 38 (-816 -144 360 ) (-704 -144 360 ) (-704 -184 360 ) (-816 -184 360 ) 
4 38 40 (-704 -184 240 ) (-704 -184 360 ) (-816 -184 360 ) (-816 -184 240 ) 
4 38 39 (-816 -176 360 ) (-816 -144 360 ) (-816 -144 240 ) (-816 -176 240 ) 
4 40 42 (-704 -248 240 ) (-704 -248 360 ) (-816 -248 360 ) (-816 -248 240 ) 
4 40 41 (-816 -184 336 ) (-816 -184 240 ) (-816 -248 240 ) (-816 -248 336 ) 
4 41 47 (-832 -184 240 ) (-832 -248 240 ) (-832 -248 336 ) (-832 -184 336 ) 
4 42 43 (-704 -256 240 ) (-704 -256 360 ) (-816 -256 360 ) (-816 -256 240 ) 
4 43 56 (-832 -872.727234 240 ) (-832 -480 240 ) (-704 -480 240 ) (-704 -872.727173 240 ) 
4 43 48 (-832 -296 240 ) (-832 -376 240 ) (-832 -376 360 ) (-832 -296 360 ) 
4 43 45 (-704 -936 265.777802 ) (-704 -936 360 ) (-832 -936 360 ) (-832 -936 265.777802 ) 
4 43 44 (-704 -936 265.779266 ) (-832 -936 265.779266 ) (-832 -911.996338 256 ) (-704 -911.996338 256 ) 
4 44 45 (-704 -936 256 ) (-704 -936 265.777802 ) (-832 -936 265.777802 ) (-832 -936 256 ) 
4 45 197 (-832 -1024 360 ) (-832 -1024 256 ) (-704 -1024 256 ) (-704 -1024 360 ) 
4 46 61 (-848 0 274 ) (-848 0 240 ) (-848 -128 240 ) (-848 -128 274 ) 
4 46 59 (-848 0 276 ) (-848 0 274 ) (-848 -128 274 ) (-848 -128 276 ) 
4 46 58 (-848 0 400 ) (-848 0 276 ) (-848 -128 276 ) (-848 -128 400 ) 
4 46 57 (-848 -128 240 ) (-848 0 240 ) (-832 0 240 ) (-832 -128 240 ) 
4 47 63 (-848 -184 240 ) (-848 -248 240 ) (-848 -248 274 ) (-848 -184 274 ) 
4 47 60 (-848 -248 274 ) (-848 -248 276 ) (-848 -184 276 ) (-848 -184 274 ) 
4 47 58 (-848 -248 276 ) (-848 -248 336 ) (-848 -184 336 ) (-848 -184 276 ) 
4 48 67 (-848 -296 240 ) (-848 -376 240 ) (-848 -376 368 ) (-848 -296 368 ) 
4 49 80 (-368 -64 224 ) (-368 -128 224 ) (-448 -128 224 ) (-448 -64 224 ) 
4 49 79 (-448 0 224 ) (-368 0 224 ) (-368 -64 224 ) (-448 -64 224 ) 
4 49 78 (-368 0 224 ) (-352 0 224 ) (-352 -128 224 ) (-368 -128 224 ) 
4 49 81 (-704 0 224 ) (-448 0 224 ) (-448 -128 224 ) (-704 -128 224 ) 
4 49 73 (-352 0 224 ) (-336 0 224 ) (-336 -128 224 ) (-352 -128 224 ) 
4 49 70 (-336 0 224 ) (-272 0 224 ) (-272 -128 224 ) (-336 -128 224 ) 
4 49 69 (-272 0 224 ) (0 0 224 ) (0 -128 224 ) (-272 -128 224 ) 
4 49 55 (-704 0 224 ) (-704 -128 224 ) (-704 -128 240 ) (-704 0 240 ) 
4 49 54 (-48 -128 224 ) (0 -128 224 ) (0 -128 240 ) (-48 -128 240 ) 
4 49 50 (-336 -128 224 ) (-48 -128 224 ) (-48 -128 240 ) (-336 -128 240 ) 
5 50 71 (-272 -320 224 ) (-272 -352 224 ) (-320 -400 224 ) (-336 -400 224 ) (-336 -320 224 ) 
4 50 70 (-336 -128 224 ) (-272 -128 224 ) (-272 -320 224 ) (-336 -320 224 ) 
3 50 72 (-320 -400 224 ) (-336 -416 224 ) (-336 -400 224 ) 
3 50 69 (-272 -128 224 ) (-48 -128 224 ) (-272 -352 224 ) 
4 50 54 (-336 -416 224 ) (-48 -128 224 ) (-48 -128 240 ) (-336 -416 240 ) 
4 51 88 (-704 -784 224 ) (-704 -640 224 ) (-688 -640 224 ) (-688 -768 224 ) 
4 51 87 (-688 -640 224 ) (-588.803223 -640 224 ) (-608.005371 -688.005371 224 ) (-688 -768 224 ) 
5 51 86 (-704 -640 224 ) (-704 -480 224 ) (-550.399963 -480 224 ) (-575.996765 -607.983887 224 ) (-588.803223 -640 224 ) 
4 51 84 (-704 -480 224 ) (-588.799927 -460.800018 224 ) (-549.894714 -477.473694 224 ) (-550.399963 -480 224 ) 
4 51 56 (-704 -480 224 ) (-704 -784 224 ) (-704 -784 240 ) (-704 -480 240 ) 
4 51 53 (-559.998901 -527.996582 224 ) (-549.894348 -477.473816 224 ) (-549.894348 -477.473816 240 ) (-559.998901 -527.996582 240 ) 
4 51 52 (-588.798340 -460.800690 224 ) (-656.008179 -472.002350 224 ) (-656.008179 -472.002350 240 ) (-588.798340 -460.800690 240 ) 
3 52 84 (-588.799927 -460.800018 224 ) (-656 -472 224 ) (-600 -456 224 ) 
3 53 86 (-560 -528 224 ) (-550.399963 -480 224 ) (-544 -480 224 ) 
3 53 84 (-550.399963 -480 224 ) (-549.894714 -477.473633 224 ) (-544 -480 224 ) 
4 54 202 (0 -1024 224 ) (0 -1024 240 ) (-336 -1024 240 ) (-336 -1024 224 ) 
3 54 71 (-320 -400 224 ) (-272 -352 224 ) (-272 -400 224 ) 
5 54 72 (-272 -1024 224 ) (-336 -1024 224 ) (-336 -416 224 ) (-320 -400 224 ) (-272 -400 224 ) 
5 54 69 (0 -128 224 ) (0 -1024 224 ) (-272 -1024 224 ) (-272 -352 224 ) (-48 -128 224 ) 
4 55 81 (-832 0 224 ) (-704 0 224 ) (-704 -128 224 ) (-832 -128 224 ) 
4 55 57 (-832 0 224 ) (-832 -128 224 ) (-832 -128 240 ) (-832 0 240 ) 
4 56 94 (-736 -833.454468 224 ) (-832 -833.454529 224 ) (-832 -480 224 ) (-736 -480 224 ) 
4 56 92 (-704 -480 224 ) (-704 -833.454468 224 ) (-736 -833.454468 224 ) (-736 -480 224 ) 
4 57 96 (-848 0 224 ) (-832 0 224 ) (-832 -128 224 ) (-848 -128 224 ) 
4 57 65 (-848 0 240 ) (-848 0 224 ) (-848 -128 224 ) (-848 -128 240 ) 
4 58 128 (-1024 0 384 ) (-1024 0 276 ) (-1024 -288 276 ) (-1024 -288 384 ) 
4 58 126 (-1024 0 1536 ) (-1024 0 384 ) (-1024 -288 384 ) (-1024 -288 1536 ) 
4 58 66 (-1024 -288 1536 ) (-1024 -288 400 ) (-848 -288 400 ) (-848 -288 1536 ) 
4 58 60 (-848 -288 276 ) (-1020 -288 276 ) (-1020 -132 276 ) (-848 -132 276 ) 
4 58 59 (-1024 -128 276 ) (-1024 0 276 ) (-848 0 276 ) (-848 -128 276 ) 
4 59 128 (-1024 0 276 ) (-1024 0 274 ) (-1024 -128 274 ) (-1024 -128 276 ) 
4 59 61 (-1024 -128 274 ) (-1024 0 274 ) (-848 0 274 ) (-848 -128 274 ) 
4 60 63 (-848 -288 274 ) (-1020 -288 274 ) (-1020 -132 274 ) (-848 -132 274 ) 
4 61 128 (-1024 0 274 ) (-1024 0 240 ) (-1024 -128 240 ) (-1024 -128 274 ) 
4 61 65 (-1024 -128 240 ) (-1024 0 240 ) (-848 0 240 ) (-848 -128 240 ) 
4 61 62 (-1024 -128 240 ) (-848 -128 240 ) (-848 -128 274 ) (-1024 -128 274 ) 
4 62 128 (-1024 -128 240 ) (-1024 -132 240 ) (-1024 -132 274 ) (-1024 -128 274 ) 
4 62 64 (-1024 -132 240 ) (-1020 -132 240 ) (-1020 -132 274 ) (-1024 -132 274 ) 
4 62 63 (-1020 -132 240 ) (-848 -132 240 ) (-848 -132 274 ) (-1020 -132 274 ) 
4 63 64 (-1020 -132 274 ) (-1020 -132 240 ) (-1020 -288 240 ) (-1020 -288 274 ) 
4 64 128 (-1024 -132 240 ) (-1024 -288 240 ) (-1024 -288 274 ) (-1024 -132 274 ) 
4 65 128 (-1024 0 240 ) (-1024 0 224 ) (-1024 -128 224 ) (-1024 -128 240 ) 
4 65 104 (-1024 -128 224 ) (-1024 0 224 ) (-1008 0 224 ) (-1008 -128 224 ) 
4 65 102 (-1008 0 224 ) (-848 0 224 ) (-848 -128 224 ) (-1008 -128 224 ) 
4 66 225 (-1024 -1024 1536 ) (-1024 -1024 400 ) (-864 -1024 400 ) (-864 -1024 1536 ) 
4 66 221 (-864 -1024 400 ) (-848 -1024 400 ) (-848 -1024 1536 ) (-864 -1024 1536 ) 
4 66 127 (-1024 -1024 400 ) (-1024 -1024 1536 ) (-1024 -928 1536 ) (-1024 -928 400 ) 
4 66 126 (-1024 -928 1536 ) (-1024 -288 1536 ) (-1024 -288 400 ) (-1024 -928 400 ) 
4 66 67 (-848 -296 400 ) (-848 -928 400 ) (-1024 -928 400 ) (-1024 -296 400 ) 
4 67 128 (-1024 -296 384 ) (-1024 -296 224 ) (-1024 -928 224 ) (-1024 -928 384 ) 
4 67 126 (-1024 -928 400 ) (-1024 -296 400 ) (-1024 -296 384 ) (-1024 -928 384 ) 
4 67 114 (-864 -512 224 ) (-848 -512 224 ) (-848 -928 224 ) (-864 -928 224 ) 
4 67 118 (-1024 -928 224 ) (-1024 -512 224 ) (-864 -512 224 ) (-864 -928 224 ) 
4 67 106 (-1024 -512 224 ) (-1024 -448 224 ) (-848 -448 224 ) (-848 -512 224 ) 
4 67 105 (-1024 -448 224 ) (-1024 -296 224 ) (-848 -296 224 ) (-848 -448 224 ) 
4 67 68 (-1024 -928 224 ) (-848 -928 224 ) (-848 -928 352 ) (-1024 -928 352 ) 
4 68 227 (-1024 -1024 352 ) (-1024 -1024 224 ) (-864 -1024 224 ) (-864 -1024 352 ) 
4 68 222 (-864 -1024 224 ) (-848 -1024 224 ) (-848 -1024 352 ) (-864 -1024 352 ) 
4 68 129 (-1024 -1024 224 ) (-1024 -1024 352 ) (-1024 -928 352 ) (-1024 -928 224 ) 
4 68 114 (-864 -928 224 ) (-848 -928 224 ) (-848 -1024 224 ) (-864 -1024 224 ) 
4 68 118 (-1024 -1024 224 ) (-1024 -928 224 ) (-864 -928 224 ) (-864 -1024 224 ) 
4 69 232 (0 -1024 64 ) (0 -1024 224 ) (-272 -1024 224 ) (-272 -1024 64 ) 
4 69 121 (0 -1024 64 ) (-272 -1024 64 ) (-272 -16 64 ) (0 -16 64 ) 
4 69 120 (-272 -16 64 ) (-272 0 64 ) (0 0 64 ) (0 -16 64 ) 
4 69 71 (-272 -400 115.585999 ) (-272 -400 224 ) (-272 -320 224 ) (-272 -320 115.585999 ) 
4 69 70 (-272 0 64 ) (-272 -320 64 ) (-272 -320 224 ) (-272 0 224 ) 
4 69 72 (-272 -400 64 ) (-272 -1024 64 ) (-272 -1024 224 ) (-272 -400 224 ) 
4 70 121 (-288 -16 64 ) (-272 -16 64 ) (-272 -320 64 ) (-288 -320 64 ) 
4 70 120 (-336 -16 64 ) (-336 0 64 ) (-272 0 64 ) (-272 -16 64 ) 
4 70 75 (-336 0 64 ) (-336 -128 64 ) (-336 -128 115.585999 ) (-336 0 115.585999 ) 
4 70 73 (-336 -128 224 ) (-336 0 224 ) (-336 0 115.585999 ) (-336 -128 115.585999 ) 
4 70 71 (-336 -320 224 ) (-336 -320 115.585999 ) (-272 -320 115.585999 ) (-272 -320 224 ) 
4 71 74 (-336 -400 115.585999 ) (-336 -400 179.585999 ) (-336 -320 179.585999 ) (-336 -320 115.585999 ) 
4 71 72 (-336 -400 224 ) (-336 -400 115.585999 ) (-272 -400 115.585999 ) (-272 -400 224 ) 
4 72 232 (-272 -1024 224 ) (-336 -1024 224 ) (-336 -1024 64 ) (-272 -1024 64 ) 
4 72 121 (-272 -1024 64 ) (-288 -1024 64 ) (-288 -400 64 ) (-272 -400 64 ) 
4 72 77 (-336 -880 64 ) (-336 -960 64 ) (-336 -960 192 ) (-336 -880 192 ) 
4 72 76 (-336 -672 64 ) (-336 -832 64 ) (-336 -832 208 ) (-336 -672 208 ) 
4 73 78 (-352 -128 224 ) (-352 0 224 ) (-352 0 115.585999 ) (-352 -128 115.585999 ) 
4 73 75 (-352 -128 115.585999 ) (-352 0 115.585999 ) (-336 0 115.585999 ) (-336 -128 115.585999 ) 
4 74 84 (-352 -320 179.585999 ) (-352 -320 115.585999 ) (-352 -400 115.585999 ) (-352 -400 179.585999 ) 
4 75 120 (-352 -16 64 ) (-352 0 64 ) (-336 0 64 ) (-336 -16 64 ) 
4 75 78 (-352 0 64 ) (-352 -128 64 ) (-352 -128 115.585999 ) (-352 0 115.585999 ) 
4 76 87 (-352 -832 80 ) (-352 -832 208 ) (-352 -672 208 ) (-352 -672 80 ) 
4 77 87 (-352 -960 80 ) (-352 -960 192 ) (-352 -880 192 ) (-352 -880 80 ) 
4 78 120 (-368 0 64 ) (-352 0 64 ) (-352 -16 64 ) (-368 -16 64 ) 
4 78 80 (-368 -128 115.585999 ) (-368 -128 224 ) (-368 -64 224 ) (-368 -64 115.585999 ) 
4 78 79 (-368 0 64 ) (-368 -64 64 ) (-368 -64 224 ) (-368 0 224 ) 
4 79 120 (-448 0 64 ) (-368 0 64 ) (-368 -16 64 ) (-448 -16 64 ) 
4 79 80 (-448 -64 224 ) (-448 -64 115.585999 ) (-368 -64 115.585999 ) (-368 -64 224 ) 
4 79 81 (-448 0 64 ) (-448 -64 64 ) (-448 -64 224 ) (-448 0 224 ) 
4 80 82 (-368 -128 115.585999 ) (-368 -128 179.585999 ) (-448 -128 179.585999 ) (-448 -128 115.585999 ) 
4 80 81 (-448 -128 115.585999 ) (-448 -128 224 ) (-448 -64 224 ) (-448 -64 115.585999 ) 
4 81 120 (-832 -16 64 ) (-832 0 64 ) (-448 0 64 ) (-448 -16 64 ) 
4 81 100 (-832 0 64 ) (-832 -128 64 ) (-832 -128 80 ) (-832 0 80 ) 
4 81 96 (-832 -128 80 ) (-832 -128 224 ) (-832 0 224 ) (-832 0 80 ) 
4 81 83 (-720 -128 80 ) (-640 -128 80 ) (-640 -128 179.585999 ) (-720 -128 179.585999 ) 
4 82 84 (-448 -144 179.585999 ) (-448 -144 115.585999 ) (-368 -144 115.585999 ) (-368 -144 179.585999 ) 
4 83 92 (-720 -144 80 ) (-704 -144 80 ) (-704 -144 179.585999 ) (-720 -144 179.585999 ) 
4 83 84 (-704 -144 80 ) (-640 -144 80 ) (-640 -144 179.585999 ) (-704 -144 179.585999 ) 
4 84 92 (-704 -144 224 ) (-704 -144 80 ) (-704 -480 80 ) (-704 -480 224 ) 
4 84 86 (-704 -480 224 ) (-704 -480 80 ) (-512 -480 80 ) (-512 -480 224 ) 
4 85 86 (-512 -488 96 ) (-512 -632 96 ) (-512 -632 208 ) (-512 -488 208 ) 
4 86 92 (-704 -640 145.185211 ) (-704 -640 224 ) (-704 -480 224 ) (-704 -480 80 ) 
4 86 89 (-704 -640 200 ) (-704 -640 80 ) (-688 -640 80 ) (-688 -640 200 ) 
4 86 88 (-704 -640 224 ) (-704 -640 200 ) (-688 -640 200 ) (-688 -640 224 ) 
4 86 87 (-688 -640 80 ) (-512 -640 80 ) (-512 -640 224 ) (-688 -640 224 ) 
4 87 233 (-352 -1024 224 ) (-688 -1024 224 ) (-688 -1024 80 ) (-352 -1024 80 ) 
4 87 91 (-688 -944 80 ) (-688 -1024 80 ) (-688 -1024 200 ) (-688 -944 200 ) 
4 87 90 (-688 -872 80 ) (-688 -936 80 ) (-688 -936 176 ) (-688 -872 176 ) 
4 87 89 (-688 -640 200 ) (-688 -640 80 ) (-688 -864 80 ) (-688 -864 200 ) 
4 87 88 (-688 -640 224 ) (-688 -640 200 ) (-688 -1024 200 ) (-688 -1024 224 ) 
4 88 233 (-688 -1024 224 ) (-704 -1024 224 ) (-704 -1024 200 ) (-688 -1024 200 ) 
4 88 92 (-704 -833.454529 224 ) (-704 -640 224 ) (-704 -640 200 ) (-704 -774.545410 200 ) 
4 88 91 (-704 -1024 200 ) (-704 -944 200 ) (-688 -944 200 ) (-688 -1024 200 ) 
4 88 89 (-704 -864 200 ) (-704 -640 200 ) (-688 -640 200 ) (-688 -864 200 ) 
3 89 92 (-704 -774.545410 200 ) (-704 -640 200 ) (-704 -640 145.185211 ) 
4 90 95 (-704 -872 176 ) (-704 -872 80 ) (-704 -936 80 ) (-704 -936 176 ) 
4 91 233 (-704 -1024 200 ) (-704 -1024 80 ) (-688 -1024 80 ) (-688 -1024 200 ) 
4 92 93 (-736 -144 224 ) (-736 -144 80 ) (-736 -384 80 ) (-736 -384 224 ) 
4 92 94 (-736 -416 80 ) (-736 -480.011719 80 ) (-736 -833.461670 224 ) (-736 -416 224 ) 
4 93 98 (-832 -144 200 ) (-832 -144 80 ) (-832 -320 80 ) (-832 -320 200 ) 
4 93 97 (-832 -320 224 ) (-832 -144 224 ) (-832 -144 200 ) (-832 -320 200 ) 
4 95 99 (-832 -864 80 ) (-832 -936 80 ) (-832 -936 200 ) (-832 -864 200 ) 
4 96 102 (-848 -128 224 ) (-848 0 224 ) (-848 0 80 ) (-848 -128 80 ) 
4 96 100 (-848 -128 80 ) (-848 0 80 ) (-832 0 80 ) (-832 -128 80 ) 
4 97 103 (-848 -288 224 ) (-848 -144 224 ) (-848 -144 200 ) (-848 -288 200 ) 
4 97 98 (-848 -288 200 ) (-848 -144 200 ) (-832 -144 200 ) (-832 -320 200 ) 
4 98 103 (-848 -144 200 ) (-848 -144 80 ) (-848 -288 80 ) (-848 -288 200 ) 
3 98 101 (-848 -288 80 ) (-832 -288 80 ) (-832 -320 80 ) 
4 99 116 (-848 -872 80 ) (-848 -936 80 ) (-848 -936 176 ) (-848 -872 176 ) 
4 100 120 (-848 -16 64 ) (-848 0 64 ) (-832 0 64 ) (-832 -16 64 ) 
4 100 102 (-848 0 64 ) (-848 -128 64 ) (-848 -128 80 ) (-848 0 80 ) 
4 102 120 (-1008 0 64 ) (-848 0 64 ) (-848 -16 64 ) (-1008 -16 64 ) 
4 102 104 (-1008 0 64 ) (-1008 -128 64 ) (-1008 -128 224 ) (-1008 0 224 ) 
4 104 136 (-1024 -16 64 ) (-1024 -128 64 ) (-1024 -128 80 ) (-1024 -16 80 ) 
4 104 135 (-1024 0 80 ) (-1024 0 64 ) (-1024 -16 64 ) (-1024 -16 80 ) 
4 104 130 (-1024 0 208 ) (-1024 0 80 ) (-1024 -128 80 ) (-1024 -128 208 ) 
4 104 128 (-1024 -128 224 ) (-1024 0 224 ) (-1024 0 208 ) (-1024 -128 208 ) 
4 104 120 (-1024 -16 64 ) (-1024 0 64 ) (-1008 0 64 ) (-1008 -16 64 ) 
4 105 136 (-1024 -296 80 ) (-1024 -296 64 ) (-1024 -448 64 ) (-1024 -448 80 ) 
4 105 130 (-1024 -296 208 ) (-1024 -296 80 ) (-1024 -448 80 ) (-1024 -448 208 ) 
4 105 128 (-1024 -448 224 ) (-1024 -296 224 ) (-1024 -296 208 ) (-1024 -448 208 ) 
4 105 119 (-1024 -448 64 ) (-848 -448 64 ) (-848 -448 80 ) (-1024 -448 80 ) 
4 105 111 (-848 -448 80 ) (-848 -448 176 ) (-984 -448 176 ) (-984 -448 80 ) 
4 105 113 (-992 -448 176 ) (-1024 -448 176 ) (-1024 -448 80 ) (-992 -448 80 ) 
4 105 109 (-848 -448 176 ) (-848 -448 192 ) (-984 -448 192 ) (-984 -448 176 ) 
4 105 107 (-848 -448 192 ) (-848 -448 208 ) (-1024 -448 208 ) (-1024 -448 192 ) 
4 105 106 (-848 -448 208 ) (-848 -448 224 ) (-1024 -448 224 ) (-1024 -448 208 ) 
4 106 128 (-1024 -512 224 ) (-1024 -448 224 ) (-1024 -448 208 ) (-1024 -512 208 ) 
4 106 114 (-848 -512 208 ) (-848 -512 224 ) (-864 -512 224 ) (-864 -512 208 ) 
4 106 118 (-864 -512 224 ) (-1024 -512 224 ) (-1024 -512 208 ) (-864 -512 208 ) 
4 106 107 (-1024 -464 208 ) (-1024 -448 208 ) (-848 -448 208 ) (-848 -464 208 ) 
4 106 108 (-848 -512 208 ) (-1024 -512 208 ) (-1024 -496 208 ) (-848 -496 208 ) 
4 107 131 (-1024 -448 208 ) (-1024 -448 192 ) (-1024 -464 192 ) (-1024 -464 208 ) 
4 107 109 (-984 -448 192 ) (-848 -448 192 ) (-848 -464 192 ) (-984 -464 192 ) 
4 108 132 (-1024 -496 192 ) (-1024 -512 192 ) (-1024 -512 208 ) (-1024 -496 208 ) 
4 108 115 (-848 -512 192 ) (-848 -512 200 ) (-864 -512 200 ) (-864 -512 192 ) 
4 108 114 (-848 -512 200 ) (-848 -512 208 ) (-864 -512 208 ) (-864 -512 200 ) 
4 108 118 (-864 -512 208 ) (-1024 -512 208 ) (-1024 -512 192 ) (-864 -512 192 ) 
4 108 110 (-848 -512 192 ) (-984 -512 192 ) (-984 -496 192 ) (-848 -496 192 ) 
4 109 111 (-984 -448 176 ) (-848 -448 176 ) (-848 -464 176 ) (-984 -464 176 ) 
4 110 115 (-848 -512 176 ) (-848 -512 192 ) (-864 -512 192 ) (-864 -512 176 ) 
4 110 118 (-864 -512 192 ) (-984 -512 192 ) (-984 -512 176 ) (-864 -512 176 ) 
4 110 112 (-848 -512 176 ) (-984 -512 176 ) (-984 -496 176 ) (-848 -496 176 ) 
4 111 119 (-984 -448 80 ) (-848 -448 80 ) (-848 -464 80 ) (-984 -464 80 ) 
4 112 115 (-864 -512 80 ) (-848 -512 80 ) (-848 -512 176 ) (-864 -512 176 ) 
4 112 118 (-984 -512 80 ) (-864 -512 80 ) (-864 -512 176 ) (-984 -512 176 ) 
4 113 133 (-1024 -448 176 ) (-1024 -448 80 ) (-1024 -512 80 ) (-1024 -512 176 ) 
4 113 119 (-1024 -448 80 ) (-992 -448 80 ) (-992 -464 80 ) (-1024 -464 80 ) 
4 113 118 (-1024 -512 80 ) (-992 -512 80 ) (-992 -512 176 ) (-1024 -512 176 ) 
4 114 259 (-848 -1024 224 ) (-864 -1024 224 ) (-864 -1024 200 ) (-848 -1024 200 ) 
4 114 117 (-864 -1024 200 ) (-864 -944 200 ) (-848 -944 200 ) (-848 -1024 200 ) 
4 114 115 (-864 -864 200 ) (-864 -512 200 ) (-848 -512 200 ) (-848 -864 200 ) 
4 114 118 (-864 -512 224 ) (-864 -512 200 ) (-864 -1024 200 ) (-864 -1024 224 ) 
4 115 118 (-864 -512 200 ) (-864 -512 80 ) (-864 -864 80 ) (-864 -864 200 ) 
4 116 118 (-864 -872 80 ) (-864 -936 80 ) (-864 -936 176 ) (-864 -872 176 ) 
4 117 259 (-864 -1024 200 ) (-864 -1024 80 ) (-848 -1024 80 ) (-848 -1024 200 ) 
4 117 118 (-864 -944 80 ) (-864 -1024 80 ) (-864 -1024 200 ) (-864 -944 200 ) 
4 118 263 (-864 -1024 224 ) (-1024 -1024 224 ) (-1024 -1024 80 ) (-864 -1024 80 ) 
4 118 134 (-1024 -1024 80 ) (-1024 -1024 208 ) (-1024 -512 208 ) (-1024 -512 80 ) 
4 118 129 (-1024 -1024 208 ) (-1024 -1024 224 ) (-1024 -928 224 ) (-1024 -928 208 ) 
4 118 128 (-1024 -928 224 ) (-1024 -512 224 ) (-1024 -512 208 ) (-1024 -928 208 ) 
4 119 136 (-1024 -464 80 ) (-1024 -448 80 ) (-1024 -448 64 ) (-1024 -464 64 ) 
4 120 135 (-1024 -16 64 ) (-1024 0 64 ) (-1024 0 48 ) (-1024 -16 48 ) 
4 120 122 (-1024 -16 48 ) (-1024 0 48 ) (0 0 48 ) (0 -16 48 ) 
4 120 121 (-288 -16 48 ) (0 -16 48 ) (0 -16 64 ) (-288 -16 64 ) 
4 121 272 (0 -1024 48 ) (0 -1024 64 ) (-288 -1024 64 ) (-288 -1024 48 ) 
4 121 124 (0 -1024 48 ) (-224 -1024 48 ) (-224 -688 48 ) (0 -688 48 ) 
4 121 123 (-224 -688 48 ) (-224 -16 48 ) (0 -16 48 ) (0 -688 48 ) 
4 121 125 (-224 -1024 48 ) (-288 -1024 48 ) (-288 -16 48 ) (-224 -16 48 ) 
4 122 138 (-1024 -16 48 ) (-1024 0 48 ) (-1024 0 0 ) (-1024 -16 0 ) 
4 122 123 (-224 -16 0 ) (0 -16 0 ) (0 -16 48 ) (-224 -16 48 ) 
4 122 125 (-288 -16 0 ) (-224 -16 0 ) (-224 -16 48 ) (-288 -16 48 ) 
4 123 125 (-224 -16 48 ) (-224 -16 0 ) (-224 -688 0 ) (-224 -688 48 ) 
4 123 124 (-224 -688 48 ) (-224 -688 0 ) (0 -688 0 ) (0 -688 48 ) 
4 124 280 (-176 -1024 48 ) (-224 -1024 48 ) (-224 -1024 0 ) (-176 -1024 0 ) 
4 124 278 (0 -1024 0 ) (0 -1024 48 ) (-176 -1024 48 ) (-176 -1024 0 ) 
4 124 125 (-224 -688 0 ) (-224 -1024 0 ) (-224 -1024 48 ) (-224 -688 48 ) 
4 125 281 (-224 -1024 48 ) (-288 -1024 48 ) (-288 -1024 0 ) (-224 -1024 0 ) 
4 126 140 (-1104 0 1536 ) (-1104 0 384 ) (-1104 -928 384 ) (-1104 -928 1536 ) 
4 126 128 (-1104 -928 384 ) (-1104 0 384 ) (-1024 0 384 ) (-1024 -928 384 ) 
4 126 127 (-1024 -928 400 ) (-1024 -928 1536 ) (-1104 -928 1536 ) (-1104 -928 400 ) 
4 127 282 (-1024 -1024 400 ) (-1024 -1024 1536 ) (-1104 -1024 1536 ) (-1104 -1024 400 ) 
4 127 141 (-1104 -1024 400 ) (-1104 -1024 1536 ) (-1104 -928 1536 ) (-1104 -928 400 ) 
4 128 147 (-1104 -496 208 ) (-1104 -832 208 ) (-1104 -832 352 ) (-1104 -496 352 ) 
4 128 146 (-1104 -464 208 ) (-1104 -496 208 ) (-1104 -496 352 ) (-1104 -464 352 ) 
4 128 145 (-1104 0 352 ) (-1104 0 208 ) (-1104 -464 208 ) (-1104 -464 352 ) 
4 128 142 (-1104 0 384 ) (-1104 0 352 ) (-1104 -928 352 ) (-1104 -928 384 ) 
4 128 132 (-1104 -512 208 ) (-1104 -496 208 ) (-1024 -496 208 ) (-1024 -512 208 ) 
4 128 131 (-1104 -464 208 ) (-1104 -448 208 ) (-1024 -448 208 ) (-1024 -464 208 ) 
4 128 130 (-1104 -448 208 ) (-1104 0 208 ) (-1024 0 208 ) (-1024 -448 208 ) 
4 128 134 (-1104 -928 208 ) (-1104 -512 208 ) (-1024 -512 208 ) (-1024 -928 208 ) 
4 128 129 (-1104 -928 208 ) (-1024 -928 208 ) (-1024 -928 352 ) (-1104 -928 352 ) 
4 129 283 (-1024 -1024 208 ) (-1024 -1024 352 ) (-1104 -1024 352 ) (-1104 -1024 208 ) 
4 129 134 (-1104 -1024 208 ) (-1104 -928 208 ) (-1024 -928 208 ) (-1024 -1024 208 ) 
4 130 145 (-1104 0 208 ) (-1104 0 80 ) (-1104 -448 80 ) (-1104 -448 208 ) 
4 130 137 (-1104 -448 80 ) (-1104 -16 80 ) (-1040 -16 80 ) (-1040 -448 80 ) 
4 130 136 (-1040 -16 80 ) (-1024 -16 80 ) (-1024 -448 80 ) (-1040 -448 80 ) 
4 130 135 (-1104 -16 80 ) (-1104 0 80 ) (-1024 0 80 ) (-1024 -16 80 ) 
4 130 133 (-1096 -448 80 ) (-1024 -448 80 ) (-1024 -448 176 ) (-1096 -448 176 ) 
4 130 131 (-1024 -448 192 ) (-1024 -448 208 ) (-1104 -448 208 ) (-1104 -448 192 ) 
4 131 145 (-1104 -464 208 ) (-1104 -448 208 ) (-1104 -448 192 ) (-1104 -464 192 ) 
4 132 134 (-1024 -512 192 ) (-1024 -512 208 ) (-1104 -512 208 ) (-1104 -512 192 ) 
4 133 137 (-1096 -448 80 ) (-1040 -448 80 ) (-1040 -464 80 ) (-1096 -464 80 ) 
4 133 136 (-1040 -448 80 ) (-1024 -448 80 ) (-1024 -464 80 ) (-1040 -464 80 ) 
4 133 134 (-1096 -512 80 ) (-1024 -512 80 ) (-1024 -512 176 ) (-1096 -512 176 ) 
4 134 283 (-1024 -1024 80 ) (-1024 -1024 208 ) (-1104 -1024 208 ) (-1104 -1024 80 ) 
6 134 148 (-1104 -533.333008 80 ) (-1104 -794.666992 80 ) (-1104 -800 144 ) (-1104 -752 208 ) (-1104 -576 208 ) (-1104 -528 144 ) 
4 135 154 (-1104 0 80 ) (-1104 0 48 ) (-1104 -16 48 ) (-1104 -16 80 ) 
4 135 138 (-1040 0 48 ) (-1024 0 48 ) (-1024 -16 48 ) (-1040 -16 48 ) 
4 135 139 (-1104 -16 48 ) (-1104 0 48 ) (-1040 0 48 ) (-1040 -16 48 ) 
4 135 137 (-1104 -16 48 ) (-1040 -16 48 ) (-1040 -16 80 ) (-1104 -16 80 ) 
4 135 136 (-1024 -16 64 ) (-1024 -16 80 ) (-1040 -16 80 ) (-1040 -16 64 ) 
4 136 137 (-1040 -16 80 ) (-1040 -16 64 ) (-1040 -464 64 ) (-1040 -464 80 ) 
4 137 154 (-1104 -16 48 ) (-1104 -464 48 ) (-1104 -464 80 ) (-1104 -16 80 ) 
4 137 139 (-1104 -464 48 ) (-1104 -16 48 ) (-1040 -16 48 ) (-1040 -464 48 ) 
4 138 139 (-1040 0 0 ) (-1040 -16 0 ) (-1040 -16 48 ) (-1040 0 48 ) 
4 139 284 (-1040 -1024 48 ) (-1104 -1024 48 ) (-1104 -1024 0 ) (-1040 -1024 0 ) 
4 139 155 (-1104 0 48 ) (-1104 0 0 ) (-1104 -1024 0 ) (-1104 -1024 48 ) 
4 140 156 (-1312 -928 1536 ) (-1312 0 1536 ) (-1312 0 384 ) (-1312 -928 384 ) 
4 140 143 (-1312 -928 384 ) (-1312 0 384 ) (-1120 0 384 ) (-1120 -928 384 ) 
4 140 142 (-1120 0 384 ) (-1104 0 384 ) (-1104 -928 384 ) (-1120 -928 384 ) 
4 140 141 (-1104 -928 400 ) (-1104 -928 1536 ) (-1312 -928 1536 ) (-1312 -928 400 ) 
4 141 287 (-1120 -1024 1536 ) (-1312 -1024 1536 ) (-1312 -1024 400 ) (-1120 -1024 400 ) 
4 141 286 (-1104 -1024 400 ) (-1104 -1024 1536 ) (-1120 -1024 1536 ) (-1120 -1024 400 ) 
4 141 157 (-1312 -1024 400 ) (-1312 -1024 1536 ) (-1312 -928 1536 ) (-1312 -928 400 ) 
4 142 147 (-1104 -496 352 ) (-1104 -832 352 ) (-1120 -832 352 ) (-1120 -496 352 ) 
4 142 146 (-1104 -464 352 ) (-1104 -496 352 ) (-1120 -496 352 ) (-1120 -464 352 ) 
4 142 145 (-1120 0 352 ) (-1104 0 352 ) (-1104 -464 352 ) (-1120 -464 352 ) 
4 142 143 (-1120 0 352 ) (-1120 -928 352 ) (-1120 -928 384 ) (-1120 0 384 ) 
4 143 159 (-1312 -928 384 ) (-1312 0 384 ) (-1312 0 352 ) (-1312 -928 352 ) 
4 143 150 (-1312 -496 352 ) (-1312 -464 352 ) (-1120 -464 352 ) (-1120 -496 352 ) 
4 143 149 (-1312 -464 352 ) (-1312 0 352 ) (-1120 0 352 ) (-1120 -464 352 ) 
4 143 151 (-1312 -928 352 ) (-1312 -496 352 ) (-1120 -496 352 ) (-1120 -928 352 ) 
4 144 288 (-1120 -1024 384 ) (-1312 -1024 384 ) (-1312 -1024 352 ) (-1120 -1024 352 ) 
4 144 152 (-1312 -1024 352 ) (-1312 -944 352 ) (-1120 -944 352 ) (-1120 -1024 352 ) 
4 145 154 (-1120 0 80 ) (-1104 0 80 ) (-1104 -464 80 ) (-1120 -464 80 ) 
4 145 149 (-1120 0 80 ) (-1120 -464 80 ) (-1120 -464 352 ) (-1120 0 352 ) 
4 145 146 (-1120 -464 352 ) (-1120 -464 208 ) (-1104 -464 208 ) (-1104 -464 352 ) 
4 146 150 (-1120 -496 208 ) (-1120 -496 352 ) (-1120 -464 352 ) (-1120 -464 208 ) 
4 146 147 (-1120 -496 352 ) (-1120 -496 208 ) (-1104 -496 208 ) (-1104 -496 352 ) 
4 147 151 (-1120 -832 208 ) (-1120 -832 352 ) (-1120 -496 352 ) (-1120 -496 208 ) 
4 147 148 (-1120 -752 208 ) (-1120 -576 208 ) (-1104 -576 208 ) (-1104 -752 208 ) 
6 148 151 (-1120 -533.333008 80 ) (-1120 -794.666992 80 ) (-1120 -800 144 ) (-1120 -752 208 ) (-1120 -576 208 ) (-1120 -528 144 ) 
4 149 161 (-1312 0 208 ) (-1312 0 80 ) (-1312 -464 80 ) (-1312 -464 208 ) 
4 149 159 (-1312 -464 352 ) (-1312 0 352 ) (-1312 0 208 ) (-1312 -464 208 ) 
4 149 154 (-1312 -464 80 ) (-1312 0 80 ) (-1120 0 80 ) (-1120 -464 80 ) 
4 149 150 (-1120 -464 208 ) (-1120 -464 352 ) (-1312 -464 352 ) (-1312 -464 208 ) 
4 150 159 (-1312 -496 352 ) (-1312 -464 352 ) (-1312 -464 208 ) (-1312 -496 208 ) 
4 150 151 (-1120 -496 208 ) (-1120 -496 352 ) (-1312 -496 352 ) (-1312 -496 208 ) 
4 151 159 (-1312 -928 352 ) (-1312 -496 352 ) (-1312 -496 208 ) (-1312 -928 208 ) 
6 151 153 (-1312 -928 80 ) (-1120 -928 80 ) (-1120 -928 192 ) (-1168 -928 224 ) (-1264 -928 224 ) (-1312 -928 192 ) 
4 151 152 (-1120 -928 240 ) (-1120 -928 352 ) (-1312 -928 352 ) (-1312 -928 240 ) 
4 152 288 (-1120 -1024 352 ) (-1312 -1024 352 ) (-1312 -1024 240 ) (-1120 -1024 240 ) 
6 153 289 (-1312 -1024 192 ) (-1312 -1024 80 ) (-1120 -1024 80 ) (-1120 -1024 192 ) (-1168 -1024 224 ) (-1264 -1024 224 ) 
4 154 161 (-1312 -464 80 ) (-1312 0 80 ) (-1312 0 48 ) (-1312 -464 48 ) 
4 154 155 (-1312 -464 48 ) (-1312 0 48 ) (-1104 0 48 ) (-1104 -464 48 ) 
4 155 290 (-1104 -1024 0 ) (-1104 -1024 48 ) (-1312 -1024 48 ) (-1312 -1024 0 ) 
4 155 162 (-1312 -1024 0 ) (-1312 -1024 48 ) (-1312 -480 48 ) (-1312 -480 0 ) 
4 155 161 (-1312 -480 48 ) (-1312 0 48 ) (-1312 0 0 ) (-1312 -480 0 ) 
4 156 159 (-1328 0 384 ) (-1312 0 384 ) (-1312 -928 384 ) (-1328 -928 384 ) 
4 156 157 (-1328 -928 1536 ) (-1328 -928 400 ) (-1312 -928 400 ) (-1312 -928 1536 ) 
4 156 158 (-1328 0 384 ) (-1328 -928 384 ) (-1328 -928 1536 ) (-1328 0 1536 ) 
4 157 292 (-1312 -1024 400 ) (-1312 -1024 1536 ) (-1328 -1024 1536 ) (-1328 -1024 400 ) 
4 157 158 (-1328 -1024 400 ) (-1328 -1024 1536 ) (-1328 -928 1536 ) (-1328 -928 400 ) 
4 158 350 (-2048 0 1536 ) (-2048 0 384 ) (-2048 -1024 384 ) (-2048 -1024 1536 ) 
4 158 293 (-2048 -1024 1536 ) (-2048 -1024 384 ) (-1328 -1024 384 ) (-1328 -1024 1536 ) 
4 158 160 (-2048 -1024 384 ) (-2048 0 384 ) (-1328 0 384 ) (-1328 -1024 384 ) 
4 159 161 (-1312 0 208 ) (-1312 -480 208 ) (-1328 -480 208 ) (-1328 0 208 ) 
4 159 160 (-1328 0 208 ) (-1328 -928 208 ) (-1328 -928 384 ) (-1328 0 384 ) 
4 160 350 (-2048 0 384 ) (-2048 0 208 ) (-2048 -1024 208 ) (-2048 -1024 384 ) 
4 160 294 (-2048 -1024 384 ) (-2048 -1024 208 ) (-1328 -1024 208 ) (-1328 -1024 384 ) 
4 160 163 (-1328 -1024 208 ) (-2048 -1024 208 ) (-2048 0 208 ) (-1328 0 208 ) 
4 161 162 (-1328 -480 64.842102 ) (-1328 -480 0 ) (-1312 -480 0 ) (-1312 -480 64.842102 ) 
4 161 163 (-1328 0 0 ) (-1328 -480 0 ) (-1328 -480 208 ) (-1328 0 208 ) 
4 162 295 (-1328 -1024 0 ) (-1312 -1024 0 ) (-1312 -1024 64.842102 ) (-1328 -1024 64.842102 ) 
4 162 163 (-1328 -480 0 ) (-1328 -1024 0 ) (-1328 -1024 64.842102 ) (-1328 -480 64.842102 ) 
4 163 350 (-2048 0 208 ) (-2048 0 0 ) (-2048 -1024 0 ) (-2048 -1024 208 ) 
4 163 296 (-2048 -1024 208 ) (-2048 -1024 0 ) (-1328 -1024 0 ) (-1328 -1024 208 ) 
4 164 174 (0 -1136 400 ) (0 -1136 1536 ) (-352 -1136 1536 ) (-352 -1136 400 ) 
4 164 167 (-352 -1040 400 ) (-352 -1056 400 ) (-352 -1056 1536 ) (-352 -1040 1536 ) 
4 164 166 (-352 -1024 1536 ) (-352 -1024 400 ) (-352 -1040 400 ) (-352 -1040 1536 ) 
4 164 168 (-352 -1056 400 ) (-352 -1136 400 ) (-352 -1136 1536 ) (-352 -1056 1536 ) 
4 164 165 (0 -1136 400 ) (-336 -1136 400 ) (-336 -1024 400 ) (0 -1024 400 ) 
4 165 204 (-112 -1136 240 ) (-336 -1136 240 ) (-336 -1056 240 ) (-112 -1056 240 ) 
4 165 203 (0 -1056 240 ) (0 -1136 240 ) (-112 -1136 240 ) (-112 -1056 240 ) 
4 165 202 (-336 -1024 240 ) (0 -1024 240 ) (0 -1056 240 ) (-336 -1056 240 ) 
4 165 180 (-336 -1136 240 ) (-116 -1136 240 ) (-116 -1136 274 ) (-336 -1136 274 ) 
4 165 179 (-116 -1136 240 ) (-112 -1136 240 ) (-112 -1136 274 ) (-116 -1136 274 ) 
4 165 176 (-112 -1136 276 ) (-112 -1136 400 ) (-336 -1136 400 ) (-336 -1136 276 ) 
4 165 175 (-112 -1136 240 ) (0 -1136 240 ) (0 -1136 400 ) (-112 -1136 400 ) 
4 166 194 (-592 -1024 360 ) (-592 -1024 336 ) (-592 -1040 336 ) (-592 -1040 360 ) 
4 166 193 (-592 -1024 1536 ) (-592 -1024 360 ) (-592 -1040 360 ) (-592 -1040 1536 ) 
4 166 169 (-352 -1024 336 ) (-352 -1040 336 ) (-592 -1040 336 ) (-592 -1024 336 ) 
4 166 167 (-352 -1040 360 ) (-352 -1040 1536 ) (-592 -1040 1536 ) (-592 -1040 360 ) 
4 167 193 (-592 -1056 360 ) (-592 -1056 1536 ) (-592 -1040 1536 ) (-592 -1040 360 ) 
4 167 168 (-352 -1056 360 ) (-352 -1056 1536 ) (-592 -1056 1536 ) (-592 -1056 360 ) 
4 168 196 (-592 -1080 336 ) (-592 -1136 336 ) (-592 -1136 360 ) (-592 -1080 360 ) 
4 168 193 (-592 -1136 360 ) (-592 -1136 1536 ) (-592 -1056 1536 ) (-592 -1056 360 ) 
4 168 182 (-359.680023 -1136 336 ) (-352 -1136 336 ) (-352 -1136 400 ) (-359.680023 -1136 400 ) 
4 168 192 (-592 -1136 400 ) (-592 -1136 336 ) (-359.680023 -1136 336 ) (-359.680023 -1136 400 ) 
4 168 174 (-592 -1136 1536 ) (-592 -1136 400 ) (-352 -1136 400 ) (-352 -1136 1536 ) 
4 168 171 (-352 -1056 336 ) (-352 -1136 336 ) (-592 -1136 336 ) (-592 -1056 336 ) 
4 169 194 (-592 -1024 336 ) (-592 -1024 288 ) (-592 -1040 288 ) (-592 -1040 336 ) 
4 169 172 (-352 -1024 288 ) (-352 -1040 288 ) (-592 -1040 288 ) (-592 -1024 288 ) 
4 169 170 (-560 -1040 288 ) (-448 -1040 288 ) (-448 -1040 336 ) (-560 -1040 336 ) 
4 170 171 (-560 -1056 288 ) (-448 -1056 288 ) (-448 -1056 336 ) (-560 -1056 336 ) 
4 171 196 (-592 -1080 288 ) (-592 -1136 288 ) (-592 -1136 336 ) (-592 -1080 336 ) 
4 171 182 (-359.680023 -1136 288 ) (-352 -1136 288 ) (-352 -1136 336 ) (-359.680023 -1136 336 ) 
4 171 192 (-592 -1136 336 ) (-592 -1136 288 ) (-359.680023 -1136 288 ) (-359.680023 -1136 336 ) 
4 171 173 (-352 -1056 288 ) (-352 -1136 288 ) (-592 -1136 288 ) (-592 -1056 288 ) 
4 172 194 (-592 -1024 288 ) (-592 -1024 240 ) (-592 -1040 240 ) (-592 -1040 288 ) 
4 173 205 (-592 -1136 240 ) (-592 -1056 240 ) (-352 -1056 240 ) (-352 -1136 240 ) 
4 173 196 (-592 -1080 240 ) (-592 -1136 240 ) (-592 -1136 288 ) (-592 -1080 288 ) 
4 173 182 (-359.680023 -1136 240 ) (-352 -1136 240 ) (-352 -1136 288 ) (-359.680023 -1136 288 ) 
4 173 192 (-592 -1136 288 ) (-592 -1136 240 ) (-359.680023 -1136 240 ) (-359.680023 -1136 288 ) 
4 174 206 (0 -1392 400 ) (0 -1392 1536 ) (-592 -1392 1536 ) (-592 -1392 400 ) 
4 174 193 (-592 -1392 400 ) (-592 -1392 1536 ) (-592 -1136 1536 ) (-592 -1136 400 ) 
4 174 190 (-329.279999 -1392 400 ) (-336 -1392 400 ) (-336 -1296 400 ) (-329.279999 -1296 400 ) 
4 174 191 (-352 -1392 400 ) (-359.680023 -1392 400 ) (-359.680023 -1296 400 ) (-352 -1296 400 ) 
4 174 187 (-336 -1216 400 ) (-329.279999 -1216 400 ) (-329.279999 -1296 400 ) (-336 -1296 400 ) 
4 174 188 (-359.680023 -1296 400 ) (-359.680023 -1216 400 ) (-352 -1216 400 ) (-352 -1296 400 ) 
4 174 183 (-112 -1392 400 ) (-116 -1392 400 ) (-116 -1216 400 ) (-112 -1216 400 ) 
4 174 184 (-116 -1392 400 ) (-329.279999 -1392 400 ) (-329.279999 -1216 400 ) (-116 -1216 400 ) 
4 174 182 (-359.680023 -1216 400 ) (-359.680023 -1136 400 ) (-352 -1136 400 ) (-352 -1216 400 ) 
4 174 177 (-112 -1140 400 ) (-112 -1216 400 ) (-116 -1216 400 ) (-116 -1140 400 ) 
4 174 178 (-116 -1216 400 ) (-336 -1216 400 ) (-336 -1140 400 ) (-116 -1140 400 ) 
4 174 176 (-336 -1136 400 ) (-112 -1136 400 ) (-112 -1140 400 ) (-336 -1140 400 ) 
4 174 175 (0 -1392 400 ) (-112 -1392 400 ) (-112 -1136 400 ) (0 -1136 400 ) 
4 174 192 (-359.680023 -1392 400 ) (-592 -1392 400 ) (-592 -1136 400 ) (-359.680023 -1136 400 ) 
4 175 207 (-112 -1392 240 ) (0 -1392 240 ) (0 -1392 400 ) (-112 -1392 400 ) 
4 175 203 (0 -1392 240 ) (-112 -1392 240 ) (-112 -1136 240 ) (0 -1136 240 ) 
4 175 185 (-112 -1216 274 ) (-112 -1216 240 ) (-112 -1392 240 ) (-112 -1392 274 ) 
4 175 183 (-112 -1392 400 ) (-112 -1216 400 ) (-112 -1216 276 ) (-112 -1392 276 ) 
4 175 179 (-112 -1136 274 ) (-112 -1136 240 ) (-112 -1216 240 ) (-112 -1216 274 ) 
4 175 177 (-112 -1216 400 ) (-112 -1140 400 ) (-112 -1140 276 ) (-112 -1216 276 ) 
4 175 176 (-112 -1140 400 ) (-112 -1136 400 ) (-112 -1136 276 ) (-112 -1140 276 ) 
4 176 177 (-116 -1140 276 ) (-112 -1140 276 ) (-112 -1140 400 ) (-116 -1140 400 ) 
4 176 178 (-336 -1140 400 ) (-336 -1140 276 ) (-116 -1140 276 ) (-116 -1140 400 ) 
4 177 183 (-112 -1216 276 ) (-112 -1216 400 ) (-116 -1216 400 ) (-116 -1216 276 ) 
4 177 178 (-116 -1140 400 ) (-116 -1140 276 ) (-116 -1216 276 ) (-116 -1216 400 ) 
4 178 187 (-329.279999 -1216 400 ) (-336 -1216 400 ) (-336 -1216 360 ) (-329.279999 -1216 360 ) 
4 178 184 (-116 -1216 400 ) (-329.279999 -1216 400 ) (-329.279999 -1216 274 ) (-116 -1216 274 ) 
4 178 181 (-116 -1216 274 ) (-336 -1216 274 ) (-336 -1140 274 ) (-116 -1140 274 ) 
4 179 185 (-116 -1216 240 ) (-112 -1216 240 ) (-112 -1216 274 ) (-116 -1216 274 ) 
4 179 181 (-116 -1216 240 ) (-116 -1216 274 ) (-116 -1140 274 ) (-116 -1140 240 ) 
4 179 180 (-116 -1140 274 ) (-116 -1136 274 ) (-116 -1136 240 ) (-116 -1140 240 ) 
4 180 181 (-116 -1140 240 ) (-116 -1140 274 ) (-336 -1140 274 ) (-336 -1140 240 ) 
4 181 186 (-329.279999 -1216 240 ) (-116 -1216 240 ) (-116 -1216 274 ) (-329.279999 -1216 274 ) 
4 182 205 (-359.680023 -1152 240 ) (-359.680023 -1136 240 ) (-352 -1136 240 ) (-352 -1152 240 ) 
4 182 188 (-359.680023 -1216 400 ) (-359.680023 -1216 360 ) (-352 -1216 360 ) (-352 -1216 400 ) 
4 182 192 (-359.680023 -1216 400 ) (-359.680023 -1136 400 ) (-359.680023 -1136 240 ) (-359.680023 -1216 240 ) 
4 183 184 (-116 -1216 400 ) (-116 -1216 276 ) (-116 -1392 276 ) (-116 -1392 400 ) 
4 184 190 (-329.279999 -1296 274 ) (-329.279999 -1392 274 ) (-329.279999 -1392 400 ) (-329.279999 -1296 400 ) 
4 184 189 (-329.279999 -1224 274 ) (-329.279999 -1288 274 ) (-329.279999 -1288 336 ) (-329.279999 -1224 336 ) 
4 184 187 (-329.279999 -1216 400 ) (-329.279999 -1216 360 ) (-329.279999 -1296 360 ) (-329.279999 -1296 400 ) 
4 184 186 (-329.279999 -1392 274 ) (-329.279999 -1216 274 ) (-116 -1216 274 ) (-116 -1392 274 ) 
4 185 186 (-116 -1392 274 ) (-116 -1216 274 ) (-116 -1216 240 ) (-116 -1392 240 ) 
4 186 190 (-329.279999 -1296 240 ) (-329.279999 -1392 240 ) (-329.279999 -1392 274 ) (-329.279999 -1296 274 ) 
4 186 189 (-329.279999 -1224 240 ) (-329.279999 -1288 240 ) (-329.279999 -1288 274 ) (-329.279999 -1224 274 ) 
4 187 190 (-336 -1296 360 ) (-329.279999 -1296 360 ) (-329.279999 -1296 400 ) (-336 -1296 400 ) 
4 188 191 (-359.680023 -1296 400 ) (-359.680023 -1296 360 ) (-352 -1296 360 ) (-352 -1296 400 ) 
4 188 192 (-359.680023 -1296 400 ) (-359.680023 -1216 400 ) (-359.680023 -1216 360 ) (-359.680023 -1296 360 ) 
4 189 192 (-359.680023 -1224 240 ) (-359.680023 -1288 240 ) (-359.680023 -1288 336 ) (-359.680023 -1224 336 ) 
4 191 192 (-359.680023 -1392 400 ) (-359.680023 -1296 400 ) (-359.680023 -1296 240 ) (-359.680023 -1392 240 ) 
4 192 216 (-592 -1392 240 ) (-528 -1392 240 ) (-528 -1392 400 ) (-592 -1392 400 ) 
4 192 205 (-592 -1152 240 ) (-592 -1136 240 ) (-359.680023 -1136 240 ) (-359.680023 -1152 240 ) 
4 192 196 (-592 -1136 240 ) (-592 -1392 240 ) (-592 -1392 360 ) (-592 -1136 360 ) 
4 192 193 (-592 -1392 360 ) (-592 -1392 400 ) (-592 -1136 400 ) (-592 -1136 360 ) 
4 193 216 (-592 -1392 360 ) (-592 -1392 400 ) (-672 -1392 400 ) (-672 -1392 360 ) 
4 193 206 (-592 -1392 400 ) (-592 -1392 1536 ) (-672 -1392 1536 ) (-672 -1392 400 ) 
4 193 200 (-672 -1392 360 ) (-672 -1392 1536 ) (-672 -1056 1536 ) (-672 -1056 360 ) 
4 193 197 (-672 -1056 1536 ) (-672 -1024 1536 ) (-672 -1024 360 ) (-672 -1056 360 ) 
4 193 194 (-672 -1040 360 ) (-672 -1024 360 ) (-592 -1024 360 ) (-592 -1040 360 ) 
4 193 196 (-672 -1392 360 ) (-672 -1080 360 ) (-592 -1080 360 ) (-592 -1392 360 ) 
4 194 199 (-672 -1024 240 ) (-672 -1040 240 ) (-672 -1040 256 ) (-672 -1024 256 ) 
4 194 197 (-672 -1040 256 ) (-672 -1040 360 ) (-672 -1024 360 ) (-672 -1024 256 ) 
4 194 195 (-664 -1040 336 ) (-664 -1040 240 ) (-600 -1040 240 ) (-600 -1040 336 ) 
4 195 196 (-664 -1080 336 ) (-664 -1080 240 ) (-600 -1080 240 ) (-600 -1080 336 ) 
4 196 216 (-672 -1392 240 ) (-592 -1392 240 ) (-592 -1392 360 ) (-672 -1392 360 ) 
4 196 201 (-672 -1080 240 ) (-672 -1392 240 ) (-672 -1392 288 ) (-672 -1080 288 ) 
4 196 200 (-672 -1392 288 ) (-672 -1392 360 ) (-672 -1080 360 ) (-672 -1080 288 ) 
4 197 200 (-672 -1056 288 ) (-672 -1056 1536 ) (-832 -1056 1536 ) (-832 -1056 288 ) 
4 197 199 (-672 -1056 256 ) (-704 -1056 256 ) (-704 -1024 256 ) (-672 -1024 256 ) 
4 197 198 (-832 -1056 400 ) (-832 -1056 1536 ) (-832 -1024 1536 ) (-832 -1024 400 ) 
4 198 221 (-848 -1024 1536 ) (-848 -1024 400 ) (-848 -1056 400 ) (-848 -1056 1536 ) 
4 198 200 (-848 -1056 1536 ) (-848 -1056 400 ) (-832 -1056 400 ) (-832 -1056 1536 ) 
4 200 223 (-848 -1392 288 ) (-848 -1392 368 ) (-848 -1336 368 ) (-848 -1336 288 ) 
4 200 221 (-848 -1392 400 ) (-848 -1392 1536 ) (-848 -1056 1536 ) (-848 -1056 400 ) 
4 200 216 (-848 -1392 400 ) (-848 -1392 288 ) (-672 -1392 288 ) (-672 -1392 400 ) 
4 200 206 (-848 -1392 1536 ) (-848 -1392 400 ) (-672 -1392 400 ) (-672 -1392 1536 ) 
4 200 201 (-672 -1072 288 ) (-672 -1392 288 ) (-848 -1392 288 ) (-848 -1072 288 ) 
4 201 223 (-848 -1392 240 ) (-848 -1392 288 ) (-848 -1336 288 ) (-848 -1336 240 ) 
4 201 216 (-848 -1392 288 ) (-848 -1392 240 ) (-672 -1392 240 ) (-672 -1392 288 ) 
4 202 234 (0 -1040 224 ) (0 -1056 224 ) (-336 -1056 224 ) (-336 -1040 224 ) 
4 202 232 (-336 -1024 224 ) (0 -1024 224 ) (0 -1040 224 ) (-336 -1040 224 ) 
4 202 204 (-112 -1056 240 ) (-336 -1056 240 ) (-336 -1056 224 ) (-112 -1056 224 ) 
4 202 203 (0 -1056 240 ) (-112 -1056 240 ) (-112 -1056 224 ) (0 -1056 224 ) 
4 203 244 (0 -1152 224 ) (0 -1392 224 ) (-112 -1392 224 ) (-112 -1152 224 ) 
4 203 241 (0 -1136 224 ) (0 -1152 224 ) (-112 -1152 224 ) (-112 -1136 224 ) 
4 203 236 (0 -1056 224 ) (0 -1136 224 ) (-112 -1136 224 ) (-112 -1056 224 ) 
4 203 207 (-112 -1392 224 ) (0 -1392 224 ) (0 -1392 240 ) (-112 -1392 240 ) 
4 203 204 (-112 -1056 240 ) (-112 -1056 224 ) (-112 -1136 224 ) (-112 -1136 240 ) 
4 204 239 (-336 -1136 224 ) (-336 -1056 224 ) (-257.522034 -1056 224 ) (-257.522034 -1136 224 ) 
4 204 238 (-177.522018 -1135 224 ) (-177.522018 -1136 224 ) (-257.522034 -1136 224 ) (-257.522034 -1135 224 ) 
4 204 237 (-257.522034 -1056 224 ) (-177.522018 -1056 224 ) (-177.522018 -1135 224 ) (-257.522034 -1135 224 ) 
4 204 236 (-177.522018 -1056 224 ) (-112 -1056 224 ) (-112 -1136 224 ) (-177.522018 -1136 224 ) 
4 205 243 (-592 -1152 224 ) (-592 -1136 224 ) (-352 -1136 224 ) (-352 -1152 224 ) 
4 205 240 (-592 -1136 224 ) (-592 -1056 224 ) (-352 -1056 224 ) (-352 -1136 224 ) 
4 206 340 (-240 -2048 1536 ) (-848 -2048 1536 ) (-848 -2048 400 ) (-240 -2048 400 ) 
4 206 338 (0 -2048 400 ) (0 -2048 1536 ) (-240 -2048 1536 ) (-240 -2048 400 ) 
4 206 221 (-848 -2048 400 ) (-848 -2048 1536 ) (-848 -1392 1536 ) (-848 -1392 400 ) 
4 206 218 (-512 -1840 400 ) (-512 -2048 400 ) (-688 -2048 400 ) (-688 -1840 400 ) 
4 206 217 (-688 -1488 400 ) (-512 -1488 400 ) (-512 -1840 400 ) (-688 -1840 400 ) 
4 206 220 (-848 -2048 400 ) (-848 -1488 400 ) (-688 -1488 400 ) (-688 -2048 400 ) 
4 206 216 (-848 -1472 400 ) (-848 -1392 400 ) (-528 -1392 400 ) (-528 -1472 400 ) 
4 206 214 (-480 -2048 400 ) (-512 -2048 400 ) (-512 -1840 400 ) (-480 -1840 400 ) 
4 206 213 (-512 -1840 400 ) (-512 -1408 400 ) (-480 -1408 400 ) (-480 -1840 400 ) 
4 206 211 (-256 -2048 400 ) (-480 -2048 400 ) (-480 -1408 400 ) (-256 -1408 400 ) 
4 206 209 (-240 -1472 400 ) (-240 -1408 400 ) (-208 -1408 400 ) (-208 -1472 400 ) 
4 206 208 (0 -1408 400 ) (0 -2048 400 ) (-208 -2048 400 ) (-208 -1408 400 ) 
4 206 210 (-240 -2048 400 ) (-256 -2048 400 ) (-256 -1408 400 ) (-240 -1408 400 ) 
4 206 207 (-112 -1392 400 ) (0 -1392 400 ) (0 -1408 400 ) (-112 -1408 400 ) 
4 207 244 (0 -1392 224 ) (0 -1408 224 ) (-112 -1408 224 ) (-112 -1392 224 ) 
4 207 208 (-112 -1408 224 ) (0 -1408 224 ) (0 -1408 400 ) (-112 -1408 400 ) 
4 208 339 (0 -2048 224 ) (0 -2048 400 ) (-208 -2048 400 ) (-208 -2048 224 ) 
4 208 249 (0 -1408 224 ) (0 -2048 224 ) (-208 -2048 224 ) (-208 -1408 224 ) 
4 208 209 (-208 -1408 400 ) (-208 -1408 224 ) (-208 -1472 224 ) (-208 -1472 400 ) 
4 209 250 (-240 -1472 224 ) (-240 -1408 224 ) (-208 -1408 224 ) (-208 -1472 224 ) 
4 209 210 (-240 -1408 400 ) (-240 -1408 224 ) (-240 -1472 224 ) (-240 -1472 400 ) 
4 210 343 (-256 -2048 288 ) (-256 -2048 224 ) (-240 -2048 224 ) (-240 -2048 288 ) 
4 210 341 (-256 -2048 304 ) (-256 -2048 288 ) (-240 -2048 288 ) (-240 -2048 304 ) 
4 210 340 (-240 -2048 400 ) (-256 -2048 400 ) (-256 -2048 304 ) (-240 -2048 304 ) 
4 210 251 (-240 -2048 224 ) (-256 -2048 224 ) (-256 -1408 224 ) (-240 -1408 224 ) 
4 210 211 (-256 -1408 400 ) (-256 -1408 304 ) (-256 -2048 304 ) (-256 -2048 400 ) 
4 210 212 (-256 -1408 288 ) (-256 -1408 224 ) (-256 -2048 224 ) (-256 -2048 288 ) 
4 211 340 (-256 -2048 400 ) (-480 -2048 400 ) (-480 -2048 304 ) (-256 -2048 304 ) 
4 211 214 (-480 -1840 304 ) (-480 -2048 304 ) (-480 -2048 400 ) (-480 -1840 400 ) 
4 211 213 (-480 -1408 400 ) (-480 -1408 304 ) (-480 -1840 304 ) (-480 -1840 400 ) 
4 212 343 (-480 -2048 288 ) (-480 -2048 224 ) (-256 -2048 224 ) (-256 -2048 288 ) 
4 212 251 (-256 -2048 224 ) (-480 -2048 224 ) (-480 -1408 224 ) (-256 -1408 224 ) 
4 212 215 (-480 -1840 224 ) (-480 -2048 224 ) (-480 -2048 288 ) (-480 -1840 288 ) 
4 212 213 (-480 -1408 288 ) (-480 -1408 224 ) (-480 -1840 224 ) (-480 -1840 288 ) 
4 213 256 (-512 -1840 224 ) (-512 -1680 224 ) (-480 -1680 224 ) (-480 -1840 224 ) 
4 213 255 (-512 -1680 224 ) (-512 -1664 224 ) (-480 -1664 224 ) (-480 -1680 224 ) 
4 213 252 (-512 -1664 224 ) (-512 -1408 224 ) (-480 -1408 224 ) (-480 -1664 224 ) 
4 213 217 (-512 -1840 400 ) (-512 -1488 400 ) (-512 -1488 224 ) (-512 -1840 224 ) 
4 213 214 (-512 -1840 400 ) (-512 -1840 304 ) (-480 -1840 304 ) (-480 -1840 400 ) 
4 213 215 (-512 -1840 288 ) (-512 -1840 224 ) (-480 -1840 224 ) (-480 -1840 288 ) 
4 214 340 (-480 -2048 400 ) (-512 -2048 400 ) (-512 -2048 304 ) (-480 -2048 304 ) 
4 214 218 (-512 -2048 400 ) (-512 -1840 400 ) (-512 -1840 304 ) (-512 -2048 304 ) 
4 215 343 (-512 -2048 288 ) (-512 -2048 224 ) (-480 -2048 224 ) (-480 -2048 288 ) 
4 215 257 (-480 -2048 224 ) (-512 -2048 224 ) (-512 -1840 224 ) (-480 -1840 224 ) 
4 215 219 (-512 -1840 288 ) (-512 -1840 224 ) (-512 -2048 224 ) (-512 -2048 288 ) 
4 216 223 (-848 -1392 368 ) (-848 -1392 240 ) (-848 -1416 240 ) (-848 -1416 368 ) 
4 217 256 (-688 -1840 224 ) (-688 -1680 224 ) (-512 -1680 224 ) (-512 -1840 224 ) 
4 217 218 (-688 -1840 400 ) (-688 -1840 304 ) (-512 -1840 304 ) (-512 -1840 400 ) 
4 217 219 (-688 -1840 288 ) (-688 -1840 224 ) (-512 -1840 224 ) (-512 -1840 288 ) 
4 217 220 (-688 -1488 400 ) (-688 -1488 224 ) (-688 -1840 224 ) (-688 -1840 400 ) 
4 218 340 (-512 -2048 400 ) (-688 -2048 400 ) (-688 -2048 304 ) (-512 -2048 304 ) 
4 218 220 (-688 -2048 304 ) (-688 -2048 400 ) (-688 -1840 400 ) (-688 -1840 304 ) 
4 219 343 (-688 -2048 288 ) (-688 -2048 224 ) (-512 -2048 224 ) (-512 -2048 288 ) 
4 219 257 (-512 -2048 224 ) (-688 -2048 224 ) (-688 -1840 224 ) (-512 -1840 224 ) 
4 219 220 (-688 -1840 224 ) (-688 -2048 224 ) (-688 -2048 288 ) (-688 -1840 288 ) 
4 220 344 (-848 -2048 288 ) (-848 -2048 224 ) (-688 -2048 224 ) (-688 -2048 288 ) 
4 220 342 (-848 -2048 304 ) (-848 -2048 288 ) (-688 -2048 288 ) (-688 -2048 304 ) 
4 220 340 (-688 -2048 400 ) (-848 -2048 400 ) (-848 -2048 304 ) (-688 -2048 304 ) 
4 220 257 (-688 -2048 224 ) (-736 -2048 224 ) (-736 -1840 224 ) (-688 -1840 224 ) 
4 220 256 (-736 -1840 224 ) (-736 -1680 224 ) (-688 -1680 224 ) (-688 -1840 224 ) 
4 220 258 (-736 -2048 224 ) (-848 -2048 224 ) (-848 -1680 224 ) (-736 -1680 224 ) 
4 220 224 (-848 -1488 224 ) (-848 -2048 224 ) (-848 -2048 400 ) (-848 -1488 400 ) 
4 221 340 (-864 -2048 1536 ) (-864 -2048 400 ) (-848 -2048 400 ) (-848 -2048 1536 ) 
4 221 225 (-864 -1024 1536 ) (-864 -1024 400 ) (-864 -1440 400 ) (-864 -1440 1536 ) 
4 221 226 (-864 -1440 400 ) (-864 -2048 400 ) (-864 -2048 1536 ) (-864 -1440 1536 ) 
4 221 224 (-864 -2048 400 ) (-864 -1488 400 ) (-848 -1488 400 ) (-848 -2048 400 ) 
4 222 259 (-864 -1024 224 ) (-848 -1024 224 ) (-848 -1056 224 ) (-864 -1056 224 ) 
4 222 227 (-864 -1024 352 ) (-864 -1024 224 ) (-864 -1056 224 ) (-864 -1056 352 ) 
4 223 229 (-864 -1416 240 ) (-864 -1416 368 ) (-864 -1336 368 ) (-864 -1336 240 ) 
4 224 344 (-864 -2048 288 ) (-864 -2048 224 ) (-848 -2048 224 ) (-848 -2048 288 ) 
4 224 342 (-864 -2048 304 ) (-864 -2048 288 ) (-848 -2048 288 ) (-848 -2048 304 ) 
4 224 340 (-864 -2048 400 ) (-864 -2048 304 ) (-848 -2048 304 ) (-848 -2048 400 ) 
4 224 262 (-848 -2032 224 ) (-848 -2048 224 ) (-864 -2048 224 ) (-864 -2032 224 ) 
4 224 231 (-864 -2032 224 ) (-864 -2048 224 ) (-864 -2048 240 ) (-864 -2032 240 ) 
4 224 230 (-864 -2048 240 ) (-864 -2048 384 ) (-864 -1488 384 ) (-864 -1488 240 ) 
4 224 226 (-864 -2048 384 ) (-864 -2048 400 ) (-864 -1488 400 ) (-864 -1488 384 ) 
4 225 297 (-1024 -1072 400 ) (-1024 -1440 400 ) (-1024 -1440 1536 ) (-1024 -1072 1536 ) 
4 225 282 (-1024 -1024 1536 ) (-1024 -1024 400 ) (-1024 -1072 400 ) (-1024 -1072 1536 ) 
4 225 226 (-864 -1440 400 ) (-864 -1440 1536 ) (-1024 -1440 1536 ) (-1024 -1440 400 ) 
4 226 340 (-1024 -2048 1536 ) (-1024 -2048 384 ) (-864 -2048 384 ) (-864 -2048 1536 ) 
4 226 298 (-1024 -1440 384 ) (-1024 -2048 384 ) (-1024 -2048 400 ) (-1024 -1440 400 ) 
4 226 297 (-1024 -2048 400 ) (-1024 -2048 1536 ) (-1024 -1440 1536 ) (-1024 -1440 400 ) 
4 226 230 (-864 -1440 384 ) (-864 -2048 384 ) (-1024 -2048 384 ) (-1024 -1440 384 ) 
4 227 283 (-1024 -1024 352 ) (-1024 -1024 224 ) (-1024 -1056 224 ) (-1024 -1056 352 ) 
4 227 263 (-1024 -1024 224 ) (-864 -1024 224 ) (-864 -1056 224 ) (-1024 -1056 224 ) 
4 228 307 (-1024 -1072 224 ) (-1024 -1248 224 ) (-1024 -1248 240 ) (-1024 -1072 240 ) 
4 228 301 (-1024 -1248 240 ) (-1024 -1248 384 ) (-1024 -1072 384 ) (-1024 -1072 240 ) 
4 228 265 (-864 -1072 224 ) (-864 -1248 224 ) (-1024 -1248 224 ) (-1024 -1072 224 ) 
4 228 229 (-864 -1248 240 ) (-864 -1248 384 ) (-1024 -1248 384 ) (-1024 -1248 240 ) 
4 229 301 (-1024 -1424 240 ) (-1024 -1424 384 ) (-1024 -1248 384 ) (-1024 -1248 240 ) 
4 230 344 (-1024 -2048 288 ) (-1024 -2048 240 ) (-864 -2048 240 ) (-864 -2048 288 ) 
4 230 342 (-1024 -2048 304 ) (-1024 -2048 288 ) (-864 -2048 288 ) (-864 -2048 304 ) 
4 230 340 (-1024 -2048 384 ) (-1024 -2048 304 ) (-864 -2048 304 ) (-864 -2048 384 ) 
4 230 302 (-1024 -2048 240 ) (-1024 -2048 384 ) (-1024 -1440 384 ) (-1024 -1440 240 ) 
4 230 231 (-864 -2032 240 ) (-864 -2048 240 ) (-1024 -2048 240 ) (-1024 -2032 240 ) 
4 231 344 (-1024 -2048 240 ) (-1024 -2048 224 ) (-864 -2048 224 ) (-864 -2048 240 ) 
4 231 308 (-1024 -2032 224 ) (-1024 -2048 224 ) (-1024 -2048 240 ) (-1024 -2032 240 ) 
4 231 271 (-864 -2032 224 ) (-864 -2048 224 ) (-1024 -2048 224 ) (-1024 -2032 224 ) 
4 232 272 (-288 -1024 64 ) (0 -1024 64 ) (0 -1040 64 ) (-288 -1040 64 ) 
4 232 234 (-336 -1040 64 ) (0 -1040 64 ) (0 -1040 224 ) (-336 -1040 224 ) 
4 233 235 (-672 -1040 192 ) (-672 -1040 80 ) (-592 -1040 80 ) (-592 -1040 192 ) 
4 234 272 (0 -1040 64 ) (0 -1056 64 ) (-288 -1056 64 ) (-288 -1040 64 ) 
4 234 239 (-336 -1056 64 ) (-257.522034 -1056 64 ) (-257.522034 -1056 224 ) (-336 -1056 224 ) 
4 234 237 (-257.522034 -1056 64 ) (-177.522018 -1056 64 ) (-177.522018 -1056 224 ) (-257.522034 -1056 224 ) 
4 234 236 (-177.522018 -1056 64 ) (0 -1056 64 ) (0 -1056 224 ) (-177.522018 -1056 224 ) 
4 235 240 (-592 -1056 80 ) (-592 -1056 192 ) (-672 -1056 192 ) (-672 -1056 80 ) 
4 236 272 (0 -1056 64 ) (0 -1136 64 ) (-177.522018 -1136 64 ) (-177.522018 -1056 64 ) 
4 236 242 (-177.522018 -1136 192 ) (-177.522018 -1136 115.585999 ) (-176 -1136 115.585999 ) (-176 -1136 192 ) 
4 236 241 (-112 -1136 64 ) (0 -1136 64 ) (0 -1136 224 ) (-112 -1136 224 ) 
4 236 238 (-177.522018 -1136 115.585999 ) (-177.522018 -1136 224 ) (-177.522018 -1135 224 ) (-177.522018 -1135 115.585999 ) 
4 236 237 (-177.522018 -1056 224 ) (-177.522018 -1056 64 ) (-177.522018 -1135 64 ) (-177.522018 -1135 224 ) 
4 237 272 (-257.522034 -1135 64 ) (-257.522034 -1056 64 ) (-177.522018 -1056 64 ) (-177.522018 -1135 64 ) 
4 237 239 (-257.522034 -1056 224 ) (-257.522034 -1056 64 ) (-257.522034 -1135 64 ) (-257.522034 -1135 224 ) 
4 237 238 (-257.522034 -1135 224 ) (-257.522034 -1135 115.585999 ) (-177.522018 -1135 115.585999 ) (-177.522018 -1135 224 ) 
4 238 242 (-177.522018 -1136 115.585999 ) (-177.522018 -1136 192 ) (-256 -1136 192 ) (-256 -1136 115.585999 ) 
4 238 239 (-257.522034 -1136 115.585999 ) (-257.522034 -1136 224 ) (-257.522034 -1135 224 ) (-257.522034 -1135 115.585999 ) 
4 239 272 (-257.522034 -1136 64 ) (-288 -1136 64 ) (-288 -1056 64 ) (-257.522034 -1056 64 ) 
4 240 260 (-848 -1136 80 ) (-848 -1136 174.400024 ) (-848 -1120 144 ) (-848 -1120 80 ) 
4 240 243 (-848 -1136 224 ) (-848 -1136 80 ) (-352 -1136 80 ) (-352 -1136 224 ) 
4 241 273 (0 -1136 64 ) (0 -1152 64 ) (-112 -1152 64 ) (-112 -1136 64 ) 
4 241 244 (-112 -1152 64 ) (0 -1152 64 ) (0 -1152 224 ) (-112 -1152 224 ) 
4 242 245 (-256 -1152 192 ) (-256 -1152 115.585999 ) (-176 -1152 115.585999 ) (-176 -1152 192 ) 
4 243 260 (-848 -1152 80 ) (-848 -1152 204.800018 ) (-848 -1136 174.400024 ) (-848 -1136 80 ) 
4 243 245 (-848 -1152 224 ) (-848 -1152 80 ) (-352 -1152 80 ) (-352 -1152 224 ) 
4 244 276 (0 -1152 64 ) (0 -1408 64 ) (-112 -1408 64 ) (-112 -1152 64 ) 
4 244 249 (-112 -1408 64 ) (0 -1408 64 ) (0 -1408 224 ) (-112 -1408 224 ) 
7 245 260 (-848 -1216 224 ) (-848 -1200 224 ) (-848 -1152 204.800018 ) (-848 -1152 80 ) (-848 -1264 80 ) (-848 -1264 144 ) (-848 -1248 192 ) 
4 245 248 (-848 -1392 96 ) (-848 -1392 80 ) (-528 -1392 80 ) (-528 -1392 96 ) 
4 245 246 (-416 -1392 96 ) (-272 -1392 96 ) (-272 -1392 224 ) (-416 -1392 224 ) 
4 245 247 (-848 -1392 224 ) (-848 -1392 96 ) (-528 -1392 96 ) (-528 -1392 224 ) 
4 246 251 (-416 -1408 96 ) (-272 -1408 96 ) (-272 -1408 224 ) (-416 -1408 224 ) 
4 247 253 (-848 -1408 224 ) (-848 -1408 96 ) (-528 -1408 96 ) (-528 -1408 224 ) 
4 247 248 (-848 -1392 96 ) (-528 -1392 96 ) (-528 -1408 96 ) (-848 -1408 96 ) 
4 248 253 (-848 -1408 96 ) (-848 -1408 80 ) (-528 -1408 80 ) (-528 -1408 96 ) 
4 249 339 (0 -2048 64 ) (0 -2048 224 ) (-208 -2048 224 ) (-208 -2048 64 ) 
4 249 276 (0 -1408 64 ) (0 -2048 64 ) (-176 -2048 64 ) (-176 -1408 64 ) 
4 249 250 (-208 -1408 224 ) (-208 -1408 64 ) (-208 -1472 64 ) (-208 -1472 224 ) 
4 250 251 (-240 -1408 224 ) (-240 -1408 80 ) (-240 -1472 80 ) (-240 -1472 224 ) 
4 251 343 (-240 -2048 224 ) (-480 -2048 224 ) (-480 -2048 80 ) (-240 -2048 80 ) 
4 251 257 (-480 -1840 80 ) (-480 -2048 80 ) (-480 -2048 224 ) (-480 -1840 224 ) 
4 251 256 (-480 -1680 80 ) (-480 -1840 80 ) (-480 -1840 224 ) (-480 -1680 224 ) 
4 251 255 (-480 -1664 80 ) (-480 -1680 80 ) (-480 -1680 224 ) (-480 -1664 224 ) 
4 251 252 (-480 -1408 224 ) (-480 -1408 80 ) (-480 -1664 80 ) (-480 -1664 224 ) 
4 252 255 (-512 -1664 64 ) (-480 -1664 64 ) (-480 -1664 224 ) (-512 -1664 224 ) 
4 253 254 (-848 -1472 208 ) (-848 -1472 80 ) (-528 -1472 80 ) (-528 -1472 208 ) 
4 254 261 (-848 -1616 208 ) (-848 -1552 208 ) (-848 -1552 80 ) (-848 -1616 80 ) 
4 255 256 (-512 -1680 64 ) (-480 -1680 64 ) (-480 -1680 224 ) (-512 -1680 224 ) 
4 256 257 (-736 -1840 224 ) (-736 -1840 80 ) (-480 -1840 80 ) (-480 -1840 224 ) 
4 256 258 (-736 -1680 224 ) (-736 -1680 64 ) (-736 -1840 64 ) (-736 -1840 224 ) 
4 257 343 (-480 -2048 224 ) (-688 -2048 224 ) (-688 -2048 80 ) (-480 -2048 80 ) 
4 257 344 (-688 -2048 224 ) (-736 -2048 224 ) (-736 -2048 80 ) (-688 -2048 80 ) 
4 257 258 (-736 -2048 80 ) (-736 -2048 224 ) (-736 -1840 224 ) (-736 -1840 80 ) 
4 258 345 (-848 -2048 80 ) (-848 -2048 64 ) (-736 -2048 64 ) (-736 -2048 80 ) 
4 258 344 (-736 -2048 224 ) (-848 -2048 224 ) (-848 -2048 80 ) (-736 -2048 80 ) 
4 258 262 (-848 -2032 64 ) (-848 -2048 64 ) (-848 -2048 224 ) (-848 -2032 224 ) 
4 259 263 (-864 -1056 224 ) (-864 -1024 224 ) (-864 -1024 80 ) (-864 -1056 80 ) 
8 260 265 (-864 -1216 224 ) (-864 -1200 224 ) (-864 -1152 204.800278 ) (-864 -1120 143.998993 ) (-864 -1120 80 ) (-864 -1264 80 ) (-864 -1264 144 ) (-864 -1248 192 ) 
4 261 267 (-864 -1616 80 ) (-864 -1616 208 ) (-864 -1552 208 ) (-864 -1552 80 ) 
4 262 345 (-864 -2048 80 ) (-864 -2048 64 ) (-848 -2048 64 ) (-848 -2048 80 ) 
4 262 344 (-848 -2048 224 ) (-864 -2048 224 ) (-864 -2048 80 ) (-848 -2048 80 ) 
4 262 271 (-864 -2032 64 ) (-864 -2048 64 ) (-864 -2048 224 ) (-864 -2032 224 ) 
4 263 283 (-1024 -1024 224 ) (-1024 -1024 80 ) (-1024 -1056 80 ) (-1024 -1056 224 ) 
4 263 264 (-1000 -1056 80 ) (-896 -1056 80 ) (-896 -1056 176 ) (-1000 -1056 176 ) 
4 264 265 (-1000 -1072 80 ) (-896 -1072 80 ) (-896 -1072 176 ) (-1000 -1072 176 ) 
4 265 311 (-1024 -1072 144 ) (-1024 -1072 80 ) (-1024 -1376 80 ) (-1024 -1376 144 ) 
4 265 309 (-1024 -1376 224 ) (-1024 -1072 224 ) (-1024 -1072 144 ) (-1024 -1376 144 ) 
4 266 314 (-1024 -1536 80 ) (-1024 -1536 224 ) (-1024 -1392 224 ) (-1024 -1392 80 ) 
4 266 270 (-976 -1536 224 ) (-1024 -1536 224 ) (-1024 -1536 80 ) (-976 -1536 80 ) 
4 268 269 (-960 -2016 80 ) (-960 -2016 224 ) (-960 -1632 224 ) (-960 -1632 80 ) 
4 269 270 (-976 -2016 80 ) (-976 -2016 224 ) (-976 -1632 224 ) (-976 -1632 80 ) 
4 270 314 (-1024 -2016 80 ) (-1024 -2016 224 ) (-1024 -1536 224 ) (-1024 -1536 80 ) 
4 271 345 (-1024 -2048 80 ) (-1024 -2048 64 ) (-864 -2048 64 ) (-864 -2048 80 ) 
4 271 344 (-864 -2048 224 ) (-1024 -2048 224 ) (-1024 -2048 80 ) (-864 -2048 80 ) 
4 271 315 (-1024 -2032 64 ) (-1024 -2048 64 ) (-1024 -2048 224 ) (-1024 -2032 224 ) 
4 272 281 (-288 -1024 48 ) (-224 -1024 48 ) (-224 -1136 48 ) (-288 -1136 48 ) 
4 272 280 (-224 -1024 48 ) (-176 -1024 48 ) (-176 -1136 48 ) (-224 -1136 48 ) 
4 272 278 (-176 -1024 48 ) (0 -1024 48 ) (0 -1136 48 ) (-176 -1136 48 ) 
4 272 275 (-288 -1136 48 ) (0 -1136 48 ) (0 -1136 59.171001 ) (-288 -1136 59.171001 ) 
4 272 274 (-160 -1136 64 ) (-272 -1136 64 ) (-272 -1136 59.171001 ) (-160 -1136 59.171001 ) 
4 272 273 (0 -1136 59.171001 ) (0 -1136 64 ) (-128 -1136 64 ) (-128 -1136 59.171001 ) 
4 273 276 (0 -1152 59.171001 ) (0 -1152 64 ) (-128 -1152 64 ) (-128 -1152 59.171001 ) 
4 273 275 (0 -1152 59.171001 ) (-128 -1152 59.171001 ) (-128 -1136 59.171001 ) (0 -1136 59.171001 ) 
4 274 277 (-176 -1152 64 ) (-272 -1152 64 ) (-272 -1152 59.171001 ) (-176 -1152 59.171001 ) 
4 274 276 (-160 -1152 64 ) (-176 -1152 64 ) (-176 -1152 59.171001 ) (-160 -1152 59.171001 ) 
4 274 275 (-160 -1152 59.171001 ) (-272 -1152 59.171001 ) (-272 -1136 59.171001 ) (-160 -1136 59.171001 ) 
4 275 281 (-288 -1136 48 ) (-224 -1136 48 ) (-224 -1152 48 ) (-288 -1152 48 ) 
4 275 280 (-224 -1136 48 ) (-176 -1136 48 ) (-176 -1152 48 ) (-224 -1152 48 ) 
4 275 278 (-176 -1136 48 ) (0 -1136 48 ) (0 -1152 48 ) (-176 -1152 48 ) 
4 275 277 (-288 -1152 48 ) (-176 -1152 48 ) (-176 -1152 59.171001 ) (-288 -1152 59.171001 ) 
4 275 276 (-176 -1152 48 ) (0 -1152 48 ) (0 -1152 59.171001 ) (-176 -1152 59.171001 ) 
4 276 347 (0 -2048 48 ) (0 -2048 64 ) (-176 -2048 64 ) (-176 -2048 48 ) 
4 276 279 (0 -2048 48 ) (-176 -2048 48 ) (-176 -1488 48 ) (0 -1488 48 ) 
4 276 278 (-176 -1488 48 ) (-176 -1152 48 ) (0 -1152 48 ) (0 -1488 48 ) 
4 276 277 (-176 -1152 64 ) (-176 -1152 48 ) (-176 -1408 48 ) (-176 -1408 64 ) 
4 277 281 (-288 -1408 48 ) (-288 -1152 48 ) (-224 -1152 48 ) (-224 -1408 48 ) 
4 277 280 (-224 -1152 48 ) (-176 -1152 48 ) (-176 -1408 48 ) (-224 -1408 48 ) 
4 278 280 (-176 -1024 0 ) (-176 -1408 0 ) (-176 -1408 48 ) (-176 -1024 48 ) 
4 278 279 (-176 -1488 48 ) (-176 -1488 0 ) (0 -1488 0 ) (0 -1488 48 ) 
4 279 347 (0 -2048 0 ) (0 -2048 48 ) (-176 -2048 48 ) (-176 -2048 0 ) 
4 280 281 (-224 -1024 0 ) (-224 -1408 0 ) (-224 -1408 48 ) (-224 -1024 48 ) 
4 282 297 (-1024 -1072 400 ) (-1024 -1072 1536 ) (-1104 -1072 1536 ) (-1104 -1072 400 ) 
4 282 286 (-1104 -1024 1536 ) (-1104 -1024 400 ) (-1104 -1072 400 ) (-1104 -1072 1536 ) 
4 284 290 (-1104 -1024 48 ) (-1104 -1024 0 ) (-1104 -1056 0 ) (-1104 -1056 48 ) 
4 284 285 (-1104 -1056 0 ) (-1040 -1056 0 ) (-1040 -1056 48 ) (-1104 -1056 48 ) 
4 285 337 (-1040 -1072 64 ) (-1104 -1072 64 ) (-1104 -1072 0 ) (-1040 -1072 0 ) 
4 285 291 (-1104 -1056 0 ) (-1104 -1072 0 ) (-1104 -1072 64 ) (-1104 -1056 64 ) 
4 286 297 (-1104 -1072 400 ) (-1104 -1072 1536 ) (-1120 -1072 1536 ) (-1120 -1072 400 ) 
4 286 287 (-1120 -1072 400 ) (-1120 -1072 1536 ) (-1120 -1024 1536 ) (-1120 -1024 400 ) 
4 287 297 (-1312 -1072 1536 ) (-1312 -1072 400 ) (-1120 -1072 400 ) (-1120 -1072 1536 ) 
4 287 292 (-1312 -1072 400 ) (-1312 -1072 1536 ) (-1312 -1024 1536 ) (-1312 -1024 400 ) 
4 288 305 (-1312 -1072 384 ) (-1312 -1072 240 ) (-1216 -1072 240 ) (-1216 -1072 384 ) 
4 288 303 (-1216 -1072 240 ) (-1200 -1072 240 ) (-1200 -1072 384 ) (-1216 -1072 384 ) 
4 288 301 (-1200 -1072 240 ) (-1120 -1072 240 ) (-1120 -1072 384 ) (-1200 -1072 384 ) 
4 289 311 (-1312 -1072 144 ) (-1312 -1072 80 ) (-1120 -1072 80 ) (-1120 -1072 144 ) 
6 289 309 (-1312 -1072 192 ) (-1312 -1072 144 ) (-1120 -1072 144 ) (-1120 -1072 192 ) (-1168 -1072 224 ) (-1264 -1072 224 ) 
4 290 295 (-1312 -1056 0 ) (-1312 -1056 48 ) (-1312 -1024 48 ) (-1312 -1024 0 ) 
4 290 291 (-1104 -1056 0 ) (-1104 -1056 48 ) (-1312 -1056 48 ) (-1312 -1056 0 ) 
4 291 337 (-1104 -1072 0 ) (-1104 -1072 64 ) (-1312 -1072 64 ) (-1312 -1072 0 ) 
4 291 295 (-1312 -1072 0 ) (-1312 -1072 64 ) (-1312 -1056 64 ) (-1312 -1056 0 ) 
4 292 297 (-1312 -1072 400 ) (-1312 -1072 1536 ) (-1328 -1072 1536 ) (-1328 -1072 400 ) 
4 292 293 (-1328 -1072 400 ) (-1328 -1072 1536 ) (-1328 -1024 1536 ) (-1328 -1024 400 ) 
4 293 351 (-2048 -1072 384 ) (-2048 -1072 1536 ) (-2048 -1024 1536 ) (-2048 -1024 384 ) 
4 293 300 (-2048 -1072 400 ) (-2048 -1072 384 ) (-1616 -1072 384 ) (-1616 -1072 400 ) 
4 293 297 (-2048 -1072 1536 ) (-2048 -1072 400 ) (-1328 -1072 400 ) (-1328 -1072 1536 ) 
4 293 294 (-2048 -1024 384 ) (-1328 -1024 384 ) (-1328 -1072 384 ) (-2048 -1072 384 ) 
4 294 351 (-2048 -1072 208 ) (-2048 -1072 384 ) (-2048 -1024 384 ) (-2048 -1024 208 ) 
4 294 333 (-1680 -1072 208 ) (-1616 -1072 208 ) (-1616 -1072 384 ) (-1680 -1072 384 ) 
4 294 336 (-2048 -1072 384 ) (-2048 -1072 208 ) (-1680 -1072 208 ) (-1680 -1072 384 ) 
4 294 296 (-1328 -1072 208 ) (-2048 -1072 208 ) (-2048 -1024 208 ) (-1328 -1024 208 ) 
4 295 337 (-1328 -1072 0 ) (-1312 -1072 0 ) (-1312 -1072 64 ) (-1328 -1072 64 ) 
4 295 296 (-1328 -1024 0 ) (-1328 -1072 0 ) (-1328 -1072 64.842102 ) (-1328 -1024 64.842102 ) 
4 296 351 (-2048 -1072 0 ) (-2048 -1072 208 ) (-2048 -1024 208 ) (-2048 -1024 0 ) 
4 296 337 (-2048 -1072 64 ) (-2048 -1072 0 ) (-1328 -1072 0 ) (-1328 -1072 64 ) 
4 296 333 (-1680 -1072 64 ) (-1616 -1072 64 ) (-1616 -1072 208 ) (-1680 -1072 208 ) 
4 296 336 (-2048 -1072 208 ) (-2048 -1072 64 ) (-1680 -1072 64 ) (-1680 -1072 208 ) 
4 296 322 (-1408 -1072 208 ) (-1568 -1072 208 ) (-1568 -1072 80 ) (-1408 -1072 80 ) 
4 297 351 (-2048 -2048 400 ) (-2048 -2048 1536 ) (-2048 -1072 1536 ) (-2048 -1072 400 ) 
4 297 348 (-1024 -2048 400 ) (-1024 -2048 1536 ) (-1040 -2048 1536 ) (-1040 -2048 400 ) 
4 297 349 (-1040 -2048 1536 ) (-2048 -2048 1536 ) (-2048 -2048 400 ) (-1040 -2048 400 ) 
4 297 299 (-1200 -2048 400 ) (-1616 -2048 400 ) (-1616 -1504 400 ) (-1200 -1504 400 ) 
4 297 300 (-1616 -2048 400 ) (-2048 -2048 400 ) (-2048 -1072 400 ) (-1616 -1072 400 ) 
4 297 298 (-1024 -2048 400 ) (-1200 -2048 400 ) (-1200 -1440 400 ) (-1024 -1440 400 ) 
4 298 348 (-1024 -2048 384 ) (-1024 -2048 400 ) (-1040 -2048 400 ) (-1040 -2048 384 ) 
4 298 349 (-1040 -2048 400 ) (-1200 -2048 400 ) (-1200 -2048 384 ) (-1040 -2048 384 ) 
4 298 302 (-1024 -1440 384 ) (-1024 -2048 384 ) (-1200 -2048 384 ) (-1200 -1440 384 ) 
4 298 299 (-1200 -1504 384 ) (-1200 -2048 384 ) (-1200 -2048 400 ) (-1200 -1504 400 ) 
4 299 349 (-1200 -2048 400 ) (-1616 -2048 400 ) (-1616 -2048 384 ) (-1200 -2048 384 ) 
4 299 319 (-1344 -2032 384 ) (-1344 -1504 384 ) (-1312 -1504 384 ) (-1312 -2032 384 ) 
4 299 320 (-1312 -2048 384 ) (-1344 -2048 384 ) (-1344 -2032 384 ) (-1312 -2032 384 ) 
4 299 321 (-1344 -2048 384 ) (-1616 -2048 384 ) (-1616 -1504 384 ) (-1344 -1504 384 ) 
4 299 306 (-1216 -2048 384 ) (-1312 -2048 384 ) (-1312 -1504 384 ) (-1216 -1504 384 ) 
4 299 304 (-1200 -1504 384 ) (-1200 -2048 384 ) (-1216 -2048 384 ) (-1216 -1504 384 ) 
4 299 300 (-1616 -1504 384 ) (-1616 -2048 384 ) (-1616 -2048 400 ) (-1616 -1504 400 ) 
4 300 351 (-2048 -2048 384 ) (-2048 -2048 400 ) (-2048 -1072 400 ) (-2048 -1072 384 ) 
4 300 349 (-1616 -2048 400 ) (-2048 -2048 400 ) (-2048 -2048 384 ) (-1616 -2048 384 ) 
4 300 334 (-1616 -1152 384 ) (-1616 -1232 384 ) (-1680 -1232 384 ) (-1680 -1152 384 ) 
4 300 333 (-1680 -1072 384 ) (-1616 -1072 384 ) (-1616 -1152 384 ) (-1680 -1152 384 ) 
4 300 335 (-1616 -1232 384 ) (-1616 -2048 384 ) (-1680 -2048 384 ) (-1680 -1232 384 ) 
4 300 336 (-2048 -2048 384 ) (-2048 -1072 384 ) (-1680 -1072 384 ) (-1680 -2048 384 ) 
4 301 307 (-1200 -1248 240 ) (-1200 -1072 240 ) (-1024 -1072 240 ) (-1024 -1248 240 ) 
4 301 303 (-1200 -1072 240 ) (-1200 -1424 240 ) (-1200 -1424 384 ) (-1200 -1072 384 ) 
4 302 348 (-1024 -2048 240 ) (-1024 -2048 384 ) (-1040 -2048 384 ) (-1040 -2048 240 ) 
4 302 349 (-1040 -2048 384 ) (-1200 -2048 384 ) (-1200 -2048 240 ) (-1040 -2048 240 ) 
4 302 308 (-1024 -2048 240 ) (-1200 -2048 240 ) (-1200 -2032 240 ) (-1024 -2032 240 ) 
4 302 304 (-1200 -1504 240 ) (-1200 -2048 240 ) (-1200 -2048 384 ) (-1200 -1504 384 ) 
4 303 307 (-1216 -1248 240 ) (-1216 -1072 240 ) (-1200 -1072 240 ) (-1200 -1248 240 ) 
4 303 305 (-1216 -1072 240 ) (-1216 -1424 240 ) (-1216 -1424 384 ) (-1216 -1072 384 ) 
4 304 349 (-1200 -2048 384 ) (-1216 -2048 384 ) (-1216 -2048 240 ) (-1200 -2048 240 ) 
4 304 308 (-1200 -2048 240 ) (-1216 -2048 240 ) (-1216 -2032 240 ) (-1200 -2032 240 ) 
4 304 306 (-1216 -1504 240 ) (-1216 -2048 240 ) (-1216 -2048 384 ) (-1216 -1504 384 ) 
4 305 317 (-1312 -1488 384 ) (-1312 -1248 384 ) (-1312 -1248 240 ) (-1312 -1488 240 ) 
4 305 316 (-1312 -1248 384 ) (-1312 -1088 384 ) (-1312 -1088 240 ) (-1312 -1248 240 ) 
4 305 307 (-1312 -1248 240 ) (-1312 -1072 240 ) (-1216 -1072 240 ) (-1216 -1248 240 ) 
4 306 349 (-1216 -2048 384 ) (-1312 -2048 384 ) (-1312 -2048 240 ) (-1216 -2048 240 ) 
4 306 319 (-1312 -2032 384 ) (-1312 -1504 384 ) (-1312 -1504 240 ) (-1312 -2032 240 ) 
4 306 320 (-1312 -2048 240 ) (-1312 -2048 384 ) (-1312 -2032 384 ) (-1312 -2032 240 ) 
4 306 308 (-1216 -2048 240 ) (-1312 -2048 240 ) (-1312 -2032 240 ) (-1216 -2032 240 ) 
4 307 316 (-1312 -1248 240 ) (-1312 -1088 240 ) (-1312 -1088 224 ) (-1312 -1248 224 ) 
4 307 309 (-1312 -1248 224 ) (-1312 -1072 224 ) (-1024 -1072 224 ) (-1024 -1248 224 ) 
4 308 348 (-1024 -2048 224 ) (-1024 -2048 240 ) (-1040 -2048 240 ) (-1040 -2048 224 ) 
4 308 349 (-1040 -2048 240 ) (-1312 -2048 240 ) (-1312 -2048 224 ) (-1040 -2048 224 ) 
4 308 320 (-1312 -2048 224 ) (-1312 -2048 240 ) (-1312 -2032 240 ) (-1312 -2032 224 ) 
4 308 315 (-1312 -2048 224 ) (-1312 -2032 224 ) (-1024 -2032 224 ) (-1024 -2048 224 ) 
4 309 323 (-1312 -1376 224 ) (-1312 -1088 224 ) (-1312 -1088 144 ) (-1312 -1376 144 ) 
4 309 311 (-1312 -1376 144 ) (-1312 -1072 144 ) (-1024 -1072 144 ) (-1024 -1376 144 ) 
4 309 310 (-1120 -1376 144 ) (-1040 -1376 144 ) (-1040 -1376 192 ) (-1120 -1376 192 ) 
4 310 314 (-1120 -1392 192 ) (-1120 -1392 144 ) (-1040 -1392 144 ) (-1040 -1392 192 ) 
4 310 312 (-1040 -1392 144 ) (-1120 -1392 144 ) (-1120 -1376 144 ) (-1040 -1376 144 ) 
4 311 323 (-1312 -1376 144 ) (-1312 -1088 144 ) (-1312 -1088 80 ) (-1312 -1376 80 ) 
4 311 313 (-1264 -1376 80 ) (-1184 -1376 80 ) (-1184 -1376 144 ) (-1264 -1376 144 ) 
4 311 312 (-1120 -1376 80 ) (-1040 -1376 80 ) (-1040 -1376 144 ) (-1120 -1376 144 ) 
4 312 314 (-1120 -1392 80 ) (-1040 -1392 80 ) (-1040 -1392 144 ) (-1120 -1392 144 ) 
4 313 314 (-1264 -1392 80 ) (-1184 -1392 80 ) (-1184 -1392 144 ) (-1264 -1392 144 ) 
4 314 327 (-1312 -1632 208 ) (-1312 -1632 115.585999 ) (-1312 -1760 115.585999 ) (-1312 -1760 208 ) 
4 315 348 (-1024 -2048 64 ) (-1024 -2048 224 ) (-1040 -2048 224 ) (-1040 -2048 64 ) 
4 315 349 (-1040 -2048 224 ) (-1312 -2048 224 ) (-1312 -2048 64 ) (-1040 -2048 64 ) 
4 315 337 (-1040 -2048 64 ) (-1312 -2048 64 ) (-1312 -2032 64 ) (-1040 -2032 64 ) 
4 315 331 (-1312 -2032 64 ) (-1312 -2048 64 ) (-1312 -2048 224 ) (-1312 -2032 224 ) 
4 316 323 (-1312 -1088 224 ) (-1312 -1248 224 ) (-1344 -1248 224 ) (-1344 -1088 224 ) 
4 316 318 (-1344 -1088 224 ) (-1344 -1248 224 ) (-1344 -1248 384 ) (-1344 -1088 384 ) 
4 316 317 (-1344 -1248 384 ) (-1344 -1248 240 ) (-1312 -1248 240 ) (-1312 -1248 384 ) 
4 317 318 (-1344 -1488 240 ) (-1344 -1488 384 ) (-1344 -1248 384 ) (-1344 -1248 240 ) 
4 318 324 (-1344 -1088 224 ) (-1344 -1488 224 ) (-1600 -1488 224 ) (-1600 -1088 224 ) 
4 319 320 (-1344 -2032 384 ) (-1344 -2032 240 ) (-1312 -2032 240 ) (-1312 -2032 384 ) 
4 319 321 (-1344 -1504 384 ) (-1344 -1504 240 ) (-1344 -2032 240 ) (-1344 -2032 384 ) 
4 320 349 (-1312 -2048 384 ) (-1344 -2048 384 ) (-1344 -2048 224 ) (-1312 -2048 224 ) 
4 320 331 (-1312 -2032 224 ) (-1312 -2048 224 ) (-1344 -2048 224 ) (-1344 -2032 224 ) 
4 320 321 (-1344 -2032 224 ) (-1344 -2048 224 ) (-1344 -2048 384 ) (-1344 -2032 384 ) 
4 321 349 (-1344 -2048 384 ) (-1616 -2048 384 ) (-1616 -2048 224 ) (-1344 -2048 224 ) 
4 321 335 (-1616 -2048 224 ) (-1616 -2048 384 ) (-1616 -1504 384 ) (-1616 -1504 224 ) 
4 321 332 (-1616 -2048 224 ) (-1616 -2016 224 ) (-1344 -2016 224 ) (-1344 -2048 224 ) 
4 321 330 (-1616 -2016 224 ) (-1616 -1760 224 ) (-1344 -1760 224 ) (-1344 -2016 224 ) 
4 321 328 (-1616 -1760 224 ) (-1616 -1632 224 ) (-1344 -1632 224 ) (-1344 -1760 224 ) 
4 321 326 (-1616 -1632 224 ) (-1616 -1504 224 ) (-1344 -1504 224 ) (-1344 -1632 224 ) 
4 322 324 (-1568 -1088 80 ) (-1408 -1088 80 ) (-1408 -1088 208 ) (-1568 -1088 208 ) 
4 323 324 (-1344 -1088 224 ) (-1344 -1088 80 ) (-1344 -1376 80 ) (-1344 -1376 224 ) 
4 324 325 (-1600 -1248 192 ) (-1600 -1136 192 ) (-1600 -1136 115.585999 ) (-1600 -1248 115.585999 ) 
4 325 334 (-1616 -1232 192 ) (-1616 -1152 192 ) (-1616 -1152 115.585999 ) (-1616 -1232 115.585999 ) 
4 325 333 (-1616 -1152 192 ) (-1616 -1136 192 ) (-1616 -1136 115.585999 ) (-1616 -1152 115.585999 ) 
4 325 335 (-1616 -1248 192 ) (-1616 -1232 192 ) (-1616 -1232 115.585999 ) (-1616 -1248 115.585999 ) 
4 326 337 (-1616 -1632 64 ) (-1616 -1504 64 ) (-1344 -1504 64 ) (-1344 -1632 64 ) 
4 326 335 (-1616 -1504 64 ) (-1616 -1632 64 ) (-1616 -1632 224 ) (-1616 -1504 224 ) 
4 326 329 (-1616 -1632 115.585999 ) (-1616 -1632 64 ) (-1392 -1632 64 ) (-1392 -1632 115.585999 ) 
4 326 328 (-1344 -1632 224 ) (-1616 -1632 224 ) (-1616 -1632 115.585999 ) (-1344 -1632 115.585999 ) 
4 327 328 (-1344 -1632 208 ) (-1344 -1632 115.585999 ) (-1344 -1760 115.585999 ) (-1344 -1760 208 ) 
4 328 335 (-1616 -1760 115.585999 ) (-1616 -1760 224 ) (-1616 -1632 224 ) (-1616 -1632 115.585999 ) 
4 328 330 (-1344 -1760 224 ) (-1616 -1760 224 ) (-1616 -1760 115.585999 ) (-1344 -1760 115.585999 ) 
4 328 329 (-1392 -1760 115.585999 ) (-1616 -1760 115.585999 ) (-1616 -1632 115.585999 ) (-1392 -1632 115.585999 ) 
4 329 337 (-1616 -1760 64 ) (-1616 -1632 64 ) (-1392 -1632 64 ) (-1392 -1760 64 ) 
4 329 335 (-1616 -1632 64 ) (-1616 -1760 64 ) (-1616 -1760 115.585999 ) (-1616 -1632 115.585999 ) 
4 329 330 (-1392 -1760 115.585999 ) (-1616 -1760 115.585999 ) (-1616 -1760 64 ) (-1392 -1760 64 ) 
4 330 337 (-1616 -2016 64 ) (-1616 -1760 64 ) (-1344 -1760 64 ) (-1344 -2016 64 ) 
4 330 335 (-1616 -1760 64 ) (-1616 -2016 64 ) (-1616 -2016 224 ) (-1616 -1760 224 ) 
4 330 332 (-1344 -2016 224 ) (-1616 -2016 224 ) (-1616 -2016 64 ) (-1344 -2016 64 ) 
4 331 349 (-1344 -2048 64 ) (-1312 -2048 64 ) (-1312 -2048 224 ) (-1344 -2048 224 ) 
4 331 337 (-1312 -2048 64 ) (-1344 -2048 64 ) (-1344 -2032 64 ) (-1312 -2032 64 ) 
4 331 332 (-1344 -2032 64 ) (-1344 -2048 64 ) (-1344 -2048 224 ) (-1344 -2032 224 ) 
4 332 349 (-1616 -2048 224 ) (-1616 -2048 64 ) (-1344 -2048 64 ) (-1344 -2048 224 ) 
4 332 337 (-1344 -2048 64 ) (-1616 -2048 64 ) (-1616 -2016 64 ) (-1344 -2016 64 ) 
4 332 335 (-1616 -2016 64 ) (-1616 -2048 64 ) (-1616 -2048 224 ) (-1616 -2016 224 ) 
4 333 337 (-1680 -1152 64 ) (-1680 -1072 64 ) (-1616 -1072 64 ) (-1616 -1152 64 ) 
4 333 334 (-1680 -1152 384 ) (-1680 -1152 115.585999 ) (-1616 -1152 115.585999 ) (-1616 -1152 384 ) 
4 333 336 (-1680 -1072 64 ) (-1680 -1152 64 ) (-1680 -1152 384 ) (-1680 -1072 384 ) 
4 334 336 (-1680 -1232 115.585999 ) (-1680 -1232 384 ) (-1680 -1152 384 ) (-1680 -1152 115.585999 ) 
4 334 335 (-1680 -1232 384 ) (-1680 -1232 115.585999 ) (-1616 -1232 115.585999 ) (-1616 -1232 384 ) 
4 335 349 (-1616 -2048 384 ) (-1680 -2048 384 ) (-1680 -2048 64 ) (-1616 -2048 64 ) 
4 335 337 (-1616 -2048 64 ) (-1680 -2048 64 ) (-1680 -1232 64 ) (-1616 -1232 64 ) 
4 335 336 (-1680 -1232 64 ) (-1680 -2048 64 ) (-1680 -2048 384 ) (-1680 -1232 384 ) 
4 336 351 (-2048 -2048 64 ) (-2048 -2048 384 ) (-2048 -1072 384 ) (-2048 -1072 64 ) 
4 336 349 (-1680 -2048 384 ) (-2048 -2048 384 ) (-2048 -2048 64 ) (-1680 -2048 64 ) 
4 336 337 (-1680 -2048 64 ) (-2048 -2048 64 ) (-2048 -1072 64 ) (-1680 -1072 64 ) 
4 337 351 (-2048 -2048 0 ) (-2048 -2048 64 ) (-2048 -1072 64 ) (-2048 -1072 0 ) 
4 337 349 (-1040 -2048 64 ) (-2048 -2048 64 ) (-2048 -2048 0 ) (-1040 -2048 0 ) 
4 338 346 (0 -2112 400 ) (0 -2112 1536 ) (-240 -2112 1536 ) (-240 -2112 400 ) 
4 338 340 (-240 -2048 1536 ) (-240 -2048 400 ) (-240 -2112 400 ) (-240 -2112 1536 ) 
4 338 339 (0 -2112 400 ) (-208 -2112 400 ) (-208 -2048 400 ) (0 -2048 400 ) 
4 339 347 (-176 -2048 64 ) (0 -2048 64 ) (0 -2112 64 ) (-176 -2112 64 ) 
4 339 346 (-208 -2112 64 ) (0 -2112 64 ) (0 -2112 400 ) (-208 -2112 400 ) 
4 340 348 (-1024 -2048 1536 ) (-1024 -2048 304 ) (-1024 -2112 304 ) (-1024 -2112 1536 ) 
4 340 346 (-1024 -2112 1536 ) (-1024 -2112 304 ) (-240 -2112 304 ) (-240 -2112 1536 ) 
4 340 342 (-1024 -2048 304 ) (-688 -2048 304 ) (-688 -2112 304 ) (-1024 -2112 304 ) 
4 340 341 (-256 -2048 304 ) (-240 -2048 304 ) (-240 -2112 304 ) (-256 -2112 304 ) 
4 341 346 (-256 -2112 288 ) (-240 -2112 288 ) (-240 -2112 304 ) (-256 -2112 304 ) 
4 341 343 (-240 -2048 288 ) (-240 -2096 288 ) (-256 -2096 288 ) (-256 -2048 288 ) 
4 342 348 (-1024 -2048 304 ) (-1024 -2048 288 ) (-1024 -2112 288 ) (-1024 -2112 304 ) 
4 342 346 (-1024 -2112 304 ) (-1024 -2112 288 ) (-688 -2112 288 ) (-688 -2112 304 ) 
4 342 344 (-688 -2112 288 ) (-1024 -2112 288 ) (-1024 -2048 288 ) (-688 -2048 288 ) 
4 343 344 (-688 -2048 80 ) (-688 -2096 80 ) (-688 -2096 288 ) (-688 -2048 288 ) 
4 344 348 (-1024 -2048 288 ) (-1024 -2048 80 ) (-1024 -2112 80 ) (-1024 -2112 288 ) 
4 344 346 (-1024 -2112 288 ) (-1024 -2112 80 ) (-688 -2112 80 ) (-688 -2112 288 ) 
4 344 345 (-1024 -2048 80 ) (-736 -2048 80 ) (-736 -2112 80 ) (-1024 -2112 80 ) 
4 345 348 (-1024 -2048 80 ) (-1024 -2048 64 ) (-1024 -2112 64 ) (-1024 -2112 80 ) 
4 345 346 (-1024 -2112 80 ) (-1024 -2112 64 ) (-736 -2112 64 ) (-736 -2112 80 ) 
4 346 348 (-1024 -2272 1536 ) (-1024 -2112 1536 ) (-1024 -2112 64 ) (-1024 -2272 64 ) 
4 346 347 (-176 -2112 64 ) (0 -2112 64 ) (0 -2272 64 ) (-176 -2272 64 ) 
4 348 349 (-1040 -2272 64 ) (-1040 -2272 1536 ) (-1040 -2048 1536 ) (-1040 -2048 64 ) 
4 349 352 (-2048 -2272 0 ) (-2048 -2272 1536 ) (-2048 -2048 1536 ) (-2048 -2048 0 ) 
4 350 351 (-2048 -1024 0 ) (-2048 -1024 1536 ) (-2816 -1024 1536 ) (-2816 -1024 0 ) 
4 351 352 (-2048 -2048 0 ) (-2048 -2048 1536 ) (-2816 -2048 1536 ) (-2816 -2048 0 ) 
