PRT1
35
65
4 2 4 (5120 1024 2106 ) (5120 1024 2490 ) (5120 1184 2490 ) (5120 1184 2106 ) 
4 2 3 (5340 1024 2106 ) (5340 1024 2490 ) (5120 1024 2490 ) (5120 1024 2106 ) 
4 3 6 (5120 928 2106 ) (5120 928 2490 ) (5120 1024 2490 ) (5120 1024 2106 ) 
4 4 6 (5120 1024 2106 ) (5120 1024 2490 ) (4096 1024 2490 ) (4096 1024 2106 ) 
4 4 5 (4096 1024 2106 ) (4096 1024 2490 ) (4096 1184 2490 ) (4096 1184 2106 ) 
4 5 7 (4096 1024 2106 ) (4096 1024 2490 ) (3804 1024 2490 ) (3804 1024 2106 ) 
4 6 7 (4096 928 2106 ) (4096 928 2490 ) (4096 1024 2490 ) (4096 1024 2106 ) 
4 8 18 (3072 0 -208 ) (3072 0 760 ) (3072 260 760 ) (3072 260 -208 ) 
4 8 10 (3072 0 416 ) (3072 0 -208 ) (3584 0 -208 ) (3584 0 416 ) 
4 8 9 (3072 0 760 ) (3072 0 416 ) (3584 0 416 ) (3584 0 760 ) 
4 9 18 (3072 -580 760 ) (3072 0 760 ) (3072 0 416 ) (3072 -580 416 ) 
4 9 10 (3584 0 416 ) (3584 -580 416 ) (3072 -580 416 ) (3072 0 416 ) 
4 10 18 (3072 -1024 -208 ) (3072 -1024 416 ) (3072 -580 416 ) (3072 -580 -208 ) 
4 10 18 (3072 -580 416 ) (3072 0 416 ) (3072 0 -208 ) (3072 -580 -208 ) 
4 10 11 (3072 -1024 416 ) (3072 -1024 -208 ) (3584 -1024 -208 ) (3584 -1024 416 ) 
4 11 23 (3072 -1504 416 ) (3072 -1024 416 ) (3072 -1024 -208 ) (3072 -1504 -208 ) 
4 12 18 (1024 2048 416 ) (1024 2048 -208 ) (1720 2048 -208 ) (1720 2048 416 ) 
4 12 14 (1024 2048 -208 ) (1024 2048 416 ) (1024 2432 416 ) (1024 2432 -208 ) 
4 13 18 (368 2048 760 ) (0 2048 760 ) (0 2048 416 ) (368 2048 416 ) 
4 13 15 (0 2048 416 ) (0 2048 760 ) (0 2432 760 ) (0 2432 416 ) 
4 13 14 (0 2048 416 ) (0 2432 416 ) (368 2432 416 ) (368 2048 416 ) 
4 14 18 (1024 2048 -208 ) (1024 2048 416 ) (368 2048 416 ) (368 2048 -208 ) 
4 14 18 (368 2048 416 ) (0 2048 416 ) (0 2048 -208 ) (368 2048 -208 ) 
4 14 15 (0 2048 -208 ) (0 2048 416 ) (0 2432 416 ) (0 2432 -208 ) 
4 15 18 (0 2048 -208 ) (0 2048 760 ) (-1024 2048 760 ) (-1024 2048 -208 ) 
4 15 17 (-1024 2048 -208 ) (-1024 2048 416 ) (-1024 2432 416 ) (-1024 2432 -208 ) 
4 15 16 (-1024 2048 416 ) (-1024 2048 760 ) (-1024 2432 760 ) (-1024 2432 416 ) 
4 16 18 (-1024 2048 416 ) (-1024 2048 760 ) (-1240 2048 760 ) (-1240 2048 416 ) 
4 16 17 (-1024 2048 416 ) (-1240 2048 416 ) (-1240 2432 416 ) (-1024 2432 416 ) 
4 17 19 (-1024 2048 -208 ) (-1024 2048 416 ) (-1632 2048 416 ) (-1632 2048 -208 ) 
4 18 23 (3072 -1024 -208 ) (3072 -1024 416 ) (2560 -1024 416 ) (2560 -1024 -208 ) 
4 18 19 (-1024 2048 416 ) (-1024 2048 -208 ) (-1024 1024 -208 ) (-1024 1024 416 ) 
4 18 19 (-1240 2048 416 ) (-1024 2048 416 ) (-1024 1024 416 ) (-1240 1024 416 ) 
4 18 20 (-1632 512 -208 ) (-1632 0 -208 ) (-1632 0 416 ) (-1632 512 416 ) 
4 18 22 (-2048 -580 -208 ) (-2048 -580 416 ) (-2048 0 416 ) (-2048 0 -208 ) 
4 18 30 (-1632 -1024 416 ) (-2048 -1024 416 ) (-2048 -1024 -208 ) (-1632 -1024 -208 ) 
4 18 22 (-2048 -1024 -208 ) (-2048 -1024 416 ) (-2048 -580 416 ) (-2048 -580 -208 ) 
4 18 24 (2560 -2048 416 ) (2048 -2048 416 ) (2048 -2048 -208 ) (2560 -2048 -208 ) 
4 18 27 (1976 -3072 760 ) (1024 -3072 760 ) (1024 -3072 416 ) (1976 -3072 416 ) 
4 18 28 (2048 -3072 -208 ) (2048 -3072 416 ) (1024 -3072 416 ) (1024 -3072 -208 ) 
4 18 29 (1024 -3072 -208 ) (1024 -3072 760 ) (368 -3072 760 ) (368 -3072 -208 ) 
4 18 25 (368 -2086 -208 ) (368 -3072 -208 ) (368 -3072 760 ) (368 -2086 760 ) 
4 18 25 (0 -2086 -208 ) (368 -2086 -208 ) (368 -2086 416 ) (0 -2086 416 ) 
4 18 30 (-1632 -1024 416 ) (-1632 -1024 -208 ) (-1632 -1052 -208 ) (-1632 -1052 416 ) 
4 18 31 (-1024 -2086 -208 ) (0 -2086 -208 ) (0 -2086 416 ) (-1024 -2086 416 ) 
4 18 32 (-1632 -2086 -208 ) (-1240 -2086 -208 ) (-1240 -2086 416 ) (-1632 -2086 416 ) 
4 18 32 (-1240 -2086 416 ) (-1240 -2086 -208 ) (-1240 -2688 -208 ) (-1240 -2688 416 ) 
4 19 18 (-1024 1024 -208 ) (-1024 1024 416 ) (-1632 1024 416 ) (-1632 1024 -208 ) 
4 20 21 (-2048 0 -208 ) (-2048 0 416 ) (-2048 512 416 ) (-2048 512 -208 ) 
4 20 18 (-2048 0 416 ) (-2048 0 -208 ) (-1632 0 -208 ) (-1632 0 416 ) 
4 21 22 (-2048 0 -208 ) (-2048 0 416 ) (-2848 0 416 ) (-2848 0 -208 ) 
4 22 33 (-2048 -1024 -208 ) (-2048 -1024 416 ) (-2848 -1024 416 ) (-2848 -1024 -208 ) 
4 23 18 (2560 -1024 -208 ) (2560 -1504 -208 ) (2560 -1504 416 ) (2560 -1024 416 ) 
4 24 26 (2560 -3072 416 ) (2048 -3072 416 ) (2048 -3072 -208 ) (2560 -3072 -208 ) 
4 24 18 (2048 -3072 -208 ) (2048 -3072 416 ) (2048 -2048 416 ) (2048 -2048 -208 ) 
4 25 31 (0 -3072 -208 ) (0 -3072 760 ) (0 -2086 760 ) (0 -2086 -208 ) 
4 25 29 (368 -3072 760 ) (0 -3072 760 ) (0 -3072 -208 ) (368 -3072 -208 ) 
4 26 28 (2048 -3072 416 ) (2048 -3072 -208 ) (2048 -3592 -208 ) (2048 -3592 416 ) 
4 27 29 (1024 -3072 760 ) (1024 -3072 416 ) (1024 -3592 416 ) (1024 -3592 760 ) 
4 27 28 (1976 -3592 416 ) (1024 -3592 416 ) (1024 -3072 416 ) (1976 -3072 416 ) 
4 28 29 (1024 -3072 416 ) (1024 -3072 -208 ) (1024 -3592 -208 ) (1024 -3592 416 ) 
4 29 34 (0 -3592 -208 ) (0 -3592 760 ) (0 -3072 760 ) (0 -3072 -208 ) 
4 30 33 (-2048 -1024 416 ) (-2048 -1024 -208 ) (-2048 -1052 -208 ) (-2048 -1052 416 ) 
4 31 34 (0 -3072 -208 ) (0 -3072 760 ) (-1024 -3072 760 ) (-1024 -3072 -208 ) 
4 31 18 (-1024 -2086 -208 ) (-1024 -2688 -208 ) (-1024 -2688 760 ) (-1024 -2086 760 ) 
