PRT1
184
506
4 0 16 (0 3595 2323 ) (0 3787 2323 ) (0 3787 2067 ) (0 3595 2067 ) 
4 1 17 (0 3072 2067 ) (0 3072 2195 ) (0 3467 2195 ) (0 3467 2067 ) 
4 1 8 (92.555710 3072 2067 ) (92.555710 3072 2195 ) (0 3072 2195 ) (0 3072 2067 ) 
4 2 7 (2048 2618 -120.286003 ) (2048 2048 -120.286003 ) (2048 2048 1784.290039 ) (2048 2618 1784.290039 ) 
4 2 4 (2433 2048 1784.290039 ) (2048 2048 1784.290039 ) (2048 2048 -120.286003 ) (2433 2048 -120.286003 ) 
4 2 3 (2554 2048 1784.290039 ) (2433 2048 1784.290039 ) (2433 2048 -120.286003 ) (2554 2048 -120.286003 ) 
4 3 30 (2433 1024 -120.286003 ) (2554 1024 -120.286003 ) (2554 1024 1784.290039 ) (2433 1024 1784.290039 ) 
4 3 5 (2433 1024 -48 ) (2433 1024 1784.290039 ) (2433 1600 1784.290039 ) (2433 1600 -48 ) 
4 3 6 (2433 1600 -120.286003 ) (2433 1024 -120.286003 ) (2433 1024 -64 ) (2433 1600 -64 ) 
4 3 4 (2433 2048 -120.286003 ) (2433 1600 -120.286003 ) (2433 1600 1784.290039 ) (2433 2048 1784.290039 ) 
4 4 12 (2048 2048 -64 ) (2048 2048 -120.286003 ) (2048 1600 -120.286003 ) (2048 1600 -64 ) 
4 4 10 (2048 1600 1784.290039 ) (2048 2048 1784.290039 ) (2048 2048 -64 ) (2048 1600 -64 ) 
4 4 5 (2433 1600 -48 ) (2433 1600 1784.290039 ) (2048 1600 1784.290039 ) (2048 1600 -48 ) 
4 4 6 (2048 1600 -120.286003 ) (2433 1600 -120.286003 ) (2433 1600 -64 ) (2048 1600 -64 ) 
4 5 31 (2048 1024 1784.290039 ) (2048 1024 -48 ) (2433 1024 -48 ) (2433 1024 1784.290039 ) 
4 5 11 (2048 1024 -48 ) (2048 1024 1784.290039 ) (2048 1600 1784.290039 ) (2048 1600 -48 ) 
4 6 32 (2048 1024 -64 ) (2048 1024 -120.286003 ) (2433 1024 -120.286003 ) (2433 1024 -64 ) 
4 6 12 (2048 1024 -120.286003 ) (2048 1024 -64 ) (2048 1600 -64 ) (2048 1600 -120.286003 ) 
4 7 12 (2048 2048 -120.286003 ) (2048 2048 -64 ) (1024 2048 -64 ) (1024 2048 -120.286003 ) 
4 7 10 (2048 2048 -64 ) (2048 2048 1784.290039 ) (1024 2048 1784.290039 ) (1024 2048 -64 ) 
4 7 9 (1024 2618 -120.286003 ) (1024 2048 -120.286003 ) (1024 2048 1784.290039 ) (1024 2618 1784.290039 ) 
4 8 18 (0 2827 2067 ) (0 2827 2195 ) (0 3072 2195 ) (0 3072 2067 ) 
4 9 19 (0 2048 -120.286003 ) (0 2048 1784.290039 ) (0 2618 1784.290039 ) (0 2618 -120.286003 ) 
4 9 15 (1024 2048 -120.286003 ) (1024 2048 -64 ) (0 2048 -64 ) (0 2048 -120.286003 ) 
4 9 13 (1024 2048 -64 ) (1024 2048 1784.290039 ) (0 2048 1784.290039 ) (0 2048 -64 ) 
4 10 13 (1024 2048 1784.290039 ) (1024 2048 -64 ) (1024 1600 -64 ) (1024 1600 1784.290039 ) 
4 10 12 (1024 1600 -64 ) (1024 2048 -64 ) (2048 2048 -64 ) (2048 1600 -64 ) 
4 10 11 (2048 1600 -48 ) (2048 1600 1784.290039 ) (1024 1600 1784.290039 ) (1024 1600 -48 ) 
4 11 38 (1342 1024 1702 ) (1024 1024 1702 ) (1024 1024 -48 ) (1342 1024 -48 ) 
4 11 37 (2048 1024 -48 ) (2048 1024 1702 ) (1342 1024 1702 ) (1342 1024 -48 ) 
4 11 36 (2048 1024 1702 ) (2048 1024 1784.290039 ) (1024 1024 1784.290039 ) (1024 1024 1702 ) 
4 11 14 (1024 1024 -48 ) (1024 1024 1784.290039 ) (1024 1600 1784.290039 ) (1024 1600 -48 ) 
4 12 44 (2048 1024 -120.286003 ) (2048 1024 -64 ) (1024 1024 -64 ) (1024 1024 -120.286003 ) 
4 12 15 (1024 2048 -64 ) (1024 2048 -120.286003 ) (1024 1024 -120.286003 ) (1024 1024 -64 ) 
4 13 22 (0 2048 -48 ) (0 2048 -64 ) (0 1600 -64 ) (0 1600 -48 ) 
4 13 21 (0 1600 1784.290039 ) (0 2048 1784.290039 ) (0 2048 -48 ) (0 1600 -48 ) 
4 13 15 (0 1600 -64 ) (0 2048 -64 ) (1024 2048 -64 ) (1024 1600 -64 ) 
4 13 14 (1024 1600 -48 ) (1024 1600 1784.290039 ) (0 1600 1784.290039 ) (0 1600 -48 ) 
4 14 49 (1024 1024 -48 ) (1024 1024 -44 ) (0 1024 -44 ) (0 1024 -48 ) 
4 14 45 (1024 1024 -44 ) (1024 1024 1784.290039 ) (0 1024 1784.290039 ) (0 1024 -44 ) 
4 14 21 (0 1024 -48 ) (0 1024 1784.290039 ) (0 1600 1784.290039 ) (0 1600 -48 ) 
4 15 62 (1024 1024 -120.286003 ) (1024 1024 -64 ) (0 1024 -64 ) (0 1024 -120.286003 ) 
4 15 23 (0 1024 -120.286003 ) (0 1024 -64 ) (0 2048 -64 ) (0 2048 -120.286003 ) 
4 17 18 (0 3072 2067 ) (0 3072 2195 ) (-99.444298 3072 2195 ) (-99.444298 3072 2067 ) 
4 19 23 (0 2048 -120.286003 ) (0 2048 -64 ) (-1024 2048 -64 ) (-1024 2048 -120.286003 ) 
4 19 22 (0 2048 -64 ) (0 2048 -48 ) (-1024 2048 -48 ) (-1024 2048 -64 ) 
4 19 21 (0 2048 -48 ) (0 2048 1784.290039 ) (-1024 2048 1784.290039 ) (-1024 2048 -48 ) 
4 19 20 (-1024 2048 -120.286003 ) (-1024 2048 1784.290039 ) (-1024 2618 1784.290039 ) (-1024 2618 -120.286003 ) 
4 20 28 (-2048 2618 -120.286003 ) (-2048 2048 -120.286003 ) (-2048 2048 1784.290039 ) (-2048 2618 1784.290039 ) 
4 20 27 (-1024 2048 -120.286003 ) (-1024 2048 -64 ) (-2048 2048 -64 ) (-2048 2048 -120.286003 ) 
4 20 24 (-1024 2048 -64 ) (-1024 2048 1784.290039 ) (-1516 2048 1784.290039 ) (-1516 2048 -64 ) 
4 20 26 (-1516 2048 1784.290039 ) (-2048 2048 1784.290039 ) (-2048 2048 -64 ) (-1516 2048 -64 ) 
4 21 117 (-288 1024 1784.290039 ) (-1024 1024 1784.290039 ) (-1024 1024 -48 ) (-288 1024 -48 ) 
4 21 105 (0 1024 -48 ) (0 1024 -44 ) (-288 1024 -44 ) (-288 1024 -48 ) 
4 21 101 (0 1024 -44 ) (0 1024 1784.290039 ) (-288 1024 1784.290039 ) (-288 1024 -44 ) 
4 21 25 (-1024 1600 -48 ) (-1024 1024 -48 ) (-1024 1024 1784.290039 ) (-1024 1600 1784.290039 ) 
4 21 24 (-1024 2048 1784.290039 ) (-1024 2048 -48 ) (-1024 1600 -48 ) (-1024 1600 1784.290039 ) 
4 21 22 (-1024 1600 -48 ) (-1024 2048 -48 ) (0 2048 -48 ) (0 1600 -48 ) 
4 22 24 (-1024 2048 -48 ) (-1024 2048 -64 ) (-1024 1600 -64 ) (-1024 1600 -48 ) 
4 22 23 (-1024 2048 -64 ) (0 2048 -64 ) (0 1600 -64 ) (-1024 1600 -64 ) 
4 23 137 (0 1024 -120.286003 ) (0 1024 -64 ) (-1024 1024 -64 ) (-1024 1024 -120.286003 ) 
4 23 27 (-1024 2048 -64 ) (-1024 2048 -120.286003 ) (-1024 1024 -120.286003 ) (-1024 1024 -64 ) 
4 24 27 (-1024 2048 -64 ) (-1024 1600 -64 ) (-1516 1600 -64 ) (-1516 2048 -64 ) 
4 24 25 (-1516 1600 1784.290039 ) (-1516 1600 -48 ) (-1024 1600 -48 ) (-1024 1600 1784.290039 ) 
4 24 26 (-1516 2048 -64 ) (-1516 1600 -64 ) (-1516 1600 1784.290039 ) (-1516 2048 1784.290039 ) 
4 25 138 (-1024 1024 -48 ) (-1024 1024 1784.290039 ) (-1516 1024 1784.290039 ) (-1516 1024 -48 ) 
4 25 26 (-1516 1024 -48 ) (-1516 1024 1784.290039 ) (-1516 1600 1784.290039 ) (-1516 1600 -48 ) 
4 26 139 (-1516 1024 1784.290039 ) (-2048 1024 1784.290039 ) (-2048 1024 -64 ) (-1516 1024 -64 ) 
4 26 29 (-2048 1024 -64 ) (-2048 1024 1784.290039 ) (-2048 2048 1784.290039 ) (-2048 2048 -64 ) 
4 26 27 (-1516 1024 -64 ) (-2048 1024 -64 ) (-2048 2048 -64 ) (-1516 2048 -64 ) 
4 27 140 (-1024 1024 -120.286003 ) (-1024 1024 -64 ) (-2048 1024 -64 ) (-2048 1024 -120.286003 ) 
4 27 29 (-2048 1024 -120.286003 ) (-2048 1024 -64 ) (-2048 2048 -64 ) (-2048 2048 -120.286003 ) 
4 28 29 (-2048 2048 -120.286003 ) (-2048 2048 1784.290039 ) (-2554 2048 1784.290039 ) (-2554 2048 -120.286003 ) 
4 29 168 (-2048 1024 -120.286003 ) (-2048 1024 1784.290039 ) (-2554 1024 1784.290039 ) (-2554 1024 -120.286003 ) 
4 30 33 (2433 0 -120.286003 ) (2554 0 -120.286003 ) (2554 0 1784.290039 ) (2433 0 1784.290039 ) 
4 30 31 (2433 0 -48 ) (2433 0 1784.290039 ) (2433 1024 1784.290039 ) (2433 1024 -48 ) 
4 30 32 (2433 1024 -120.286003 ) (2433 0 -120.286003 ) (2433 0 -64 ) (2433 1024 -64 ) 
4 31 40 (2048 848 -48 ) (2048 0 -48 ) (2048 0 1702 ) (2048 848 1702 ) 
4 31 37 (2048 1024 1702 ) (2048 1024 -48 ) (2048 848 -48 ) (2048 848 1702 ) 
4 31 36 (2048 1024 1784.290039 ) (2048 1024 1702 ) (2048 0 1702 ) (2048 0 1784.290039 ) 
4 31 34 (2048 0 1784.290039 ) (2048 0 -48 ) (2433 0 -48 ) (2433 0 1784.290039 ) 
4 32 44 (2048 1024 -64 ) (2048 1024 -120.286003 ) (2048 0 -120.286003 ) (2048 0 -64 ) 
4 32 35 (2048 0 -64 ) (2048 0 -120.286003 ) (2433 0 -120.286003 ) (2433 0 -64 ) 
4 33 84 (2433 -1024 -120.286003 ) (2554 -1024 -120.286003 ) (2554 -1024 1784.290039 ) (2433 -1024 1784.290039 ) 
4 33 34 (2433 -1024 -48 ) (2433 -1024 1784.290039 ) (2433 0 1784.290039 ) (2433 0 -48 ) 
4 33 35 (2433 0 -120.286003 ) (2433 -1024 -120.286003 ) (2433 -1024 -64 ) (2433 0 -64 ) 
4 34 85 (2048 -1024 1784.290039 ) (2048 -1024 -48 ) (2433 -1024 -48 ) (2433 -1024 1784.290039 ) 
4 34 64 (2048 -1024 -48 ) (2048 -1024 1702 ) (2048 0 1702 ) (2048 0 -48 ) 
4 34 63 (2048 -1024 1702 ) (2048 -1024 1784.290039 ) (2048 0 1784.290039 ) (2048 0 1702 ) 
4 35 86 (2048 -1024 -64 ) (2048 -1024 -120.286003 ) (2433 -1024 -120.286003 ) (2433 -1024 -64 ) 
4 35 78 (2048 -1024 -120.286003 ) (2048 -1024 -64 ) (2048 0 -64 ) (2048 0 -120.286003 ) 
4 36 63 (2048 0 1702 ) (2048 0 1784.290039 ) (1024 0 1784.290039 ) (1024 0 1702 ) 
4 36 46 (1024 850 1702 ) (1024 848 1702 ) (1024 848 1784.290039 ) (1024 850 1784.290039 ) 
4 36 45 (1024 1024 1784.290039 ) (1024 1024 1702 ) (1024 850 1702 ) (1024 850 1784.290039 ) 
4 36 48 (1024 848 1702 ) (1024 0 1702 ) (1024 0 1784.290039 ) (1024 848 1784.290039 ) 
4 36 42 (1344 0 1702 ) (1327 0 1702 ) (1327 843 1702 ) (1344 843 1702 ) 
4 36 41 (1327 843 1702 ) (1327 848 1702 ) (1344 848 1702 ) (1344 843 1702 ) 
4 36 40 (2048 0 1702 ) (1344 0 1702 ) (1344 848 1702 ) (2048 848 1702 ) 
4 36 43 (1327 0 1702 ) (1024 0 1702 ) (1024 848 1702 ) (1327 848 1702 ) 
4 36 39 (1024 848 1702 ) (1024 850 1702 ) (1342 850 1702 ) (1342 848 1702 ) 
4 36 38 (1024 850 1702 ) (1024 1024 1702 ) (1342 1024 1702 ) (1342 850 1702 ) 
4 36 37 (1342 1024 1702 ) (2048 1024 1702 ) (2048 848 1702 ) (1342 848 1702 ) 
4 37 41 (1342 848 -48 ) (1344 848 -48 ) (1344 848 1702 ) (1342 848 1702 ) 
4 37 40 (1344 848 -48 ) (2048 848 -48 ) (2048 848 1702 ) (1344 848 1702 ) 
4 37 39 (1342 850 -48 ) (1342 848 -48 ) (1342 848 1702 ) (1342 850 1702 ) 
4 37 38 (1342 1024 -48 ) (1342 850 -48 ) (1342 850 1702 ) (1342 1024 1702 ) 
4 38 49 (1024 1024 -44 ) (1024 1024 -48 ) (1024 850 -48 ) (1024 850 -44 ) 
4 38 45 (1024 1024 1702 ) (1024 1024 -44 ) (1024 850 -44 ) (1024 850 1702 ) 
4 38 39 (1024 850 -48 ) (1342 850 -48 ) (1342 850 1702 ) (1024 850 1702 ) 
4 39 50 (1024 850 -48 ) (1024 848 -48 ) (1024 848 -44 ) (1024 850 -44 ) 
4 39 47 (1024 848 -44 ) (1024 848 1702 ) (1024 850 1702 ) (1024 850 -44 ) 
4 39 41 (1327 848 -48 ) (1342 848 -48 ) (1342 848 1702 ) (1327 848 1702 ) 
4 39 43 (1024 848 -48 ) (1327 848 -48 ) (1327 848 1702 ) (1024 848 1702 ) 
4 40 64 (2048 0 -48 ) (2048 0 1702 ) (1344 0 1702 ) (1344 0 -48 ) 
4 40 42 (1344 843 -48 ) (1344 0 -48 ) (1344 0 1702 ) (1344 843 1702 ) 
4 40 41 (1344 848 1702 ) (1344 848 -48 ) (1344 843 -48 ) (1344 843 1702 ) 
4 41 43 (1327 848 1702 ) (1327 848 -48 ) (1327 843 -48 ) (1327 843 1702 ) 
4 41 42 (1327 843 1702 ) (1327 843 -48 ) (1344 843 -48 ) (1344 843 1702 ) 
4 42 65 (1344 0 1702 ) (1327 0 1702 ) (1327 0 -48 ) (1344 0 -48 ) 
4 42 43 (1327 843 -48 ) (1327 0 -48 ) (1327 0 1702 ) (1327 843 1702 ) 
4 43 66 (1327 0 1702 ) (1313 0 1702 ) (1313 0 -48 ) (1327 0 -48 ) 
4 43 72 (1313 0 1702 ) (1024 0 1702 ) (1024 0 -48 ) (1313 0 -48 ) 
4 43 52 (1024 832 -48 ) (1024 0 -48 ) (1024 0 -44 ) (1024 832 -44 ) 
4 43 51 (1024 848 -48 ) (1024 832 -48 ) (1024 832 -44 ) (1024 848 -44 ) 
4 43 48 (1024 0 -44 ) (1024 0 1702 ) (1024 848 1702 ) (1024 848 -44 ) 
4 44 78 (2048 0 -120.286003 ) (2048 0 -64 ) (1024 0 -64 ) (1024 0 -120.286003 ) 
4 44 62 (1024 1024 -64 ) (1024 1024 -120.286003 ) (1024 0 -120.286003 ) (1024 0 -64 ) 
4 45 101 (0 1024 1784.290039 ) (0 1024 -44 ) (0 850 -44 ) (0 850 1784.290039 ) 
4 45 49 (0 850 -44 ) (0 1024 -44 ) (1024 1024 -44 ) (1024 850 -44 ) 
4 45 47 (0 850 -44 ) (1024 850 -44 ) (1024 850 1702 ) (0 850 1702 ) 
4 45 46 (1024 850 1702 ) (1024 850 1784.290039 ) (0 850 1784.290039 ) (0 850 1702 ) 
4 46 102 (0 848 1702 ) (0 848 1784.290039 ) (0 850 1784.290039 ) (0 850 1702 ) 
4 46 48 (1024 848 1702 ) (1024 848 1784.290039 ) (0 848 1784.290039 ) (0 848 1702 ) 
4 46 47 (1024 848 1702 ) (0 848 1702 ) (0 850 1702 ) (1024 850 1702 ) 
4 47 103 (0 850 -44 ) (0 848 -44 ) (0 848 1702 ) (0 850 1702 ) 
4 47 50 (0 848 -44 ) (0 850 -44 ) (1024 850 -44 ) (1024 848 -44 ) 
4 47 48 (0 848 -44 ) (1024 848 -44 ) (1024 848 1702 ) (0 848 1702 ) 
4 48 104 (0 848 -44 ) (0 0 -44 ) (0 0 1784.290039 ) (0 848 1784.290039 ) 
4 48 79 (1024 0 -44 ) (1024 0 1784.290039 ) (0 0 1784.290039 ) (0 0 -44 ) 
3 48 60 (232 824 -44 ) (237.176468 820.117615 -44 ) (238 816 -44 ) 
3 48 59 (231.952438 503.936584 -44 ) (228.117676 498.823578 -44 ) (224.050537 498.010132 -44 ) 
3 48 58 (214 832 -44 ) (221.333313 832 -44 ) (224 830 -44 ) 
3 48 57 (240 522 -44 ) (240 514.666626 -44 ) (238 512 -44 ) 
3 48 56 (237.176468 820.117615 -44 ) (240 818 -44 ) (240 806 -44 ) 
3 48 55 (228.117676 498.823578 -44 ) (226 496 -44 ) (214 496 -44 ) 
3 48 54 (221.333313 832 -44 ) (240 832 -44 ) (240 818 -44 ) 
3 48 53 (240 514.666626 -44 ) (240 496 -44 ) (226 496 -44 ) 
4 48 61 (240 0 -44 ) (0 0 -44 ) (0 496 -44 ) (240 496 -44 ) 
4 48 52 (1024 0 -44 ) (240 0 -44 ) (240 832 -44 ) (1024 832 -44 ) 
4 48 51 (0 832 -44 ) (0 848 -44 ) (1024 848 -44 ) (1024 832 -44 ) 
4 49 105 (0 1024 -44 ) (0 1024 -48 ) (0 850 -48 ) (0 850 -44 ) 
4 49 50 (0 850 -48 ) (1024 850 -48 ) (1024 850 -44 ) (0 850 -44 ) 
4 50 106 (0 850 -48 ) (0 848 -48 ) (0 848 -44 ) (0 850 -44 ) 
4 50 51 (0 848 -48 ) (1024 848 -48 ) (1024 848 -44 ) (0 848 -44 ) 
4 51 107 (0 848 -48 ) (0 832 -48 ) (0 832 -44 ) (0 848 -44 ) 
4 51 58 (214 832 -48 ) (221.333313 832 -48 ) (221.333313 832 -44 ) (214 832 -44 ) 
4 51 54 (221.333313 832 -48 ) (240 832 -48 ) (240 832 -44 ) (221.333313 832 -44 ) 
4 51 52 (240 832 -48 ) (1024 832 -48 ) (1024 832 -44 ) (240 832 -44 ) 
4 52 79 (1024 0 -48 ) (1024 0 -44 ) (240 0 -44 ) (240 0 -48 ) 
4 52 57 (240 522 -48 ) (240 514.666626 -48 ) (240 514.666687 -44 ) (240 522 -44 ) 
4 52 56 (240 818 -48 ) (240 806 -48 ) (240 806 -44 ) (240 818 -44 ) 
4 52 54 (240 832 -44 ) (240 832 -48 ) (240 818 -48 ) (240 818 -44 ) 
4 52 53 (240 514.666626 -48 ) (240 496 -48 ) (240 496 -44 ) (240 514.666687 -44 ) 
4 52 61 (240 496 -48 ) (240 0 -48 ) (240 0 -44 ) (240 496 -44 ) 
4 53 59 (232.005478 504.004150 -48 ) (228.120148 498.824066 -48 ) (228.120148 498.824066 -44 ) (231.957870 503.940674 -44 ) 
4 53 57 (240 514.662781 -44 ) (240 514.662781 -48 ) (237.998993 511.994934 -48 ) (237.998993 511.994934 -44 ) 
4 53 55 (228.120148 498.824066 -48 ) (226.001953 496 -48 ) (226.001953 496 -44 ) (228.120148 498.824066 -44 ) 
4 53 61 (226 496 -48 ) (240 496 -48 ) (240 496 -44 ) (226 496 -44 ) 
4 54 60 (232.004944 823.993347 -48 ) (237.177170 820.114197 -48 ) (237.177170 820.114197 -44 ) (232.004944 823.993347 -44 ) 
4 54 58 (221.329422 832 -44 ) (221.329422 832 -48 ) (223.994614 830.001099 -48 ) (223.994614 830.001099 -44 ) 
4 54 56 (237.177170 820.114197 -48 ) (240 817.997070 -48 ) (240 817.997070 -44 ) (237.177170 820.114197 -44 ) 
4 55 59 (228.117401 498.823853 -44 ) (228.117401 498.823853 -48 ) (224 498 -48 ) (224.051208 498.010620 -44 ) 
4 55 61 (214 496 -48 ) (226 496 -48 ) (226 496 -44 ) (214 496 -44 ) 
4 56 60 (237.176727 820.117310 -44 ) (237.176727 820.117310 -48 ) (238 816 -48 ) (238 816 -44 ) 
4 61 116 (0 496 -48 ) (0 0 -48 ) (0 0 -44 ) (0 496 -44 ) 
4 61 79 (240 0 -44 ) (0 0 -44 ) (0 0 -48 ) (240 0 -48 ) 
4 62 137 (0 1024 -64 ) (0 1024 -120.286003 ) (0 0 -120.286003 ) (0 0 -64 ) 
4 62 83 (1024 0 -120.286003 ) (1024 0 -64 ) (0 0 -64 ) (0 0 -120.286003 ) 
4 63 91 (2048 -1024 1702 ) (2048 -1024 1784.290039 ) (1024 -1024 1784.290039 ) (1024 -1024 1702 ) 
4 63 80 (1024 -728 1702 ) (1024 -730 1702 ) (1024 -730 1784.290039 ) (1024 -728 1784.290039 ) 
4 63 79 (1024 0 1784.290039 ) (1024 0 1702 ) (1024 -728 1702 ) (1024 -728 1784.290039 ) 
4 63 82 (1024 -730 1702 ) (1024 -1024 1702 ) (1024 -1024 1784.290039 ) (1024 -730 1784.290039 ) 
4 63 76 (1327 -732 1702 ) (1024 -732 1702 ) (1024 -730 1702 ) (1327 -730 1702 ) 
4 63 75 (1344 -730 1702 ) (1344 -732 1702 ) (1327 -732 1702 ) (1327 -730 1702 ) 
4 63 74 (1327 -730 1702 ) (1024 -730 1702 ) (1024 -728 1702 ) (1327 -728 1702 ) 
4 63 73 (1344 -728 1702 ) (1344 -730 1702 ) (1327 -730 1702 ) (1327 -728 1702 ) 
4 63 71 (1327 -728 1702 ) (1313 -728 1702 ) (1313 -707 1702 ) (1327 -707 1702 ) 
4 63 70 (1344 -707 1702 ) (1344 -728 1702 ) (1327 -728 1702 ) (1327 -707 1702 ) 
4 63 68 (1339 -707 1702 ) (1327 -707 1702 ) (1327 -591 1702 ) (1339 -591 1702 ) 
4 63 67 (1344 -591 1702 ) (1344 -707 1702 ) (1339 -707 1702 ) (1339 -591 1702 ) 
4 63 69 (1327 -707 1702 ) (1313 -707 1702 ) (1313 -591 1702 ) (1327 -591 1702 ) 
4 63 66 (1313 0 1702 ) (1327 0 1702 ) (1327 -591 1702 ) (1313 -591 1702 ) 
4 63 65 (1327 0 1702 ) (1344 0 1702 ) (1344 -591 1702 ) (1327 -591 1702 ) 
4 63 72 (1024 0 1702 ) (1313 0 1702 ) (1313 -728 1702 ) (1024 -728 1702 ) 
4 63 77 (1344 -732 1702 ) (1344 -1024 1702 ) (1024 -1024 1702 ) (1024 -732 1702 ) 
4 63 64 (1344 0 1702 ) (2048 0 1702 ) (2048 -1024 1702 ) (1344 -1024 1702 ) 
4 64 91 (2048 -1024 -48 ) (2048 -1024 1702 ) (1344 -1024 1702 ) (1344 -1024 -48 ) 
4 64 75 (1344 -730 -48 ) (1344 -732 -48 ) (1344 -732 1702 ) (1344 -730 1702 ) 
4 64 73 (1344 -728 -48 ) (1344 -730 -48 ) (1344 -730 1702 ) (1344 -728 1702 ) 
4 64 70 (1344 -707 -48 ) (1344 -728 -48 ) (1344 -728 1702 ) (1344 -707 1702 ) 
4 64 67 (1344 -591 -48 ) (1344 -707 -48 ) (1344 -707 1702 ) (1344 -591 1702 ) 
4 64 65 (1344 0 -48 ) (1344 -591 -48 ) (1344 -591 1702 ) (1344 0 1702 ) 
4 64 77 (1344 -732 -48 ) (1344 -1024 -48 ) (1344 -1024 1702 ) (1344 -732 1702 ) 
4 65 68 (1327 -591 -48 ) (1339 -591 -48 ) (1339 -591 1702 ) (1327 -591 1702 ) 
4 65 67 (1339 -591 -48 ) (1344 -591 -48 ) (1344 -591 1702 ) (1339 -591 1702 ) 
4 65 66 (1327 0 -48 ) (1327 -591 -48 ) (1327 -591 1702 ) (1327 0 1702 ) 
4 66 69 (1313 -591 1702 ) (1313 -591 -48 ) (1327 -591 -48 ) (1327 -591 1702 ) 
4 66 72 (1313 0 -48 ) (1313 -591 -48 ) (1313 -591 1702 ) (1313 0 1702 ) 
4 67 70 (1339 -707 -48 ) (1344 -707 -48 ) (1344 -707 1702 ) (1339 -707 1702 ) 
4 67 68 (1339 -591 1702 ) (1339 -591 -48 ) (1339 -707 -48 ) (1339 -707 1702 ) 
4 68 70 (1327 -707 -48 ) (1339 -707 -48 ) (1339 -707 1702 ) (1327 -707 1702 ) 
4 68 69 (1327 -591 1702 ) (1327 -591 -48 ) (1327 -707 -48 ) (1327 -707 1702 ) 
4 69 71 (1313 -707 1702 ) (1313 -707 -48 ) (1327 -707 -48 ) (1327 -707 1702 ) 
4 69 72 (1313 -591 -48 ) (1313 -707 -48 ) (1313 -707 1702 ) (1313 -591 1702 ) 
4 70 73 (1327 -728 -48 ) (1344 -728 -48 ) (1344 -728 1702 ) (1327 -728 1702 ) 
4 70 71 (1327 -707 1702 ) (1327 -707 -48 ) (1327 -728 -48 ) (1327 -728 1702 ) 
4 71 74 (1313 -728 -48 ) (1327 -728 -48 ) (1327 -728 1702 ) (1313 -728 1702 ) 
4 71 72 (1313 -707 -48 ) (1313 -728 -48 ) (1313 -728 1702 ) (1313 -707 1702 ) 
4 72 79 (1024 0 1702 ) (1024 0 -48 ) (1024 -728 -48 ) (1024 -728 1702 ) 
4 72 74 (1024 -728 -48 ) (1313 -728 -48 ) (1313 -728 1702 ) (1024 -728 1702 ) 
4 73 75 (1327 -730 -48 ) (1344 -730 -48 ) (1344 -730 1702 ) (1327 -730 1702 ) 
4 73 74 (1327 -728 1702 ) (1327 -728 -48 ) (1327 -730 -48 ) (1327 -730 1702 ) 
4 74 81 (1024 -728 -48 ) (1024 -730 -48 ) (1024 -730 1702 ) (1024 -728 1702 ) 
4 74 76 (1024 -730 -48 ) (1327 -730 -48 ) (1327 -730 1702 ) (1024 -730 1702 ) 
4 75 77 (1327 -732 -48 ) (1344 -732 -48 ) (1344 -732 1702 ) (1327 -732 1702 ) 
4 75 76 (1327 -730 1702 ) (1327 -730 -48 ) (1327 -732 -48 ) (1327 -732 1702 ) 
4 76 82 (1024 -730 -48 ) (1024 -732 -48 ) (1024 -732 1702 ) (1024 -730 1702 ) 
4 76 77 (1024 -732 -48 ) (1327 -732 -48 ) (1327 -732 1702 ) (1024 -732 1702 ) 
4 77 91 (1344 -1024 1702 ) (1024 -1024 1702 ) (1024 -1024 -48 ) (1344 -1024 -48 ) 
4 77 82 (1024 -732 -48 ) (1024 -1024 -48 ) (1024 -1024 1702 ) (1024 -732 1702 ) 
4 78 92 (2048 -1024 -120.286003 ) (2048 -1024 -64 ) (1024 -1024 -64 ) (1024 -1024 -120.286003 ) 
4 78 83 (1024 0 -64 ) (1024 0 -120.286003 ) (1024 -1024 -120.286003 ) (1024 -1024 -64 ) 
4 79 145 (0 0 -46 ) (0 0 -48 ) (0 -728 -48 ) (0 -728 -46 ) 
4 79 141 (0 -728 1784.290039 ) (0 0 1784.290039 ) (0 0 -46 ) (0 -728 -46 ) 
4 79 81 (0 -728 -48 ) (1024 -728 -48 ) (1024 -728 1702 ) (0 -728 1702 ) 
4 79 80 (1024 -728 1702 ) (1024 -728 1784.290039 ) (0 -728 1784.290039 ) (0 -728 1702 ) 
4 80 142 (0 -730 1784.290039 ) (0 -728 1784.290039 ) (0 -728 1702 ) (0 -730 1702 ) 
4 80 82 (1024 -730 1702 ) (1024 -730 1784.290039 ) (0 -730 1784.290039 ) (0 -730 1702 ) 
4 80 81 (1024 -730 1702 ) (0 -730 1702 ) (0 -728 1702 ) (1024 -728 1702 ) 
4 81 146 (0 -728 -46 ) (0 -728 -48 ) (0 -730 -48 ) (0 -730 -46 ) 
4 81 143 (0 -728 1702 ) (0 -728 -46 ) (0 -730 -46 ) (0 -730 1702 ) 
4 81 82 (0 -730 -48 ) (1024 -730 -48 ) (1024 -730 1702 ) (0 -730 1702 ) 
4 82 147 (0 -730 -46 ) (0 -730 -48 ) (0 -736 -48 ) (0 -736 -46 ) 
4 82 144 (0 -736 1784.290039 ) (0 -730 1784.290039 ) (0 -730 -46 ) (0 -736 -46 ) 
4 82 163 (0 -1024 -48 ) (0 -1024 1784.290039 ) (0 -736 1784.290039 ) (0 -736 -48 ) 
4 82 93 (1024 -1024 -48 ) (1024 -1024 1784.290039 ) (0 -1024 1784.290039 ) (0 -1024 -48 ) 
4 83 164 (0 -1024 -120.286003 ) (0 -1024 -64 ) (0 0 -64 ) (0 0 -120.286003 ) 
4 83 94 (1024 -1024 -120.286003 ) (1024 -1024 -64 ) (0 -1024 -64 ) (0 -1024 -120.286003 ) 
4 84 87 (2433 -2048 -120.286003 ) (2554 -2048 -120.286003 ) (2554 -2048 1784.290039 ) (2433 -2048 1784.290039 ) 
4 84 85 (2433 -2048 -48 ) (2433 -2048 1784.290039 ) (2433 -1024 1784.290039 ) (2433 -1024 -48 ) 
4 84 86 (2433 -1024 -120.286003 ) (2433 -2048 -120.286003 ) (2433 -2048 -64 ) (2433 -1024 -64 ) 
4 85 91 (2048 -1024 1784.290039 ) (2048 -1024 -48 ) (2048 -2048 -48 ) (2048 -2048 1784.290039 ) 
4 85 88 (2048 -2048 1784.290039 ) (2048 -2048 -48 ) (2433 -2048 -48 ) (2433 -2048 1784.290039 ) 
4 86 92 (2048 -1024 -64 ) (2048 -1024 -120.286003 ) (2048 -2048 -120.286003 ) (2048 -2048 -64 ) 
4 86 89 (2048 -2048 -64 ) (2048 -2048 -120.286003 ) (2433 -2048 -120.286003 ) (2433 -2048 -64 ) 
4 87 90 (2433 -2250 -120.286003 ) (2554 -2250 -120.286003 ) (2554 -2250 1784.290039 ) (2433 -2250 1784.290039 ) 
4 87 88 (2433 -2250 -48 ) (2433 -2250 1784.290039 ) (2433 -2048 1784.290039 ) (2433 -2048 -48 ) 
4 87 89 (2433 -2048 -120.286003 ) (2433 -2250 -120.286003 ) (2433 -2250 -64 ) (2433 -2048 -64 ) 
4 88 95 (2048 -2250 1784.290039 ) (2048 -2048 1784.290039 ) (2048 -2048 -48 ) (2048 -2250 -48 ) 
4 88 90 (2433 -2250 -48 ) (2433 -2250 1784.290039 ) (2048 -2250 1784.290039 ) (2048 -2250 -48 ) 
4 89 96 (2048 -2048 -64 ) (2048 -2048 -120.286003 ) (2048 -2250 -120.286003 ) (2048 -2250 -64 ) 
4 89 90 (2048 -2250 -120.286003 ) (2433 -2250 -120.286003 ) (2433 -2250 -64 ) (2048 -2250 -64 ) 
4 90 97 (2048 -2490 1784.290039 ) (2048 -2250 1784.290039 ) (2048 -2250 -120.286003 ) (2048 -2490 -120.286003 ) 
4 91 95 (2048 -2048 -48 ) (2048 -2048 1784.290039 ) (1024 -2048 1784.290039 ) (1024 -2048 -48 ) 
4 91 93 (1024 -1024 1784.290039 ) (1024 -1024 -48 ) (1024 -2048 -48 ) (1024 -2048 1784.290039 ) 
4 92 96 (2048 -2048 -120.286003 ) (2048 -2048 -64 ) (1024 -2048 -64 ) (1024 -2048 -120.286003 ) 
4 92 94 (1024 -1024 -64 ) (1024 -1024 -120.286003 ) (1024 -2048 -120.286003 ) (1024 -2048 -64 ) 
4 93 170 (0 -2048 -48 ) (0 -2048 1784.290039 ) (0 -1024 1784.290039 ) (0 -1024 -48 ) 
4 93 98 (1024 -2048 -48 ) (1024 -2048 1784.290039 ) (0 -2048 1784.290039 ) (0 -2048 -48 ) 
4 94 172 (0 -2048 -120.286003 ) (0 -2048 -64 ) (0 -1024 -64 ) (0 -1024 -120.286003 ) 
4 94 99 (1024 -2048 -120.286003 ) (1024 -2048 -64 ) (0 -2048 -64 ) (0 -2048 -120.286003 ) 
4 95 98 (1024 -2048 1784.290039 ) (1024 -2048 -48 ) (1024 -2250 -48 ) (1024 -2250 1784.290039 ) 
4 95 97 (2048 -2250 -48 ) (2048 -2250 1784.290039 ) (1024 -2250 1784.290039 ) (1024 -2250 -48 ) 
4 96 99 (1024 -2048 -64 ) (1024 -2048 -120.286003 ) (1024 -2250 -120.286003 ) (1024 -2250 -64 ) 
4 96 97 (1024 -2250 -120.286003 ) (2048 -2250 -120.286003 ) (2048 -2250 -64 ) (1024 -2250 -64 ) 
4 97 100 (1024 -2250 -120.286003 ) (1024 -2490 -120.286003 ) (1024 -2490 1784.290039 ) (1024 -2250 1784.290039 ) 
4 98 177 (0 -2048 1784.290039 ) (0 -2048 -48 ) (0 -2250 -48 ) (0 -2250 1784.290039 ) 
4 98 100 (1024 -2250 -48 ) (1024 -2250 1784.290039 ) (0 -2250 1784.290039 ) (0 -2250 -48 ) 
4 99 178 (0 -2048 -64 ) (0 -2048 -120.286003 ) (0 -2250 -120.286003 ) (0 -2250 -64 ) 
4 99 100 (0 -2250 -120.286003 ) (1024 -2250 -120.286003 ) (1024 -2250 -64 ) (0 -2250 -64 ) 
4 100 179 (0 -2250 -120.286003 ) (0 -2490 -120.286003 ) (0 -2490 1784.290039 ) (0 -2250 1784.290039 ) 
4 101 118 (-288 850 1784.290039 ) (-288 868 1784.290039 ) (-288 868 -44 ) (-288 850 -44 ) 
4 101 117 (-288 868 1784.290039 ) (-288 1024 1784.290039 ) (-288 1024 -44 ) (-288 868 -44 ) 
4 101 105 (-288 850 -44 ) (-288 1024 -44 ) (0 1024 -44 ) (0 850 -44 ) 
4 101 103 (-288 850 1702 ) (-288 850 -44 ) (0 850 -44 ) (0 850 1702 ) 
4 101 102 (-288 850 1784.290039 ) (-288 850 1702 ) (0 850 1702 ) (0 850 1784.290039 ) 
4 102 119 (-288 848 1784.290039 ) (-288 850 1784.290039 ) (-288 850 1702 ) (-288 848 1702 ) 
4 102 104 (-288 848 1784.290039 ) (-288 848 1702 ) (0 848 1702 ) (0 848 1784.290039 ) 
4 102 103 (0 848 1702 ) (-288 848 1702 ) (-288 850 1702 ) (0 850 1702 ) 
4 103 120 (-288 850 1702 ) (-288 850 -44 ) (-288 848 -44 ) (-288 848 1702 ) 
4 103 106 (-288 848 -44 ) (-288 850 -44 ) (0 850 -44 ) (0 848 -44 ) 
4 103 104 (-288 848 1702 ) (-288 848 -44 ) (0 848 -44 ) (0 848 1702 ) 
4 104 141 (0 0 -44 ) (0 0 1784.290039 ) (-288 0 1784.290039 ) (-288 0 -44 ) 
4 104 121 (-288 0 -44 ) (-288 0 1784.290039 ) (-288 848 1784.290039 ) (-288 848 -44 ) 
3 104 115 (-272 498 -44 ) (-276.133636 498.826752 -44 ) (-280.018890 504.014191 -44 ) 
3 104 114 (-272 830 -44 ) (-269.333252 832 -44 ) (-262 832 -44 ) 
3 104 113 (-288 514.670288 -44 ) (-288 522 -44 ) (-286 512 -44 ) 
3 104 112 (-280 824 -44 ) (-274 832 -44 ) (-269.333252 832 -44 ) 
3 104 111 (-262 496 -44 ) (-274.016479 496 -44 ) (-276.133636 498.826752 -44 ) 
3 104 110 (-288 806 -44 ) (-288 813.333313 -44 ) (-286 816 -44 ) 
3 104 109 (-288 496 -44 ) (-288 514.670288 -44 ) (-274.016479 496 -44 ) 
3 104 108 (-288 813.333313 -44 ) (-288 832 -44 ) (-274 832 -44 ) 
4 104 116 (-288 0 -44 ) (-288 496 -44 ) (0 496 -44 ) (0 0 -44 ) 
4 104 107 (-288 832 -44 ) (-288 848 -44 ) (0 848 -44 ) (0 832 -44 ) 
4 105 122 (-288 868 -48 ) (-288 850 -48 ) (-288 850 -46 ) (-288 868 -46 ) 
4 105 118 (-288 850 -46 ) (-288 850 -44 ) (-288 868 -44 ) (-288 868 -46 ) 
4 105 117 (-288 1024 -48 ) (-288 868 -48 ) (-288 868 -44 ) (-288 1024 -44 ) 
4 105 106 (0 850 -44 ) (-288 850 -44 ) (-288 850 -48 ) (0 850 -48 ) 
4 106 123 (-288 850 -48 ) (-288 848 -48 ) (-288 848 -46 ) (-288 850 -46 ) 
4 106 120 (-288 848 -46 ) (-288 848 -44 ) (-288 850 -44 ) (-288 850 -46 ) 
4 106 107 (0 848 -44 ) (-288 848 -44 ) (-288 848 -48 ) (0 848 -48 ) 
4 107 124 (-288 848 -48 ) (-288 832 -48 ) (-288 832 -46 ) (-288 848 -46 ) 
4 107 121 (-288 832 -46 ) (-288 832 -44 ) (-288 848 -44 ) (-288 848 -46 ) 
4 107 114 (-262 832 -44 ) (-269.333252 832 -44 ) (-269.333252 832 -48 ) (-262 832 -48 ) 
4 107 112 (-269.333252 832 -44 ) (-274 832 -44 ) (-274 832 -48 ) (-269.333252 832 -48 ) 
4 107 108 (-274 832 -44 ) (-288 832 -44 ) (-288 832 -48 ) (-274 832 -48 ) 
4 108 124 (-288 832 -48 ) (-288 813.333313 -48 ) (-288 813.333313 -46 ) (-288 832 -46 ) 
4 108 121 (-288 813.333313 -46 ) (-288 813.333313 -44 ) (-288 832 -44 ) (-288 832 -46 ) 
4 108 112 (-273.996094 832 -48 ) (-273.996094 832 -44 ) (-279.991180 824.006592 -44 ) (-279.991180 824.006592 -48 ) 
4 108 110 (-286.001434 815.992920 -44 ) (-288 813.328125 -44 ) (-288 813.328125 -48 ) (-286.001434 815.992920 -48 ) 
4 109 124 (-288 514.670288 -48 ) (-288 496 -48 ) (-288 496 -46 ) (-288 514.670288 -46 ) 
4 109 121 (-288 496 -46 ) (-288 496 -44 ) (-288 514.670288 -44 ) (-288 514.670288 -46 ) 
4 109 115 (-276.132111 498.826477 -48 ) (-280.015869 504.011902 -48 ) (-280.015869 504.011902 -44 ) (-276.132111 498.826477 -44 ) 
4 109 113 (-286 512.002380 -48 ) (-288 514.672058 -48 ) (-288 514.672058 -44 ) (-286 512.002380 -44 ) 
4 109 111 (-274.015167 496 -44 ) (-274.015167 496 -48 ) (-276.132111 498.826477 -48 ) (-276.132111 498.826477 -44 ) 
4 109 116 (-274.016479 496 -44 ) (-288 496 -44 ) (-288 496 -48 ) (-274.016479 496 -48 ) 
4 110 124 (-288 813.333313 -48 ) (-288 806 -48 ) (-288 806 -46 ) (-288 813.333313 -46 ) 
4 110 121 (-288 806 -46 ) (-288 806 -44 ) (-288 813.333313 -44 ) (-288 813.333313 -46 ) 
4 111 115 (-272 498 -48 ) (-276.133392 498.827148 -48 ) (-276.133392 498.827148 -44 ) (-272 498 -44 ) 
4 111 116 (-262 496 -44 ) (-274.016479 496 -44 ) (-274.016479 496 -48 ) (-262 496 -48 ) 
4 112 114 (-272 830 -48 ) (-269.333984 832 -48 ) (-269.333984 832 -44 ) (-272 830 -44 ) 
4 113 124 (-288 522 -48 ) (-288 514.670288 -48 ) (-288 514.670288 -46 ) (-288 522 -46 ) 
4 113 121 (-288 514.670288 -46 ) (-288 514.670288 -44 ) (-288 522 -44 ) (-288 522 -46 ) 
4 116 145 (0 0 -48 ) (0 0 -46 ) (-288 0 -46 ) (-288 0 -48 ) 
4 116 141 (0 0 -46 ) (0 0 -44 ) (-288 0 -44 ) (-288 0 -46 ) 
4 116 125 (-288 324 -48 ) (-288 0 -48 ) (-288 0 -46 ) (-288 324 -46 ) 
4 116 124 (-288 496 -48 ) (-288 324 -48 ) (-288 324 -46 ) (-288 496 -46 ) 
4 116 121 (-288 0 -46 ) (-288 0 -44 ) (-288 496 -44 ) (-288 496 -46 ) 
4 117 138 (-1024 1024 1784.290039 ) (-1024 1024 -48 ) (-1024 868 -48 ) (-1024 868 1784.290039 ) 
4 117 131 (-860 868 -48 ) (-836 868 -48 ) (-836 868 1702 ) (-860 868 1702 ) 
4 117 133 (-1024 868 -48 ) (-860 868 -48 ) (-860 868 1702 ) (-1024 868 1702 ) 
4 117 128 (-836 868 -48 ) (-732 868 -48 ) (-732 868 1702 ) (-836 868 1702 ) 
4 117 127 (-732 868 1702 ) (-732 868 1784.290039 ) (-1024 868 1784.290039 ) (-1024 868 1702 ) 
4 117 122 (-724 868 -48 ) (-288 868 -48 ) (-288 868 -46 ) (-724 868 -46 ) 
4 117 118 (-288 868 -46 ) (-288 868 1784.290039 ) (-732 868 1784.290039 ) (-732 868 -46 ) 
4 118 128 (-732 868 1702 ) (-732 868 -46 ) (-732 850 -46 ) (-732 850 1702 ) 
4 118 127 (-732 868 1784.290039 ) (-732 868 1702 ) (-732 850 1702 ) (-732 850 1784.290039 ) 
4 118 122 (-724 868 -46 ) (-288 868 -46 ) (-288 850 -46 ) (-724 850 -46 ) 
4 118 120 (-732 850 1702 ) (-732 850 -46 ) (-288 850 -46 ) (-288 850 1702 ) 
4 118 119 (-732 850 1784.290039 ) (-732 850 1702 ) (-288 850 1702 ) (-288 850 1784.290039 ) 
4 119 127 (-732 848 1702 ) (-732 848 1784.290039 ) (-732 850 1784.290039 ) (-732 850 1702 ) 
4 119 121 (-732 848 1784.290039 ) (-732 848 1702 ) (-288 848 1702 ) (-288 848 1784.290039 ) 
4 119 120 (-288 848 1702 ) (-732 848 1702 ) (-732 850 1702 ) (-288 850 1702 ) 
4 120 129 (-732 850 -46 ) (-732 848 -46 ) (-732 848 1702 ) (-732 850 1702 ) 
4 120 123 (-724 850 -46 ) (-288 850 -46 ) (-288 848 -46 ) (-724 848 -46 ) 
4 120 121 (-732 848 1702 ) (-732 848 -46 ) (-288 848 -46 ) (-288 848 1702 ) 
4 121 148 (-472 0 1784.290039 ) (-732 0 1784.290039 ) (-732 0 -46 ) (-472 0 -46 ) 
4 121 141 (-288 0 1784.290039 ) (-472 0 1784.290039 ) (-472 0 -46 ) (-288 0 -46 ) 
4 121 130 (-732 848 -46 ) (-732 0 -46 ) (-732 0 1702 ) (-732 848 1702 ) 
4 121 127 (-732 0 1702 ) (-732 0 1784.290039 ) (-732 848 1784.290039 ) (-732 848 1702 ) 
4 121 126 (-724 324 -46 ) (-472 324 -46 ) (-472 0 -46 ) (-724 0 -46 ) 
4 121 125 (-464 324 -46 ) (-288 324 -46 ) (-288 0 -46 ) (-464 0 -46 ) 
4 121 124 (-724 848 -46 ) (-288 848 -46 ) (-288 324 -46 ) (-724 324 -46 ) 
4 122 123 (-724 850 -46 ) (-724 850 -48 ) (-288 850 -48 ) (-288 850 -46 ) 
4 123 124 (-724 848 -46 ) (-724 848 -48 ) (-288 848 -48 ) (-288 848 -46 ) 
4 124 126 (-472 324 -46 ) (-724 324 -46 ) (-724 324 -48 ) (-472 324 -48 ) 
4 124 125 (-288 324 -48 ) (-288 324 -46 ) (-464 324 -46 ) (-464 324 -48 ) 
4 125 145 (-464 0 -48 ) (-288 0 -48 ) (-288 0 -46 ) (-464 0 -46 ) 
4 126 152 (-724 0 -48 ) (-472 0 -48 ) (-472 0 -46 ) (-724 0 -46 ) 
4 127 159 (-858 0 1784.290039 ) (-860 0 1784.290039 ) (-860 0 1702 ) (-858 0 1702 ) 
4 127 162 (-860 0 1784.290039 ) (-1024 0 1784.290039 ) (-1024 0 1702 ) (-860 0 1702 ) 
4 127 155 (-732 0 1784.290039 ) (-858 0 1784.290039 ) (-858 0 1702 ) (-732 0 1702 ) 
4 127 138 (-1024 0 1702 ) (-1024 0 1784.290039 ) (-1024 868 1784.290039 ) (-1024 868 1702 ) 
4 127 135 (-860 624 1702 ) (-858 624 1702 ) (-858 0 1702 ) (-860 0 1702 ) 
4 127 134 (-858 624 1702 ) (-836 624 1702 ) (-836 0 1702 ) (-858 0 1702 ) 
4 127 136 (-1024 0 1702 ) (-1024 624 1702 ) (-860 624 1702 ) (-860 0 1702 ) 
4 127 132 (-836 858 1702 ) (-836 624 1702 ) (-860 624 1702 ) (-860 858 1702 ) 
4 127 131 (-860 868 1702 ) (-836 868 1702 ) (-836 858 1702 ) (-860 858 1702 ) 
4 127 133 (-1024 624 1702 ) (-1024 868 1702 ) (-860 868 1702 ) (-860 624 1702 ) 
4 127 129 (-732 850 1702 ) (-732 848 1702 ) (-836 848 1702 ) (-836 850 1702 ) 
4 127 128 (-836 868 1702 ) (-732 868 1702 ) (-732 850 1702 ) (-836 850 1702 ) 
4 127 130 (-732 848 1702 ) (-732 0 1702 ) (-836 0 1702 ) (-836 848 1702 ) 
4 128 132 (-836 850 1702 ) (-836 858 1702 ) (-836 858 -48 ) (-836 850 -48 ) 
4 128 131 (-836 858 1702 ) (-836 868 1702 ) (-836 868 -48 ) (-836 858 -48 ) 
4 128 129 (-836 850 1702 ) (-836 850 -48 ) (-732 850 -48 ) (-732 850 1702 ) 
4 129 132 (-836 848 1702 ) (-836 850 1702 ) (-836 850 -48 ) (-836 848 -48 ) 
4 129 130 (-836 848 1702 ) (-836 848 -48 ) (-732 848 -48 ) (-732 848 1702 ) 
4 130 155 (-836 0 -48 ) (-732 0 -48 ) (-732 0 1702 ) (-836 0 1702 ) 
4 130 134 (-836 0 1702 ) (-836 624 1702 ) (-836 624 -48 ) (-836 0 -48 ) 
4 130 132 (-836 624 1702 ) (-836 848 1702 ) (-836 848 -48 ) (-836 624 -48 ) 
4 131 133 (-860 858 1702 ) (-860 868 1702 ) (-860 868 -48 ) (-860 858 -48 ) 
4 131 132 (-860 858 1702 ) (-860 858 -48 ) (-836 858 -48 ) (-836 858 1702 ) 
4 132 135 (-860 624 -48 ) (-858 624 -48 ) (-858 624 1702 ) (-860 624 1702 ) 
4 132 134 (-858 624 -48 ) (-836 624 -48 ) (-836 624 1702 ) (-858 624 1702 ) 
4 132 133 (-860 624 -48 ) (-860 624 1702 ) (-860 858 1702 ) (-860 858 -48 ) 
4 133 138 (-1024 868 -48 ) (-1024 624 -48 ) (-1024 624 1702 ) (-1024 868 1702 ) 
4 133 136 (-1024 624 -48 ) (-860 624 -48 ) (-860 624 1702 ) (-1024 624 1702 ) 
4 134 155 (-858 0 -48 ) (-836 0 -48 ) (-836 0 1702 ) (-858 0 1702 ) 
4 134 135 (-858 624 1702 ) (-858 624 -48 ) (-858 0 -48 ) (-858 0 1702 ) 
4 135 160 (-860 0 -48 ) (-858 0 -48 ) (-858 0 1702 ) (-860 0 1702 ) 
4 135 136 (-860 624 1702 ) (-860 624 -48 ) (-860 0 -48 ) (-860 0 1702 ) 
4 136 162 (-1024 0 1702 ) (-1024 0 -48 ) (-860 0 -48 ) (-860 0 1702 ) 
4 136 138 (-1024 624 -48 ) (-1024 0 -48 ) (-1024 0 1702 ) (-1024 624 1702 ) 
4 137 164 (0 0 -120.286003 ) (0 0 -64 ) (-1024 0 -64 ) (-1024 0 -120.286003 ) 
4 137 140 (-1024 1024 -64 ) (-1024 1024 -120.286003 ) (-1024 0 -120.286003 ) (-1024 0 -64 ) 
4 138 165 (-1024 0 -48 ) (-1024 0 1784.290039 ) (-1516 0 1784.290039 ) (-1516 0 -48 ) 
4 138 139 (-1516 0 -48 ) (-1516 0 1784.290039 ) (-1516 1024 1784.290039 ) (-1516 1024 -48 ) 
4 139 168 (-2048 1024 1784.290039 ) (-2048 1024 -64 ) (-2048 0 -64 ) (-2048 0 1784.290039 ) 
4 139 166 (-1516 0 1784.290039 ) (-2048 0 1784.290039 ) (-2048 0 -64 ) (-1516 0 -64 ) 
4 139 140 (-2048 1024 -64 ) (-1516 1024 -64 ) (-1516 0 -64 ) (-2048 0 -64 ) 
4 140 168 (-2048 1024 -64 ) (-2048 1024 -120.286003 ) (-2048 0 -120.286003 ) (-2048 0 -64 ) 
4 140 167 (-1024 0 -120.286003 ) (-1024 0 -64 ) (-2048 0 -64 ) (-2048 0 -120.286003 ) 
4 141 148 (-472 -728 1784.290039 ) (-472 0 1784.290039 ) (-472 0 -46 ) (-472 -728 -46 ) 
4 141 145 (-464 0 -46 ) (0 0 -46 ) (0 -728 -46 ) (-464 -728 -46 ) 
4 141 143 (-472 -728 1702 ) (-472 -728 -46 ) (0 -728 -46 ) (0 -728 1702 ) 
4 141 142 (-472 -728 1784.290039 ) (-472 -728 1702 ) (0 -728 1702 ) (0 -728 1784.290039 ) 
4 142 149 (-472 -730 1784.290039 ) (-472 -728 1784.290039 ) (-472 -728 1702 ) (-472 -730 1702 ) 
4 142 144 (-472 -730 1784.290039 ) (-472 -730 1702 ) (0 -730 1702 ) (0 -730 1784.290039 ) 
4 142 143 (0 -730 1702 ) (-472 -730 1702 ) (-472 -728 1702 ) (0 -728 1702 ) 
4 143 150 (-472 -728 1702 ) (-472 -728 -46 ) (-472 -730 -46 ) (-472 -730 1702 ) 
4 143 146 (-464 -728 -46 ) (0 -728 -46 ) (0 -730 -46 ) (-464 -730 -46 ) 
4 143 144 (-472 -730 1702 ) (-472 -730 -46 ) (0 -730 -46 ) (0 -730 1702 ) 
4 144 151 (-472 -736 -46 ) (-472 -736 1784.290039 ) (-472 -730 1784.290039 ) (-472 -730 -46 ) 
4 144 147 (0 -736 -46 ) (-464 -736 -46 ) (-464 -730 -46 ) (0 -730 -46 ) 
4 144 163 (0 -736 -46 ) (0 -736 1784.290039 ) (-472 -736 1784.290039 ) (-472 -736 -46 ) 
4 145 146 (-464 -728 -46 ) (-464 -728 -48 ) (0 -728 -48 ) (0 -728 -46 ) 
4 146 147 (-464 -730 -46 ) (-464 -730 -48 ) (0 -730 -48 ) (0 -730 -46 ) 
4 147 163 (-464 -736 -48 ) (0 -736 -48 ) (0 -736 -46 ) (-464 -736 -46 ) 
4 148 155 (-732 -728 1784.290039 ) (-732 0 1784.290039 ) (-732 0 -46 ) (-732 -728 -46 ) 
4 148 152 (-724 0 -46 ) (-472 0 -46 ) (-472 -728 -46 ) (-724 -728 -46 ) 
4 148 150 (-732 -728 1702 ) (-732 -728 -46 ) (-472 -728 -46 ) (-472 -728 1702 ) 
4 148 149 (-732 -728 1784.290039 ) (-732 -728 1702 ) (-472 -728 1702 ) (-472 -728 1784.290039 ) 
4 149 156 (-732 -730 1784.290039 ) (-732 -728 1784.290039 ) (-732 -728 1702 ) (-732 -730 1702 ) 
4 149 151 (-732 -730 1784.290039 ) (-732 -730 1702 ) (-472 -730 1702 ) (-472 -730 1784.290039 ) 
4 149 150 (-472 -730 1702 ) (-732 -730 1702 ) (-732 -728 1702 ) (-472 -728 1702 ) 
4 150 157 (-732 -728 1702 ) (-732 -728 -46 ) (-732 -730 -46 ) (-732 -730 1702 ) 
4 150 153 (-724 -728 -46 ) (-472 -728 -46 ) (-472 -730 -46 ) (-724 -730 -46 ) 
4 150 151 (-732 -730 1702 ) (-732 -730 -46 ) (-472 -730 -46 ) (-472 -730 1702 ) 
4 151 158 (-732 -736 -46 ) (-732 -736 1784.290039 ) (-732 -730 1784.290039 ) (-732 -730 -46 ) 
4 151 154 (-724 -730 -46 ) (-472 -730 -46 ) (-472 -736 -46 ) (-724 -736 -46 ) 
4 151 163 (-472 -736 -46 ) (-472 -736 1784.290039 ) (-732 -736 1784.290039 ) (-732 -736 -46 ) 
4 152 153 (-724 -728 -46 ) (-724 -728 -48 ) (-472 -728 -48 ) (-472 -728 -46 ) 
4 153 154 (-724 -730 -46 ) (-724 -730 -48 ) (-472 -730 -48 ) (-472 -730 -46 ) 
4 154 163 (-724 -736 -48 ) (-472 -736 -48 ) (-472 -736 -46 ) (-724 -736 -46 ) 
4 155 160 (-858 0 -48 ) (-858 -728 -48 ) (-858 -728 1702 ) (-858 0 1702 ) 
4 155 159 (-858 -728 1702 ) (-858 -728 1784.290039 ) (-858 0 1784.290039 ) (-858 0 1702 ) 
4 155 157 (-858 -728 1702 ) (-858 -728 -48 ) (-732 -728 -48 ) (-732 -728 1702 ) 
4 155 156 (-858 -728 1784.290039 ) (-858 -728 1702 ) (-732 -728 1702 ) (-732 -728 1784.290039 ) 
4 156 159 (-858 -730 1702 ) (-858 -730 1784.290039 ) (-858 -728 1784.290039 ) (-858 -728 1702 ) 
4 156 158 (-858 -730 1784.290039 ) (-858 -730 1702 ) (-732 -730 1702 ) (-732 -730 1784.290039 ) 
4 156 157 (-732 -730 1702 ) (-858 -730 1702 ) (-858 -728 1702 ) (-732 -728 1702 ) 
4 157 160 (-858 -728 -48 ) (-858 -730 -48 ) (-858 -730 1702 ) (-858 -728 1702 ) 
4 157 158 (-858 -730 1702 ) (-858 -730 -48 ) (-732 -730 -48 ) (-732 -730 1702 ) 
4 158 161 (-858 -730 -48 ) (-858 -736 -48 ) (-858 -736 1784.290039 ) (-858 -730 1784.290039 ) 
4 158 163 (-858 -736 -48 ) (-732 -736 -48 ) (-732 -736 1784.290039 ) (-858 -736 1784.290039 ) 
4 159 161 (-860 -730 1784.290039 ) (-860 -730 1702 ) (-858 -730 1702 ) (-858 -730 1784.290039 ) 
4 159 162 (-860 -730 1702 ) (-860 -730 1784.290039 ) (-860 0 1784.290039 ) (-860 0 1702 ) 
4 159 160 (-858 -730 1702 ) (-860 -730 1702 ) (-860 0 1702 ) (-858 0 1702 ) 
4 160 161 (-860 -730 1702 ) (-860 -730 -48 ) (-858 -730 -48 ) (-858 -730 1702 ) 
4 160 162 (-860 0 -48 ) (-860 -730 -48 ) (-860 -730 1702 ) (-860 0 1702 ) 
4 161 162 (-860 -730 -48 ) (-860 -736 -48 ) (-860 -736 1784.290039 ) (-860 -730 1784.290039 ) 
4 161 163 (-860 -736 -48 ) (-858 -736 -48 ) (-858 -736 1784.290039 ) (-860 -736 1784.290039 ) 
4 162 165 (-1024 0 1784.290039 ) (-1024 0 -48 ) (-1024 -736 -48 ) (-1024 -736 1784.290039 ) 
4 162 163 (-1024 -736 -48 ) (-860 -736 -48 ) (-860 -736 1784.290039 ) (-1024 -736 1784.290039 ) 
4 163 170 (0 -1024 -48 ) (0 -1024 1784.290039 ) (-1024 -1024 1784.290039 ) (-1024 -1024 -48 ) 
4 163 165 (-1024 -736 -48 ) (-1024 -1024 -48 ) (-1024 -1024 1784.290039 ) (-1024 -736 1784.290039 ) 
4 164 172 (0 -1024 -120.286003 ) (0 -1024 -64 ) (-1024 -1024 -64 ) (-1024 -1024 -120.286003 ) 
4 164 167 (-1024 0 -64 ) (-1024 0 -120.286003 ) (-1024 -1024 -120.286003 ) (-1024 -1024 -64 ) 
4 165 173 (-1024 -1024 -48 ) (-1024 -1024 1784.290039 ) (-1516 -1024 1784.290039 ) (-1516 -1024 -48 ) 
4 165 166 (-1516 -1024 -48 ) (-1516 -1024 1784.290039 ) (-1516 0 1784.290039 ) (-1516 0 -48 ) 
4 166 175 (-1516 -1024 1784.290039 ) (-2048 -1024 1784.290039 ) (-2048 -1024 -64 ) (-1516 -1024 -64 ) 
4 166 169 (-2048 -1024 -64 ) (-2048 -1024 1784.290039 ) (-2048 0 1784.290039 ) (-2048 0 -64 ) 
4 166 167 (-1516 -1024 -64 ) (-2048 -1024 -64 ) (-2048 0 -64 ) (-1516 0 -64 ) 
4 167 176 (-1024 -1024 -120.286003 ) (-1024 -1024 -64 ) (-2048 -1024 -64 ) (-2048 -1024 -120.286003 ) 
4 167 169 (-2048 -1024 -120.286003 ) (-2048 -1024 -64 ) (-2048 0 -64 ) (-2048 0 -120.286003 ) 
4 168 169 (-2048 0 -120.286003 ) (-2048 0 1784.290039 ) (-2554 0 1784.290039 ) (-2554 0 -120.286003 ) 
4 169 182 (-2048 -1024 -120.286003 ) (-2048 -1024 1784.290039 ) (-2554 -1024 1784.290039 ) (-2554 -1024 -120.286003 ) 
4 170 177 (0 -2048 -48 ) (0 -2048 1784.290039 ) (-468 -2048 1784.290039 ) (-468 -2048 -48 ) 
4 170 180 (-468 -2048 1784.290039 ) (-1024 -2048 1784.290039 ) (-1024 -2048 -48 ) (-468 -2048 -48 ) 
4 170 173 (-1024 -1024 1784.290039 ) (-1024 -1024 -48 ) (-1024 -1472 -48 ) (-1024 -1472 1784.290039 ) 
4 170 174 (-1024 -1472 -48 ) (-1024 -2048 -48 ) (-1024 -2048 1784.290039 ) (-1024 -1472 1784.290039 ) 
4 170 171 (-1024 -2048 -48 ) (-1024 -1472 -48 ) (-468 -1472 -48 ) (-468 -2048 -48 ) 
4 171 180 (-468 -2048 -48 ) (-1024 -2048 -48 ) (-1024 -2048 -64 ) (-468 -2048 -64 ) 
4 171 174 (-1024 -1472 -64 ) (-1024 -2048 -64 ) (-1024 -2048 -48 ) (-1024 -1472 -48 ) 
4 171 172 (-468 -2048 -64 ) (-1024 -2048 -64 ) (-1024 -1472 -64 ) (-468 -1472 -64 ) 
4 172 178 (0 -2048 -120.286003 ) (0 -2048 -64 ) (-468 -2048 -64 ) (-468 -2048 -120.286003 ) 
4 172 180 (-468 -2048 -64 ) (-1024 -2048 -64 ) (-1024 -2048 -120.286003 ) (-468 -2048 -120.286003 ) 
4 172 176 (-1024 -1024 -64 ) (-1024 -1024 -120.286003 ) (-1024 -2048 -120.286003 ) (-1024 -2048 -64 ) 
4 173 174 (-1516 -1472 1784.290039 ) (-1516 -1472 -48 ) (-1024 -1472 -48 ) (-1024 -1472 1784.290039 ) 
4 173 175 (-1516 -1472 -48 ) (-1516 -1472 1784.290039 ) (-1516 -1024 1784.290039 ) (-1516 -1024 -48 ) 
4 174 181 (-1024 -2048 -64 ) (-1024 -2048 1784.290039 ) (-1516 -2048 1784.290039 ) (-1516 -2048 -64 ) 
4 174 176 (-1024 -1472 -64 ) (-1024 -2048 -64 ) (-1516 -2048 -64 ) (-1516 -1472 -64 ) 
4 174 175 (-1516 -1472 -64 ) (-1516 -2048 -64 ) (-1516 -2048 1784.290039 ) (-1516 -1472 1784.290039 ) 
4 175 182 (-2048 -1024 1784.290039 ) (-2048 -1024 -64 ) (-2048 -2048 -64 ) (-2048 -2048 1784.290039 ) 
4 175 181 (-1516 -2048 1784.290039 ) (-2048 -2048 1784.290039 ) (-2048 -2048 -64 ) (-1516 -2048 -64 ) 
4 175 176 (-2048 -1024 -64 ) (-1516 -1024 -64 ) (-1516 -2048 -64 ) (-2048 -2048 -64 ) 
4 176 182 (-2048 -1024 -64 ) (-2048 -1024 -120.286003 ) (-2048 -2048 -120.286003 ) (-2048 -2048 -64 ) 
4 176 181 (-1024 -2048 -120.286003 ) (-1024 -2048 -64 ) (-2048 -2048 -64 ) (-2048 -2048 -120.286003 ) 
4 177 180 (-468 -2250 -48 ) (-468 -2250 1784.290039 ) (-468 -2048 1784.290039 ) (-468 -2048 -48 ) 
4 177 179 (-468 -2250 1784.290039 ) (-468 -2250 -48 ) (0 -2250 -48 ) (0 -2250 1784.290039 ) 
4 178 179 (-468 -2250 -64 ) (-468 -2250 -120.286003 ) (0 -2250 -120.286003 ) (0 -2250 -64 ) 
4 178 180 (-468 -2048 -120.286003 ) (-468 -2250 -120.286003 ) (-468 -2250 -64 ) (-468 -2048 -64 ) 
4 179 180 (-468 -2250 -120.286003 ) (-468 -2490 -120.286003 ) (-468 -2490 1784.290039 ) (-468 -2250 1784.290039 ) 
4 180 181 (-1024 -2048 1784.290039 ) (-1024 -2048 -120.286003 ) (-1024 -2490 -120.286003 ) (-1024 -2490 1784.290039 ) 
4 181 183 (-2048 -2048 1784.290039 ) (-2048 -2048 -120.286003 ) (-2048 -2490 -120.286003 ) (-2048 -2490 1784.290039 ) 
4 182 183 (-2048 -2048 -120.286003 ) (-2048 -2048 1784.290039 ) (-2554 -2048 1784.290039 ) (-2554 -2048 -120.286003 ) 
